rtd, 62, -5, 0, 6132, 0, 0, 0, 0, 0, 229.5920, 300.8747, -178.3859, 72522
rtd, 62, -5, 0, 6132, 0, 0, 0, 0, 0, 229.5920, 300.8747, -178.3859, 72522
rtd, 62, -5, 0, 6132, 0, 0, 0, 0, 0, 229.5920, 300.8747, -178.3859, 72522
rtd, 62, -5, 0, 6132, 0, 0, 0, 0, 0, 229.5920, 300.8747, -178.3859, 72522
rtd, 62, -5, 0, 6132, 393, -3137, 749, 150, 0, 229.5920, 300.8747, -178.3859, 72522
rtd, 62, -5, 0, 6132, 0, 0, 0, 0, 0, 229.6239, 300.8971, -178.4505, 72550
rtd, 62, -5, 0, 6132, 0, 0, 0, 0, 0, 229.6239, 300.8971, -178.4505, 72550
rtd, 62, -5, 0, 6132, 0, 0, 0, 0, 0, 229.6239, 300.8971, -178.4505, 72550
rtd, 62, -5, 0, 6132, 0, 0, 0, 0, 0, 229.6239, 300.8971, -178.4505, 72550
rtd, 62, -5, 0, 6132, 0, 0, 0, 0, 0, 229.5896, 300.8777, -178.4404, 72732
rtd, 62, -5, 0, 6132, 0, 0, 0, 0, 0, 229.5896, 300.8777, -178.4404, 72732
rtd, 62, -5, 0, 6132, 393, -3137, 749, 150, 0, 229.5896, 300.8777, -178.4404, 72732
rtd, 62, -5, 0, 6132, 0, 0, 0, 0, 0, 229.5896, 300.8777, -178.4404, 72732
rtd, 62, -5, 0, 6132, 0, 0, 0, 0, 0, 229.5896, 300.8777, -178.4404, 72732
rtd, 62, -5, 0, 6132, 0, 0, 0, 0, 0, 229.5865, 300.8869, -178.4244, 72934
rtd, 62, -5, 0, 6132, 0, 0, 0, 0, 0, 229.5865, 300.8869, -178.4244, 72934
rtd, 62, -5, 0, 6132, 0, 0, 0, 0, 0, 229.5865, 300.8869, -178.4244, 72934
rtd, 62, -5, 0, 6132, 0, 0, 0, 0, 0, 229.5865, 300.8869, -178.4244, 72934
rtd, 62, -5, 0, 6132, 393, 3142, 872, 150, 0, 229.5865, 300.8869, -178.4244, 72934
rtd, 62, -5, 0, 6132, 0, 0, 0, 0, 0, 229.5360, 300.8778, -178.1474, 73175
rtd, 62, -5, 0, 6132, 0, 0, 0, 0, 0, 229.5360, 300.8778, -178.1474, 73175
rtd, 62, -5, 0, 6132, 0, 0, 0, 0, 0, 229.5360, 300.8778, -178.1474, 73175
rtd, 62, -5, 0, 6132, 0, 0, 0, 0, 0, 229.5360, 300.8778, -178.1474, 73175
rtd, 62, -5, 0, 6132, 0, 0, 0, 0, 0, 229.6136, 300.8520, -178.5470, 73380
rtd, 62, -5, 0, 6132, 0, 0, 0, 0, 0, 229.6136, 300.8520, -178.5470, 73380
rtd, 62, -5, 0, 6132, 393, 3142, 872, 150, 0, 229.6136, 300.8520, -178.5470, 73380
rtd, 62, -5, 0, 6132, 0, 0, 0, 0, 0, 229.6136, 300.8520, -178.5470, 73380
rtd, 62, -5, 0, 6132, 0, 0, 0, 0, 0, 229.6136, 300.8520, -178.5470, 73380
rtd, 62, -5, 0, 6132, 0, 0, 0, 0, 0, 229.5879, 300.8832, -178.5099, 73576
rtd, 62, -5, 0, 6132, 0, 0, 0, 0, 0, 229.5879, 300.8832, -178.5099, 73576
rtd, 62, -5, 0, 6132, 0, 0, 0, 0, 0, 229.5879, 300.8832, -178.5099, 73576
rtd, 62, -5, 0, 6132, 0, 0, 0, 0, 0, 229.5879, 300.8832, -178.5099, 73576
rtd, 62, -5, 0, 6132, 393, 3142, 700, 150, 0, 229.5879, 300.8832, -178.5099, 73576
rtd, 62, -5, 0, 6132, 0, 0, 0, 0, 0, 229.5692, 300.8572, -178.4341, 73734
rtd, 62, -5, 0, 6132, 0, 0, 0, 0, 0, 229.5692, 300.8572, -178.4341, 73734
rtd, 62, -5, 0, 6132, 0, 0, 0, 0, 0, 229.5692, 300.8572, -178.4341, 73734
rtd, 62, -5, 0, 6132, 0, 0, 0, 0, 0, 229.5692, 300.8572, -178.4341, 73734
rtd, 62, -5, 0, 6132, 0, 0, 0, 0, 0, 229.5930, 300.9077, -178.5089, 73946
rtd, 62, -5, 0, 6132, 0, 0, 0, 0, 0, 229.5930, 300.9077, -178.5089, 73946
rtd, 62, -5, 0, 6132, 393, 3142, 700, 150, 0, 229.5930, 300.9077, -178.5089, 73946
rtd, 62, -5, 0, 6132, 0, 0, 0, 0, 0, 229.5930, 300.9077, -178.5089, 73946
rtd, 62, -5, 0, 6132, 0, 0, 0, 0, 0, 229.5930, 300.9077, -178.5089, 73946
rtd, 62, -5, 0, 6132, 0, 0, 0, 0, 0, 229.5937, 300.8729, -178.5027, 74138
rtd, 62, -5, 0, 6132, 0, 0, 0, 0, 0, 229.5937, 300.8729, -178.5027, 74138
rtd, 62, -5, 0, 6132, 0, 0, 0, 0, 0, 229.5937, 300.8729, -178.5027, 74138
rtd, 62, -5, 0, 6132, 0, 0, 0, 0, 0, 229.5937, 300.8729, -178.5027, 74138
rtd, 62, -5, 0, 6132, 393, 3142, 1062, 0, 1000, 229.5937, 300.8729, -178.5027, 74138
rtd, 62, -5, 0, 6132, 0, 0, 0, 0, 0, 229.5903, 300.8697, -178.4814, 74361
rtd, 62, -5, 0, 6132, 0, 0, 0, 0, 0, 229.5903, 300.8697, -178.4814, 74361
rtd, 62, -5, 0, 6132, 0, 0, 0, 0, 0, 229.5903, 300.8697, -178.4814, 74361
rtd, 62, -5, 0, 6132, 0, 0, 0, 0, 0, 229.5903, 300.8697, -178.4814, 74361
rtd, 62, -5, 0, 6132, 0, 0, 0, 0, 0, 229.5626, 300.9105, -178.1471, 74580
rtd, 62, -5, 0, 6132, 0, 0, 0, 0, 0, 229.5626, 300.9105, -178.1471, 74580
rtd, 62, -5, 0, 6132, 393, 3142, 1062, 0, 1000, 229.5626, 300.9105, -178.1471, 74580
rtd, 62, -5, 0, 6132, 0, 0, 0, 0, 0, 229.5626, 300.9105, -178.1471, 74580
rtd, 62, -5, 0, 6132, 0, 0, 0, 0, 0, 229.5626, 300.9105, -178.1471, 74580
rtd, 62, -5, 0, 6132, 0, 0, 0, 0, 0, 229.5861, 300.8755, -178.5595, 74767
rtd, 62, -5, 0, 6132, 0, 0, 0, 0, 0, 229.5861, 300.8755, -178.5595, 74767
rtd, 62, -5, 0, 6132, 0, 0, 0, 0, 0, 229.5861, 300.8755, -178.5595, 74767
rtd, 62, -5, 0, 6132, 0, 0, 0, 0, 0, 229.5861, 300.8755, -178.5595, 74767
rtd, 62, -5, 0, 6132, 393, 2545, 807, 0, 1000, 229.5861, 300.8755, -178.5595, 74767
rtd, 62, -5, 0, 6132, 0, 0, 0, 0, 0, 229.5982, 300.8560, -178.5020, 74927
rtd, 62, -5, 0, 6132, 0, 0, 0, 0, 0, 229.5982, 300.8560, -178.5020, 74927
rtd, 62, -5, 0, 6132, 0, 0, 0, 0, 0, 229.5982, 300.8560, -178.5020, 74927
rtd, 62, -5, 0, 6132, 0, 0, 0, 0, 0, 229.5982, 300.8560, -178.5020, 74927
rtd, 62, -5, 0, 6132, 0, 0, 0, 0, 0, 229.5863, 300.8628, -178.4582, 75112
rtd, 62, -5, 0, 6132, 0, 0, 0, 0, 0, 229.5863, 300.8628, -178.4582, 75112
rtd, 62, -5, 0, 6132, 393, 2545, 807, 0, 1000, 229.5863, 300.8628, -178.4582, 75112
rtd, 62, -5, 0, 6132, 0, 0, 0, 0, 0, 229.5863, 300.8628, -178.4582, 75112
rtd, 62, -5, 0, 6132, 0, 0, 0, 0, 0, 229.5863, 300.8628, -178.4582, 75112
rtd, 62, -5, 0, 6132, 0, 0, 0, 0, 0, 229.5905, 300.8551, -178.4503, 75366
rtd, 62, -5, 0, 6132, 0, 0, 0, 0, 0, 229.5905, 300.8551, -178.4503, 75366
rtd, 62, -5, 0, 6132, 0, 0, 0, 0, 0, 229.5905, 300.8551, -178.4503, 75366
rtd, 62, -5, 0, 6132, 0, 0, 0, 0, 0, 229.5905, 300.8551, -178.4503, 75366
rtd, 62, -5, 0, 6132, 393, 2407, 815, 0, 1000, 229.5905, 300.8551, -178.4503, 75366
rtd, 62, -5, 0, 6132, 0, 0, 0, 0, 0, 229.5766, 300.8670, -178.4646, 75555
rtd, 62, -5, 0, 6132, 0, 0, 0, 0, 0, 229.5766, 300.8670, -178.4646, 75555
rtd, 62, -5, 0, 6132, 0, 0, 0, 0, 0, 229.5766, 300.8670, -178.4646, 75555
rtd, 62, -5, 0, 6132, 0, 0, 0, 0, 0, 229.5766, 300.8670, -178.4646, 75555
rtd, 62, -5, 0, 6132, 0, 0, 0, 0, 0, 229.5539, 300.8621, -178.4254, 75747
rtd, 62, -5, 0, 6132, 0, 0, 0, 0, 0, 229.5539, 300.8621, -178.4254, 75747
rtd, 62, -5, 0, 6132, 393, 1770, 819, 0, 1000, 229.5539, 300.8621, -178.4254, 75747
rtd, 62, -5, 0, 6132, 0, 0, 0, 0, 0, 229.5539, 300.8621, -178.4254, 75747
rtd, 62, -5, 0, 6132, 0, 0, 0, 0, 0, 229.5539, 300.8621, -178.4254, 75747
rtd, 62, -5, 0, 6132, 0, 0, 0, 0, 0, 229.5652, 300.8575, -178.4500, 75952
rtd, 62, -5, 0, 6132, 0, 0, 0, 0, 0, 229.5652, 300.8575, -178.4500, 75952
rtd, 62, -5, 0, 6132, 0, 0, 0, 0, 0, 229.5652, 300.8575, -178.4500, 75952
rtd, 62, -5, 0, 6132, 0, 0, 0, 0, 0, 229.5652, 300.8575, -178.4500, 75952
rtd, 62, -5, 0, 6132, 393, 1616, 956, 0, 1000, 229.5652, 300.8575, -178.4500, 75952
rtd, 62, -5, 0, 6132, 0, 0, 0, 0, 0, 229.5639, 300.8288, -178.4524, 76135
rtd, 62, -5, 0, 6132, 0, 0, 0, 0, 0, 229.5639, 300.8288, -178.4524, 76135
rtd, 62, -5, 0, 6132, 0, 0, 0, 0, 0, 229.5639, 300.8288, -178.4524, 76135
rtd, 62, -5, 0, 6132, 0, 0, 0, 0, 0, 229.5639, 300.8288, -178.4524, 76135
rtd, 62, -5, 0, 6132, 0, 0, 0, 0, 0, 229.5883, 300.8625, -178.5159, 76362
rtd, 62, -5, 0, 6132, 0, 0, 0, 0, 0, 229.5883, 300.8625, -178.5159, 76362
rtd, 62, -5, 0, 6132, 393, 1581, 1160, 0, 1000, 229.5883, 300.8625, -178.5159, 76362
rtd, 62, -5, 0, 6132, 0, 0, 0, 0, 0, 229.5883, 300.8625, -178.5159, 76362
rtd, 62, -5, 0, 6132, 0, 0, 0, 0, 0, 229.5883, 300.8625, -178.5159, 76362
rtd, 62, -5, 0, 6132, 0, 0, 0, 0, 0, 229.5562, 300.8499, -178.4746, 76523
rtd, 62, -5, 0, 6132, 0, 0, 0, 0, 0, 229.5562, 300.8499, -178.4746, 76523
rtd, 62, -5, 0, 6132, 0, 0, 0, 0, 0, 229.5562, 300.8499, -178.4746, 76523
rtd, 62, -5, 0, 6132, 0, 0, 0, 0, 0, 229.5562, 300.8499, -178.4746, 76523
rtd, 62, -5, 0, 6132, 393, 1571, 1262, 100, -500, 229.5562, 300.8499, -178.4746, 76523
rtd, 62, -5, 0, 6132, 0, 0, 0, 0, 0, 229.6096, 300.9040, -178.5334, 76741
rtd, 62, -5, 0, 6132, 0, 0, 0, 0, 0, 229.6096, 300.9040, -178.5334, 76741
rtd, 62, -5, 0, 6132, 0, 0, 0, 0, 0, 229.6096, 300.9040, -178.5334, 76741
rtd, 62, -5, 0, 6132, 0, 0, 0, 0, 0, 229.6096, 300.9040, -178.5334, 76741
rtd, 62, -5, 0, 6132, 0, 0, 0, 0, 0, 229.5635, 300.8754, -178.4749, 76955
rtd, 62, -5, 0, 6132, 0, 0, 0, 0, 0, 229.5635, 300.8754, -178.4749, 76955
rtd, 62, -5, 0, 6132, 393, 967, 1177, 100, -500, 229.5635, 300.8754, -178.4749, 76955
rtd, 62, -5, 0, 6132, 0, 0, 0, 0, 0, 229.5635, 300.8754, -178.4749, 76955
rtd, 62, -5, 0, 6132, 0, 0, 0, 0, 0, 229.5635, 300.8754, -178.4749, 76955
rtd, 62, -5, 0, 6132, 0, 0, 0, 0, 0, 229.5741, 300.8676, -178.5298, 77167
rtd, 62, -5, 0, 6132, 0, 0, 0, 0, 0, 229.5741, 300.8676, -178.5298, 77167
rtd, 62, -5, 0, 6132, 0, 0, 0, 0, 0, 229.5741, 300.8676, -178.5298, 77167
rtd, 62, -5, 0, 6132, 0, 0, 0, 0, 0, 229.5741, 300.8676, -178.5298, 77167
rtd, 62, -5, 0, 6132, 393, 829, 1000, 100, -500, 229.5741, 300.8676, -178.5298, 77167
rtd, 62, -5, 0, 6132, 0, 0, 0, 0, 0, 229.5648, 300.8884, -178.1159, 77362
rtd, 62, -5, 0, 6132, 0, 0, 0, 0, 0, 229.5648, 300.8884, -178.1159, 77362
rtd, 62, -5, 0, 6132, 0, 0, 0, 0, 0, 229.5648, 300.8884, -178.1159, 77362
rtd, 62, -5, 0, 6132, 0, 0, 0, 0, 0, 229.5648, 300.8884, -178.1159, 77362
rtd, 62, -5, 0, 6132, 0, 0, 0, 0, 0, 229.5968, 300.8775, -178.4758, 77555
rtd, 62, -5, 0, 6132, 0, 0, 0, 0, 0, 229.5968, 300.8775, -178.4758, 77555
rtd, 62, -5, 0, 6132, 393, 797, 1182, 100, -500, 229.5968, 300.8775, -178.4758, 77555
rtd, 62, -5, 0, 6132, 0, 0, 0, 0, 0, 229.5968, 300.8775, -178.4758, 77555
rtd, 62, -5, 0, 6132, 0, 0, 0, 0, 0, 229.5968, 300.8775, -178.4758, 77555
rtd, 62, -5, 0, 6132, 0, 0, 0, 0, 0, 229.6120, 300.8532, -178.4170, 77753
rtd, 62, -5, 0, 6132, 0, 0, 0, 0, 0, 229.6120, 300.8532, -178.4170, 77753
rtd, 62, -5, 0, 6132, 0, 0, 0, 0, 0, 229.6120, 300.8532, -178.4170, 77753
rtd, 62, -5, 0, 6132, 0, 0, 0, 0, 0, 229.6120, 300.8532, -178.4170, 77753
rtd, 62, -5, 0, 6132, 393, 797, 1182, 100, -500, 229.6120, 300.8532, -178.4170, 77753
rtd, 62, -5, 0, 6132, 0, 0, 0, 0, 0, 229.5935, 300.8536, -178.4978, 77940
rtd, 62, -5, 0, 6132, 0, 0, 0, 0, 0, 229.5935, 300.8536, -178.4978, 77940
rtd, 62, -5, 0, 6132, 0, 0, 0, 0, 0, 229.5935, 300.8536, -178.4978, 77940
rtd, 62, -5, 0, 6132, 0, 0, 0, 0, 0, 229.5935, 300.8536, -178.4978, 77940
rtd, 62, -5, 0, 6132, 0, 0, 0, 0, 0, 229.5921, 300.8657, -178.4758, 78169
rtd, 62, -5, 0, 6132, 0, 0, 0, 0, 0, 229.5921, 300.8657, -178.4758, 78169
rtd, 62, -5, 0, 6132, 393, 774, 845, 100, -500, 229.5921, 300.8657, -178.4758, 78169
rtd, 62, -5, 0, 6132, 0, 0, 0, 0, 0, 229.5921, 300.8657, -178.4758, 78169
rtd, 62, -5, 0, 6132, 0, 0, 0, 0, 0, 229.5921, 300.8657, -178.4758, 78169
rtd, 62, -5, 0, 6132, 0, 0, 0, 0, 0, 229.6060, 300.8370, -178.4965, 78387
rtd, 62, -5, 0, 6132, 0, 0, 0, 0, 0, 229.6060, 300.8370, -178.4965, 78387
rtd, 62, -5, 0, 6132, 0, 0, 0, 0, 0, 229.6060, 300.8370, -178.4965, 78387
rtd, 62, -5, 0, 6132, 0, 0, 0, 0, 0, 229.6060, 300.8370, -178.4965, 78387
rtd, 62, -5, 0, 6132, 393, 1383, 699, 100, -500, 229.6060, 300.8370, -178.4965, 78387
rtd, 62, -5, 0, 6132, 0, 0, 0, 0, 0, 229.5776, 300.8502, -178.4493, 78558
rtd, 62, -5, 0, 6132, 0, 0, 0, 0, 0, 229.5776, 300.8502, -178.4493, 78558
rtd, 62, -5, 0, 6132, 0, 0, 0, 0, 0, 229.5776, 300.8502, -178.4493, 78558
rtd, 62, -5, 0, 6132, 0, 0, 0, 0, 0, 229.5776, 300.8502, -178.4493, 78558
rtd, 62, -5, 0, 6132, 0, 0, 0, 0, 0, 229.5824, 300.8325, -178.4250, 78740
rtd, 62, -5, 0, 6132, 0, 0, 0, 0, 0, 229.5824, 300.8325, -178.4250, 78740
rtd, 62, -5, 0, 6132, 393, 1526, 896, 100, -500, 229.5824, 300.8325, -178.4250, 78740
rtd, 62, -5, 0, 6132, 0, 0, 0, 0, 0, 229.5824, 300.8325, -178.4250, 78740
rtd, 62, -5, 0, 6132, 0, 0, 0, 0, 0, 229.5824, 300.8325, -178.4250, 78740
rtd, 62, -5, 0, 6132, 0, 0, 0, 0, 0, 229.5873, 300.8443, -178.3666, 78988
rtd, 62, -5, 0, 6132, 0, 0, 0, 0, 0, 229.5873, 300.8443, -178.3666, 78988
rtd, 62, -5, 0, 6132, 0, 0, 0, 0, 0, 229.5873, 300.8443, -178.3666, 78988
rtd, 62, -5, 0, 6132, 0, 0, 0, 0, 0, 229.5873, 300.8443, -178.3666, 78988
rtd, 62, -5, 0, 6132, 393, 1526, 896, 100, -500, 229.5873, 300.8443, -178.3666, 78988
rtd, 62, -5, 0, 6132, 0, 0, 0, 0, 0, 229.6146, 300.8726, -178.4680, 79178
rtd, 62, -5, 0, 6132, 0, 0, 0, 0, 0, 229.6146, 300.8726, -178.4680, 79178
rtd, 62, -5, 0, 6132, 0, 0, 0, 0, 0, 229.6146, 300.8726, -178.4680, 79178
rtd, 62, -5, 0, 6132, 0, 0, 0, 0, 0, 229.6146, 300.8726, -178.4680, 79178
rtd, 62, -5, 0, 6132, 0, 0, 0, 0, 0, 229.5867, 300.8293, -178.4750, 79361
rtd, 62, -5, 0, 6132, 0, 0, 0, 0, 0, 229.5867, 300.8293, -178.4750, 79361
rtd, 62, -5, 0, 6132, 393, 1526, 896, 100, -500, 229.5867, 300.8293, -178.4750, 79361
rtd, 62, -5, 0, 6132, 0, 0, 0, 0, 0, 229.5867, 300.8293, -178.4750, 79361
rtd, 62, -5, 0, 6132, 0, 0, 0, 0, 0, 229.5867, 300.8293, -178.4750, 79361
rtd, 62, -5, 0, 6132, 0, 0, 0, 0, 0, 229.5872, 300.8396, -178.3831, 79616
rtd, 62, -5, 0, 6132, 0, 0, 0, 0, 0, 229.5872, 300.8396, -178.3831, 79616
rtd, 62, -5, 0, 6132, 0, 0, 0, 0, 0, 229.5872, 300.8396, -178.3831, 79616
rtd, 62, -5, 0, 6132, 0, 0, 0, 0, 0, 229.5872, 300.8396, -178.3831, 79616
rtd, 62, -5, 0, 6132, 393, 1526, 896, 100, -500, 229.5872, 300.8396, -178.3831, 79616
rtd, 62, -5, 0, 6132, 0, 0, 0, 0, 0, 229.5583, 300.8837, -178.2811, 79774
rtd, 62, -5, 0, 6132, 0, 0, 0, 0, 0, 229.5583, 300.8837, -178.2811, 79774
rtd, 62, -5, 0, 6132, 0, 0, 0, 0, 0, 229.5583, 300.8837, -178.2811, 79774
rtd, 62, -5, 0, 6132, 0, 0, 0, 0, 0, 229.5583, 300.8837, -178.2811, 79774
rtd, 62, -5, 0, 6132, 0, 0, 0, 0, 0, 229.5891, 300.8992, -178.4754, 79964
rtd, 62, -5, 0, 6132, 0, 0, 0, 0, 0, 229.5891, 300.8992, -178.4754, 79964
rtd, 62, -5, 0, 6132, 393, 2166, 724, 100, -500, 229.5891, 300.8992, -178.4754, 79964
rtd, 62, -5, 0, 6132, 0, 0, 0, 0, 0, 229.5891, 300.8992, -178.4754, 79964
rtd, 62, -5, 0, 6132, 0, 0, 0, 0, 0, 229.5891, 300.8992, -178.4754, 79964
rtd, 62, -5, 0, 6132, 0, 0, 0, 0, 0, 229.5938, 300.8939, -178.4713, 80154
rtd, 62, -5, 0, 6132, 0, 0, 0, 0, 0, 229.5938, 300.8939, -178.4713, 80154
rtd, 62, -5, 0, 6132, 0, 0, 0, 0, 0, 229.5938, 300.8939, -178.4713, 80154
rtd, 62, -5, 0, 6132, 0, 0, 0, 0, 0, 229.5938, 300.8939, -178.4713, 80154
rtd, 62, -5, 0, 6132, 393, 2313, 638, 100, -500, 229.5938, 300.8939, -178.4713, 80154
rtd, 62, -5, 0, 6132, 0, 0, 0, 0, 0, 229.5969, 300.8513, -178.4472, 80373
rtd, 62, -5, 0, 6132, 0, 0, 0, 0, 0, 229.5969, 300.8513, -178.4472, 80373
rtd, 62, -5, 0, 6132, 0, 0, 0, 0, 0, 229.5969, 300.8513, -178.4472, 80373
rtd, 62, -5, 0, 6132, 0, 0, 0, 0, 0, 229.5969, 300.8513, -178.4472, 80373
rtd, 62, -5, 0, 6132, 0, 0, 0, 0, 0, 229.5887, 300.8707, -178.4178, 80572
rtd, 62, -5, 0, 6132, 0, 0, 0, 0, 0, 229.5887, 300.8707, -178.4178, 80572
rtd, 62, -5, 0, 6132, 393, 2313, 638, 0, 1000, 229.5887, 300.8707, -178.4178, 80572
rtd, 62, -5, 0, 6132, 0, 0, 0, 0, 0, 229.5887, 300.8707, -178.4178, 80572
rtd, 62, -5, 0, 6132, 0, 0, 0, 0, 0, 229.5887, 300.8707, -178.4178, 80572
rtd, 62, -5, 0, 6132, 0, 0, 0, 0, 0, 229.5907, 300.8375, -178.3833, 80792
rtd, 62, -5, 0, 6132, 0, 0, 0, 0, 0, 229.5907, 300.8375, -178.3833, 80792
rtd, 62, -5, 0, 6132, 0, 0, 0, 0, 0, 229.5907, 300.8375, -178.3833, 80792
rtd, 62, -5, 0, 6132, 0, 0, 0, 0, 0, 229.5907, 300.8375, -178.3833, 80792
rtd, 62, -5, 0, 6132, 393, 2313, 638, 0, 1000, 229.5907, 300.8375, -178.3833, 80792
rtd, 62, -5, 0, 6132, 0, 0, 0, 0, 0, 229.5841, 300.8555, -178.4816, 80953
rtd, 62, -5, 0, 6132, 0, 0, 0, 0, 0, 229.5841, 300.8555, -178.4816, 80953
rtd, 62, -5, 0, 6132, 0, 0, 0, 0, 0, 229.5841, 300.8555, -178.4816, 80953
rtd, 62, -5, 0, 6132, 0, 0, 0, 0, 0, 229.5841, 300.8555, -178.4816, 80953
rtd, 62, -5, 0, 6132, 0, 0, 0, 0, 0, 229.5524, 300.8573, -178.1629, 81145
rtd, 62, -5, 0, 6132, 0, 0, 0, 0, 0, 229.5524, 300.8573, -178.1629, 81145
rtd, 62, -5, 0, 6132, 393, 2313, 638, 0, 1000, 229.5524, 300.8573, -178.1629, 81145
rtd, 62, -5, 0, 6132, 0, 0, 0, 0, 0, 229.5524, 300.8573, -178.1629, 81145
rtd, 62, -5, 0, 6132, 0, 0, 0, 0, 0, 229.5524, 300.8573, -178.1629, 81145
rtd, 62, -5, 0, 6132, 0, 0, 0, 0, 0, 229.5833, 300.8719, -178.4216, 81376
rtd, 62, -5, 0, 6132, 0, 0, 0, 0, 0, 229.5833, 300.8719, -178.4216, 81376
rtd, 62, -5, 0, 6132, 0, 0, 0, 0, 0, 229.5833, 300.8719, -178.4216, 81376
rtd, 62, -5, 0, 6132, 0, 0, 0, 0, 0, 229.5833, 300.8719, -178.4216, 81376
rtd, 62, -5, 0, 6132, 393, 2345, 1001, 0, 1000, 229.5833, 300.8719, -178.4216, 81376
rtd, 62, -5, 0, 6132, 0, 0, 0, 0, 0, 229.5531, 300.8488, -178.4404, 81577
rtd, 62, -5, 0, 6132, 0, 0, 0, 0, 0, 229.5531, 300.8488, -178.4404, 81577
rtd, 62, -5, 0, 6132, 0, 0, 0, 0, 0, 229.5531, 300.8488, -178.4404, 81577
rtd, 62, -5, 0, 6132, 0, 0, 0, 0, 0, 229.5531, 300.8488, -178.4404, 81577
rtd, 62, -5, 0, 6132, 0, 0, 0, 0, 0, 229.5531, 300.8488, -178.4404, 81577
rtd, 62, -5, 0, 6132, 0, 0, 0, 0, 0, 229.5591, 300.8519, -178.4579, 81771
rtd, 62, -5, 0, 6132, 393, 2345, 1001, 0, 1000, 229.5591, 300.8519, -178.4579, 81771
rtd, 62, -5, 0, 6132, 0, 0, 0, 0, 0, 229.5591, 300.8519, -178.4579, 81771
rtd, 62, -5, 0, 6132, 0, 0, 0, 0, 0, 229.5591, 300.8519, -178.4579, 81771
rtd, 62, -5, 0, 6132, 0, 0, 0, 0, 0, 229.5591, 300.8519, -178.4579, 81771
rtd, 62, -5, 0, 6132, 0, 0, 0, 0, 0, 229.5781, 300.8452, -178.4677, 82001
rtd, 62, -5, 0, 6132, 0, 0, 0, 0, 0, 229.5781, 300.8452, -178.4677, 82001
rtd, 62, -5, 0, 6132, 0, 0, 0, 0, 0, 229.5781, 300.8452, -178.4677, 82001
rtd, 62, -5, 0, 6132, 393, 2345, 1001, 0, 1000, 229.5781, 300.8452, -178.4677, 82001
rtd, 62, -5, 0, 6132, 0, 0, 0, 0, 0, 229.5781, 300.8452, -178.4677, 82001
rtd, 62, -5, 0, 6132, 0, 0, 0, 0, 0, 229.5900, 300.8931, -178.5473, 82184
rtd, 62, -5, 0, 6132, 0, 0, 0, 0, 0, 229.5900, 300.8931, -178.5473, 82184
rtd, 62, -5, 0, 6132, 0, 0, 0, 0, 0, 229.5900, 300.8931, -178.5473, 82184
rtd, 62, -5, 0, 6132, 0, 0, 0, 0, 0, 229.5900, 300.8931, -178.5473, 82184
rtd, 62, -5, 0, 6132, 0, 0, 0, 0, 0, 229.5455, 300.8669, -178.1741, 82371
rtd, 62, -5, 0, 6132, 393, 2361, 1047, 0, 1000, 229.5455, 300.8669, -178.1741, 82371
rtd, 62, -5, 0, 6132, 0, 0, 0, 0, 0, 229.5455, 300.8669, -178.1741, 82371
rtd, 62, -5, 0, 6132, 0, 0, 0, 0, 0, 229.5455, 300.8669, -178.1741, 82371
rtd, 62, -5, 0, 6132, 0, 0, 0, 0, 0, 229.5455, 300.8669, -178.1741, 82371
rtd, 62, -5, 0, 6132, 0, 0, 0, 0, 0, 229.5956, 300.8409, -178.5021, 82583
rtd, 62, -5, 0, 6132, 0, 0, 0, 0, 0, 229.5956, 300.8409, -178.5021, 82583
rtd, 62, -5, 0, 6132, 0, 0, 0, 0, 0, 229.5956, 300.8409, -178.5021, 82583
rtd, 62, -5, 0, 6132, 393, 2361, 1047, 0, 1000, 229.5956, 300.8409, -178.5021, 82583
rtd, 62, -5, 0, 6132, 0, 0, 0, 0, 0, 229.5956, 300.8409, -178.5021, 82583
rtd, 62, -5, 0, 6132, 0, 0, 0, 0, 0, 229.6012, 300.9090, -178.4618, 82812
rtd, 62, -5, 0, 6132, 0, 0, 0, 0, 0, 229.6012, 300.9090, -178.4618, 82812
rtd, 62, -5, 0, 6132, 0, 0, 0, 0, 0, 229.6012, 300.9090, -178.4618, 82812
rtd, 62, -5, 0, 6132, 0, 0, 0, 0, 0, 229.6012, 300.9090, -178.4618, 82812
rtd, 62, -5, 0, 6132, 0, 0, 0, 0, 0, 229.5451, 300.8701, -178.1492, 82974
rtd, 62, -5, 0, 6132, 393, 1099, 1205, 0, 1000, 229.5451, 300.8701, -178.1492, 82974
rtd, 62, -5, 0, 6132, 0, 0, 0, 0, 0, 229.5451, 300.8701, -178.1492, 82974
rtd, 62, -5, 0, 6132, 0, 0, 0, 0, 0, 229.5451, 300.8701, -178.1492, 82974
rtd, 62, -5, 0, 6132, 0, 0, 0, 0, 0, 229.5451, 300.8701, -178.1492, 82974
rtd, 62, -5, 0, 6132, 0, 0, 0, 0, 0, 229.5837, 300.8489, -178.5001, 83177
rtd, 62, -5, 0, 6132, 0, 0, 0, 0, 0, 229.5837, 300.8489, -178.5001, 83177
rtd, 62, -5, 0, 6132, 0, 0, 0, 0, 0, 229.5837, 300.8489, -178.5001, 83177
rtd, 62, -5, 0, 6132, 393, 250, 1419, 150, 0, 229.5837, 300.8489, -178.5001, 83177
rtd, 62, -5, 0, 6132, 0, 0, 0, 0, 0, 229.5837, 300.8489, -178.5001, 83177
rtd, 62, -5, 0, 6132, 0, 0, 0, 0, 0, 229.5895, 300.8378, -178.4439, 83375
rtd, 62, -5, 0, 6132, 0, 0, 0, 0, 0, 229.5895, 300.8378, -178.4439, 83375
rtd, 62, -5, 0, 6132, 0, 0, 0, 0, 0, 229.5895, 300.8378, -178.4439, 83375
rtd, 62, -5, 0, 6132, 0, 0, 0, 0, 0, 229.5895, 300.8378, -178.4439, 83375
rtd, 62, -5, 0, 6132, 0, 0, 0, 0, 0, 229.5696, 300.8632, -178.3637, 83606
rtd, 62, -5, 0, 6132, 393, 250, 1419, 150, 0, 229.5696, 300.8632, -178.3637, 83606
rtd, 62, -5, 0, 6132, 0, 0, 0, 0, 0, 229.5696, 300.8632, -178.3637, 83606
rtd, 62, -5, 0, 6132, 0, 0, 0, 0, 0, 229.5696, 300.8632, -178.3637, 83606
rtd, 62, -5, 0, 6132, 0, 0, 0, 0, 0, 229.5696, 300.8632, -178.3637, 83606
rtd, 62, -5, 0, 6132, 0, 0, 0, 0, 0, 229.5978, 300.8767, -178.4541, 83763
rtd, 62, -5, 0, 6132, 0, 0, 0, 0, 0, 229.5978, 300.8767, -178.4541, 83763
rtd, 62, -5, 0, 6132, 0, 0, 0, 0, 0, 229.5978, 300.8767, -178.4541, 83763
rtd, 62, -5, 0, 6132, 393, 60, 1391, 150, 0, 229.5978, 300.8767, -178.4541, 83763
rtd, 62, -5, 0, 6132, 0, 0, 0, 0, 0, 229.5978, 300.8767, -178.4541, 83763
rtd, 62, -5, 0, 6132, 0, 0, 0, 0, 0, 229.5877, 300.8647, -178.4897, 84005
rtd, 62, -5, 0, 6132, 0, 0, 0, 0, 0, 229.5877, 300.8647, -178.4897, 84005
rtd, 62, -5, 0, 6132, 0, 0, 0, 0, 0, 229.5877, 300.8647, -178.4897, 84005
rtd, 62, -5, 0, 6132, 0, 0, 0, 0, 0, 229.5877, 300.8647, -178.4897, 84005
rtd, 62, -5, 0, 6132, 0, 0, 0, 0, 0, 229.5887, 300.8599, -178.4015, 84219
rtd, 62, -5, 0, 6132, 393, 10, 1782, 150, 0, 229.5887, 300.8599, -178.4015, 84219
rtd, 62, -5, 0, 6132, 0, 0, 0, 0, 0, 229.5887, 300.8599, -178.4015, 84219
rtd, 62, -5, 0, 6132, 0, 0, 0, 0, 0, 229.5887, 300.8599, -178.4015, 84219
rtd, 62, -5, 0, 6132, 0, 0, 0, 0, 0, 229.5887, 300.8599, -178.4015, 84219
rtd, 62, -5, 0, 6132, 0, 0, 0, 0, 0, 229.5627, 300.8683, -178.4728, 84407
rtd, 62, -5, 0, 6132, 0, 0, 0, 0, 0, 229.5627, 300.8683, -178.4728, 84407
rtd, 62, -5, 0, 6132, 0, 0, 0, 0, 0, 229.5627, 300.8683, -178.4728, 84407
rtd, 62, -5, 0, 6132, 393, 10, 1782, 150, 0, 229.5627, 300.8683, -178.4728, 84407
rtd, 62, -5, 0, 6132, 0, 0, 0, 0, 0, 229.5627, 300.8683, -178.4728, 84407
rtd, 62, -5, 0, 6132, 0, 0, 0, 0, 0, 229.5984, 300.9080, -178.4670, 84606
rtd, 62, -5, 0, 6132, 0, 0, 0, 0, 0, 229.5984, 300.9080, -178.4670, 84606
rtd, 62, -5, 0, 6132, 0, 0, 0, 0, 0, 229.5984, 300.9080, -178.4670, 84606
rtd, 62, -5, 0, 6132, 0, 0, 0, 0, 0, 229.5984, 300.9080, -178.4670, 84606
rtd, 62, -5, 0, 6132, 0, 0, 0, 0, 0, 229.5492, 300.8596, -178.3991, 84804
rtd, 62, -5, 0, 6132, 393, 0, 1437, 150, 0, 229.5492, 300.8596, -178.3991, 84804
rtd, 62, -5, 0, 6132, 0, 0, 0, 0, 0, 229.5492, 300.8596, -178.3991, 84804
rtd, 62, -5, 0, 6132, 0, 0, 0, 0, 0, 229.5492, 300.8596, -178.3991, 84804
rtd, 62, -5, 0, 6132, 0, 0, 0, 0, 0, 229.5492, 300.8596, -178.3991, 84804
rtd, 62, -5, 0, 6132, 0, 0, 0, 0, 0, 229.5983, 300.8720, -178.4996, 85023
rtd, 62, -5, 0, 6132, 0, 0, 0, 0, 0, 229.5983, 300.8720, -178.4996, 85023
rtd, 62, -5, 0, 6132, 0, 0, 0, 0, 0, 229.5983, 300.8720, -178.4996, 85023
rtd, 62, -5, 0, 6132, 393, 0, 1437, 150, 0, 229.5983, 300.8720, -178.4996, 85023
rtd, 62, -5, 0, 6132, 0, 0, 0, 0, 0, 229.5983, 300.8720, -178.4996, 85023
rtd, 62, -5, 0, 6132, 0, 0, 0, 0, 0, 229.6120, 300.8673, -178.4945, 85191
rtd, 62, -5, 0, 6132, 0, 0, 0, 0, 0, 229.6120, 300.8673, -178.4945, 85191
rtd, 62, -5, 0, 6132, 0, 0, 0, 0, 0, 229.6120, 300.8673, -178.4945, 85191
rtd, 62, -5, 0, 6132, 0, 0, 0, 0, 0, 229.6120, 300.8673, -178.4945, 85191
rtd, 62, -5, 0, 6132, 0, 0, 0, 0, 0, 229.5807, 300.8880, -178.4678, 85383
rtd, 62, -5, 0, 6132, 393, 0, 1044, 150, 0, 229.5807, 300.8880, -178.4678, 85383
rtd, 62, -5, 0, 6132, 0, 0, 0, 0, 0, 229.5807, 300.8880, -178.4678, 85383
rtd, 62, -5, 0, 6132, 0, 0, 0, 0, 0, 229.5807, 300.8880, -178.4678, 85383
rtd, 62, -5, 0, 6132, 0, 0, 0, 0, 0, 229.5807, 300.8880, -178.4678, 85383
rtd, 62, -5, 0, 6132, 0, 0, 0, 0, 0, 229.6041, 300.8416, -178.5394, 85590
rtd, 62, -5, 0, 6132, 0, 0, 0, 0, 0, 229.6041, 300.8416, -178.5394, 85590
rtd, 62, -5, 0, 6132, 0, 0, 0, 0, 0, 229.6041, 300.8416, -178.5394, 85590
rtd, 62, -5, 0, 6132, 393, 0, 933, 150, 0, 229.6041, 300.8416, -178.5394, 85590
rtd, 62, -5, 0, 6132, 0, 0, 0, 0, 0, 229.6041, 300.8416, -178.5394, 85590
rtd, 62, -5, 0, 6132, 0, 0, 0, 0, 0, 229.5834, 300.8772, -178.4312, 85810
rtd, 62, -5, 0, 6132, 0, 0, 0, 0, 0, 229.5834, 300.8772, -178.4312, 85810
rtd, 62, -5, 0, 6132, 0, 0, 0, 0, 0, 229.5834, 300.8772, -178.4312, 85810
rtd, 62, -5, 0, 6132, 0, 0, 0, 0, 0, 229.5834, 300.8772, -178.4312, 85810
rtd, 62, -5, 0, 6132, 0, 0, 0, 0, 0, 229.6027, 300.8668, -178.4798, 86002
rtd, 62, -5, 0, 6132, 393, 0, 743, 150, 0, 229.6027, 300.8668, -178.4798, 86002
rtd, 62, -5, 0, 6132, 0, 0, 0, 0, 0, 229.6027, 300.8668, -178.4798, 86002
rtd, 62, -5, 0, 6132, 0, 0, 0, 0, 0, 229.6027, 300.8668, -178.4798, 86002
rtd, 62, -5, 0, 6132, 0, 0, 0, 0, 0, 229.6027, 300.8668, -178.4798, 86002
rtd, 62, -5, 0, 6132, 0, 0, 0, 0, 0, 229.5718, 300.8541, -178.4111, 86194
rtd, 62, -5, 0, 6132, 0, 0, 0, 0, 0, 229.5718, 300.8541, -178.4111, 86194
rtd, 62, -5, 0, 6132, 0, 0, 0, 0, 0, 229.5718, 300.8541, -178.4111, 86194
rtd, 62, -5, 0, 6132, 393, 0, 743, 150, 0, 229.5718, 300.8541, -178.4111, 86194
rtd, 62, -5, 0, 6132, 0, 0, 0, 0, 0, 229.5718, 300.8541, -178.4111, 86194
rtd, 62, -5, 0, 6132, 0, 0, 0, 0, 0, 229.6148, 300.9090, -178.5020, 86411
rtd, 62, -5, 0, 6132, 0, 0, 0, 0, 0, 229.6148, 300.9090, -178.5020, 86411
rtd, 62, -5, 0, 6132, 0, 0, 0, 0, 0, 229.6148, 300.9090, -178.5020, 86411
rtd, 62, -5, 0, 6132, 0, 0, 0, 0, 0, 229.6148, 300.9090, -178.5020, 86411
rtd, 62, -5, 0, 6132, 0, 0, 0, 0, 0, 229.5504, 300.8500, -178.4048, 86602
rtd, 62, -5, 0, 6132, 393, -597, 803, 150, 0, 229.5504, 300.8500, -178.4048, 86602
rtd, 62, -5, 0, 6132, 0, 0, 0, 0, 0, 229.5504, 300.8500, -178.4048, 86602
rtd, 62, -5, 0, 6132, 0, 0, 0, 0, 0, 229.5504, 300.8500, -178.4048, 86602
rtd, 62, -5, 0, 6132, 0, 0, 0, 0, 0, 229.5504, 300.8500, -178.4048, 86602
rtd, 62, -5, 0, 6132, 0, 0, 0, 0, 0, 229.5959, 300.8640, -178.4547, 86833
rtd, 62, -5, 0, 6132, 0, 0, 0, 0, 0, 229.5959, 300.8640, -178.4547, 86833
rtd, 62, -5, 0, 6132, 0, 0, 0, 0, 0, 229.5959, 300.8640, -178.4547, 86833
rtd, 62, -5, 0, 6132, 393, -735, 813, 150, 0, 229.5959, 300.8640, -178.4547, 86833
rtd, 62, -5, 0, 6132, 0, 0, 0, 0, 0, 229.5959, 300.8640, -178.4547, 86833
rtd, 62, -5, 0, 6132, 0, 0, 0, 0, 0, 229.5550, 300.8689, -178.1502, 87046
rtd, 62, -5, 0, 6132, 0, 0, 0, 0, 0, 229.5550, 300.8689, -178.1502, 87046
rtd, 62, -5, 0, 6132, 0, 0, 0, 0, 0, 229.5550, 300.8689, -178.1502, 87046
rtd, 62, -5, 0, 6132, 0, 0, 0, 0, 0, 229.5550, 300.8689, -178.1502, 87046
rtd, 62, -5, 0, 6132, 0, 0, 0, 0, 0, 229.5886, 300.8987, -178.4920, 87212
rtd, 62, -5, 0, 6132, 393, -765, 818, 150, 0, 229.5886, 300.8987, -178.4920, 87212
rtd, 62, -5, 0, 6132, 0, 0, 0, 0, 0, 229.5886, 300.8987, -178.4920, 87212
rtd, 62, -5, 0, 6132, 0, 0, 0, 0, 0, 229.5886, 300.8987, -178.4920, 87212
rtd, 62, -5, 0, 6132, 0, 0, 0, 0, 0, 229.5886, 300.8987, -178.4920, 87212
rtd, 62, -5, 0, 6132, 0, 0, 0, 0, 0, 229.5913, 300.8611, -178.4449, 87386
rtd, 62, -5, 0, 6132, 0, 0, 0, 0, 0, 229.5913, 300.8611, -178.4449, 87386
rtd, 62, -5, 0, 6132, 0, 0, 0, 0, 0, 229.5913, 300.8611, -178.4449, 87386
rtd, 62, -5, 0, 6132, 393, -765, 818, 150, 0, 229.5913, 300.8611, -178.4449, 87386
rtd, 62, -5, 0, 6132, 0, 0, 0, 0, 0, 229.5913, 300.8611, -178.4449, 87386
rtd, 62, -5, 0, 6132, 0, 0, 0, 0, 0, 229.5888, 300.8651, -178.4936, 87606
rtd, 62, -5, 0, 6132, 0, 0, 0, 0, 0, 229.5888, 300.8651, -178.4936, 87606
rtd, 62, -5, 0, 6132, 0, 0, 0, 0, 0, 229.5888, 300.8651, -178.4936, 87606
rtd, 62, -5, 0, 6132, 0, 0, 0, 0, 0, 229.5888, 300.8651, -178.4936, 87606
rtd, 62, -5, 0, 6132, 0, 0, 0, 0, 0, 229.5971, 300.9093, -178.4764, 87824
rtd, 62, -5, 0, 6132, 393, -774, 820, 150, 0, 229.5971, 300.9093, -178.4764, 87824
rtd, 62, -5, 0, 6132, 0, 0, 0, 0, 0, 229.5971, 300.9093, -178.4764, 87824
rtd, 62, -5, 0, 6132, 0, 0, 0, 0, 0, 229.5971, 300.9093, -178.4764, 87824
rtd, 62, -5, 0, 6132, 0, 0, 0, 0, 0, 229.5971, 300.9093, -178.4764, 87824
rtd, 62, -5, 0, 6132, 0, 0, 0, 0, 0, 229.5745, 300.8872, -178.4329, 87988
rtd, 62, -5, 0, 6132, 0, 0, 0, 0, 0, 229.5745, 300.8872, -178.4329, 87988
rtd, 62, -5, 0, 6132, 0, 0, 0, 0, 0, 229.5745, 300.8872, -178.4329, 87988
rtd, 62, -5, 0, 6132, 393, -774, 820, 150, 0, 229.5745, 300.8872, -178.4329, 87988
rtd, 62, -5, 0, 6132, 0, 0, 0, 0, 0, 229.5745, 300.8872, -178.4329, 87988
rtd, 62, -5, 0, 6132, 0, 0, 0, 0, 0, 229.5928, 300.8672, -178.4980, 88211
rtd, 62, -5, 0, 6132, 0, 0, 0, 0, 0, 229.5928, 300.8672, -178.4980, 88211
rtd, 62, -5, 0, 6132, 0, 0, 0, 0, 0, 229.5928, 300.8672, -178.4980, 88211
rtd, 62, -5, 0, 6132, 0, 0, 0, 0, 0, 229.5928, 300.8672, -178.4980, 88211
rtd, 62, -5, 0, 6132, 0, 0, 0, 0, 0, 229.5797, 300.8547, -178.4083, 88394
rtd, 62, -5, 0, 6132, 393, -774, 686, 150, 0, 229.5797, 300.8547, -178.4083, 88394
rtd, 62, -5, 0, 6132, 0, 0, 0, 0, 0, 229.5797, 300.8547, -178.4083, 88394
rtd, 62, -5, 0, 6132, 0, 0, 0, 0, 0, 229.5797, 300.8547, -178.4083, 88394
rtd, 62, -5, 0, 6132, 0, 0, 0, 0, 0, 229.5797, 300.8547, -178.4083, 88394
rtd, 62, -5, 0, 6132, 0, 0, 0, 0, 0, 229.5532, 300.8703, -178.4429, 88631
rtd, 62, -5, 0, 6132, 0, 0, 0, 0, 0, 229.5532, 300.8703, -178.4429, 88631
rtd, 62, -5, 0, 6132, 0, 0, 0, 0, 0, 229.5532, 300.8703, -178.4429, 88631
rtd, 62, -5, 0, 6132, 393, -774, 619, 150, 0, 229.5532, 300.8703, -178.4429, 88631
rtd, 62, -5, 0, 6132, 0, 0, 0, 0, 0, 229.5532, 300.8703, -178.4429, 88631
rtd, 62, -5, 0, 6132, 0, 0, 0, 0, 0, 229.6040, 300.8394, -178.4041, 88820
rtd, 62, -5, 0, 6132, 0, 0, 0, 0, 0, 229.6040, 300.8394, -178.4041, 88820
rtd, 62, -5, 0, 6132, 0, 0, 0, 0, 0, 229.6040, 300.8394, -178.4041, 88820
rtd, 62, -5, 0, 6132, 0, 0, 0, 0, 0, 229.6040, 300.8394, -178.4041, 88820
rtd, 62, -5, 0, 6132, 0, 0, 0, 0, 0, 229.5887, 300.8512, -178.4371, 89019
rtd, 62, -5, 0, 6132, 393, -774, 586, 150, 0, 229.5887, 300.8512, -178.4371, 89019
rtd, 62, -5, 0, 6132, 0, 0, 0, 0, 0, 229.5887, 300.8512, -178.4371, 89019
rtd, 62, -5, 0, 6132, 0, 0, 0, 0, 0, 229.5887, 300.8512, -178.4371, 89019
rtd, 62, -5, 0, 6132, 0, 0, 0, 0, 0, 229.5887, 300.8512, -178.4371, 89019
rtd, 62, -5, 0, 6132, 0, 0, 0, 0, 0, 229.5839, 300.8727, -178.4482, 89192
rtd, 62, -5, 0, 6132, 0, 0, 0, 0, 0, 229.5839, 300.8727, -178.4482, 89192
rtd, 62, -5, 0, 6132, 0, 0, 0, 0, 0, 229.5839, 300.8727, -178.4482, 89192
rtd, 62, -5, 0, 6132, 0, -490, 561, 0, 1000, 229.5839, 300.8727, -178.4482, 89192
rtd, 62, -5, 0, 6132, 0, 0, 0, 0, 0, 229.5839, 300.8727, -178.4482, 89192
rtd, 62, -5, 0, 6132, 0, 0, 0, 0, 0, 229.5970, 300.8783, -178.4561, 89431
rtd, 62, -5, 0, 6132, 0, 0, 0, 0, 0, 229.5970, 300.8783, -178.4561, 89431
rtd, 62, -5, 0, 6132, 0, 0, 0, 0, 0, 229.5970, 300.8783, -178.4561, 89431
rtd, 62, -5, 0, 6132, 0, 0, 0, 0, 0, 229.5970, 300.8783, -178.4561, 89431
rtd, 62, -5, 0, 6132, 0, 0, 0, 0, 0, 229.5984, 300.8643, -178.4682, 89564
rtd, 62, -5, 0, 6132, 0, -490, 561, 0, 1000, 229.5984, 300.8643, -178.4682, 89564
rtd, 62, -5, 0, 6132, 0, 0, 0, 0, 0, 229.5984, 300.8643, -178.4682, 89564
rtd, 62, -5, 0, 6132, 0, 0, 0, 0, 0, 229.5984, 300.8643, -178.4682, 89564
rtd, 62, -5, 0, 6132, 0, 0, 0, 0, 0, 229.5984, 300.8643, -178.4682, 89564
rtd, 62, -5, 0, 6132, 0, 0, 0, 0, 0, 229.5827, 300.8581, -178.4784, 89825
rtd, 62, -5, 0, 6132, 0, 0, 0, 0, 0, 229.5827, 300.8581, -178.4784, 89825
rtd, 62, -5, 0, 6132, 0, 0, 0, 0, 0, 229.5827, 300.8581, -178.4784, 89825
rtd, 62, -5, 0, 6132, 393, -762, 555, 0, 1000, 229.5827, 300.8581, -178.4784, 89825
rtd, 62, -5, 0, 6132, 0, 0, 0, 0, 0, 229.5827, 300.8581, -178.4784, 89825
rtd, 62, -5, 0, 6132, 0, 0, 0, 0, 0, 229.6075, 300.8501, -178.4667, 90030
rtd, 62, -5, 0, 6132, 0, 0, 0, 0, 0, 229.6075, 300.8501, -178.4667, 90030
rtd, 62, -5, 0, 6132, 0, 0, 0, 0, 0, 229.6075, 300.8501, -178.4667, 90030
rtd, 62, -5, 0, 6132, 0, 0, 0, 0, 0, 229.6075, 300.8501, -178.4667, 90030
rtd, 62, -5, 0, 6132, 0, 0, 0, 0, 0, 229.5625, 300.8846, -178.3554, 90221
rtd, 62, -5, 0, 6132, 393, -762, 555, 0, 1000, 229.5625, 300.8846, -178.3554, 90221
rtd, 62, -5, 0, 6132, 0, 0, 0, 0, 0, 229.5625, 300.8846, -178.3554, 90221
rtd, 62, -5, 0, 6132, 0, 0, 0, 0, 0, 229.5625, 300.8846, -178.3554, 90221
rtd, 62, -5, 0, 6132, 0, 0, 0, 0, 0, 229.5625, 300.8846, -178.3554, 90221
rtd, 62, -5, 0, 6132, 0, 0, 0, 0, 0, 229.5903, 300.8827, -178.4499, 90395
rtd, 62, -5, 0, 6132, 0, 0, 0, 0, 0, 229.5903, 300.8827, -178.4499, 90395
rtd, 62, -5, 0, 6132, 0, 0, 0, 0, 0, 229.5903, 300.8827, -178.4499, 90395
rtd, 62, -5, 0, 6132, 0, -1571, 553, 0, 1000, 229.5903, 300.8827, -178.4499, 90395
rtd, 62, -5, 0, 6132, 0, 0, 0, 0, 0, 229.5903, 300.8827, -178.4499, 90395
rtd, 62, -5, 0, 6132, 0, 0, 0, 0, 0, 229.5845, 300.8876, -178.4333, 90626
rtd, 62, -5, 0, 6132, 0, 0, 0, 0, 0, 229.5845, 300.8876, -178.4333, 90626
rtd, 62, -5, 0, 6132, 0, 0, 0, 0, 0, 229.5845, 300.8876, -178.4333, 90626
rtd, 62, -5, 0, 6132, 0, 0, 0, 0, 0, 229.5845, 300.8876, -178.4333, 90626
rtd, 62, -5, 0, 6132, 0, 0, 0, 0, 0, 229.5988, 300.8266, -178.4634, 90814
rtd, 62, -5, 0, 6132, 393, -2175, 553, 0, 1000, 229.5988, 300.8266, -178.4634, 90814
rtd, 62, -5, 0, 6132, 0, 0, 0, 0, 0, 229.5988, 300.8266, -178.4634, 90814
rtd, 62, -5, 0, 6132, 0, 0, 0, 0, 0, 229.5988, 300.8266, -178.4634, 90814
rtd, 62, -5, 0, 6132, 0, 0, 0, 0, 0, 229.5988, 300.8266, -178.4634, 90814
rtd, 62, -5, 0, 6132, 0, 0, 0, 0, 0, 229.5851, 300.8559, -178.4610, 91017
rtd, 62, -5, 0, 6132, 0, 0, 0, 0, 0, 229.5851, 300.8559, -178.4610, 91017
rtd, 62, -5, 0, 6132, 0, 0, 0, 0, 0, 229.5851, 300.8559, -178.4610, 91017
rtd, 62, -5, 0, 6132, 0, -2345, 553, 0, 1000, 229.5851, 300.8559, -178.4610, 91017
rtd, 62, -5, 0, 6132, 0, 0, 0, 0, 0, 229.5851, 300.8559, -178.4610, 91017
rtd, 62, -5, 0, 6132, 0, 0, 0, 0, 0, 229.5819, 300.8505, -178.4417, 91200
rtd, 62, -5, 0, 6132, 0, 0, 0, 0, 0, 229.5819, 300.8505, -178.4417, 91200
rtd, 62, -5, 0, 6132, 0, 0, 0, 0, 0, 229.5819, 300.8505, -178.4417, 91200
rtd, 62, -5, 0, 6132, 0, 0, 0, 0, 0, 229.5819, 300.8505, -178.4417, 91200
rtd, 62, -5, 0, 6132, 0, 0, 0, 0, 0, 229.5982, 300.8696, -178.5054, 91435
rtd, 62, -5, 0, 6132, 0, -3097, 553, 0, 1000, 229.5982, 300.8696, -178.5054, 91435
rtd, 62, -5, 0, 6132, 0, 0, 0, 0, 0, 229.5982, 300.8696, -178.5054, 91435
rtd, 62, -5, 0, 6132, 0, 0, 0, 0, 0, 229.5982, 300.8696, -178.5054, 91435
rtd, 62, -5, 0, 6132, 0, 0, 0, 0, 0, 229.5982, 300.8696, -178.5054, 91435
rtd, 62, -5, 0, 6132, 0, 0, 0, 0, 0, 229.5623, 300.8666, -178.4853, 91626
rtd, 62, -5, 0, 6132, 0, 0, 0, 0, 0, 229.5623, 300.8666, -178.4853, 91626
rtd, 62, -5, 0, 6132, 0, 0, 0, 0, 0, 229.5623, 300.8666, -178.4853, 91626
rtd, 62, -5, 0, 6132, 0, 3142, 553, 0, 1000, 229.5623, 300.8666, -178.4853, 91626
rtd, 62, -5, 0, 6132, 0, 0, 0, 0, 0, 229.5623, 300.8666, -178.4853, 91626
rtd, 62, -5, 0, 6132, 0, 0, 0, 0, 0, 229.5973, 300.8563, -178.5266, 91801
rtd, 62, -5, 0, 6132, 0, 0, 0, 0, 0, 229.5973, 300.8563, -178.5266, 91801
rtd, 62, -5, 0, 6132, 0, 0, 0, 0, 0, 229.5973, 300.8563, -178.5266, 91801
rtd, 62, -5, 0, 6132, 0, 0, 0, 0, 0, 229.5973, 300.8563, -178.5266, 91801
rtd, 62, -5, 0, 6132, 0, 0, 0, 0, 0, 229.6021, 300.8566, -178.4961, 92032
rtd, 62, -5, 0, 6132, 0, 3142, 553, 0, 1000, 229.6021, 300.8566, -178.4961, 92032
rtd, 62, -5, 0, 6132, 0, 0, 0, 0, 0, 229.6021, 300.8566, -178.4961, 92032
rtd, 62, -5, 0, 6132, 0, 0, 0, 0, 0, 229.6021, 300.8566, -178.4961, 92032
rtd, 62, -5, 0, 6132, 0, 0, 0, 0, 0, 229.6021, 300.8566, -178.4961, 92032
rtd, 62, -5, 0, 6132, 0, 0, 0, 0, 0, 229.5804, 300.8612, -178.4547, 92171
rtd, 62, -5, 0, 6132, 0, 0, 0, 0, 0, 229.5804, 300.8612, -178.4547, 92171
rtd, 62, -5, 0, 6132, 0, 0, 0, 0, 0, 229.5804, 300.8612, -178.4547, 92171
rtd, 62, -5, 0, 6132, 393, 3142, 688, 100, 500, 229.5804, 300.8612, -178.4547, 92171
rtd, 62, -5, 0, 6132, 0, 0, 0, 0, 0, 229.5804, 300.8612, -178.4547, 92171
rtd, 62, -5, 0, 6132, 0, 0, 0, 0, 0, 229.5748, 300.8682, -178.4332, 92432
rtd, 62, -5, 0, 6132, 0, 0, 0, 0, 0, 229.5748, 300.8682, -178.4332, 92432
rtd, 62, -5, 0, 6132, 0, 0, 0, 0, 0, 229.5748, 300.8682, -178.4332, 92432
rtd, 62, -5, 0, 6132, 0, 0, 0, 0, 0, 229.5748, 300.8682, -178.4332, 92432
rtd, 62, -5, 0, 6132, 0, 0, 0, 0, 0, 229.5251, 300.8836, -178.1457, 92640
rtd, 62, -5, 0, 6132, 393, 2545, 620, 100, 500, 229.5251, 300.8836, -178.1457, 92640
rtd, 62, -5, 0, 6132, 0, 0, 0, 0, 0, 229.5251, 300.8836, -178.1457, 92640
rtd, 62, -5, 0, 6132, 0, 0, 0, 0, 0, 229.5251, 300.8836, -178.1457, 92640
rtd, 62, -5, 0, 6132, 0, 0, 0, 0, 0, 229.5251, 300.8836, -178.1457, 92640
rtd, 62, -5, 0, 6132, 0, 0, 0, 0, 0, 229.5768, 300.8285, -178.4844, 92831
rtd, 62, -5, 0, 6132, 0, 0, 0, 0, 0, 229.5768, 300.8285, -178.4844, 92831
rtd, 62, -5, 0, 6132, 0, 0, 0, 0, 0, 229.5768, 300.8285, -178.4844, 92831
rtd, 62, -5, 0, 6132, 393, 2545, 620, 100, 500, 229.5768, 300.8285, -178.4844, 92831
rtd, 62, -5, 0, 6132, 0, 0, 0, 0, 0, 229.5768, 300.8285, -178.4844, 92831
rtd, 62, -5, 0, 6132, 0, 0, 0, 0, 0, 229.5484, 300.8604, -178.1109, 93002
rtd, 62, -5, 0, 6132, 0, 0, 0, 0, 0, 229.5484, 300.8604, -178.1109, 93002
rtd, 62, -5, 0, 6132, 0, 0, 0, 0, 0, 229.5484, 300.8604, -178.1109, 93002
rtd, 62, -5, 0, 6132, 0, 0, 0, 0, 0, 229.5484, 300.8604, -178.1109, 93002
rtd, 62, -5, 0, 6132, 0, 0, 0, 0, 0, 229.5506, 300.8706, -178.2132, 93204
rtd, 62, -5, 0, 6132, 393, 2407, 586, 100, 500, 229.5506, 300.8706, -178.2132, 93204
rtd, 62, -5, 0, 6132, 0, 0, 0, 0, 0, 229.5506, 300.8706, -178.2132, 93204
rtd, 62, -5, 0, 6132, 0, 0, 0, 0, 0, 229.5506, 300.8706, -178.2132, 93204
rtd, 62, -5, 0, 6132, 0, 0, 0, 0, 0, 229.5506, 300.8706, -178.2132, 93204
rtd, 62, -5, 0, 6132, 0, 0, 0, 0, 0, 229.5940, 300.8671, -178.5299, 93394
rtd, 62, -5, 0, 6132, 0, 0, 0, 0, 0, 229.5940, 300.8671, -178.5299, 93394
rtd, 62, -5, 0, 6132, 0, 0, 0, 0, 0, 229.5940, 300.8671, -178.5299, 93394
rtd, 62, -5, 0, 6132, 393, 2368, 696, 100, 500, 229.5940, 300.8671, -178.5299, 93394
rtd, 62, -5, 0, 6132, 0, 0, 0, 0, 0, 229.5940, 300.8671, -178.5299, 93394
rtd, 62, -5, 0, 6132, 0, 0, 0, 0, 0, 229.5958, 300.8846, -178.4517, 93580
rtd, 62, -5, 0, 6132, 0, 0, 0, 0, 0, 229.5958, 300.8846, -178.4517, 93580
rtd, 62, -5, 0, 6132, 0, 0, 0, 0, 0, 229.5958, 300.8846, -178.4517, 93580
rtd, 62, -5, 0, 6132, 0, 0, 0, 0, 0, 229.5958, 300.8846, -178.4517, 93580
rtd, 62, -5, 0, 6132, 0, 0, 0, 0, 0, 229.5753, 300.8593, -178.4431, 93810
rtd, 62, -5, 0, 6132, 393, 2368, 624, 100, 500, 229.5753, 300.8593, -178.4431, 93810
rtd, 62, -5, 0, 6132, 0, 0, 0, 0, 0, 229.5753, 300.8593, -178.4431, 93810
rtd, 62, -5, 0, 6132, 0, 0, 0, 0, 0, 229.5753, 300.8593, -178.4431, 93810
rtd, 62, -5, 0, 6132, 0, 0, 0, 0, 0, 229.5753, 300.8593, -178.4431, 93810
rtd, 62, -5, 0, 6132, 0, 0, 0, 0, 0, 229.5876, 300.8913, -178.4655, 94003
rtd, 62, -5, 0, 6132, 0, 0, 0, 0, 0, 229.5876, 300.8913, -178.4655, 94003
rtd, 62, -5, 0, 6132, 0, 0, 0, 0, 0, 229.5876, 300.8913, -178.4655, 94003
rtd, 62, -5, 0, 6132, 393, 2368, 723, 100, 500, 229.5876, 300.8913, -178.4655, 94003
rtd, 62, -5, 0, 6132, 0, 0, 0, 0, 0, 229.5876, 300.8913, -178.4655, 94003
rtd, 62, -5, 0, 6132, 0, 0, 0, 0, 0, 229.6001, 300.8410, -178.4960, 94195
rtd, 62, -5, 0, 6132, 0, 0, 0, 0, 0, 229.6001, 300.8410, -178.4960, 94195
rtd, 62, -5, 0, 6132, 0, 0, 0, 0, 0, 229.6001, 300.8410, -178.4960, 94195
rtd, 62, -5, 0, 6132, 0, 0, 0, 0, 0, 229.6001, 300.8410, -178.4960, 94195
rtd, 62, -5, 0, 6132, 0, 0, 0, 0, 0, 229.5525, 300.8555, -178.4514, 94390
rtd, 62, -5, 0, 6132, 393, 2368, 502, 100, 500, 229.5525, 300.8555, -178.4514, 94390
rtd, 62, -5, 0, 6132, 0, 0, 0, 0, 0, 229.5525, 300.8555, -178.4514, 94390
rtd, 62, -5, 0, 6132, 0, 0, 0, 0, 0, 229.5525, 300.8555, -178.4514, 94390
rtd, 62, -5, 0, 6132, 0, 0, 0, 0, 0, 229.5525, 300.8555, -178.4514, 94390
rtd, 62, -5, 0, 6132, 0, 0, 0, 0, 0, 229.5767, 300.8630, -178.4835, 94597
rtd, 62, -5, 0, 6132, 0, 0, 0, 0, 0, 229.5767, 300.8630, -178.4835, 94597
rtd, 62, -5, 0, 6132, 0, 0, 0, 0, 0, 229.5767, 300.8630, -178.4835, 94597
rtd, 62, -5, 0, 6132, 393, 1759, 527, 100, 500, 229.5767, 300.8630, -178.4835, 94597
rtd, 62, -5, 0, 6132, 0, 0, 0, 0, 0, 229.5767, 300.8630, -178.4835, 94597
rtd, 62, -5, 0, 6132, 0, 0, 0, 0, 0, 229.5816, 300.8974, -178.4316, 94838
rtd, 62, -5, 0, 6132, 0, 0, 0, 0, 0, 229.5816, 300.8974, -178.4316, 94838
rtd, 62, -5, 0, 6132, 0, 0, 0, 0, 0, 229.5816, 300.8974, -178.4316, 94838
rtd, 62, -5, 0, 6132, 0, 0, 0, 0, 0, 229.5816, 300.8974, -178.4316, 94838
rtd, 62, -5, 0, 6132, 0, 0, 0, 0, 0, 229.5574, 300.8637, -178.4301, 95054
rtd, 62, -5, 0, 6132, 774, 1581, 546, 100, 500, 229.5574, 300.8637, -178.4301, 95054
rtd, 62, -5, 0, 6132, 0, 0, 0, 0, 0, 229.5574, 300.8637, -178.4301, 95054
rtd, 62, -5, 0, 6132, 0, 0, 0, 0, 0, 229.5574, 300.8637, -178.4301, 95054
rtd, 62, -5, 0, 6132, 0, 0, 0, 0, 0, 229.5574, 300.8637, -178.4301, 95054
rtd, 62, -5, 0, 6132, 0, 0, 0, 0, 0, 229.5808, 300.8922, -178.4369, 95240
rtd, 62, -5, 0, 6132, 0, 0, 0, 0, 0, 229.5808, 300.8922, -178.4369, 95240
rtd, 62, -5, 0, 6132, 0, 0, 0, 0, 0, 229.5808, 300.8922, -178.4369, 95240
rtd, 62, -5, 0, 6132, 393, 1571, 549, 100, 500, 229.5808, 300.8922, -178.4369, 95240
rtd, 62, -5, 0, 6132, 0, 0, 0, 0, 0, 229.5808, 300.8922, -178.4369, 95240
rtd, 62, -5, 0, 6132, 0, 0, 0, 0, 0, 229.5940, 300.8956, -178.3953, 95473
rtd, 62, -5, 0, 6132, 0, 0, 0, 0, 0, 229.5940, 300.8956, -178.3953, 95473
rtd, 62, -5, 0, 6132, 0, 0, 0, 0, 0, 229.5940, 300.8956, -178.3953, 95473
rtd, 62, -5, 0, 6132, 0, 0, 0, 0, 0, 229.5940, 300.8956, -178.3953, 95473
rtd, 62, -5, 0, 6132, 0, 0, 0, 0, 0, 229.5896, 300.8400, -178.5058, 95631
rtd, 62, -5, 0, 6132, 774, 1571, 552, 100, 500, 229.5896, 300.8400, -178.5058, 95631
rtd, 62, -5, 0, 6132, 0, 0, 0, 0, 0, 229.5896, 300.8400, -178.5058, 95631
rtd, 62, -5, 0, 6132, 0, 0, 0, 0, 0, 229.5896, 300.8400, -178.5058, 95631
rtd, 62, -5, 0, 6132, 0, 0, 0, 0, 0, 229.5896, 300.8400, -178.5058, 95631
rtd, 62, -5, 0, 6132, 0, 0, 0, 0, 0, 229.5805, 300.8643, -178.4509, 95822
rtd, 62, -5, 0, 6132, 0, 0, 0, 0, 0, 229.5805, 300.8643, -178.4509, 95822
rtd, 62, -5, 0, 6132, 0, 0, 0, 0, 0, 229.5805, 300.8643, -178.4509, 95822
rtd, 62, -5, 0, 6132, 774, 1571, 755, 100, 500, 229.5805, 300.8643, -178.4509, 95822
rtd, 62, -5, 0, 6132, 0, 0, 0, 0, 0, 229.5805, 300.8643, -178.4509, 95822
rtd, 62, -5, 0, 6132, 0, 0, 0, 0, 0, 229.5833, 300.8547, -178.4131, 96021
rtd, 62, -5, 0, 6132, 0, 0, 0, 0, 0, 229.5833, 300.8547, -178.4131, 96021
rtd, 62, -5, 0, 6132, 0, 0, 0, 0, 0, 229.5833, 300.8547, -178.4131, 96021
rtd, 62, -5, 0, 6132, 0, 0, 0, 0, 0, 229.5833, 300.8547, -178.4131, 96021
rtd, 62, -5, 0, 6132, 0, 0, 0, 0, 0, 229.6115, 300.8816, -178.3894, 96234
rtd, 62, -5, 0, 6132, 774, 1571, 806, 100, 500, 229.6115, 300.8816, -178.3894, 96234
rtd, 62, -5, 0, 6132, 0, 0, 0, 0, 0, 229.6115, 300.8816, -178.3894, 96234
rtd, 62, -5, 0, 6132, 0, 0, 0, 0, 0, 229.6115, 300.8816, -178.3894, 96234
rtd, 62, -5, 0, 6132, 0, 0, 0, 0, 0, 229.6115, 300.8816, -178.3894, 96234
rtd, 62, -5, 0, 6132, 0, 0, 0, 0, 0, 229.6115, 300.8816, -178.3894, 96234
rtd, 62, -5, 0, 6132, 0, 0, 0, 0, 0, 229.5940, 300.8873, -178.4056, 96455
rtd, 62, -5, 0, 6132, 0, 0, 0, 0, 0, 229.5940, 300.8873, -178.4056, 96455
rtd, 62, -5, 0, 6132, 774, 1571, 413, 100, 500, 229.5940, 300.8873, -178.4056, 96455
rtd, 62, -5, 0, 6132, 0, 0, 0, 0, 0, 229.5940, 300.8873, -178.4056, 96455
rtd, 62, -5, 0, 6132, 0, 0, 0, 0, 0, 229.5834, 300.8553, -178.3793, 96647
rtd, 62, -5, 0, 6132, 0, 0, 0, 0, 0, 229.5834, 300.8553, -178.3793, 96647
rtd, 62, -5, 0, 6132, 0, 0, 0, 0, 0, 229.5834, 300.8553, -178.3793, 96647
rtd, 62, -5, 0, 6132, 0, 0, 0, 0, 0, 229.5834, 300.8553, -178.3793, 96647
rtd, 62, -5, 0, 6132, 0, 0, 0, 0, 0, 229.5624, 300.8746, -178.4119, 96810
rtd, 62, -5, 0, 6132, 774, 1571, 720, 100, 500, 229.5624, 300.8746, -178.4119, 96810
rtd, 62, -5, 0, 6132, 0, 0, 0, 0, 0, 229.5624, 300.8746, -178.4119, 96810
rtd, 62, -5, 0, 6132, 0, 0, 0, 0, 0, 229.5624, 300.8746, -178.4119, 96810
rtd, 62, -5, 0, 6132, 0, 0, 0, 0, 0, 229.5624, 300.8746, -178.4119, 96810
rtd, 62, -5, 0, 6132, 0, 0, 0, 0, 0, 229.5624, 300.8746, -178.4119, 96810
rtd, 62, -5, 0, 6132, 0, 0, 0, 0, 0, 229.5978, 300.8410, -178.4276, 97051
rtd, 62, -5, 0, 6132, 0, 0, 0, 0, 0, 229.5978, 300.8410, -178.4276, 97051
rtd, 62, -5, 0, 6132, 1178, 967, 636, 100, 500, 229.5978, 300.8410, -178.4276, 97051
rtd, 62, -5, 0, 6132, 0, 0, 0, 0, 0, 229.5978, 300.8410, -178.4276, 97051
rtd, 62, -5, 0, 6132, 0, 0, 0, 0, 0, 229.6062, 300.8604, -178.4708, 97238
rtd, 62, -5, 0, 6132, 0, 0, 0, 0, 0, 229.6062, 300.8604, -178.4708, 97238
rtd, 62, -5, 0, 6132, 0, 0, 0, 0, 0, 229.6062, 300.8604, -178.4708, 97238
rtd, 62, -5, 0, 6132, 0, 0, 0, 0, 0, 229.6062, 300.8604, -178.4708, 97238
rtd, 62, -5, 0, 6132, 0, 0, 0, 0, 0, 229.6006, 300.8873, -178.3991, 97414
rtd, 62, -5, 0, 6132, 1178, 829, 594, 100, 500, 229.6006, 300.8873, -178.3991, 97414
rtd, 62, -5, 0, 6132, 0, 0, 0, 0, 0, 229.6006, 300.8873, -178.3991, 97414
rtd, 62, -5, 0, 6132, 0, 0, 0, 0, 0, 229.6006, 300.8873, -178.3991, 97414
rtd, 62, -5, 0, 6132, 0, 0, 0, 0, 0, 229.6006, 300.8873, -178.3991, 97414
rtd, 62, -5, 0, 6132, 0, 0, 0, 0, 0, 229.6006, 300.8873, -178.3991, 97414
rtd, 62, -5, 0, 6132, 0, 0, 0, 0, 0, 229.6093, 300.8993, -178.5147, 97633
rtd, 62, -5, 0, 6132, 0, 0, 0, 0, 0, 229.6093, 300.8993, -178.5147, 97633
rtd, 62, -5, 0, 6132, 1178, 829, 594, 100, 500, 229.6093, 300.8993, -178.5147, 97633
rtd, 62, -5, 0, 6132, 0, 0, 0, 0, 0, 229.6093, 300.8993, -178.5147, 97633
rtd, 62, -5, 0, 6132, 0, 0, 0, 0, 0, 229.6093, 300.8993, -178.5147, 97633
rtd, 62, -5, 0, 6132, 0, 0, 0, 0, 0, 229.6055, 300.8625, -178.5251, 97825
rtd, 62, -5, 0, 6132, 0, 0, 0, 0, 0, 229.6055, 300.8625, -178.5251, 97825
rtd, 62, -5, 0, 6132, 0, 0, 0, 0, 0, 229.6055, 300.8625, -178.5251, 97825
rtd, 62, -5, 0, 6132, 0, 0, 0, 0, 0, 229.6055, 300.8625, -178.5251, 97825
rtd, 62, -5, 0, 6132, 1178, 781, 563, 100, 500, 229.6055, 300.8625, -178.5251, 97825
rtd, 62, -5, 0, 6132, 0, 0, 0, 0, 0, 229.5965, 300.8750, -178.4398, 98043
rtd, 62, -5, 0, 6132, 0, 0, 0, 0, 0, 229.5965, 300.8750, -178.4398, 98043
rtd, 62, -5, 0, 6132, 0, 0, 0, 0, 0, 229.5965, 300.8750, -178.4398, 98043
rtd, 62, -5, 0, 6132, 0, 0, 0, 0, 0, 229.5965, 300.8750, -178.4398, 98043
rtd, 62, -5, 0, 6132, 0, 0, 0, 0, 0, 229.6016, 300.8600, -178.4453, 98234
rtd, 62, -5, 0, 6132, 0, 0, 0, 0, 0, 229.6016, 300.8600, -178.4453, 98234
rtd, 62, -5, 0, 6132, 1178, 774, 693, 100, 500, 229.6016, 300.8600, -178.4453, 98234
rtd, 62, -5, 0, 6132, 0, 0, 0, 0, 0, 229.6016, 300.8600, -178.4453, 98234
rtd, 62, -5, 0, 6132, 0, 0, 0, 0, 0, 229.6016, 300.8600, -178.4453, 98234
rtd, 62, -5, 0, 6132, 0, 0, 0, 0, 0, 229.6028, 300.9063, -178.4142, 98430
rtd, 62, -5, 0, 6132, 0, 0, 0, 0, 0, 229.6028, 300.9063, -178.4142, 98430
rtd, 62, -5, 0, 6132, 0, 0, 0, 0, 0, 229.6028, 300.9063, -178.4142, 98430
rtd, 62, -5, 0, 6132, 0, 0, 0, 0, 0, 229.6028, 300.9063, -178.4142, 98430
rtd, 62, -5, 0, 6132, 1178, 774, 693, 100, 500, 229.6028, 300.9063, -178.4142, 98430
rtd, 62, -5, 0, 6132, 0, 0, 0, 0, 0, 229.6220, 300.8762, -178.5157, 98648
rtd, 62, -5, 0, 6132, 0, 0, 0, 0, 0, 229.6220, 300.8762, -178.5157, 98648
rtd, 62, -5, 0, 6132, 0, 0, 0, 0, 0, 229.6220, 300.8762, -178.5157, 98648
rtd, 62, -5, 0, 6132, 0, 0, 0, 0, 0, 229.6220, 300.8762, -178.5157, 98648
rtd, 62, -5, 0, 6132, 0, 0, 0, 0, 0, 229.5864, 300.8548, -178.4491, 98834
rtd, 62, -5, 0, 6132, 0, 0, 0, 0, 0, 229.5864, 300.8548, -178.4491, 98834
rtd, 62, -5, 0, 6132, 1178, 774, 655, 100, 500, 229.5864, 300.8548, -178.4491, 98834
rtd, 62, -5, 0, 6132, 0, 0, 0, 0, 0, 229.5864, 300.8548, -178.4491, 98834
rtd, 62, -5, 0, 6132, 0, 0, 0, 0, 0, 229.5864, 300.8548, -178.4491, 98834
rtd, 62, -5, 0, 6132, 0, 0, 0, 0, 0, 229.5588, 300.8591, -178.5171, 99083
rtd, 62, -5, 0, 6132, 0, 0, 0, 0, 0, 229.5588, 300.8591, -178.5171, 99083
rtd, 62, -5, 0, 6132, 0, 0, 0, 0, 0, 229.5588, 300.8591, -178.5171, 99083
rtd, 62, -5, 0, 6132, 0, 0, 0, 0, 0, 229.5588, 300.8591, -178.5171, 99083
rtd, 62, -5, 0, 6132, 1178, 774, 655, 100, 500, 229.5588, 300.8591, -178.5171, 99083
rtd, 62, -5, 0, 6132, 0, 0, 0, 0, 0, 229.5633, 300.8241, -178.4599, 99271
rtd, 62, -5, 0, 6132, 0, 0, 0, 0, 0, 229.5633, 300.8241, -178.4599, 99271
rtd, 62, -5, 0, 6132, 0, 0, 0, 0, 0, 229.5633, 300.8241, -178.4599, 99271
rtd, 62, -5, 0, 6132, 0, 0, 0, 0, 0, 229.5633, 300.8241, -178.4599, 99271
rtd, 62, -5, 0, 6132, 0, 0, 0, 0, 0, 229.5898, 300.8789, -178.4607, 99440
rtd, 62, -5, 0, 6132, 0, 0, 0, 0, 0, 229.5898, 300.8789, -178.4607, 99440
rtd, 62, -5, 0, 6132, 1178, 40, 713, 100, 500, 229.5898, 300.8789, -178.4607, 99440
rtd, 62, -5, 0, 6132, 0, 0, 0, 0, 0, 229.5898, 300.8789, -178.4607, 99440
rtd, 62, -5, 0, 6132, 0, 0, 0, 0, 0, 229.5898, 300.8789, -178.4607, 99440
rtd, 62, -5, 0, 6132, 0, 0, 0, 0, 0, 229.5856, 300.8699, -178.4236, 99681
rtd, 62, -5, 0, 6132, 0, 0, 0, 0, 0, 229.5856, 300.8699, -178.4236, 99681
rtd, 62, -5, 0, 6132, 0, 0, 0, 0, 0, 229.5856, 300.8699, -178.4236, 99681
rtd, 62, -5, 0, 6132, 0, 0, 0, 0, 0, 229.5856, 300.8699, -178.4236, 99681
rtd, 62, -5, 0, 6132, 1178, 5, 416, 100, 500, 229.5856, 300.8699, -178.4236, 99681
rtd, 62, -5, 0, 6132, 0, 0, 0, 0, 0, 229.5720, 300.8715, -178.2076, 99851
rtd, 62, -5, 0, 6132, 0, 0, 0, 0, 0, 229.5720, 300.8715, -178.2076, 99851
rtd, 62, -5, 0, 6132, 0, 0, 0, 0, 0, 229.5720, 300.8715, -178.2076, 99851
rtd, 62, -5, 0, 6132, 0, 0, 0, 0, 0, 229.5720, 300.8715, -178.2076, 99851
rtd, 62, -5, 0, 6132, 0, 0, 0, 0, 0, 229.5720, 300.8715, -178.2076, 99851
rtd, 62, -5, 0, 6132, 0, 0, 0, 0, 0, 229.5779, 300.8588, -178.4130, 100073
rtd, 62, -5, 0, 6132, 1178, 0, 484, 100, 500, 229.5779, 300.8588, -178.4130, 100073
rtd, 62, -5, 0, 6132, 0, 0, 0, 0, 0, 229.5779, 300.8588, -178.4130, 100073
rtd, 62, -5, 0, 6132, 0, 0, 0, 0, 0, 229.5779, 300.8588, -178.4130, 100073
rtd, 62, -5, 0, 6132, 0, 0, 0, 0, 0, 229.5864, 300.8564, -178.4462, 100299
rtd, 62, -5, 0, 6132, 0, 0, 0, 0, 0, 229.5864, 300.8564, -178.4462, 100299
rtd, 62, -5, 0, 6132, 0, 0, 0, 0, 0, 229.5864, 300.8564, -178.4462, 100299
rtd, 62, -5, 0, 6132, 0, 0, 0, 0, 0, 229.5864, 300.8564, -178.4462, 100299
rtd, 62, -5, 0, 6132, 1178, 0, 653, 100, 500, 229.5864, 300.8564, -178.4462, 100299
rtd, 62, -5, 0, 6132, 0, 0, 0, 0, 0, 229.5980, 300.9269, -178.4182, 100460
rtd, 62, -5, 0, 6132, 0, 0, 0, 0, 0, 229.5980, 300.9269, -178.4182, 100460
rtd, 62, -5, 0, 6132, 0, 0, 0, 0, 0, 229.5980, 300.9269, -178.4182, 100460
rtd, 62, -5, 0, 6132, 0, 0, 0, 0, 0, 229.5980, 300.9269, -178.4182, 100460
rtd, 62, -5, 0, 6132, 0, 0, 0, 0, 0, 229.5980, 300.9269, -178.4182, 100460
rtd, 62, -5, 0, 6132, 0, 0, 0, 0, 0, 229.6058, 300.8448, -178.4740, 100676
rtd, 62, -5, 0, 6132, 1178, 0, 603, 0, 1000, 229.6058, 300.8448, -178.4740, 100676
rtd, 62, -5, 0, 6132, 0, 0, 0, 0, 0, 229.6058, 300.8448, -178.4740, 100676
rtd, 62, -5, 0, 6132, 0, 0, 0, 0, 0, 229.6058, 300.8448, -178.4740, 100676
rtd, 62, -5, 0, 6132, 0, 0, 0, 0, 0, 229.6003, 300.8745, -178.4736, 100862
rtd, 62, -5, 0, 6132, 0, 0, 0, 0, 0, 229.6003, 300.8745, -178.4736, 100862
rtd, 62, -5, 0, 6132, 0, 0, 0, 0, 0, 229.6003, 300.8745, -178.4736, 100862
rtd, 62, -5, 0, 6132, 0, 0, 0, 0, 0, 229.6003, 300.8745, -178.4736, 100862
rtd, 62, -5, 0, 6132, 1178, 0, 603, 0, 1000, 229.6003, 300.8745, -178.4736, 100862
rtd, 62, -5, 0, 6132, 0, 0, 0, 0, 0, 229.6022, 300.8731, -178.5071, 101059
rtd, 62, -5, 0, 6132, 0, 0, 0, 0, 0, 229.6022, 300.8731, -178.5071, 101059
rtd, 62, -5, 0, 6132, 0, 0, 0, 0, 0, 229.6022, 300.8731, -178.5071, 101059
rtd, 62, -5, 0, 6132, 0, 0, 0, 0, 0, 229.6022, 300.8731, -178.5071, 101059
rtd, 62, -5, 0, 6132, 0, 0, 0, 0, 0, 229.6022, 300.8731, -178.5071, 101059
rtd, 62, -5, 0, 6132, 0, 0, 0, 0, 0, 229.5849, 300.8547, -178.3699, 101280
rtd, 62, -5, 0, 6132, 1178, -735, 457, 0, 1000, 229.5849, 300.8547, -178.3699, 101280
rtd, 62, -5, 0, 6132, 0, 0, 0, 0, 0, 229.5849, 300.8547, -178.3699, 101280
rtd, 62, -5, 0, 6132, 0, 0, 0, 0, 0, 229.5849, 300.8547, -178.3699, 101280
rtd, 62, -5, 0, 6132, 0, 0, 0, 0, 0, 229.5849, 300.8547, -178.3699, 101280
rtd, 62, -5, 0, 6132, 0, 0, 0, 0, 0, 229.6035, 300.8717, -178.4941, 101473
rtd, 62, -5, 0, 6132, 0, 0, 0, 0, 0, 229.6035, 300.8717, -178.4941, 101473
rtd, 62, -5, 0, 6132, 0, 0, 0, 0, 0, 229.6035, 300.8717, -178.4941, 101473
rtd, 62, -5, 0, 6132, 1178, -1372, 288, 0, 1000, 229.6035, 300.8717, -178.4941, 101473
rtd, 62, -5, 0, 6132, 0, 0, 0, 0, 0, 229.6035, 300.8717, -178.4941, 101473
rtd, 62, -5, 0, 6132, 0, 0, 0, 0, 0, 229.5592, 300.8284, -178.4609, 101712
rtd, 62, -5, 0, 6132, 0, 0, 0, 0, 0, 229.5592, 300.8284, -178.4609, 101712
rtd, 62, -5, 0, 6132, 0, 0, 0, 0, 0, 229.5592, 300.8284, -178.4609, 101712
rtd, 62, -5, 0, 6132, 0, 0, 0, 0, 0, 229.5592, 300.8284, -178.4609, 101712
rtd, 62, -5, 0, 6132, 0, 0, 0, 0, 0, 229.5922, 300.9039, -178.4470, 101907
rtd, 62, -5, 0, 6132, 1178, -1372, 288, 0, 1000, 229.5922, 300.9039, -178.4470, 101907
rtd, 62, -5, 0, 6132, 0, 0, 0, 0, 0, 229.5922, 300.9039, -178.4470, 101907
rtd, 62, -5, 0, 6132, 0, 0, 0, 0, 0, 229.5922, 300.9039, -178.4470, 101907
rtd, 62, -5, 0, 6132, 0, 0, 0, 0, 0, 229.5922, 300.9039, -178.4470, 101907
rtd, 62, -5, 0, 6132, 0, 0, 0, 0, 0, 229.5897, 300.9004, -178.5210, 102120
rtd, 62, -5, 0, 6132, 0, 0, 0, 0, 0, 229.5897, 300.9004, -178.5210, 102120
rtd, 62, -5, 0, 6132, 0, 0, 0, 0, 0, 229.5897, 300.9004, -178.5210, 102120
rtd, 62, -5, 0, 6132, 1178, -1526, 285, 0, 1000, 229.5897, 300.9004, -178.5210, 102120
rtd, 62, -5, 0, 6132, 0, 0, 0, 0, 0, 229.5897, 300.9004, -178.5210, 102120
rtd, 62, -5, 0, 6132, 0, 0, 0, 0, 0, 229.5979, 300.8352, -178.4742, 102326
rtd, 62, -5, 0, 6132, 0, 0, 0, 0, 0, 229.5979, 300.8352, -178.4742, 102326
rtd, 62, -5, 0, 6132, 0, 0, 0, 0, 0, 229.5979, 300.8352, -178.4742, 102326
rtd, 62, -5, 0, 6132, 0, 0, 0, 0, 0, 229.5979, 300.8352, -178.4742, 102326
rtd, 62, -5, 0, 6132, 0, 0, 0, 0, 0, 229.6007, 300.8683, -178.4861, 102507
rtd, 62, -5, 0, 6132, 1178, -2166, 202, 0, 1000, 229.6007, 300.8683, -178.4861, 102507
rtd, 62, -5, 0, 6132, 0, 0, 0, 0, 0, 229.6007, 300.8683, -178.4861, 102507
rtd, 62, -5, 0, 6132, 0, 0, 0, 0, 0, 229.6007, 300.8683, -178.4861, 102507
rtd, 62, -5, 0, 6132, 0, 0, 0, 0, 0, 229.6007, 300.8683, -178.4861, 102507
rtd, 62, -5, 0, 6132, 0, 0, 0, 0, 0, 229.6023, 300.8488, -178.4629, 102663
rtd, 62, -5, 0, 6132, 0, 0, 0, 0, 0, 229.6023, 300.8488, -178.4629, 102663
rtd, 62, -5, 0, 6132, 0, 0, 0, 0, 0, 229.6023, 300.8488, -178.4629, 102663
rtd, 62, -5, 0, 6132, 1178, -2166, 202, 0, 1000, 229.6023, 300.8488, -178.4629, 102663
rtd, 62, -5, 0, 6132, 0, 0, 0, 0, 0, 229.6023, 300.8488, -178.4629, 102663
rtd, 62, -5, 0, 6132, 0, 0, 0, 0, 0, 229.5682, 300.8536, -178.2661, 102882
rtd, 62, -5, 0, 6132, 0, 0, 0, 0, 0, 229.5682, 300.8536, -178.2661, 102882
rtd, 62, -5, 0, 6132, 0, 0, 0, 0, 0, 229.5682, 300.8536, -178.2661, 102882
rtd, 62, -5, 0, 6132, 0, 0, 0, 0, 0, 229.5682, 300.8536, -178.2661, 102882
rtd, 62, -5, 0, 6132, 0, 0, 0, 0, 0, 229.6035, 300.8609, -178.5033, 103117
rtd, 62, -5, 0, 6132, 1178, -2605, 242, 0, 1000, 229.6035, 300.8609, -178.5033, 103117
rtd, 62, -5, 0, 6132, 0, 0, 0, 0, 0, 229.6035, 300.8609, -178.5033, 103117
rtd, 62, -5, 0, 6132, 0, 0, 0, 0, 0, 229.6035, 300.8609, -178.5033, 103117
rtd, 62, -5, 0, 6132, 0, 0, 0, 0, 0, 229.6035, 300.8609, -178.5033, 103117
rtd, 62, -5, 0, 6132, 0, 0, 0, 0, 0, 229.8230, 300.8944, -178.3849, 103281
rtd, 62, -5, 0, 6132, 0, 0, 0, 0, 0, 229.8230, 300.8944, -178.3849, 103281
rtd, 62, -5, 0, 6132, 0, 0, 0, 0, 0, 229.8230, 300.8944, -178.3849, 103281
rtd, 62, -5, 0, 6132, 1178, -3013, 181, 0, 1000, 229.8230, 300.8944, -178.3849, 103281
rtd, 62, -5, 0, 6132, 0, 0, 0, 0, 0, 229.8230, 300.8944, -178.3849, 103281
rtd, 62, -5, 0, 6132, 0, 0, 0, 0, 0, 229.4796, 300.8723, -178.4748, 103479
rtd, 62, -5, 0, 6132, 0, 0, 0, 0, 0, 229.4796, 300.8723, -178.4748, 103479
rtd, 62, -5, 0, 6132, 0, 0, 0, 0, 0, 229.4796, 300.8723, -178.4748, 103479
rtd, 62, -5, 0, 6132, 0, 0, 0, 0, 0, 229.4796, 300.8723, -178.4748, 103479
rtd, 62, -5, 0, 6132, 0, 0, 0, 0, 0, 229.7476, 300.8244, -178.5635, 103695
rtd, 62, -5, 0, 6132, 1178, -3112, 367, 150, 0, 229.7476, 300.8244, -178.5635, 103695
rtd, 62, -5, 0, 6132, 0, 0, 0, 0, 0, 229.7476, 300.8244, -178.5635, 103695
rtd, 62, -5, 0, 6132, 0, 0, 0, 0, 0, 229.7476, 300.8244, -178.5635, 103695
rtd, 62, -5, 0, 6132, 0, 0, 0, 0, 0, 229.7476, 300.8244, -178.5635, 103695
rtd, 62, -5, 0, 6132, 0, 0, 0, 0, 0, 230.2050, 301.0400, -179.1456, 103915
rtd, 62, -5, 0, 6132, 0, 0, 0, 0, 0, 230.2050, 301.0400, -179.1456, 103915
rtd, 62, -5, 0, 6132, 0, 0, 0, 0, 0, 230.2050, 301.0400, -179.1456, 103915
rtd, 62, -5, 0, 6132, 1178, -3137, 595, 150, 0, 230.2050, 301.0400, -179.1456, 103915
rtd, 62, -5, 0, 6132, 0, 0, 0, 0, 0, 230.2050, 301.0400, -179.1456, 103915
rtd, 62, -5, 0, 6132, 0, 0, 0, 0, 0, 230.2218, 301.0457, -179.1700, 104072
rtd, 62, -5, 0, 6132, 0, 0, 0, 0, 0, 230.2218, 301.0457, -179.1700, 104072
rtd, 62, -5, 0, 6132, 0, 0, 0, 0, 0, 230.2218, 301.0457, -179.1700, 104072
rtd, 62, -5, 0, 6132, 0, 0, 0, 0, 0, 230.2218, 301.0457, -179.1700, 104072
rtd, 62, -5, 0, 6132, 0, 0, 0, 0, 0, 230.0508, 301.0021, -178.7138, 104288
rtd, 62, -5, 0, 6132, 1178, 3142, 574, 150, 0, 230.0508, 301.0021, -178.7138, 104288
rtd, 62, -5, 0, 6132, 0, 0, 0, 0, 0, 230.0508, 301.0021, -178.7138, 104288
rtd, 62, -5, 0, 6132, 0, 0, 0, 0, 0, 230.0508, 301.0021, -178.7138, 104288
rtd, 62, -5, 0, 6132, 0, 0, 0, 0, 0, 230.0508, 301.0021, -178.7138, 104288
rtd, 62, -5, 0, 6132, 0, 0, 0, 0, 0, 230.0969, 301.0176, -178.9265, 104506
rtd, 62, -5, 0, 6132, 0, 0, 0, 0, 0, 230.0969, 301.0176, -178.9265, 104506
rtd, 62, -5, 0, 6132, 0, 0, 0, 0, 0, 230.0969, 301.0176, -178.9265, 104506
rtd, 62, -5, 0, 6132, 1178, 3142, 574, 150, 0, 230.0969, 301.0176, -178.9265, 104506
rtd, 62, -5, 0, 6132, 0, 0, 0, 0, 0, 230.0969, 301.0176, -178.9265, 104506
rtd, 62, -5, 0, 6132, 0, 0, 0, 0, 0, 229.3970, 300.8571, -178.3659, 104722
rtd, 62, -5, 0, 6132, 0, 0, 0, 0, 0, 229.3970, 300.8571, -178.3659, 104722
rtd, 62, -5, 0, 6132, 0, 0, 0, 0, 0, 229.3970, 300.8571, -178.3659, 104722
rtd, 62, -5, 0, 6132, 0, 0, 0, 0, 0, 229.3970, 300.8571, -178.3659, 104722
rtd, 62, -5, 0, 6132, 0, 0, 0, 0, 0, 229.3970, 300.8571, -178.3659, 104722
rtd, 62, -5, 0, 6132, 1178, 3142, 698, 150, 0, 229.3970, 300.8571, -178.3659, 104722
rtd, 62, -5, 0, 6132, 0, 0, 0, 0, 0, 229.3970, 300.8571, -178.3659, 104722
rtd, 62, -5, 0, 6132, 0, 0, 0, 0, 0, 229.3970, 300.8571, -178.3659, 104722
rtd, 62, -5, 0, 6132, 0, 0, 0, 0, 0, 229.3970, 300.8571, -178.3659, 104722
rtd, 62, -5, 0, 6132, 0, 0, 0, 0, 0, 229.3970, 300.8571, -178.3659, 104722
rtd, 62, -5, 0, 6132, 0, 0, 0, 0, 0, 229.3970, 300.8571, -178.3659, 104722
rtd, 62, -5, 0, 6132, 0, 0, 0, 0, 0, 229.3970, 300.8571, -178.3659, 104722
rtd, 62, -5, 0, 6132, 1178, 3142, 625, 150, 0, 229.3970, 300.8571, -178.3659, 104722
rtd, 62, -5, 0, 6132, 0, 0, 0, 0, 0, 229.3970, 300.8571, -178.3659, 104722
rtd, 62, -5, 0, 6132, 0, 0, 0, 0, 0, 229.6597, 300.9434, -178.3127, 104933
rtd, 62, -5, 0, 6132, 0, 0, 0, 0, 0, 229.6597, 300.9434, -178.3127, 104933
rtd, 62, -5, 0, 6132, 0, 0, 0, 0, 0, 229.6597, 300.9434, -178.3127, 104933
rtd, 62, -5, 0, 6132, 0, 0, 0, 0, 0, 229.6597, 300.9434, -178.3127, 104933
rtd, 62, -5, 0, 6132, 0, 0, 0, 0, 0, 230.3299, 301.0714, -178.9989, 105730
rtd, 62, -5, 0, 6132, 1178, 3142, 724, 150, 0, 230.3299, 301.0714, -178.9989, 105730
rtd, 62, -5, 0, 6132, 0, 0, 0, 0, 0, 230.3299, 301.0714, -178.9989, 105730
rtd, 62, -5, 0, 6132, 0, 0, 0, 0, 0, 230.3299, 301.0714, -178.9989, 105730
rtd, 62, -5, 0, 6132, 0, 0, 0, 0, 0, 230.3299, 301.0714, -178.9989, 105730
rtd, 62, -5, 0, 6132, 0, 0, 0, 0, 0, 230.3299, 301.0714, -178.9989, 105730
rtd, 62, -5, 0, 6132, 0, 0, 0, 0, 0, 230.3299, 301.0714, -178.9989, 105730
rtd, 62, -5, 0, 6132, 0, 0, 0, 0, 0, 230.3299, 301.0714, -178.9989, 105730
rtd, 62, -5, 0, 6132, 1178, 3142, 724, 0, -1000, 230.3299, 301.0714, -178.9989, 105730
rtd, 62, -5, 0, 6132, 0, 0, 0, 0, 0, 230.3299, 301.0714, -178.9989, 105730
rtd, 62, -5, 0, 6132, 0, 0, 0, 0, 0, 229.9638, 301.0024, -179.2742, 105907
rtd, 62, -5, 0, 6131, 0, 0, 0, 0, 0, 229.9638, 301.0024, -179.2742, 105907
rtd, 62, -5, 0, 6131, 0, 0, 0, 0, 0, 229.9638, 301.0024, -179.2742, 105907
rtd, 62, -5, 0, 6131, 0, 0, 0, 0, 0, 229.9638, 301.0024, -179.2742, 105907
rtd, 62, -5, 0, 6131, 0, 0, 0, 0, 0, 230.0735, 301.0384, -178.6597, 106131
rtd, 62, -5, 0, 6131, 1178, 3142, 663, 0, -1000, 230.0735, 301.0384, -178.6597, 106131
rtd, 62, -5, 0, 6131, 0, 0, 0, 0, 0, 230.0735, 301.0384, -178.6597, 106131
rtd, 62, -5, 0, 6131, 0, 0, 0, 0, 0, 230.0735, 301.0384, -178.6597, 106131
rtd, 62, -5, 0, 6131, 0, 0, 0, 0, 0, 230.0735, 301.0384, -178.6597, 106131
rtd, 62, -5, 0, 6131, 0, 0, 0, 0, 0, 235.2228, 301.8940, -179.0669, 106334
rtd, 62, -5, 0, 6131, 0, 0, 0, 0, 0, 235.2228, 301.8940, -179.0669, 106334
rtd, 62, -5, 0, 6131, 0, 0, 0, 0, 0, 235.2228, 301.8940, -179.0669, 106334
rtd, 62, -5, 0, 6131, 1178, 3142, 743, 0, -1000, 235.2228, 301.8940, -179.0669, 106334
rtd, 62, -5, 0, 6131, 0, 0, 0, 0, 0, 235.2228, 301.8940, -179.0669, 106334
rtd, 62, -5, 0, 6131, 0, 0, 0, 0, 0, 233.2913, 301.6194, -179.2194, 106532
rtd, 62, -5, 0, 6131, 0, 0, 0, 0, 0, 233.2913, 301.6194, -179.2194, 106532
rtd, 62, -5, 0, 6131, 0, 0, 0, 0, 0, 233.2913, 301.6194, -179.2194, 106532
rtd, 62, -5, 0, 6131, 0, 0, 0, 0, 0, 233.2913, 301.6194, -179.2194, 106532
rtd, 62, -5, 0, 6131, 0, 0, 0, 0, 0, 232.2223, 301.2911, -178.2083, 106754
rtd, 62, -5, 0, 6131, 1178, -2545, 648, 0, -1000, 232.2223, 301.2911, -178.2083, 106754
rtd, 62, -5, 0, 6131, 0, 0, 0, 0, 0, 232.2223, 301.2911, -178.2083, 106754
rtd, 62, -5, 0, 6131, 0, 0, 0, 0, 0, 232.2223, 301.2911, -178.2083, 106754
rtd, 62, -5, 0, 6131, 0, 0, 0, 0, 0, 232.2223, 301.2911, -178.2083, 106754
rtd, 62, -5, 0, 6131, 0, 0, 0, 0, 0, 230.0879, 300.8307, -178.6897, 106917
rtd, 62, -5, 0, 6131, 0, 0, 0, 0, 0, 230.0879, 300.8307, -178.6897, 106917
rtd, 62, -5, 0, 6131, 0, 0, 0, 0, 0, 230.0879, 300.8307, -178.6897, 106917
rtd, 62, -5, 0, 6131, 1178, -2407, 735, 0, -1000, 230.0879, 300.8307, -178.6897, 106917
rtd, 62, -5, 0, 6131, 0, 0, 0, 0, 0, 230.0879, 300.8307, -178.6897, 106917
rtd, 62, -5, 0, 6131, 0, 0, 0, 0, 0, 229.8169, 300.8499, -178.7148, 107133
rtd, 62, -5, 0, 6131, 0, 0, 0, 0, 0, 229.8169, 300.8499, -178.7148, 107133
rtd, 62, -5, 0, 6131, 0, 0, 0, 0, 0, 229.8169, 300.8499, -178.7148, 107133
rtd, 62, -5, 0, 6131, 0, 0, 0, 0, 0, 229.8169, 300.8499, -178.7148, 107133
rtd, 62, -5, 0, 6131, 0, 0, 0, 0, 0, 229.8169, 300.8499, -178.7148, 107133
rtd, 62, -5, 0, 6131, 1178, -2377, 779, 0, -1000, 229.8169, 300.8499, -178.7148, 107133
rtd, 62, -5, 0, 6131, 0, 0, 0, 0, 0, 229.8195, 300.9322, -178.5379, 107344
rtd, 62, -5, 0, 6131, 0, 0, 0, 0, 0, 229.8195, 300.9322, -178.5379, 107344
rtd, 62, -5, 0, 6189, 0, 0, 0, 0, 0, 229.8195, 300.9322, -178.5379, 107344
rtd, 62, -5, 0, 6237, 0, 0, 0, 0, 0, 229.8195, 300.9322, -178.5379, 107344
rtd, 62, -5, 0, 8, 0, 0, 0, 0, 0, 230.1672, 300.8576, -178.4069, 107561
rtd, 62, -5, 0, 63, 0, 0, 0, 0, 0, 230.1672, 300.8576, -178.4069, 107561
rtd, 62, -5, 0, 63, 1178, -2377, 779, 0, -1000, 230.1672, 300.8576, -178.4069, 107561
rtd, 62, -5, 0, 115, 0, 0, 0, 0, 0, 230.1672, 300.8576, -178.4069, 107561
rtd, 62, -5, 0, 164, 0, 0, 0, 0, 0, 230.1672, 300.8576, -178.4069, 107561
rtd, 62, -5, 0, 218, 0, 0, 0, 0, 0, 231.3836, 300.6828, -177.0122, 107745
rtd, 62, -5, 0, 267, 0, 0, 0, 0, 0, 231.3836, 300.6828, -177.0122, 107745
rtd, 62, -5, 0, 315, 0, 0, 0, 0, 0, 231.3836, 300.6828, -177.0122, 107745
rtd, 62, -5, 0, 369, 0, 0, 0, 0, 0, 231.3836, 300.6828, -177.0122, 107745
rtd, 62, -5, 0, 369, 774, -1581, 783, 0, -1000, 231.3836, 300.6828, -177.0122, 107745
rtd, 62, -5, 0, 420, 0, 0, 0, 0, 0, 229.4872, 300.6383, -161.4658, 107993
rtd, 62, -5, 0, 470, 0, 0, 0, 0, 0, 229.4872, 300.6383, -161.4658, 107993
rtd, 62, -5, 0, 520, 0, 0, 0, 0, 0, 229.4872, 300.6383, -161.4658, 107993
rtd, 62, -5, 0, 571, 0, 0, 0, 0, 0, 229.4872, 300.6383, -161.4658, 107993
rtd, 62, -5, 0, 621, 0, 0, 0, 0, 0, 229.6496, 300.5120, -153.0175, 108141
rtd, 62, -5, 0, 673, 0, 0, 0, 0, 0, 229.6496, 300.5120, -153.0175, 108141
rtd, 62, -5, 0, 673, 393, -967, 668, 0, -1000, 229.6496, 300.5120, -153.0175, 108141
rtd, 62, -5, 0, 724, 0, 0, 0, 0, 0, 229.6496, 300.5120, -153.0175, 108141
rtd, 62, -5, 0, 776, 0, 0, 0, 0, 0, 229.6496, 300.5120, -153.0175, 108141
rtd, 62, -5, 0, 826, 0, 0, 0, 0, 0, 229.4911, 300.5064, -140.0903, 108361
rtd, 62, -5, 0, 877, 0, 0, 0, 0, 0, 229.4911, 300.5064, -140.0903, 108361
rtd, 62, -5, 0, 928, 0, 0, 0, 0, 0, 229.4911, 300.5064, -140.0903, 108361
rtd, 62, -5, 0, 978, 0, 0, 0, 0, 0, 229.4911, 300.5064, -140.0903, 108361
rtd, 62, -5, 0, 978, 393, -829, 745, 0, -1000, 229.4911, 300.5064, -140.0903, 108361
rtd, 62, -5, 0, 1029, 0, 0, 0, 0, 0, 229.4455, 300.4711, -130.4087, 108549
rtd, 62, -5, 0, 1079, 0, 0, 0, 0, 0, 229.4455, 300.4711, -130.4087, 108549
rtd, 62, -5, 0, 1131, 0, 0, 0, 0, 0, 229.4455, 300.4711, -130.4087, 108549
rtd, 62, -5, 0, 1183, 0, 0, 0, 0, 0, 229.4455, 300.4711, -130.4087, 108549
rtd, 62, -5, 0, 1231, 0, 0, 0, 0, 0, 229.3630, 300.6027, -116.1948, 108794
rtd, 62, -5, 0, 1285, 0, 0, 0, 0, 0, 229.3630, 300.6027, -116.1948, 108794
rtd, 62, -5, 0, 1285, 0, -781, 938, 100, -500, 229.3630, 300.6027, -116.1948, 108794
rtd, 62, -5, 0, 1333, 0, 0, 0, 0, 0, 229.3630, 300.6027, -116.1948, 108794
rtd, 62, -5, 0, 1383, 0, 0, 0, 0, 0, 229.3630, 300.6027, -116.1948, 108794
rtd, 62, -5, 0, 1435, 0, 0, 0, 0, 0, 229.2978, 300.7777, -105.0885, 108977
rtd, 62, -5, 0, 1486, 0, 0, 0, 0, 0, 229.2978, 300.7777, -105.0885, 108977
rtd, 62, -5, 0, 1537, 0, 0, 0, 0, 0, 229.2978, 300.7777, -105.0885, 108977
rtd, 62, -5, 0, 1587, 0, 0, 0, 0, 0, 229.2978, 300.7777, -105.0885, 108977
rtd, 62, -5, 0, 1587, -393, -187, 745, 100, -500, 229.2978, 300.7777, -105.0885, 108977
rtd, 62, -5, 0, 1640, 0, 0, 0, 0, 0, 229.2916, 300.8881, -92.6958, 109177
rtd, 62, -5, 2, 1688, 0, 0, 0, 0, 0, 229.2916, 300.8881, -92.6958, 109177
rtd, 62, -6, 6, 1720, 0, 0, 0, 0, 0, 229.2916, 300.8881, -92.6958, 109177
rtd, 62, -7, 12, 1730, 0, 0, 0, 0, 0, 229.2916, 300.8881, -92.6958, 109177
rtd, 62, -8, 17, 1754, 0, 0, 0, 0, 0, 229.2916, 300.8881, -92.6958, 109177
rtd, 62, -9, 22, 1780, 0, 0, 0, 0, 0, 229.2106, 301.0395, -78.7395, 109402
rtd, 62, -9, 22, 1780, -774, -10, 397, 100, -500, 229.2106, 301.0395, -78.7395, 109402
rtd, 62, -10, 27, 1806, 0, 0, 0, 0, 0, 229.2106, 301.0395, -78.7395, 109402
rtd, 62, -11, 32, 1829, 0, 0, 0, 0, 0, 229.2106, 301.0395, -78.7395, 109402
rtd, 62, -12, 37, 1851, 0, 0, 0, 0, 0, 229.2106, 301.0395, -78.7395, 109402
rtd, 62, -14, 42, 1876, 0, 0, 0, 0, 0, 229.0619, 298.9046, -70.4412, 109563
rtd, 62, -16, 46, 1904, 0, 0, 0, 0, 0, 229.0619, 298.9046, -70.4412, 109563
rtd, 62, -17, 51, 1927, 0, 0, 0, 0, 0, 229.0619, 298.9046, -70.4412, 109563
rtd, 62, -17, 51, 1927, -774, 0, 514, 100, -500, 229.0619, 298.9046, -70.4412, 109563
rtd, 62, -19, 56, 1950, 0, 0, 0, 0, 0, 229.0619, 298.9046, -70.4412, 109563
rtd, 62, -21, 60, 1976, 0, 0, 0, 0, 0, 227.8725, 291.4573, -66.9717, 109751
rtd, 62, -23, 65, 2002, 0, 0, 0, 0, 0, 227.8725, 291.4573, -66.9717, 109751
rtd, 62, -25, 70, 2023, 0, 0, 0, 0, 0, 227.8725, 291.4573, -66.9717, 109751
rtd, 62, -27, 74, 2048, 0, 0, 0, 0, 0, 227.8725, 291.4573, -66.9717, 109751
rtd, 62, -30, 79, 2072, 0, 0, 0, 0, 0, 225.5974, 283.4024, -59.7017, 109980
rtd, 62, -30, 79, 2072, -774, 0, 514, 100, -500, 225.5974, 283.4024, -59.7017, 109980
rtd, 62, -32, 83, 2097, 0, 0, 0, 0, 0, 225.5974, 283.4024, -59.7017, 109980
rtd, 62, -35, 87, 2121, 0, 0, 0, 0, 0, 225.5974, 283.4024, -59.7017, 109980
rtd, 62, -37, 92, 2146, 0, 0, 0, 0, 0, 225.5974, 283.4024, -59.7017, 109980
rtd, 62, -40, 96, 2170, 0, 0, 0, 0, 0, 223.4070, 277.1503, -55.1014, 110171
rtd, 62, -43, 100, 2192, 0, 0, 0, 0, 0, 223.4070, 277.1503, -55.1014, 110171
rtd, 62, -46, 104, 2223, 0, 0, 0, 0, 0, 223.4070, 277.1503, -55.1014, 110171
rtd, 62, -46, 104, 2223, -1178, 0, 340, 100, -500, 223.4070, 277.1503, -55.1014, 110171
rtd, 62, -49, 107, 2219, 0, 0, 0, 0, 0, 223.4070, 277.1503, -55.1014, 110171
rtd, 62, -50, 109, 2207, 0, 0, 0, 0, 0, 219.7699, 269.2897, -49.0592, 110416
rtd, 62, -50, 109, 2153, 0, 0, 0, 0, 0, 219.7699, 269.2897, -49.0592, 110416
rtd, 62, -50, 109, 2097, 0, 0, 0, 0, 0, 219.7699, 269.2897, -49.0592, 110416
rtd, 62, -50, 109, 2040, 0, 0, 0, 0, 0, 219.7699, 269.2897, -49.0592, 110416
rtd, 62, -50, 109, 1984, 0, 0, 0, 0, 0, 217.8333, 265.1206, -45.7656, 110616
rtd, 62, -50, 109, 1984, -774, 0, 364, 100, -500, 217.8333, 265.1206, -45.7656, 110616
rtd, 62, -50, 109, 1933, 0, 0, 0, 0, 0, 217.8333, 265.1206, -45.7656, 110616
rtd, 62, -50, 109, 1885, 0, 0, 0, 0, 0, 217.8333, 265.1206, -45.7656, 110616
rtd, 62, -50, 109, 1832, 0, 0, 0, 0, 0, 217.8333, 265.1206, -45.7656, 110616
rtd, 62, -50, 109, 1780, 0, 0, 0, 0, 0, 218.5614, 265.8455, -55.7533, 110807
rtd, 62, -50, 109, 1729, 0, 0, 0, 0, 0, 218.5614, 265.8455, -55.7533, 110807
rtd, 62, -50, 109, 1681, 0, 0, 0, 0, 0, 218.5614, 265.8455, -55.7533, 110807
rtd, 62, -50, 109, 1681, -774, 735, 505, 100, -500, 218.5614, 265.8455, -55.7533, 110807
rtd, 62, -50, 109, 1629, 0, 0, 0, 0, 0, 218.5614, 265.8455, -55.7533, 110807
rtd, 62, -50, 109, 1579, 0, 0, 0, 0, 0, 218.2649, 265.4744, -67.6726, 110996
rtd, 62, -50, 109, 1528, 0, 0, 0, 0, 0, 218.2649, 265.4744, -67.6726, 110996
rtd, 62, -50, 109, 1477, 0, 0, 0, 0, 0, 218.2649, 265.4744, -67.6726, 110996
rtd, 62, -50, 109, 1425, 0, 0, 0, 0, 0, 218.2649, 265.4744, -67.6726, 110996
rtd, 62, -50, 109, 1375, 0, 0, 0, 0, 0, 218.2500, 265.3905, -78.6276, 111199
rtd, 62, -50, 109, 1375, -393, 765, 393, 100, -500, 218.2500, 265.3905, -78.6276, 111199
rtd, 62, -50, 109, 1325, 0, 0, 0, 0, 0, 218.2500, 265.3905, -78.6276, 111199
rtd, 62, -50, 109, 1273, 0, 0, 0, 0, 0, 218.2500, 265.3905, -78.6276, 111199
rtd, 62, -50, 109, 1223, 0, 0, 0, 0, 0, 218.2500, 265.3905, -78.6276, 111199
rtd, 62, -50, 109, 1174, 0, 0, 0, 0, 0, 218.2121, 265.2691, -92.9620, 111410
rtd, 62, -50, 109, 1121, 0, 0, 0, 0, 0, 218.2121, 265.2691, -92.9620, 111410
rtd, 62, -50, 109, 1071, 0, 0, 0, 0, 0, 218.2121, 265.2691, -92.9620, 111410
rtd, 62, -50, 109, 1071, -393, 765, 393, 100, -500, 218.2121, 265.2691, -92.9620, 111410
rtd, 62, -50, 109, 1020, 0, 0, 0, 0, 0, 218.2121, 265.2691, -92.9620, 111410
rtd, 62, -50, 109, 969, 0, 0, 0, 0, 0, 218.2922, 265.2225, -103.2678, 111585
rtd, 62, -50, 109, 919, 0, 0, 0, 0, 0, 218.2922, 265.2225, -103.2678, 111585
rtd, 62, -50, 109, 869, 0, 0, 0, 0, 0, 218.2922, 265.2225, -103.2678, 111585
rtd, 62, -50, 109, 817, 0, 0, 0, 0, 0, 218.2922, 265.2225, -103.2678, 111585
rtd, 62, -50, 109, 766, 0, 0, 0, 0, 0, 218.4291, 265.1710, -118.1793, 111829
rtd, 62, -50, 109, 766, 393, 1075, 154, 100, -500, 218.4291, 265.1710, -118.1793, 111829
rtd, 62, -50, 109, 715, 0, 0, 0, 0, 0, 218.4291, 265.1710, -118.1793, 111829
rtd, 62, -50, 109, 665, 0, 0, 0, 0, 0, 218.4291, 265.1710, -118.1793, 111829
rtd, 62, -50, 109, 614, 0, 0, 0, 0, 0, 218.4291, 265.1710, -118.1793, 111829
rtd, 62, -50, 109, 564, 0, 0, 0, 0, 0, 218.5873, 265.0941, -128.0262, 111991
rtd, 62, -50, 109, 514, 0, 0, 0, 0, 0, 218.5873, 265.0941, -128.0262, 111991
rtd, 62, -50, 109, 464, 0, 0, 0, 0, 0, 218.5873, 265.0941, -128.0262, 111991
rtd, 62, -50, 109, 464, 774, 1247, 453, 100, -500, 218.5873, 265.0941, -128.0262, 111991
rtd, 62, -50, 109, 411, 0, 0, 0, 0, 0, 218.5873, 265.0941, -128.0262, 111991
rtd, 62, -50, 109, 362, 0, 0, 0, 0, 0, 218.6537, 265.0735, -141.7848, 112236
rtd, 62, -50, 109, 311, 0, 0, 0, 0, 0, 218.6537, 265.0735, -141.7848, 112236
rtd, 62, -50, 109, 260, 0, 0, 0, 0, 0, 218.6537, 265.0735, -141.7848, 112236
rtd, 62, -50, 109, 210, 0, 0, 0, 0, 0, 218.6537, 265.0735, -141.7848, 112236
rtd, 62, -50, 109, 160, 0, 0, 0, 0, 0, 218.6601, 265.1577, -152.7265, 112424
rtd, 62, -50, 109, 160, 1178, 1496, 286, 0, -1000, 218.6601, 265.1577, -152.7265, 112424
rtd, 62, -50, 109, 107, 0, 0, 0, 0, 0, 218.6601, 265.1577, -152.7265, 112424
rtd, 62, -50, 109, 58, 0, 0, 0, 0, 0, 218.6601, 265.1577, -152.7265, 112424
rtd, 62, -50, 109, 8, 0, 0, 0, 0, 0, 218.6601, 265.1577, -152.7265, 112424
rtd, 62, -50, 109, 6241, 0, 0, 0, 0, 0, 218.6336, 265.2426, -164.3171, 112626
rtd, 62, -50, 109, 6190, 0, 0, 0, 0, 0, 218.6336, 265.2426, -164.3171, 112626
rtd, 62, -50, 109, 6140, 0, 0, 0, 0, 0, 218.6336, 265.2426, -164.3171, 112626
rtd, 62, -50, 109, 6140, 1178, 1496, 286, 0, -1000, 218.6336, 265.2426, -164.3171, 112626
rtd, 62, -50, 109, 6088, 0, 0, 0, 0, 0, 218.6336, 265.2426, -164.3171, 112626
rtd, 62, -50, 109, 6037, 0, 0, 0, 0, 0, 218.6440, 265.2722, -175.9445, 112849
rtd, 62, -50, 109, 5987, 0, 0, 0, 0, 0, 218.6440, 265.2722, -175.9445, 112849
rtd, 62, -50, 109, 5935, 0, 0, 0, 0, 0, 218.6440, 265.2722, -175.9445, 112849
rtd, 62, -50, 109, 5885, 0, 0, 0, 0, 0, 218.6440, 265.2722, -175.9445, 112849
rtd, 62, -50, 109, 5835, 0, 0, 0, 0, 0, 218.6440, 265.2722, -175.9445, 112849
rtd, 62, -50, 109, 5835, 1571, 2042, 282, 0, -1000, 218.6440, 265.2722, -175.9445, 112849
rtd, 62, -50, 109, 5784, 0, 0, 0, 0, 0, 218.6440, 265.2722, -175.9445, 112849
rtd, 62, -50, 109, 5733, 0, 0, 0, 0, 0, 218.6440, 265.2722, -175.9445, 112849
rtd, 62, -50, 109, 5683, 0, 0, 0, 0, 0, 218.6440, 265.2722, -175.9445, 112849
rtd, 62, -48, 108, 5633, 0, 0, 0, 0, 0, 218.6440, 265.2722, -175.9445, 112849
rtd, 62, -45, 105, 5601, 0, 0, 0, 0, 0, 218.6440, 265.2722, -175.9445, 112849
rtd, 62, -39, 100, 5575, 0, 0, 0, 0, 0, 218.6440, 265.2722, -175.9445, 112849
rtd, 62, -39, 100, 5575, 1964, 2283, 201, 0, -1000, 218.6440, 265.2722, -175.9445, 112849
rtd, 62, -33, 95, 5577, 0, 0, 0, 0, 0, 218.6440, 265.2722, -175.9445, 112849
rtd, 62, -28, 90, 5574, 0, 0, 0, 0, 0, 218.7493, 265.2218, 172.2108, 113034
rtd, 62, -22, 85, 5571, 0, 0, 0, 0, 0, 218.7493, 265.2218, 172.2108, 113034
rtd, 62, -16, 80, 5572, 0, 0, 0, 0, 0, 218.7493, 265.2218, 172.2108, 113034
rtd, 62, -10, 75, 5575, 0, 0, 0, 0, 0, 218.7493, 265.2218, 172.2108, 113034
rtd, 62, -5, 70, 5578, 0, 0, 0, 0, 0, 229.8988, 278.5682, 141.2547, 113834
rtd, 62, -5, 70, 5578, 2368, 2797, 465, 0, -1000, 229.8988, 278.5682, 141.2547, 113834
rtd, 62, 0, 66, 5576, 0, 0, 0, 0, 0, 229.8988, 278.5682, 141.2547, 113834
rtd, 62, 6, 61, 5571, 0, 0, 0, 0, 0, 229.8988, 278.5682, 141.2547, 113834
rtd, 62, 12, 56, 5574, 0, 0, 0, 0, 0, 229.8988, 278.5682, 141.2547, 113834
rtd, 62, 17, 51, 5574, 0, 0, 0, 0, 0, 229.8988, 278.5682, 141.2547, 113834
rtd, 62, 23, 46, 5574, 0, 0, 0, 0, 0, 229.8988, 278.5682, 141.2547, 113834
rtd, 62, 29, 41, 5575, 0, 0, 0, 0, 0, 229.8988, 278.5682, 141.2547, 113834
rtd, 62, 29, 41, 5575, 2368, 3127, 395, 0, -1000, 229.8988, 278.5682, 141.2547, 113834
rtd, 62, 35, 36, 5574, 0, 0, 0, 0, 0, 229.8988, 278.5682, 141.2547, 113834
rtd, 62, 40, 31, 5572, 0, 0, 0, 0, 0, 236.7903, 287.1258, 141.7295, 114038
rtd, 62, 46, 26, 5574, 0, 0, 0, 0, 0, 236.7903, 287.1258, 141.7295, 114038
rtd, 62, 52, 21, 5575, 0, 0, 0, 0, 0, 236.7903, 287.1258, 141.7295, 114038
rtd, 62, 58, 16, 5574, 0, 0, 0, 0, 0, 236.7903, 287.1258, 141.7295, 114038
rtd, 62, 63, 11, 5574, 0, 0, 0, 0, 0, 243.9919, 295.8536, 141.0553, 114260
rtd, 62, 63, 11, 5574, 2368, -2410, 581, 0, -1000, 243.9919, 295.8536, 141.0553, 114260
rtd, 62, 69, 6, 5575, 0, 0, 0, 0, 0, 243.9919, 295.8536, 141.0553, 114260
rtd, 62, 75, 1, 5574, 0, 0, 0, 0, 0, 243.9919, 295.8536, 141.0553, 114260
rtd, 62, 80, -2, 5575, 0, 0, 0, 0, 0, 243.9919, 295.8536, 141.0553, 114260
rtd, 62, 86, -7, 5574, 0, 0, 0, 0, 0, 243.9919, 295.8536, 141.0553, 114260
rtd, 62, 92, -12, 5575, 0, 0, 0, 0, 0, 249.9326, 302.8154, 141.9779, 114420
rtd, 62, 98, -17, 5575, 0, 0, 0, 0, 0, 249.9326, 302.8154, 141.9779, 114420
rtd, 62, 98, -17, 5575, 2749, -2377, 702, 0, -1000, 249.9326, 302.8154, 141.9779, 114420
rtd, 62, 103, -22, 5574, 0, 0, 0, 0, 0, 249.9326, 302.8154, 141.9779, 114420
rtd, 62, 109, -27, 5572, 0, 0, 0, 0, 0, 257.0745, 311.9203, 142.0174, 114636
rtd, 62, 115, -32, 5576, 0, 0, 0, 0, 0, 257.0745, 311.9203, 142.0174, 114636
rtd, 62, 121, -37, 5575, 0, 0, 0, 0, 0, 257.0745, 311.9203, 142.0174, 114636
rtd, 62, 125, -41, 5582, 0, 0, 0, 0, 0, 257.0745, 311.9203, 142.0174, 114636
rtd, 62, 129, -44, 5607, 0, 0, 0, 0, 0, 263.6130, 319.9331, 142.1920, 114829
rtd, 62, 129, -44, 5607, 2749, -2368, 762, 0, -1000, 263.6130, 319.9331, 142.1920, 114829
rtd, 62, 130, -45, 5640, 0, 0, 0, 0, 0, 263.6130, 319.9331, 142.1920, 114829
rtd, 62, 130, -45, 5705, 0, 0, 0, 0, 0, 263.6130, 319.9331, 142.1920, 114829
rtd, 62, 129, -44, 5757, 0, 0, 0, 0, 0, 263.6130, 319.9331, 142.1920, 114829
rtd, 62, 129, -44, 5809, 0, 0, 0, 0, 0, 263.6130, 319.9331, 142.1920, 114829
rtd, 62, 129, -44, 5859, 0, 0, 0, 0, 0, 266.8391, 323.3337, 140.5738, 115022
rtd, 62, 129, -44, 5911, 0, 0, 0, 0, 0, 266.8391, 323.3337, 140.5738, 115022
rtd, 62, 129, -44, 5911, 2368, -1616, 605, 0, -1000, 266.8391, 323.3337, 140.5738, 115022
rtd, 62, 129, -44, 5964, 0, 0, 0, 0, 0, 266.8391, 323.3337, 140.5738, 115022
rtd, 62, 129, -44, 6015, 0, 0, 0, 0, 0, 266.8391, 323.3337, 140.5738, 115022
rtd, 62, 129, -44, 6066, 0, 0, 0, 0, 0, 266.5948, 323.0100, 146.0015, 115242
rtd, 62, 129, -44, 6116, 0, 0, 0, 0, 0, 266.5948, 323.0100, 146.0015, 115242
rtd, 62, 129, -44, 6166, 0, 0, 0, 0, 0, 266.5948, 323.0100, 146.0015, 115242
rtd, 62, 129, -44, 6219, 0, 0, 0, 0, 0, 266.5948, 323.0100, 146.0015, 115242
rtd, 62, 129, -44, 6219, 1964, -1581, 579, 150, 0, 266.5948, 323.0100, 146.0015, 115242
rtd, 62, 129, -44, 6268, 0, 0, 0, 0, 0, 266.6119, 322.9139, 158.0507, 115457
rtd, 62, 129, -44, 35, 0, 0, 0, 0, 0, 266.6119, 322.9139, 158.0507, 115457
rtd, 62, 129, -44, 84, 0, 0, 0, 0, 0, 266.6119, 322.9139, 158.0507, 115457
rtd, 62, 129, -44, 136, 0, 0, 0, 0, 0, 266.6119, 322.9139, 158.0507, 115457
rtd, 62, 129, -44, 186, 0, 0, 0, 0, 0, 266.5035, 322.9067, 167.9918, 115618
rtd, 62, 129, -44, 238, 0, 0, 0, 0, 0, 266.5035, 322.9067, 167.9918, 115618
rtd, 62, 129, -44, 238, 1964, -1581, 579, 150, 0, 266.5035, 322.9067, 167.9918, 115618
rtd, 62, 129, -44, 288, 0, 0, 0, 0, 0, 266.5035, 322.9067, 167.9918, 115618
rtd, 62, 129, -44, 340, 0, 0, 0, 0, 0, 266.5035, 322.9067, 167.9918, 115618
rtd, 62, 129, -44, 391, 0, 0, 0, 0, 0, 266.4077, 322.9261, -178.5353, 115849
rtd, 62, 129, -44, 440, 0, 0, 0, 0, 0, 266.4077, 322.9261, -178.5353, 115849
rtd, 62, 129, -44, 492, 0, 0, 0, 0, 0, 266.4077, 322.9261, -178.5353, 115849
rtd, 62, 129, -44, 543, 0, 0, 0, 0, 0, 266.4077, 322.9261, -178.5353, 115849
rtd, 62, 129, -44, 543, 1178, -1571, 441, 150, 0, 266.4077, 322.9261, -178.5353, 115849
rtd, 62, 129, -44, 593, 0, 0, 0, 0, 0, 266.2496, 322.9348, -166.7636, 116048
rtd, 62, 129, -44, 644, 0, 0, 0, 0, 0, 266.2496, 322.9348, -166.7636, 116048
rtd, 62, 129, -44, 693, 0, 0, 0, 0, 0, 266.2496, 322.9348, -166.7636, 116048
rtd, 62, 129, -44, 745, 0, 0, 0, 0, 0, 266.2496, 322.9348, -166.7636, 116048
rtd, 62, 129, -44, 795, 0, 0, 0, 0, 0, 266.1164, 322.9829, -154.5079, 116258
rtd, 62, 129, -44, 846, 0, 0, 0, 0, 0, 266.1164, 322.9829, -154.5079, 116258
rtd, 62, 129, -44, 846, 1178, -1571, 441, 150, 0, 266.1164, 322.9829, -154.5079, 116258
rtd, 62, 129, -44, 898, 0, 0, 0, 0, 0, 266.1164, 322.9829, -154.5079, 116258
rtd, 62, 129, -44, 946, 0, 0, 0, 0, 0, 266.1164, 322.9829, -154.5079, 116258
rtd, 62, 129, -44, 997, 0, 0, 0, 0, 0, 266.0846, 322.9963, -143.4236, 116453
rtd, 62, 129, -44, 1048, 0, 0, 0, 0, 0, 266.0846, 322.9963, -143.4236, 116453
rtd, 62, 129, -44, 1099, 0, 0, 0, 0, 0, 266.0846, 322.9963, -143.4236, 116453
rtd, 62, 129, -44, 1150, 0, 0, 0, 0, 0, 266.0846, 322.9963, -143.4236, 116453
rtd, 62, 129, -44, 1150, 393, -1571, 497, 150, 0, 266.0846, 322.9963, -143.4236, 116453
rtd, 62, 129, -44, 1200, 0, 0, 0, 0, 0, 266.1344, 323.0394, -130.5640, 116667
rtd, 62, 129, -44, 1251, 0, 0, 0, 0, 0, 266.1344, 323.0394, -130.5640, 116667
rtd, 62, 129, -44, 1300, 0, 0, 0, 0, 0, 266.1344, 323.0394, -130.5640, 116667
rtd, 62, 129, -44, 1352, 0, 0, 0, 0, 0, 266.1344, 323.0394, -130.5640, 116667
rtd, 62, 129, -44, 1401, 0, 0, 0, 0, 0, 266.0729, 323.0876, -120.8468, 116845
rtd, 62, 129, -44, 1452, 0, 0, 0, 0, 0, 266.0729, 323.0876, -120.8468, 116845
rtd, 62, 129, -44, 1452, 0, -2017, 741, 150, 0, 266.0729, 323.0876, -120.8468, 116845
rtd, 62, 129, -44, 1505, 0, 0, 0, 0, 0, 266.0729, 323.0876, -120.8468, 116845
rtd, 62, 129, -44, 1553, 0, 0, 0, 0, 0, 266.0729, 323.0876, -120.8468, 116845
rtd, 62, 129, -44, 1604, 0, 0, 0, 0, 0, 265.9820, 323.0810, -107.5139, 117070
rtd, 62, 129, -44, 1654, 0, 0, 0, 0, 0, 265.9820, 323.0810, -107.5139, 117070
rtd, 62, 129, -44, 1706, 0, 0, 0, 0, 0, 265.9820, 323.0810, -107.5139, 117070
rtd, 62, 129, -44, 1758, 0, 0, 0, 0, 0, 265.9820, 323.0810, -107.5139, 117070
rtd, 62, 129, -44, 1758, -393, -2279, 782, 150, 0, 265.9820, 323.0810, -107.5139, 117070
rtd, 62, 129, -44, 1809, 0, 0, 0, 0, 0, 265.9169, 323.0174, -95.9449, 117251
rtd, 62, 129, -44, 1858, 0, 0, 0, 0, 0, 265.9169, 323.0174, -95.9449, 117251
rtd, 62, 129, -44, 1909, 0, 0, 0, 0, 0, 265.9169, 323.0174, -95.9449, 117251
rtd, 62, 129, -44, 1960, 0, 0, 0, 0, 0, 265.9169, 323.0174, -95.9449, 117251
rtd, 62, 129, -44, 2011, 0, 0, 0, 0, 0, 265.8851, 322.9536, -84.3840, 117466
rtd, 62, 129, -44, 2061, 0, 0, 0, 0, 0, 265.8851, 322.9536, -84.3840, 117466
rtd, 62, 129, -44, 2061, -393, -2279, 782, 150, 0, 265.8851, 322.9536, -84.3840, 117466
rtd, 62, 129, -44, 2112, 0, 0, 0, 0, 0, 265.8851, 322.9536, -84.3840, 117466
rtd, 62, 129, -43, 2163, 0, 0, 0, 0, 0, 265.8851, 322.9536, -84.3840, 117466
rtd, 62, 126, -40, 2168, 0, 0, 0, 0, 0, 265.8634, 322.9837, -71.7349, 117659
rtd, 62, 124, -35, 2149, 0, 0, 0, 0, 0, 265.8634, 322.9837, -71.7349, 117659
rtd, 62, 121, -31, 2115, 0, 0, 0, 0, 0, 265.8634, 322.9837, -71.7349, 117659
rtd, 62, 118, -27, 2091, 0, 0, 0, 0, 0, 265.8634, 322.9837, -71.7349, 117659
rtd, 62, 118, -27, 2091, -774, -2361, 649, 150, 0, 265.8634, 322.9837, -71.7349, 117659
rtd, 62, 116, -22, 2070, 0, 0, 0, 0, 0, 265.6438, 322.2543, -60.5634, 117850
rtd, 62, 113, -18, 2046, 0, 0, 0, 0, 0, 265.6438, 322.2543, -60.5634, 117850
rtd, 62, 111, -13, 2015, 0, 0, 0, 0, 0, 265.6438, 322.2543, -60.5634, 117850
rtd, 62, 109, -9, 1994, 0, 0, 0, 0, 0, 265.6438, 322.2543, -60.5634, 117850
rtd, 62, 107, -4, 1973, 0, 0, 0, 0, 0, 264.0245, 317.8087, -61.9272, 118049
rtd, 62, 105, 0, 1947, 0, 0, 0, 0, 0, 264.0245, 317.8087, -61.9272, 118049
rtd, 62, 105, 0, 1947, -774, -2361, 649, 150, 0, 264.0245, 317.8087, -61.9272, 118049
rtd, 62, 103, 4, 1923, 0, 0, 0, 0, 0, 264.0245, 317.8087, -61.9272, 118049
rtd, 62, 102, 9, 1898, 0, 0, 0, 0, 0, 264.0245, 317.8087, -61.9272, 118049
rtd, 62, 100, 14, 1874, 0, 0, 0, 0, 0, 262.3520, 309.9411, -69.1667, 118262
rtd, 62, 99, 19, 1850, 0, 0, 0, 0, 0, 262.3520, 309.9411, -69.1667, 118262
rtd, 62, 97, 24, 1822, 0, 0, 0, 0, 0, 262.3520, 309.9411, -69.1667, 118262
rtd, 62, 96, 28, 1800, 0, 0, 0, 0, 0, 262.3520, 309.9411, -69.1667, 118262
rtd, 62, 96, 28, 1800, -774, -2368, 559, 150, 0, 262.3520, 309.9411, -69.1667, 118262
rtd, 62, 95, 33, 1777, 0, 0, 0, 0, 0, 261.7766, 303.1139, -74.8493, 118455
rtd, 62, 94, 38, 1748, 0, 0, 0, 0, 0, 261.7766, 303.1139, -74.8493, 118455
rtd, 62, 93, 43, 1724, 0, 0, 0, 0, 0, 261.7766, 303.1139, -74.8493, 118455
rtd, 62, 92, 48, 1703, 0, 0, 0, 0, 0, 261.7766, 303.1139, -74.8493, 118455
rtd, 62, 92, 53, 1679, 0, 0, 0, 0, 0, 261.6343, 295.4465, -82.6179, 118711
rtd, 62, 91, 58, 1652, 0, 0, 0, 0, 0, 261.6343, 295.4465, -82.6179, 118711
rtd, 62, 91, 58, 1652, -774, -2368, 559, 150, 0, 261.6343, 295.4465, -82.6179, 118711
rtd, 62, 91, 63, 1628, 0, 0, 0, 0, 0, 261.6343, 295.4465, -82.6179, 118711
rtd, 62, 91, 69, 1604, 0, 0, 0, 0, 0, 261.6343, 295.4465, -82.6179, 118711
rtd, 62, 91, 74, 1578, 0, 0, 0, 0, 0, 262.3711, 288.8222, -88.0584, 118841
rtd, 62, 91, 79, 1555, 0, 0, 0, 0, 0, 262.3711, 288.8222, -88.0584, 118841
rtd, 62, 91, 84, 1529, 0, 0, 0, 0, 0, 262.3711, 288.8222, -88.0584, 118841
rtd, 62, 91, 89, 1505, 0, 0, 0, 0, 0, 262.3711, 288.8222, -88.0584, 118841
rtd, 62, 91, 89, 1505, -774, -2368, 757, 150, 0, 262.3711, 288.8222, -88.0584, 118841
rtd, 62, 91, 94, 1482, 0, 0, 0, 0, 0, 263.9296, 282.5047, -93.8710, 119038
rtd, 62, 92, 99, 1456, 0, 0, 0, 0, 0, 263.9296, 282.5047, -93.8710, 119038
rtd, 62, 93, 104, 1432, 0, 0, 0, 0, 0, 263.9296, 282.5047, -93.8710, 119038
rtd, 62, 93, 109, 1410, 0, 0, 0, 0, 0, 263.9296, 282.5047, -93.8710, 119038
rtd, 62, 94, 113, 1417, 0, 0, 0, 0, 0, 266.3001, 275.5103, -100.5865, 119244
rtd, 62, 94, 115, 1428, 0, 0, 0, 0, 0, 266.3001, 275.5103, -100.5865, 119244
rtd, 62, 94, 115, 1428, -774, -2368, 757, 150, 0, 266.3001, 275.5103, -100.5865, 119244
rtd, 62, 94, 115, 1486, 0, 0, 0, 0, 0, 266.3001, 275.5103, -100.5865, 119244
rtd, 62, 94, 114, 1539, 0, 0, 0, 0, 0, 266.3001, 275.5103, -100.5865, 119244
rtd, 62, 94, 114, 1591, 0, 0, 0, 0, 0, 269.5776, 268.0364, -107.9547, 119461
rtd, 62, 94, 114, 1645, 0, 0, 0, 0, 0, 269.5776, 268.0364, -107.9547, 119461
rtd, 62, 94, 114, 1696, 0, 0, 0, 0, 0, 269.5776, 268.0364, -107.9547, 119461
rtd, 62, 94, 114, 1747, 0, 0, 0, 0, 0, 269.5776, 268.0364, -107.9547, 119461
rtd, 62, 94, 114, 1747, -774, -2652, 671, 150, 0, 269.5776, 268.0364, -107.9547, 119461
rtd, 62, 94, 114, 1798, 0, 0, 0, 0, 0, 268.8402, 268.2145, -107.8458, 119677
rtd, 62, 94, 114, 1847, 0, 0, 0, 0, 0, 268.8402, 268.2145, -107.8458, 119677
rtd, 62, 94, 114, 1899, 0, 0, 0, 0, 0, 268.8402, 268.2145, -107.8458, 119677
rtd, 62, 94, 114, 1950, 0, 0, 0, 0, 0, 268.8402, 268.2145, -107.8458, 119677
rtd, 62, 94, 114, 1999, 0, 0, 0, 0, 0, 268.8606, 268.4655, -98.6911, 119838
rtd, 62, 94, 114, 2051, 0, 0, 0, 0, 0, 268.8606, 268.4655, -98.6911, 119838
rtd, 62, 94, 114, 2051, -774, -2744, 1393, 150, 0, 268.8606, 268.4655, -98.6911, 119838
rtd, 62, 94, 114, 2103, 0, 0, 0, 0, 0, 268.8606, 268.4655, -98.6911, 119838
rtd, 62, 94, 114, 2154, 0, 0, 0, 0, 0, 268.8606, 268.4655, -98.6911, 119838
rtd, 62, 94, 114, 2204, 0, 0, 0, 0, 0, 268.8959, 268.4243, -85.9899, 120055
rtd, 62, 94, 114, 2256, 0, 0, 0, 0, 0, 268.8959, 268.4243, -85.9899, 120055
rtd, 62, 94, 114, 2306, 0, 0, 0, 0, 0, 268.8959, 268.4243, -85.9899, 120055
rtd, 62, 94, 114, 2358, 0, 0, 0, 0, 0, 268.8959, 268.4243, -85.9899, 120055
rtd, 62, 94, 114, 2358, -774, -2744, 1393, 150, 0, 268.8959, 268.4243, -85.9899, 120055
rtd, 62, 94, 114, 2407, 0, 0, 0, 0, 0, 268.9766, 268.6645, -72.6562, 120270
rtd, 62, 94, 114, 2460, 0, 0, 0, 0, 0, 268.9766, 268.6645, -72.6562, 120270
rtd, 62, 94, 114, 2510, 0, 0, 0, 0, 0, 268.9766, 268.6645, -72.6562, 120270
rtd, 62, 94, 114, 2561, 0, 0, 0, 0, 0, 268.9766, 268.6645, -72.6562, 120270
rtd, 62, 94, 114, 2613, 0, 0, 0, 0, 0, 269.0303, 268.7144, -61.4546, 120465
rtd, 62, 94, 114, 2662, 0, 0, 0, 0, 0, 269.0303, 268.7144, -61.4546, 120465
rtd, 62, 94, 114, 2662, -774, -2744, 1393, 150, 0, 269.0303, 268.7144, -61.4546, 120465
rtd, 62, 94, 114, 2712, 0, 0, 0, 0, 0, 269.0303, 268.7144, -61.4546, 120465
rtd, 62, 94, 114, 2766, 0, 0, 0, 0, 0, 269.0303, 268.7144, -61.4546, 120465
rtd, 62, 94, 114, 2815, 0, 0, 0, 0, 0, 269.0364, 268.8047, -49.9862, 120651
rtd, 62, 94, 114, 2868, 0, 0, 0, 0, 0, 269.0364, 268.8047, -49.9862, 120651
rtd, 62, 94, 114, 2917, 0, 0, 0, 0, 0, 269.0364, 268.8047, -49.9862, 120651
rtd, 62, 94, 114, 2969, 0, 0, 0, 0, 0, 269.0364, 268.8047, -49.9862, 120651
rtd, 62, 94, 114, 2969, -774, -2744, 1393, 150, 0, 269.0364, 268.8047, -49.9862, 120651
rtd, 62, 94, 114, 3019, 0, 0, 0, 0, 0, 269.1158, 268.7555, -38.4219, 120850
rtd, 62, 94, 114, 3071, 0, 0, 0, 0, 0, 269.1158, 268.7555, -38.4219, 120850
rtd, 62, 94, 114, 3123, 0, 0, 0, 0, 0, 269.1158, 268.7555, -38.4219, 120850
rtd, 62, 94, 114, 3172, 0, 0, 0, 0, 0, 269.1158, 268.7555, -38.4219, 120850
rtd, 62, 94, 114, 3224, 0, 0, 0, 0, 0, 269.1523, 268.8429, -26.1798, 121062
rtd, 62, 94, 114, 3273, 0, 0, 0, 0, 0, 269.1523, 268.8429, -26.1798, 121062
rtd, 62, 94, 114, 3325, 0, 0, 0, 0, 0, 269.1523, 268.8429, -26.1798, 121062
rtd, 62, 94, 114, 3375, 0, 0, 0, 0, 0, 269.1523, 268.8429, -26.1798, 121062
rtd, 62, 94, 114, 3427, 0, 0, 0, 0, 0, 269.1104, 268.8988, -15.1825, 121251
rtd, 62, 94, 114, 3478, 0, 0, 0, 0, 0, 269.1104, 268.8988, -15.1825, 121251
rtd, 62, 94, 114, 3528, 0, 0, 0, 0, 0, 269.1104, 268.8988, -15.1825, 121251
rtd, 62, 94, 114, 3580, 0, 0, 0, 0, 0, 269.1104, 268.8988, -15.1825, 121251
rtd, 62, 94, 114, 3629, 0, 0, 0, 0, 0, 269.0789, 268.8269, -1.4325, 121489
rtd, 62, 94, 114, 3682, 0, 0, 0, 0, 0, 269.0789, 268.8269, -1.4325, 121489
rtd, 62, 94, 114, 3733, 0, 0, 0, 0, 0, 269.0789, 268.8269, -1.4325, 121489
rtd, 62, 94, 114, 3782, 0, 0, 0, 0, 0, 269.0789, 268.8269, -1.4325, 121489
rtd, 62, 94, 114, 3834, 0, 0, 0, 0, 0, 269.0484, 268.8761, 7.7658, 121661
rtd, 62, 94, 114, 3885, 0, 0, 0, 0, 0, 269.0484, 268.8761, 7.7658, 121661
rtd, 62, 94, 114, 3934, 0, 0, 0, 0, 0, 269.0484, 268.8761, 7.7658, 121661
rtd, 62, 94, 114, 3987, 0, 0, 0, 0, 0, 269.0484, 268.8761, 7.7658, 121661
rtd, 62, 94, 114, 4037, 0, 0, 0, 0, 0, 269.2873, 268.9434, 19.9419, 121880
rtd, 62, 94, 114, 4088, 0, 0, 0, 0, 0, 269.2873, 268.9434, 19.9419, 121880
rtd, 62, 94, 114, 4139, 0, 0, 0, 0, 0, 269.2873, 268.9434, 19.9419, 121880
rtd, 62, 94, 114, 4190, 0, 0, 0, 0, 0, 269.2873, 268.9434, 19.9419, 121880
rtd, 62, 94, 114, 4241, 0, 0, 0, 0, 0, 269.3358, 268.9625, 30.7286, 122055
rtd, 62, 94, 114, 4291, 0, 0, 0, 0, 0, 269.3358, 268.9625, 30.7286, 122055
rtd, 62, 94, 114, 4342, 0, 0, 0, 0, 0, 269.3358, 268.9625, 30.7286, 122055
rtd, 62, 94, 114, 4394, 0, 0, 0, 0, 0, 269.3358, 268.9625, 30.7286, 122055
rtd, 62, 94, 114, 4442, 0, 0, 0, 0, 0, 269.3744, 268.7867, 42.1018, 122255
rtd, 62, 94, 114, 4496, 0, 0, 0, 0, 0, 269.3744, 268.7867, 42.1018, 122255
rtd, 62, 94, 114, 4545, 0, 0, 0, 0, 0, 269.3744, 268.7867, 42.1018, 122255
rtd, 62, 94, 114, 4598, 0, 0, 0, 0, 0, 269.3744, 268.7867, 42.1018, 122255
rtd, 62, 94, 112, 4644, 0, 0, 0, 0, 0, 269.4327, 268.6416, 55.4376, 122493
rtd, 62, 94, 107, 4683, 0, 0, 0, 0, 0, 269.4327, 268.6416, 55.4376, 122493
rtd, 62, 94, 100, 4709, 0, 0, 0, 0, 0, 269.4327, 268.6416, 55.4376, 122493
rtd, 62, 94, 93, 4711, 0, 0, 0, 0, 0, 269.4327, 268.6416, 55.4376, 122493
rtd, 62, 94, 85, 4712, 0, 0, 0, 0, 0, 269.4197, 268.6102, 66.3795, 122681
rtd, 62, 94, 78, 4711, 0, 0, 0, 0, 0, 269.4197, 268.6102, 66.3795, 122681
rtd, 62, 94, 70, 4710, 0, 0, 0, 0, 0, 269.4197, 268.6102, 66.3795, 122681
rtd, 62, 94, 62, 4710, 0, 0, 0, 0, 0, 269.4197, 268.6102, 66.3795, 122681
rtd, 62, 94, 55, 4710, 0, 0, 0, 0, 0, 266.6799, 274.3358, 80.2464, 122892
rtd, 62, 94, 47, 4710, 0, 0, 0, 0, 0, 266.6799, 274.3358, 80.2464, 122892
rtd, 62, 94, 40, 4711, 0, 0, 0, 0, 0, 266.6799, 274.3358, 80.2464, 122892
rtd, 62, 94, 32, 4708, 0, 0, 0, 0, 0, 266.6799, 274.3358, 80.2464, 122892
rtd, 62, 94, 25, 4709, 0, 0, 0, 0, 0, 266.6799, 274.3358, 80.2464, 122892
rtd, 62, 94, 17, 4711, 0, 0, 0, 0, 0, 262.8983, 283.7281, 79.6058, 123050
rtd, 62, 94, 9, 4711, 0, 0, 0, 0, 0, 262.8983, 283.7281, 79.6058, 123050
rtd, 62, 93, 2, 4709, 0, 0, 0, 0, 0, 262.8983, 283.7281, 79.6058, 123050
rtd, 62, 93, -5, 4708, 0, 0, 0, 0, 0, 258.5162, 294.2454, 79.1235, 123294
rtd, 62, 93, -12, 4709, 0, 0, 0, 0, 0, 258.5162, 294.2454, 79.1235, 123294
rtd, 62, 93, -20, 4707, 0, 0, 0, 0, 0, 258.5162, 294.2454, 79.1235, 123294
rtd, 62, 93, -28, 4707, 0, 0, 0, 0, 0, 258.5162, 294.2454, 79.1235, 123294
rtd, 62, 93, -35, 4710, 0, 0, 0, 0, 0, 254.5394, 304.3844, 78.7294, 123480
rtd, 62, 93, -43, 4708, 0, 0, 0, 0, 0, 254.5394, 304.3844, 78.7294, 123480
rtd, 62, 93, -50, 4708, 0, 0, 0, 0, 0, 254.5394, 304.3844, 78.7294, 123480
rtd, 62, 93, -58, 4711, 0, 0, 0, 0, 0, 254.5394, 304.3844, 78.7294, 123480
rtd, 62, 93, -65, 4709, 0, 0, 0, 0, 0, 251.1783, 312.9297, 79.0348, 123657
rtd, 62, 93, -73, 4709, 0, 0, 0, 0, 0, 251.1783, 312.9297, 79.0348, 123657
rtd, 62, 93, -81, 4711, 0, 0, 0, 0, 0, 251.1783, 312.9297, 79.0348, 123657
rtd, 62, 93, -88, 4710, 0, 0, 0, 0, 0, 251.1783, 312.9297, 79.0348, 123657
rtd, 62, 93, -95, 4707, 0, 0, 0, 0, 0, 251.1783, 312.9297, 79.0348, 123657
rtd, 62, 93, -102, 4699, 0, 0, 0, 0, 0, 246.2513, 324.7674, 78.5309, 123897
rtd, 62, 93, -107, 4669, 0, 0, 0, 0, 0, 246.2513, 324.7674, 78.5309, 123897
rtd, 62, 93, -109, 4638, 0, 0, 0, 0, 0, 246.2513, 324.7674, 78.5309, 123897
rtd, 62, 93, -107, 4575, 0, 0, 0, 0, 0, 242.2375, 334.2707, 78.4446, 124084
rtd, 62, 93, -107, 4523, 0, 0, 0, 0, 0, 242.2375, 334.2707, 78.4446, 124084
rtd, 62, 93, -107, 4473, 0, 0, 0, 0, 0, 242.2375, 334.2707, 78.4446, 124084
rtd, 62, 93, -107, 4422, 0, 0, 0, 0, 0, 242.2375, 334.2707, 78.4446, 124084
rtd, 62, 93, -107, 4370, 0, 0, 0, 0, 0, 239.6397, 336.7650, 85.9940, 124270
rtd, 62, 93, -107, 4320, 0, 0, 0, 0, 0, 239.6397, 336.7650, 85.9940, 124270
rtd, 62, 93, -107, 4270, 0, 0, 0, 0, 0, 239.6397, 336.7650, 85.9940, 124270
rtd, 62, 93, -107, 4216, 0, 0, 0, 0, 0, 239.6397, 336.7650, 85.9940, 124270
rtd, 62, 93, -107, 4166, 0, 0, 0, 0, 0, 239.6171, 336.3112, 77.9064, 124464
rtd, 62, 93, -107, 4115, 0, 0, 0, 0, 0, 239.6171, 336.3112, 77.9064, 124464
rtd, 62, 93, -107, 4064, 0, 0, 0, 0, 0, 239.6171, 336.3112, 77.9064, 124464
rtd, 62, 93, -107, 4013, 0, 0, 0, 0, 0, 239.6171, 336.3112, 77.9064, 124464
rtd, 62, 93, -107, 3961, 0, 0, 0, 0, 0, 239.5663, 336.1547, 65.7085, 124681
rtd, 62, 93, -107, 3909, 0, 0, 0, 0, 0, 239.5663, 336.1547, 65.7085, 124681
rtd, 62, 93, -107, 3859, 0, 0, 0, 0, 0, 239.5663, 336.1547, 65.7085, 124681
rtd, 62, 93, -107, 3809, 0, 0, 0, 0, 0, 239.5663, 336.1547, 65.7085, 124681
rtd, 62, 93, -107, 3757, 0, 0, 0, 0, 0, 239.4654, 336.1946, 52.4851, 124909
rtd, 62, 93, -107, 3711, 0, 0, 0, 0, 0, 239.4654, 336.1946, 52.4851, 124909
rtd, 62, 93, -107, 3659, 0, 0, 0, 0, 0, 239.4654, 336.1946, 52.4851, 124909
rtd, 62, 93, -107, 3611, 0, 0, 0, 0, 0, 239.4654, 336.1946, 52.4851, 124909
rtd, 62, 93, -107, 3559, 0, 0, 0, 0, 0, 239.4719, 336.1980, 41.5000, 125090
rtd, 62, 93, -107, 3506, 0, 0, 0, 0, 0, 239.4719, 336.1980, 41.5000, 125090
rtd, 62, 93, -107, 3453, 0, 0, 0, 0, 0, 239.4719, 336.1980, 41.5000, 125090
rtd, 62, 93, -107, 3403, 0, 0, 0, 0, 0, 239.4719, 336.1980, 41.5000, 125090
rtd, 62, 93, -107, 3351, 0, 0, 0, 0, 0, 239.4802, 336.1315, 30.4878, 125297
rtd, 62, 93, -107, 3300, 0, 0, 0, 0, 0, 239.4802, 336.1315, 30.4878, 125297
rtd, 62, 93, -107, 3249, 0, 0, 0, 0, 0, 239.4802, 336.1315, 30.4878, 125297
rtd, 62, 93, -107, 3199, 0, 0, 0, 0, 0, 239.4802, 336.1315, 30.4878, 125297
rtd, 62, 93, -107, 3149, 0, 0, 0, 0, 0, 239.5437, 336.0688, 18.3757, 125488
rtd, 62, 93, -107, 3097, 0, 0, 0, 0, 0, 239.5437, 336.0688, 18.3757, 125488
rtd, 62, 93, -107, 3046, 0, 0, 0, 0, 0, 239.5437, 336.0688, 18.3757, 125488
rtd, 62, 93, -107, 2998, 0, 0, 0, 0, 0, 239.5437, 336.0688, 18.3757, 125488
rtd, 62, 93, -107, 2950, 0, 0, 0, 0, 0, 239.5437, 336.0688, 18.3757, 125488
rtd, 62, 93, -107, 2899, 0, 0, 0, 0, 0, 239.5469, 336.0400, 7.0113, 125701
rtd, 62, 93, -107, 2846, 0, 0, 0, 0, 0, 239.5469, 336.0400, 7.0113, 125701
rtd, 62, 93, -107, 2792, 0, 0, 0, 0, 0, 239.5469, 336.0400, 7.0113, 125701
rtd, 62, 93, -107, 2740, 0, 0, 0, 0, 0, 239.1708, 335.9723, -4.2465, 125890
rtd, 62, 93, -107, 2688, 0, 0, 0, 0, 0, 239.1708, 335.9723, -4.2465, 125890
rtd, 62, 93, -107, 2638, 0, 0, 0, 0, 0, 239.1708, 335.9723, -4.2465, 125890
rtd, 62, 93, -107, 2588, 0, 0, 0, 0, 0, 239.1708, 335.9723, -4.2465, 125890
rtd, 62, 93, -107, 2536, 0, 0, 0, 0, 0, 239.1708, 335.9723, -4.2465, 125890
rtd, 62, 93, -107, 2485, 0, 0, 0, 0, 0, 235.2230, 334.0356, -15.5880, 126101
rtd, 62, 93, -107, 2436, 0, 0, 0, 0, 0, 235.2230, 334.0356, -15.5880, 126101
rtd, 62, 93, -107, 2383, 0, 0, 0, 0, 0, 235.2230, 334.0356, -15.5880, 126101
rtd, 62, 93, -107, 2331, 0, 0, 0, 0, 0, 239.5227, 336.2260, -25.2086, 126290
rtd, 62, 93, -107, 2284, 0, 0, 0, 0, 0, 239.5227, 336.2260, -25.2086, 126290
rtd, 62, 93, -107, 2229, 0, 0, 0, 0, 0, 239.5227, 336.2260, -25.2086, 126290
rtd, 62, 93, -107, 2180, 0, 0, 0, 0, 0, 239.5227, 336.2260, -25.2086, 126290
rtd, 62, 93, -107, 2129, 0, 0, 0, 0, 0, 239.5227, 336.2260, -25.2086, 126290
rtd, 62, 93, -107, 2080, 0, 0, 0, 0, 0, 238.7224, 335.8372, -37.7203, 126485
rtd, 62, 93, -107, 2028, 0, 0, 0, 0, 0, 238.7224, 335.8372, -37.7203, 126485
rtd, 62, 93, -107, 1976, 0, 0, 0, 0, 0, 238.7224, 335.8372, -37.7203, 126485
rtd, 62, 93, -107, 1925, 0, 0, 0, 0, 0, 238.8267, 335.9213, -47.9633, 126675
rtd, 62, 93, -106, 1876, 0, 0, 0, 0, 0, 238.8267, 335.9213, -47.9633, 126675
rtd, 62, 91, -102, 1868, 0, 0, 0, 0, 0, 238.8267, 335.9213, -47.9633, 126675
rtd, 62, 90, -98, 1885, 0, 0, 0, 0, 0, 238.8267, 335.9213, -47.9633, 126675
rtd, 62, 88, -93, 1914, 0, 0, 0, 0, 0, 238.8267, 335.9213, -47.9633, 126675
rtd, 62, 86, -88, 1940, 0, 0, 0, 0, 0, 238.8031, 335.9072, -60.2689, 126912
rtd, 62, 85, -83, 1963, 0, 0, 0, 0, 0, 238.8031, 335.9072, -60.2689, 126912
rtd, 62, 83, -79, 1986, 0, 0, 0, 0, 0, 238.8031, 335.9072, -60.2689, 126912
rtd, 62, 81, -74, 2012, 0, 0, 0, 0, 0, 238.3261, 333.1931, -68.2398, 127069
rtd, 62, 78, -70, 2036, 0, 0, 0, 0, 0, 238.3261, 333.1931, -68.2398, 127069
rtd, 62, 76, -65, 2060, 0, 0, 0, 0, 0, 238.3261, 333.1931, -68.2398, 127069
rtd, 62, 74, -61, 2086, 0, 0, 0, 0, 0, 238.3261, 333.1931, -68.2398, 127069
rtd, 62, 71, -56, 2108, 0, 0, 0, 0, 0, 238.3261, 333.1931, -68.2398, 127069
rtd, 62, 68, -52, 2133, 0, 0, 0, 0, 0, 236.7039, 325.6099, -61.0710, 127292
rtd, 62, 66, -48, 2158, 0, 0, 0, 0, 0, 236.7039, 325.6099, -61.0710, 127292
rtd, 62, 63, -44, 2182, 0, 0, 0, 0, 0, 236.7039, 325.6099, -61.0710, 127292
rtd, 62, 60, -39, 2207, 0, 0, 0, 0, 0, 234.5890, 318.7343, -55.7673, 127495
rtd, 62, 57, -35, 2231, 0, 0, 0, 0, 0, 234.5890, 318.7343, -55.7673, 127495
rtd, 62, 54, -31, 2255, 0, 0, 0, 0, 0, 234.5890, 318.7343, -55.7673, 127495
rtd, 62, 51, -28, 2280, 0, 0, 0, 0, 0, 234.5890, 318.7343, -55.7673, 127495
rtd, 62, 47, -24, 2303, 0, 0, 0, 0, 0, 234.5890, 318.7343, -55.7673, 127495
rtd, 62, 44, -20, 2328, 0, 0, 0, 0, 0, 234.0316, 317.5101, -54.9627, 127546
rtd, 62, 40, -16, 2353, 0, 0, 0, 0, 0, 234.0316, 317.5101, -54.9627, 127546
