Neighbor, 564.5193, 206.8829, -178.7332, 72549
Neighbor, 564.5193, 206.8829, -178.7332, 72549
Neighbor, 564.5193, 206.8829, -178.7332, 72549
Neighbor, 632.1851, 214.6342, -132.7065, 74955
Neighbor, 632.1851, 214.6342, -132.7065, 74955
Neighbor, 632.2674, 214.6186, -121.7556, 75156
Neighbor, 632.2674, 214.6186, -121.7556, 75156
Neighbor, 632.2674, 214.6186, -121.7556, 75156
Neighbor, 632.2674, 214.6186, -121.7556, 75156
Neighbor, 632.2984, 214.4893, -109.2457, 75339
Neighbor, 632.2984, 214.4893, -109.2457, 75339
Neighbor, 632.2984, 214.4893, -109.2457, 75339
Neighbor, 632.2984, 214.4893, -109.2457, 75339
Neighbor, 632.3293, 214.4090, -97.7141, 75526
Neighbor, 632.3293, 214.4090, -97.7141, 75526
Neighbor, 632.3293, 214.4090, -97.7141, 75526
Neighbor, 632.3293, 214.4090, -97.7141, 75526
Neighbor, 632.2945, 214.0706, -83.8280, 75772
Neighbor, 632.2945, 214.0706, -83.8280, 75772
Neighbor, 632.2945, 214.0706, -83.8280, 75772
Neighbor, 632.2870, 213.9950, -71.3765, 75978
Neighbor, 632.2870, 213.9950, -71.3765, 75978
Neighbor, 632.2870, 213.9950, -71.3765, 75978
Neighbor, 632.2870, 213.9950, -71.3765, 75978
Neighbor, 632.1919, 213.9062, -60.7078, 76162
Neighbor, 632.1919, 213.9062, -60.7078, 76162
Neighbor, 632.1919, 213.9062, -60.7078, 76162
Neighbor, 632.1919, 213.9062, -60.7078, 76162
Neighbor, 632.2192, 213.9408, -52.5445, 76319
Neighbor, 632.2192, 213.9408, -52.5445, 76319
Neighbor, 632.1660, 213.9709, -39.7823, 76549
Neighbor, 632.1660, 213.9709, -39.7823, 76549
Neighbor, 632.1660, 213.9709, -39.7823, 76549
Neighbor, 632.2250, 214.0607, -26.4538, 76768
Neighbor, 632.2250, 214.0607, -26.4538, 76768
Neighbor, 632.2250, 214.0607, -26.4538, 76768
Neighbor, 629.3978, 212.6202, -20.3405, 76982
Neighbor, 629.3978, 212.6202, -20.3405, 76982
Neighbor, 629.3978, 212.6202, -20.3405, 76982
Neighbor, 629.3978, 212.6202, -20.3405, 76982
Neighbor, 629.3978, 212.6202, -20.3405, 76982
Neighbor, 624.3483, 209.7525, -24.8042, 77141
Neighbor, 624.3483, 209.7525, -24.8042, 77141
Neighbor, 624.3483, 209.7525, -24.8042, 77141
Neighbor, 624.3483, 209.7525, -24.8042, 77141
Neighbor, 617.7666, 205.0465, -31.6032, 77388
Neighbor, 617.7666, 205.0465, -31.6032, 77388
Neighbor, 617.7666, 205.0465, -31.6032, 77388
Neighbor, 617.7666, 205.0465, -31.6032, 77388
Neighbor, 612.9931, 200.7947, -36.5870, 77581
Neighbor, 612.9931, 200.7947, -36.5870, 77581
Neighbor, 612.9931, 200.7947, -36.5870, 77581
Neighbor, 612.9931, 200.7947, -36.5870, 77581
Neighbor, 608.0873, 195.6996, -42.4519, 77780
Neighbor, 608.0873, 195.6996, -42.4519, 77780
Neighbor, 608.0873, 195.6996, -42.4519, 77780
Neighbor, 608.0873, 195.6996, -42.4519, 77780
Neighbor, 604.2374, 190.7580, -47.4512, 77967
Neighbor, 604.2374, 190.7580, -47.4512, 77967
Neighbor, 604.2374, 190.7580, -47.4512, 77967
Neighbor, 604.2374, 190.7580, -47.4512, 77967
Neighbor, 601.0912, 185.9829, -52.0443, 78142
Neighbor, 601.0912, 185.9829, -52.0443, 78142
Neighbor, 601.0912, 185.9829, -52.0443, 78142
Neighbor, 601.0912, 185.9829, -52.0443, 78142
Neighbor, 591.5399, 139.7375, -91.0800, 79573
Neighbor, 592.8665, 133.0358, -96.4531, 79773
Neighbor, 592.8665, 133.0358, -96.4531, 79773
Neighbor, 592.8665, 133.0358, -96.4531, 79773
Neighbor, 592.8665, 133.0358, -96.4531, 79773
Neighbor, 594.7693, 126.5084, -102.6669, 79990
Neighbor, 594.7693, 126.5084, -102.6669, 79990
Neighbor, 594.7693, 126.5084, -102.6669, 79990
Neighbor, 594.7693, 126.5084, -102.6669, 79990
Neighbor, 597.3350, 120.3671, -109.1868, 80180
Neighbor, 597.3350, 120.3671, -109.1868, 80180
Neighbor, 597.3350, 120.3671, -109.1868, 80180
Neighbor, 600.2919, 114.4220, -115.1720, 80399
Neighbor, 600.2919, 114.4220, -115.1720, 80399
Neighbor, 600.2919, 114.4220, -115.1720, 80399
Neighbor, 603.0368, 109.6059, -121.4786, 80598
Neighbor, 603.0368, 109.6059, -121.4786, 80598
Neighbor, 603.0368, 109.6059, -121.4786, 80598
Neighbor, 603.0368, 109.6059, -121.4786, 80598
Neighbor, 603.3498, 108.7568, -121.6216, 80765
Neighbor, 603.3498, 108.7568, -121.6216, 80765
Neighbor, 603.3498, 108.7568, -121.6216, 80765
Neighbor, 603.3498, 108.7568, -121.6216, 80765
Neighbor, 603.2389, 109.0364, -107.5150, 80983
Neighbor, 603.2389, 109.0364, -107.5150, 80983
Neighbor, 603.2389, 109.0364, -107.5150, 80983
Neighbor, 603.2389, 109.0364, -107.5150, 80983
Neighbor, 603.2798, 109.0133, -95.7715, 81172
Neighbor, 603.2798, 109.0133, -95.7715, 81172
Neighbor, 603.2798, 109.0133, -95.7715, 81172
Neighbor, 603.2798, 109.0133, -95.7715, 81172
Neighbor, 603.2329, 109.0291, -84.4261, 81350
Neighbor, 603.2329, 109.0291, -84.4261, 81350
Neighbor, 603.2539, 108.8967, -73.9487, 81550
Neighbor, 603.2539, 108.8967, -73.9487, 81550
Neighbor, 603.2539, 108.8967, -73.9487, 81550
Neighbor, 603.2539, 108.8967, -73.9487, 81550
Neighbor, 603.2539, 108.8967, -73.9487, 81550
Neighbor, 603.2094, 108.6916, -58.9699, 81797
Neighbor, 603.2094, 108.6916, -58.9699, 81797
Neighbor, 603.1722, 108.6918, -49.1833, 81974
Neighbor, 564.3901, 141.1531, 46.5666, 84580
Neighbor, 564.3901, 141.1531, 46.5666, 84580
Neighbor, 564.3901, 141.1531, 46.5666, 84580
Neighbor, 564.3901, 141.1531, 46.5666, 84580
Neighbor, 564.3901, 141.1531, 46.5666, 84580
Neighbor, 555.9548, 148.2860, 46.5659, 84804
Neighbor, 555.9548, 148.2860, 46.5659, 84804
Neighbor, 555.9548, 148.2860, 46.5659, 84804
Neighbor, 548.8432, 154.0870, 47.2199, 84997
Neighbor, 548.8432, 154.0870, 47.2199, 84997
Neighbor, 548.8432, 154.0870, 47.2199, 84997
Neighbor, 548.8432, 154.0870, 47.2199, 84997
Neighbor, 548.8432, 154.0870, 47.2199, 84997
Neighbor, 539.9520, 161.4756, 46.3269, 85219
Neighbor, 539.9520, 161.4756, 46.3269, 85219
Neighbor, 539.9520, 161.4756, 46.3269, 85219
Neighbor, 539.9520, 161.4756, 46.3269, 85219
Neighbor, 532.9503, 167.5213, 46.2599, 85426
Neighbor, 532.9503, 167.5213, 46.2599, 85426
Neighbor, 532.9503, 167.5213, 46.2599, 85426
Neighbor, 532.9503, 167.5213, 46.2599, 85426
Neighbor, 524.9231, 174.0548, 46.7967, 85616
Neighbor, 524.9231, 174.0548, 46.7967, 85616
Neighbor, 524.9231, 174.0548, 46.7967, 85616
Neighbor, 524.9231, 174.0548, 46.7967, 85616
Neighbor, 516.3269, 181.0859, 46.7055, 85837
Neighbor, 516.3269, 181.0859, 46.7055, 85837
Neighbor, 516.3269, 181.0859, 46.7055, 85837
Neighbor, 516.3269, 181.0859, 46.7055, 85837
Neighbor, 509.2288, 187.1107, 46.4787, 86028
Neighbor, 509.2288, 187.1107, 46.4787, 86028
Neighbor, 509.2288, 187.1107, 46.4787, 86028
Neighbor, 501.6542, 193.2261, 46.2984, 86220
Neighbor, 501.6542, 193.2261, 46.2984, 86220
Neighbor, 501.6542, 193.2261, 46.2984, 86220
Neighbor, 501.6542, 193.2261, 46.2984, 86220
Neighbor, 501.6542, 193.2261, 46.2984, 86220
Neighbor, 494.9973, 198.4641, 46.3486, 86385
Neighbor, 494.9973, 198.4641, 46.3486, 86385
Neighbor, 494.9973, 198.4641, 46.3486, 86385
Neighbor, 494.9973, 198.4641, 46.3486, 86385
Neighbor, 485.4455, 206.3133, 46.1417, 86629
Neighbor, 485.4455, 206.3133, 46.1417, 86629
Neighbor, 485.4455, 206.3133, 46.1417, 86629
Neighbor, 478.7251, 211.8656, 46.1734, 86805
Neighbor, 478.7251, 211.8656, 46.1734, 86805
Neighbor, 478.7251, 211.8656, 46.1734, 86805
Neighbor, 478.7251, 211.8656, 46.1734, 86805
Neighbor, 470.4029, 218.6845, 46.1413, 86998
Neighbor, 470.4029, 218.6845, 46.1413, 86998
Neighbor, 470.4029, 218.6845, 46.1413, 86998
Neighbor, 470.4029, 218.6845, 46.1413, 86998
Neighbor, 461.2723, 226.0790, 45.7526, 87239
Neighbor, 461.2723, 226.0790, 45.7526, 87239
Neighbor, 461.2723, 226.0790, 45.7526, 87239
Neighbor, 461.2723, 226.0790, 45.7526, 87239
Neighbor, 454.1160, 232.0397, 46.1499, 87414
Neighbor, 454.1160, 232.0397, 46.1499, 87414
Neighbor, 454.1160, 232.0397, 46.1499, 87414
Neighbor, 445.8433, 238.7119, 45.8944, 87633
Neighbor, 445.8433, 238.7119, 45.8944, 87633
Neighbor, 445.8433, 238.7119, 45.8944, 87633
Neighbor, 445.8433, 238.7119, 45.8944, 87633
Neighbor, 445.8433, 238.7119, 45.8944, 87633
Neighbor, 438.9755, 244.0708, 46.0771, 87797
Neighbor, 438.9755, 244.0708, 46.0771, 87797
Neighbor, 438.9755, 244.0708, 46.0771, 87797
Neighbor, 429.8961, 251.5810, 45.6567, 88015
Neighbor, 429.8961, 251.5810, 45.6567, 88015
Neighbor, 420.4452, 259.0191, 45.8601, 88237
Neighbor, 420.4452, 259.0191, 45.8601, 88237
Neighbor, 420.4452, 259.0191, 45.8601, 88237
Neighbor, 413.5117, 264.5126, 45.6977, 88422
Neighbor, 413.5117, 264.5126, 45.6977, 88422
Neighbor, 413.5117, 264.5126, 45.6977, 88422
Neighbor, 413.5117, 264.5126, 45.6977, 88422
Neighbor, 406.0064, 270.5770, 45.2829, 88605
Neighbor, 406.0064, 270.5770, 45.2829, 88605
Neighbor, 406.0064, 270.5770, 45.2829, 88605
Neighbor, 398.4430, 276.8674, 45.0725, 88793
Neighbor, 398.4430, 276.8674, 45.0725, 88793
Neighbor, 398.4430, 276.8674, 45.0725, 88793
Neighbor, 390.0448, 283.5613, 45.4852, 88993
Neighbor, 390.0448, 283.5613, 45.4852, 88993
Neighbor, 390.0448, 283.5613, 45.4852, 88993
Neighbor, 380.7106, 290.9541, 45.3439, 89219
Neighbor, 380.7106, 290.9541, 45.3439, 89219
Neighbor, 380.7106, 290.9541, 45.3439, 89219
Neighbor, 380.7106, 290.9541, 45.3439, 89219
Neighbor, 381.2749, 291.4430, 43.9753, 89404
Neighbor, 381.2749, 291.4430, 43.9753, 89404
Neighbor, 381.2749, 291.4430, 43.9753, 89404
Neighbor, 381.2749, 291.4430, 43.9753, 89404
Neighbor, 381.5159, 291.1821, 53.8491, 89614
Neighbor, 381.5159, 291.1821, 53.8491, 89614
Neighbor, 381.5159, 291.1821, 53.8491, 89614
Neighbor, 381.4433, 291.3315, 66.4049, 89797
Neighbor, 381.4433, 291.3315, 66.4049, 89797
Neighbor, 381.4433, 291.3315, 66.4049, 89797
Neighbor, 381.4670, 291.2912, 78.9836, 90004
Neighbor, 381.4670, 291.2912, 78.9836, 90004
Neighbor, 381.4670, 291.2912, 78.9836, 90004
Neighbor, 381.4670, 291.2912, 78.9836, 90004
Neighbor, 381.5689, 291.3343, 89.9284, 90193
Neighbor, 381.5689, 291.3343, 89.9284, 90193
Neighbor, 381.5689, 291.3343, 89.9284, 90193
Neighbor, 381.6305, 291.2884, 103.9748, 90421
Neighbor, 381.6305, 291.2884, 103.9748, 90421
Neighbor, 381.6305, 291.2884, 103.9748, 90421
Neighbor, 381.6305, 291.2884, 103.9748, 90421
Neighbor, 381.6630, 291.2434, 114.0426, 90598
Neighbor, 381.6630, 291.2434, 114.0426, 90598
Neighbor, 381.6630, 291.2434, 114.0426, 90598
Neighbor, 381.6630, 291.2434, 114.0426, 90598
Neighbor, 381.7116, 291.4014, 128.2664, 90840
Neighbor, 381.7116, 291.4014, 128.2664, 90840
Neighbor, 381.7116, 291.4014, 128.2664, 90840
Neighbor, 381.7462, 291.4221, 135.7505, 90973
Neighbor, 381.7462, 291.4221, 135.7505, 90973
Neighbor, 381.7462, 291.4221, 135.7505, 90973
Neighbor, 381.7462, 291.4221, 135.7505, 90973
Neighbor, 381.6364, 291.2268, 150.9320, 91227
Neighbor, 381.6364, 291.2268, 150.9320, 91227
Neighbor, 381.6364, 291.2268, 150.9320, 91227
Neighbor, 381.6364, 291.2268, 150.9320, 91227
Neighbor, 381.7131, 291.3448, 160.0939, 91408
Neighbor, 381.7131, 291.3448, 160.0939, 91408
Neighbor, 381.7131, 291.3448, 160.0939, 91408
Neighbor, 381.7131, 291.3448, 160.0939, 91408
Neighbor, 381.5197, 291.3225, 173.0183, 91599
Neighbor, 381.5197, 291.3225, 173.0183, 91599
Neighbor, 381.5197, 291.3225, 173.0183, 91599
Neighbor, 381.5197, 291.3225, 173.0183, 91599
Neighbor, 381.5054, 291.2233, -173.4895, 91829
Neighbor, 381.5054, 291.2233, -173.4895, 91829
Neighbor, 381.5054, 291.2233, -173.4895, 91829
Neighbor, 381.5054, 291.2233, -173.4895, 91829
Neighbor, 381.4997, 291.2874, -163.7513, 92005
Neighbor, 381.4997, 291.2874, -163.7513, 92005
Neighbor, 381.4997, 291.2874, -163.7513, 92005
Neighbor, 382.6378, 290.9851, -151.9899, 92217
Neighbor, 382.6378, 290.9851, -151.9899, 92217
Neighbor, 382.6378, 290.9851, -151.9899, 92217
Neighbor, 382.6378, 290.9851, -151.9899, 92217
Neighbor, 389.9925, 287.9461, -146.6870, 92406
Neighbor, 389.9925, 287.9461, -146.6870, 92406
Neighbor, 389.9925, 287.9461, -146.6870, 92406
Neighbor, 389.9925, 287.9461, -146.6870, 92406
Neighbor, 396.3104, 284.4336, -140.8742, 92613
Neighbor, 396.3104, 284.4336, -140.8742, 92613
Neighbor, 396.3104, 284.4336, -140.8742, 92613
Neighbor, 396.3104, 284.4336, -140.8742, 92613
Neighbor, 401.6264, 280.7379, -135.8413, 92804
Neighbor, 401.6264, 280.7379, -135.8413, 92804
Neighbor, 401.6264, 280.7379, -135.8413, 92804
Neighbor, 407.5780, 275.7642, -129.4868, 93028
Neighbor, 407.5780, 275.7642, -129.4868, 93028
Neighbor, 407.5780, 275.7642, -129.4868, 93028
Neighbor, 412.6771, 270.4387, -123.7907, 93231
Neighbor, 412.6771, 270.4387, -123.7907, 93231
Neighbor, 412.6771, 270.4387, -123.7907, 93231
Neighbor, 416.8646, 265.1847, -118.5359, 93421
Neighbor, 416.8646, 265.1847, -118.5359, 93421
Neighbor, 416.8646, 265.1847, -118.5359, 93421
Neighbor, 420.3274, 259.7165, -112.9729, 93625
Neighbor, 420.3274, 259.7165, -112.9729, 93625
Neighbor, 420.3274, 259.7165, -112.9729, 93625
Neighbor, 420.3274, 259.7165, -112.9729, 93625
Neighbor, 420.3274, 259.7165, -112.9729, 93625
Neighbor, 423.8547, 252.7139, -106.7351, 93836
Neighbor, 423.8547, 252.7139, -106.7351, 93836
Neighbor, 423.8547, 252.7139, -106.7351, 93836
Neighbor, 426.3342, 246.5032, -101.2712, 94029
Neighbor, 426.3342, 246.5032, -101.2712, 94029
Neighbor, 426.3342, 246.5032, -101.2712, 94029
Neighbor, 426.3342, 246.5032, -101.2712, 94029
Neighbor, 428.2348, 240.2638, -95.1330, 94222
Neighbor, 428.2348, 240.2638, -95.1330, 94222
Neighbor, 428.2348, 240.2638, -95.1330, 94222
Neighbor, 430.0544, 225.9315, -84.0861, 94624
Neighbor, 429.8425, 219.3745, -78.7249, 94812
Neighbor, 429.8425, 219.3745, -78.7249, 94812
Neighbor, 429.8425, 219.3745, -78.7249, 94812
Neighbor, 429.8425, 219.3745, -78.7249, 94812
Neighbor, 429.2149, 212.1763, -73.1076, 95029
Neighbor, 429.2149, 212.1763, -73.1076, 95029
Neighbor, 429.2149, 212.1763, -73.1076, 95029
Neighbor, 429.2149, 212.1763, -73.1076, 95029
Neighbor, 427.9413, 205.9443, -67.6853, 95211
Neighbor, 427.9413, 205.9443, -67.6853, 95211
Neighbor, 427.9413, 205.9443, -67.6853, 95211
Neighbor, 427.9413, 205.9443, -67.6853, 95211
Neighbor, 425.6910, 198.6745, -61.5313, 95427
Neighbor, 425.6910, 198.6745, -61.5313, 95427
Neighbor, 425.6910, 198.6745, -61.5313, 95427
Neighbor, 425.6910, 198.6745, -61.5313, 95427
Neighbor, 315.0109, 164.8974, 42.7864, 99245
Neighbor, 315.0109, 164.8974, 42.7864, 99245
Neighbor, 309.0514, 169.8348, 49.0192, 99467
Neighbor, 309.0514, 169.8348, 49.0192, 99467
Neighbor, 309.0514, 169.8348, 49.0192, 99467
Neighbor, 304.5167, 174.5247, 53.9935, 99655
Neighbor, 304.5167, 174.5247, 53.9935, 99655
Neighbor, 304.5167, 174.5247, 53.9935, 99655
Neighbor, 304.5167, 174.5247, 53.9935, 99655
Neighbor, 304.5167, 174.5247, 53.9935, 99655
Neighbor, 299.4766, 180.5729, 60.6259, 99878
Neighbor, 299.4766, 180.5729, 60.6259, 99878
Neighbor, 299.4766, 180.5729, 60.6259, 99878
Neighbor, 299.4766, 180.5729, 60.6259, 99878
Neighbor, 295.5303, 186.6356, 66.6854, 100101
Neighbor, 295.5303, 186.6356, 66.6854, 100101
Neighbor, 295.5303, 186.6356, 66.6854, 100101
Neighbor, 295.5303, 186.6356, 66.6854, 100101
Neighbor, 292.4242, 192.4921, 71.9456, 100272
Neighbor, 292.4242, 192.4921, 71.9456, 100272
Neighbor, 289.6844, 198.9844, 78.2597, 100487
Neighbor, 289.6844, 198.9844, 78.2597, 100487
Neighbor, 289.6844, 198.9844, 78.2597, 100487
Neighbor, 289.6844, 198.9844, 78.2597, 100487
Neighbor, 289.6844, 198.9844, 78.2597, 100487
Neighbor, 288.2462, 204.9835, 82.6960, 100702
Neighbor, 288.2462, 204.9835, 82.6960, 100702
Neighbor, 288.2462, 204.9835, 82.6960, 100702
Neighbor, 288.2778, 204.8091, 85.9571, 100897
Neighbor, 288.2778, 204.8091, 85.9571, 100897
Neighbor, 288.2778, 204.8091, 85.9571, 100897
Neighbor, 288.2778, 204.8091, 85.9571, 100897
Neighbor, 288.3581, 204.8493, 98.1410, 101087
Neighbor, 288.3581, 204.8493, 98.1410, 101087
Neighbor, 288.3581, 204.8493, 98.1410, 101087
Neighbor, 288.3581, 204.8493, 98.1410, 101087
Neighbor, 288.4067, 204.8041, 111.8092, 101309
Neighbor, 288.4067, 204.8041, 111.8092, 101309
Neighbor, 288.4067, 204.8041, 111.8092, 101309
Neighbor, 288.4067, 204.8041, 111.8092, 101309
Neighbor, 288.4341, 204.8119, 122.9824, 101500
Neighbor, 288.4341, 204.8119, 122.9824, 101500
Neighbor, 288.4341, 204.8119, 122.9824, 101500
Neighbor, 288.5179, 204.8142, 134.4468, 101686
Neighbor, 288.5179, 204.8142, 134.4468, 101686
Neighbor, 288.5179, 204.8142, 134.4468, 101686
Neighbor, 288.5179, 204.8142, 134.4468, 101686
Neighbor, 288.6443, 204.7728, 144.6599, 101880
Neighbor, 288.6443, 204.7728, 144.6599, 101880
Neighbor, 288.6443, 204.7728, 144.6599, 101880
Neighbor, 288.5355, 204.7016, 157.5201, 102094
Neighbor, 288.5355, 204.7016, 157.5201, 102094
Neighbor, 288.5355, 204.7016, 157.5201, 102094
Neighbor, 288.5355, 204.7016, 157.5201, 102094
Neighbor, 288.5410, 204.6651, 169.6734, 102300
Neighbor, 288.5410, 204.6651, 169.6734, 102300
Neighbor, 288.5410, 204.6651, 169.6734, 102300
Neighbor, 288.5410, 204.6651, 169.6734, 102300
Neighbor, 288.5410, 204.6651, 169.6734, 102300
Neighbor, 288.6226, 204.6864, 179.2863, 102481
Neighbor, 288.6226, 204.6864, 179.2863, 102481
Neighbor, 288.6226, 204.6864, 179.2863, 102481
Neighbor, 288.6226, 204.6864, 179.2863, 102481
Neighbor, 288.5580, 204.5894, -168.1801, 102700
Neighbor, 288.5580, 204.5894, -168.1801, 102700
Neighbor, 288.5580, 204.5894, -168.1801, 102700
Neighbor, 288.6905, 204.6718, -154.8886, 102908
Neighbor, 288.6905, 204.6718, -154.8886, 102908
Neighbor, 288.6905, 204.6718, -154.8886, 102908
Neighbor, 288.6905, 204.6718, -154.8886, 102908
Neighbor, 288.7894, 204.6937, -144.5763, 103092
Neighbor, 288.7894, 204.6937, -144.5763, 103092
Neighbor, 288.7894, 204.6937, -144.5763, 103092
Neighbor, 288.7894, 204.6937, -144.5763, 103092
Neighbor, 288.7894, 204.6937, -144.5763, 103092
Neighbor, 288.9460, 204.6705, -132.8478, 103306
Neighbor, 288.9460, 204.6705, -132.8478, 103306
Neighbor, 288.9460, 204.6705, -132.8478, 103306
Neighbor, 288.9460, 204.6705, -132.8478, 103306
Neighbor, 288.8727, 204.7244, -120.2604, 103506
Neighbor, 288.8727, 204.7244, -120.2604, 103506
Neighbor, 288.8727, 204.7244, -120.2604, 103506
Neighbor, 288.8727, 204.7244, -120.2604, 103506
Neighbor, 290.5491, 201.6901, -108.6922, 103722
Neighbor, 290.5491, 201.6901, -108.6922, 103722
Neighbor, 290.5491, 201.6901, -108.6922, 103722
Neighbor, 294.2905, 193.7303, -108.6482, 103889
Neighbor, 294.2905, 193.7303, -108.6482, 103889
Neighbor, 294.2905, 193.7303, -108.6482, 103889
Neighbor, 294.2905, 193.7303, -108.6482, 103889
Neighbor, 294.2905, 193.7303, -108.6482, 103889
Neighbor, 298.8323, 184.0133, -108.5996, 104107
Neighbor, 298.8323, 184.0133, -108.5996, 104107
Neighbor, 298.8323, 184.0133, -108.5996, 104107
Neighbor, 298.8323, 184.0133, -108.5996, 104107
Neighbor, 304.1355, 173.3750, -108.4608, 104352
Neighbor, 304.1355, 173.3750, -108.4608, 104352
Neighbor, 304.1355, 173.3750, -108.4608, 104352
Neighbor, 304.1355, 173.3750, -108.4608, 104352
Neighbor, 309.1252, 162.6678, -108.0757, 104532
Neighbor, 309.1252, 162.6678, -108.0757, 104532
Neighbor, 309.1252, 162.6678, -108.0757, 104532
Neighbor, 309.1252, 162.6678, -108.0757, 104532
Neighbor, 312.4585, 155.6669, -109.2075, 104695
Neighbor, 312.4585, 155.6669, -109.2075, 104695
Neighbor, 312.4585, 155.6669, -109.2075, 104695
Neighbor, 312.4585, 155.6669, -109.2075, 104695
Neighbor, 312.4585, 155.6669, -109.2075, 104695
Neighbor, 312.4585, 155.6669, -109.2075, 104695
Neighbor, 312.4585, 155.6669, -109.2075, 104695
Neighbor, 312.4585, 155.6669, -109.2075, 104695
Neighbor, 312.4585, 155.6669, -109.2075, 104695
Neighbor, 312.4585, 155.6669, -109.2075, 104695
Neighbor, 312.4585, 155.6669, -109.2075, 104695
Neighbor, 317.0267, 146.2538, -108.3762, 104907
Neighbor, 317.0267, 146.2538, -108.3762, 104907
Neighbor, 317.0267, 146.2538, -108.3762, 104907
Neighbor, 317.0267, 146.2538, -108.3762, 104907
Neighbor, 317.0267, 146.2538, -108.3762, 104907
Neighbor, 334.8203, 109.6003, -109.0730, 105690
Neighbor, 334.8203, 109.6003, -109.0730, 105690
Neighbor, 334.8203, 109.6003, -109.0730, 105690
Neighbor, 335.7878, 107.7075, -108.9649, 105730
Neighbor, 335.7878, 107.7075, -108.9649, 105730
Neighbor, 335.7878, 107.7075, -108.9649, 105730
Neighbor, 335.7878, 107.7075, -108.9649, 105730
Neighbor, 339.8202, 103.0095, -101.9897, 105931
Neighbor, 339.8202, 103.0095, -101.9897, 105931
Neighbor, 339.8202, 103.0095, -101.9897, 105931
Neighbor, 339.8202, 103.0095, -101.9897, 105931
Neighbor, 340.3892, 103.3568, -105.0569, 106106
Neighbor, 340.3892, 103.3568, -105.0569, 106106
Neighbor, 340.3892, 103.3568, -105.0569, 106106
Neighbor, 340.3892, 103.3568, -105.0569, 106106
Neighbor, 340.4061, 103.3097, -117.5600, 106309
Neighbor, 340.4061, 103.3097, -117.5600, 106309
Neighbor, 340.4061, 103.3097, -117.5600, 106309
Neighbor, 340.4061, 103.3097, -117.5600, 106309
Neighbor, 340.4220, 103.4002, -129.1746, 106508
Neighbor, 340.4220, 103.4002, -129.1746, 106508
Neighbor, 340.4220, 103.4002, -129.1746, 106508
Neighbor, 340.4220, 103.4002, -129.1746, 106508
Neighbor, 340.2493, 103.6316, -141.4935, 106729
Neighbor, 340.2493, 103.6316, -141.4935, 106729
Neighbor, 340.2493, 103.6316, -141.4935, 106729
Neighbor, 340.2493, 103.6316, -141.4935, 106729
Neighbor, 340.1322, 103.6668, -153.9631, 106941
Neighbor, 340.1322, 103.6668, -153.9631, 106941
Neighbor, 340.1322, 103.6668, -153.9631, 106941
Neighbor, 340.1322, 103.6668, -153.9631, 106941
Neighbor, 340.1322, 103.6668, -153.9631, 106941
Neighbor, 340.1612, 103.5706, -163.5541, 107107
Neighbor, 340.1612, 103.5706, -163.5541, 107107
Neighbor, 340.1612, 103.5706, -163.5541, 107107
Neighbor, 340.0781, 103.5467, -175.3177, 107320
Neighbor, 340.0781, 103.5467, -175.3177, 107320
Neighbor, 340.0781, 103.5467, -175.3177, 107320
Neighbor, 340.0781, 103.5467, -175.3177, 107320
Neighbor, 340.0781, 103.5467, -175.3177, 107320
Neighbor, 340.0192, 103.5346, 172.1463, 107537
Neighbor, 340.0192, 103.5346, 172.1463, 107537
Neighbor, 340.0192, 103.5346, 172.1463, 107537
Neighbor, 340.0192, 103.5346, 172.1463, 107537
Neighbor, 340.1895, 103.5523, 158.3423, 107769
Neighbor, 340.1895, 103.5523, 158.3423, 107769
Neighbor, 340.1895, 103.5523, 158.3423, 107769
Neighbor, 340.1895, 103.5523, 158.3423, 107769
Neighbor, 340.1963, 103.4850, 147.6897, 107966
Neighbor, 340.1963, 103.4850, 147.6897, 107966
Neighbor, 340.1963, 103.4850, 147.6897, 107966
Neighbor, 340.1963, 103.4850, 147.6897, 107966
Neighbor, 340.2254, 103.4821, 135.3636, 108183
Neighbor, 340.2254, 103.4821, 135.3636, 108183
Neighbor, 340.2254, 103.4821, 135.3636, 108183
Neighbor, 340.2254, 103.4821, 135.3636, 108183
Neighbor, 340.1188, 103.4575, 122.3872, 108387
Neighbor, 340.1188, 103.4575, 122.3872, 108387
Neighbor, 340.1188, 103.4575, 122.3872, 108387
Neighbor, 340.1188, 103.4575, 122.3872, 108387
Neighbor, 340.1255, 103.5146, 110.4628, 108575
Neighbor, 340.1255, 103.5146, 110.4628, 108575
Neighbor, 340.1255, 103.5146, 110.4628, 108575
Neighbor, 340.1255, 103.5146, 110.4628, 108575
Neighbor, 340.0745, 103.5830, 98.7390, 108768
Neighbor, 340.0745, 103.5830, 98.7390, 108768
Neighbor, 340.0745, 103.5830, 98.7390, 108768
Neighbor, 340.0745, 103.5830, 98.7390, 108768
Neighbor, 339.8606, 109.4002, 92.7232, 108952
Neighbor, 339.8606, 109.4002, 92.7232, 108952
Neighbor, 339.8606, 109.4002, 92.7232, 108952
Neighbor, 338.7847, 116.6620, 86.4984, 109151
Neighbor, 338.7847, 116.6620, 86.4984, 109151
Neighbor, 338.7847, 116.6620, 86.4984, 109151
Neighbor, 338.7847, 116.6620, 86.4984, 109151
Neighbor, 338.7847, 116.6620, 86.4984, 109151
Neighbor, 336.8864, 124.2753, 79.7855, 109376
Neighbor, 336.8864, 124.2753, 79.7855, 109376
Neighbor, 336.8864, 124.2753, 79.7855, 109376
Neighbor, 334.4308, 130.8756, 73.3316, 109589
Neighbor, 334.4308, 130.8756, 73.3316, 109589
Neighbor, 334.4308, 130.8756, 73.3316, 109589
Neighbor, 331.4737, 136.5986, 68.0697, 109797
Neighbor, 331.4737, 136.5986, 68.0697, 109797
Neighbor, 331.4737, 136.5986, 68.0697, 109797
Neighbor, 327.3909, 143.1430, 61.3511, 110006
Neighbor, 327.3909, 143.1430, 61.3511, 110006
Neighbor, 327.3909, 143.1430, 61.3511, 110006
Neighbor, 327.3909, 143.1430, 61.3511, 110006
Neighbor, 323.4894, 148.4609, 55.1887, 110197
Neighbor, 323.4894, 148.4609, 55.1887, 110197
Neighbor, 323.4894, 148.4609, 55.1887, 110197
Neighbor, 318.9690, 153.2104, 50.4523, 110389
Neighbor, 318.9690, 153.2104, 50.4523, 110389
Neighbor, 318.9690, 153.2104, 50.4523, 110389
Neighbor, 313.7307, 157.8983, 44.8092, 110590
Neighbor, 313.7307, 157.8983, 44.8092, 110590
Neighbor, 313.7307, 157.8983, 44.8092, 110590
Neighbor, 306.8175, 162.7593, 37.8770, 110832
Neighbor, 301.1723, 165.9065, 33.1350, 111024
Neighbor, 301.1723, 165.9065, 33.1350, 111024
Neighbor, 301.1723, 165.9065, 33.1350, 111024
Neighbor, 301.1723, 165.9065, 33.1350, 111024
Neighbor, 294.5217, 168.7685, 26.9294, 111226
Neighbor, 294.5217, 168.7685, 26.9294, 111226
Neighbor, 294.5217, 168.7685, 26.9294, 111226
Neighbor, 289.8015, 170.4646, 23.1603, 111384
Neighbor, 289.8015, 170.4646, 23.1603, 111384
Neighbor, 289.8015, 170.4646, 23.1603, 111384
Neighbor, 289.8015, 170.4646, 23.1603, 111384
Neighbor, 281.4860, 172.3745, 16.5296, 111610
Neighbor, 281.4860, 172.3745, 16.5296, 111610
Neighbor, 274.7558, 173.2910, 11.3604, 111803
Neighbor, 274.7558, 173.2910, 11.3604, 111803
Neighbor, 274.7558, 173.2910, 11.3604, 111803
Neighbor, 274.7558, 173.2910, 11.3604, 111803
Neighbor, 267.4127, 173.5232, 5.6105, 112017
Neighbor, 267.4127, 173.5232, 5.6105, 112017
Neighbor, 267.4127, 173.5232, 5.6105, 112017
Neighbor, 267.4127, 173.5232, 5.6105, 112017
Neighbor, 261.0162, 173.0295, 0.2241, 112209
Neighbor, 261.0162, 173.0295, 0.2241, 112209
Neighbor, 261.0162, 173.0295, 0.2241, 112209
Neighbor, 254.6181, 171.9539, -5.1616, 112398
Neighbor, 254.6181, 171.9539, -5.1616, 112398
Neighbor, 254.6181, 171.9539, -5.1616, 112398
Neighbor, 254.6181, 171.9539, -5.1616, 112398
Neighbor, 250.2716, 170.5750, -6.2816, 112599
Neighbor, 250.2716, 170.5750, -6.2816, 112599
Neighbor, 250.2716, 170.5750, -6.2816, 112599
Neighbor, 250.2716, 170.5750, -6.2816, 112599
Neighbor, 250.9653, 170.5767, -17.3353, 112811
Neighbor, 250.9653, 170.5767, -17.3353, 112811
Neighbor, 250.9653, 170.5767, -17.3353, 112811
Neighbor, 250.9653, 170.5767, -17.3353, 112811
Neighbor, 250.9653, 170.5767, -17.3353, 112811
Neighbor, 250.9653, 170.5767, -17.3353, 112811
Neighbor, 250.9653, 170.5767, -17.3353, 112811
Neighbor, 250.9653, 170.5767, -17.3353, 112811
Neighbor, 251.0049, 170.5584, -28.8151, 113007
Neighbor, 251.0049, 170.5584, -28.8151, 113007
Neighbor, 251.0049, 170.5584, -28.8151, 113007
Neighbor, 250.9894, 170.5628, -40.2387, 113204
Neighbor, 251.1076, 170.8164, -75.3545, 113807
Neighbor, 251.1076, 170.8164, -75.3545, 113807
Neighbor, 251.1076, 170.8164, -75.3545, 113807
Neighbor, 251.1076, 170.8164, -75.3545, 113807
Neighbor, 251.1026, 170.8086, -77.5680, 113834
Neighbor, 251.1026, 170.8086, -77.5680, 113834
Neighbor, 251.1026, 170.8086, -77.5680, 113834
Neighbor, 251.0868, 170.7453, -87.0534, 114011
Neighbor, 251.0868, 170.7453, -87.0534, 114011
Neighbor, 251.0868, 170.7453, -87.0534, 114011
Neighbor, 251.0868, 170.7453, -87.0534, 114011
Neighbor, 251.0868, 170.7453, -87.0534, 114011
Neighbor, 251.1184, 170.7958, -101.6804, 114221
Neighbor, 251.1184, 170.7958, -101.6804, 114221
Neighbor, 251.1184, 170.7958, -101.6804, 114221
Neighbor, 251.0846, 170.8734, -115.3063, 114446
Neighbor, 251.0846, 170.8734, -115.3063, 114446
Neighbor, 251.0846, 170.8734, -115.3063, 114446
Neighbor, 251.0578, 170.9363, -124.2755, 114609
Neighbor, 251.0578, 170.9363, -124.2755, 114609
Neighbor, 251.0578, 170.9363, -124.2755, 114609
Neighbor, 251.0578, 170.9363, -124.2755, 114609
Neighbor, 250.9943, 170.8229, -138.8618, 114857
Neighbor, 250.9943, 170.8229, -138.8618, 114857
Neighbor, 250.9943, 170.8229, -138.8618, 114857
Neighbor, 250.9708, 170.8351, -150.4990, 115048
Neighbor, 250.9708, 170.8351, -150.4990, 115048
Neighbor, 250.9708, 170.8351, -150.4990, 115048
Neighbor, 250.9708, 170.8351, -150.4990, 115048
Neighbor, 251.0171, 170.8316, -159.2426, 115216
Neighbor, 251.0171, 170.8316, -159.2426, 115216
