      89936, rtd, 67, 1171, -611, 612, 0, 0, 0, 0, 0, 362.4637, 162.0962, 178.5895, 86563110
      90000, rtd, 67, 1177, -606, 613, -2368, 774, 618, 0, 0, 371.2207, 163.5835, 178.2805, 86563268
      90047, rtd, 67, 1183, -602, 613, 0, 0, 0, 0, 0, 371.2207, 163.5835, 178.2805, 86563268
      90095, rtd, 67, 1190, -598, 612, 0, 0, 0, 0, 0, 371.2207, 163.5835, 178.2805, 86563268
      90143, rtd, 67, 1196, -593, 613, 0, 0, 0, 0, 0, 371.2207, 163.5835, 178.2805, 86563268
      90191, rtd, 67, 1202, -589, 613, 0, 0, 0, 0, 0, 380.6780, 165.3457, 177.7191, 86563470
      90239, rtd, 67, 1208, -585, 613, 0, 0, 0, 0, 0, 380.6780, 165.3457, 177.7191, 86563470
      90287, rtd, 67, 1214, -580, 613, -2368, 490, 569, 0, 0, 380.6780, 165.3457, 177.7191, 86563470
      90335, rtd, 67, 1220, -576, 613, 0, 0, 0, 0, 0, 380.6780, 165.3457, 177.7191, 86563470
      90382, rtd, 67, 1227, -572, 614, 0, 0, 0, 0, 0, 391.0376, 167.2443, 177.4576, 86563669
      90446, rtd, 67, 1233, -567, 613, 0, 0, 0, 0, 0, 391.0376, 167.2443, 177.4576, 86563669
      90494, rtd, 67, 1239, -563, 613, 0, 0, 0, 0, 0, 391.0376, 167.2443, 177.4576, 86563669
      90542, rtd, 67, 1245, -559, 613, 0, 0, 0, 0, 0, 391.0376, 167.2443, 177.4576, 86563669
      90590, rtd, 67, 1251, -554, 613, -2749, 416, 561, 0, 0, 400.4271, 168.9577, 177.8199, 86563861
      90638, rtd, 67, 1258, -550, 612, 0, 0, 0, 0, 0, 400.4271, 168.9577, 177.8199, 86563861
      90686, rtd, 67, 1264, -545, 613, 0, 0, 0, 0, 0, 400.4271, 168.9577, 177.8199, 86563861
      90734, rtd, 67, 1270, -541, 613, 0, 0, 0, 0, 0, 400.4271, 168.9577, 177.8199, 86563861
      90798, rtd, 67, 1276, -537, 612, 0, 0, 0, 0, 0, 412.5965, 171.4601, 177.3501, 86564143
      90846, rtd, 67, 1282, -532, 613, 0, 0, 0, 0, 0, 412.5965, 171.4601, 177.3501, 86564143
      90894, rtd, 67, 1289, -528, 613, -2749, 398, 557, 0, 0, 412.5965, 171.4601, 177.3501, 86564143
      90942, rtd, 67, 1295, -524, 613, 0, 0, 0, 0, 0, 412.5965, 171.4601, 177.3501, 86564143
      90990, rtd, 67, 1301, -519, 613, 0, 0, 0, 0, 0, 424.5796, 173.7601, 177.3909, 86564348
      91038, rtd, 67, 1307, -515, 613, 0, 0, 0, 0, 0, 424.5796, 173.7601, 177.3909, 86564348
      91086, rtd, 67, 1313, -511, 613, 0, 0, 0, 0, 0, 424.5796, 173.7601, 177.3909, 86564348
      91134, rtd, 67, 1320, -506, 613, 0, 0, 0, 0, 0, 424.5796, 173.7601, 177.3909, 86564348
      91198, rtd, 67, 1326, -502, 613, -2749, 393, 555, 0, 0, 435.1349, 175.8124, 177.2765, 86564556
      91245, rtd, 67, 1332, -498, 613, 0, 0, 0, 0, 0, 435.1349, 175.8124, 177.2765, 86564556
      91295, rtd, 67, 1338, -493, 613, 0, 0, 0, 0, 0, 435.1349, 175.8124, 177.2765, 86564556
      91339, rtd, 67, 1344, -489, 613, 0, 0, 0, 0, 0, 435.1349, 175.8124, 177.2765, 86564556
      91387, rtd, 67, 1351, -485, 614, 0, 0, 0, 0, 0, 443.4582, 177.3906, 176.8892, 86564724
      91435, rtd, 67, 1357, -480, 613, 0, 0, 0, 0, 0, 443.4582, 177.3906, 176.8892, 86564724
      91483, rtd, 67, 1363, -476, 613, -2749, 393, 689, 0, 0, 443.4582, 177.3906, 176.8892, 86564724
      91531, rtd, 67, 1369, -471, 613, 0, 0, 0, 0, 0, 443.4582, 177.3906, 176.8892, 86564724
      91595, rtd, 67, 1375, -467, 613, 0, 0, 0, 0, 0, 453.3728, 179.4566, 176.9001, 86564943
      91643, rtd, 67, 1382, -463, 613, 0, 0, 0, 0, 0, 453.3728, 179.4566, 176.9001, 86564943
      91691, rtd, 67, 1388, -458, 613, 0, 0, 0, 0, 0, 453.3728, 179.4566, 176.9001, 86564943
      91739, rtd, 67, 1394, -454, 614, 0, 0, 0, 0, 0, 453.3728, 179.4566, 176.9001, 86564943
      91787, rtd, 67, 1400, -450, 614, -2749, 96, 756, 0, 0, 461.7605, 181.3342, 176.3348, 86565112
      91835, rtd, 67, 1405, -446, 616, 0, 0, 0, 0, 0, 461.7605, 181.3342, 176.3348, 86565112
      91883, rtd, 67, 1409, -443, 650, 0, 0, 0, 0, 0, 461.7605, 181.3342, 176.3348, 86565112
      91947, rtd, 67, 1411, -442, 676, 0, 0, 0, 0, 0, 461.7605, 181.3342, 176.3348, 86565112
      91995, rtd, 67, 1410, -442, 735, 0, 0, 0, 0, 0, 472.0774, 183.4154, 176.3852, 86565301
      92043, rtd, 67, 1410, -443, 789, 0, 0, 0, 0, 0, 472.0774, 183.4154, 176.3852, 86565301
      92091, rtd, 67, 1410, -443, 842, -2749, 20, 789, 0, 0, 472.0774, 183.4154, 176.3852, 86565301
      92139, rtd, 67, 1410, -443, 896, 0, 0, 0, 0, 0, 472.0774, 183.4154, 176.3852, 86565301
      92187, rtd, 67, 1410, -443, 947, 0, 0, 0, 0, 0, 475.5667, 184.2022, 176.6240, 86565485
      92235, rtd, 67, 1410, -443, 999, 0, 0, 0, 0, 0, 475.5667, 184.2022, 176.6240, 86565485
      92283, rtd, 67, 1410, -443, 1048, 0, 0, 0, 0, 0, 475.5667, 184.2022, 176.6240, 86565485
      92347, rtd, 67, 1410, -443, 1100, 0, 0, 0, 0, 0, 475.5667, 184.2022, 176.6240, 86565485
      92396, rtd, 67, 1410, -443, 1150, -2749, 0, 806, 0, 0, 475.0674, 183.9137, -171.7426, 86565769
      92444, rtd, 67, 1410, -443, 1201, 0, 0, 0, 0, 0, 475.0674, 183.9137, -171.7426, 86565769
      92492, rtd, 67, 1410, -443, 1250, 0, 0, 0, 0, 0, 475.0674, 183.9137, -171.7426, 86565769
      92539, rtd, 67, 1410, -443, 1303, 0, 0, 0, 0, 0, 475.0674, 183.9137, -171.7426, 86565769
      92587, rtd, 67, 1410, -443, 1354, 0, 0, 0, 0, 0, 475.1305, 183.9827, -165.0604, 86565911
      92635, rtd, 67, 1410, -443, 1404, 0, 0, 0, 0, 0, 475.1305, 183.9827, -165.0604, 86565911
      92699, rtd, 67, 1410, -443, 1456, 2749, 0, 544, 0, 0, 475.1305, 183.9827, -165.0604, 86565911
      92747, rtd, 67, 1410, -443, 1504, 0, 0, 0, 0, 0, 475.1305, 183.9827, -165.0604, 86565911
      92795, rtd, 67, 1410, -443, 1557, 0, 0, 0, 0, 0, 475.1333, 183.9776, -151.0296, 86566141
      92843, rtd, 67, 1410, -443, 1608, 0, 0, 0, 0, 0, 475.1333, 183.9776, -151.0296, 86566141
      92891, rtd, 67, 1410, -443, 1658, 0, 0, 0, 0, 0, 475.1333, 183.9776, -151.0296, 86566141
      92939, rtd, 67, 1410, -443, 1710, 0, 0, 0, 0, 0, 475.1333, 183.9776, -151.0296, 86566141
      92987, rtd, 67, 1410, -443, 1762, 2749, 0, 548, 0, 0, 475.2812, 184.0391, -140.4573, 86566344
      93035, rtd, 67, 1410, -443, 1812, 0, 0, 0, 0, 0, 475.2812, 184.0391, -140.4573, 86566344
      93099, rtd, 67, 1410, -443, 1863, 0, 0, 0, 0, 0, 475.2812, 184.0391, -140.4573, 86566344
      93147, rtd, 67, 1410, -443, 1912, 0, 0, 0, 0, 0, 475.2812, 184.0391, -140.4573, 86566344
      93195, rtd, 67, 1410, -443, 1964, 0, 0, 0, 0, 0, 475.2188, 184.1135, -130.5281, 86566513
      93242, rtd, 67, 1410, -443, 2014, 0, 0, 0, 0, 0, 475.2188, 184.1135, -130.5281, 86566513
      93290, rtd, 67, 1410, -443, 2066, 2368, 0, 619, 0, 0, 475.2188, 184.1135, -130.5281, 86566513
      93338, rtd, 67, 1410, -443, 2116, 0, 0, 0, 0, 0, 475.2188, 184.1135, -130.5281, 86566513
      93386, rtd, 67, 1410, -443, 2167, 0, 0, 0, 0, 0, 475.2766, 184.2350, -119.3351, 86566687
      93434, rtd, 67, 1410, -443, 2218, 0, 0, 0, 0, 0, 475.2766, 184.2350, -119.3351, 86566687
      93497, rtd, 67, 1410, -443, 2269, 0, 0, 0, 0, 0, 475.2766, 184.2350, -119.3351, 86566687
      93545, rtd, 67, 1410, -443, 2318, 0, 0, 0, 0, 0, 475.2766, 184.2350, -119.3351, 86566687
      93593, rtd, 67, 1410, -443, 2370, 1964, 0, 637, 0, 0, 475.3757, 184.0590, -105.1533, 86566926
      93641, rtd, 67, 1410, -443, 2419, 0, 0, 0, 0, 0, 475.3757, 184.0590, -105.1533, 86566926
      93689, rtd, 67, 1410, -443, 2471, 0, 0, 0, 0, 0, 475.3757, 184.0590, -105.1533, 86566926
      93737, rtd, 67, 1410, -443, 2521, 0, 0, 0, 0, 0, 475.3757, 184.0590, -105.1533, 86566926
      93785, rtd, 67, 1410, -443, 2573, 0, 0, 0, 0, 0, 475.4548, 184.0976, -93.1134, 86567132
      93833, rtd, 67, 1410, -443, 2623, 0, 0, 0, 0, 0, 475.4548, 184.0976, -93.1134, 86567132
      93898, rtd, 67, 1410, -443, 2675, 1964, 0, 637, 0, 0, 475.4548, 184.0976, -93.1134, 86567132
      93945, rtd, 67, 1410, -443, 2725, 0, 0, 0, 0, 0, 475.4548, 184.0976, -93.1134, 86567132
      93993, rtd, 67, 1410, -443, 2776, 0, 0, 0, 0, 0, 475.5338, 184.1174, -82.4663, 86567309
      94041, rtd, 67, 1410, -443, 2827, 0, 0, 0, 0, 0, 475.5338, 184.1174, -82.4663, 86567309
      94089, rtd, 67, 1410, -443, 2878, 0, 0, 0, 0, 0, 475.5338, 184.1174, -82.4663, 86567309
      94137, rtd, 67, 1410, -443, 2931, 0, 0, 0, 0, 0, 475.5338, 184.1174, -82.4663, 86567309
      94185, rtd, 67, 1410, -443, 2979, 1571, 0, 574, 0, 0, 475.4443, 183.8464, -67.2733, 86567574
      94249, rtd, 67, 1410, -443, 3031, 0, 0, 0, 0, 0, 475.4443, 183.8464, -67.2733, 86567574
      94297, rtd, 67, 1410, -443, 3079, 0, 0, 0, 0, 0, 475.4443, 183.8464, -67.2733, 86567574
      94345, rtd, 67, 1410, -443, 3131, 0, 0, 0, 0, 0, 475.4443, 183.8464, -67.2733, 86567574
      94392, rtd, 67, 1410, -443, 3178, 0, 0, 0, 0, 0, 475.3955, 183.8003, -58.3291, 86567716
      94440, rtd, 67, 1410, -443, 3229, 0, 0, 0, 0, 0, 475.3955, 183.8003, -58.3291, 86567716
      94488, rtd, 67, 1410, -443, 3275, 1178, 0, 625, 0, 0, 475.3955, 183.8003, -58.3291, 86567716
      94536, rtd, 67, 1410, -443, 3326, 0, 0, 0, 0, 0, 475.3955, 183.8003, -58.3291, 86567716
      94584, rtd, 67, 1410, -443, 3376, 0, 0, 0, 0, 0, 475.3232, 183.8253, -52.0113, 86567856
      94648, rtd, 67, 1410, -443, 3425, 0, 0, 0, 0, 0, 475.3232, 183.8253, -52.0113, 86567856
      94696, rtd, 67, 1410, -443, 3477, 0, 0, 0, 0, 0, 475.3232, 183.8253, -52.0113, 86567856
      94744, rtd, 67, 1410, -443, 3529, 0, 0, 0, 0, 0, 475.3232, 183.8253, -52.0113, 86567856
      94792, rtd, 67, 1410, -443, 3582, 1178, 0, 625, 0, 0, 475.3300, 183.9211, -37.3584, 86568125
      94840, rtd, 67, 1410, -443, 3635, 0, 0, 0, 0, 0, 475.3300, 183.9211, -37.3584, 86568125
      94888, rtd, 67, 1410, -443, 3688, 0, 0, 0, 0, 0, 475.3300, 183.9211, -37.3584, 86568125
      94936, rtd, 67, 1410, -443, 3741, 0, 0, 0, 0, 0, 475.3300, 183.9211, -37.3584, 86568125
      94984, rtd, 67, 1410, -443, 3792, 0, 0, 0, 0, 0, 475.1130, 183.9447, -28.2604, 86568303
      95047, rtd, 67, 1409, -443, 3845, 0, 0, 0, 0, 0, 475.1130, 183.9447, -28.2604, 86568303
      95095, rtd, 67, 1406, -446, 3851, 393, 0, 589, 0, 0, 475.1130, 183.9447, -28.2604, 86568303
      95143, rtd, 67, 1402, -449, 3838, 0, 0, 0, 0, 0, 475.1130, 183.9447, -28.2604, 86568303
      95191, rtd, 67, 1398, -452, 3809, 0, 0, 0, 0, 0, 475.1793, 183.8945, -15.4831, 86568538
      95239, rtd, 67, 1394, -455, 3786, 0, 0, 0, 0, 0, 475.1793, 183.8945, -15.4831, 86568538
      95287, rtd, 67, 1390, -458, 3760, 0, 0, 0, 0, 0, 475.1793, 183.8945, -15.4831, 86568538
      95335, rtd, 67, 1386, -461, 3735, 0, 0, 0, 0, 0, 475.1793, 183.8945, -15.4831, 86568538
      95399, rtd, 67, 1382, -464, 3711, 393, 0, 571, 0, 0, 474.8217, 183.8796, -6.5929, 86568680
      95447, rtd, 67, 1378, -467, 3687, 0, 0, 0, 0, 0, 474.8217, 183.8796, -6.5929, 86568680
      95495, rtd, 67, 1373, -469, 3664, 0, 0, 0, 0, 0, 474.8217, 183.8796, -6.5929, 86568680
      95543, rtd, 67, 1369, -472, 3639, 0, 0, 0, 0, 0, 474.8217, 183.8796, -6.5929, 86568680
      95591, rtd, 67, 1364, -474, 3614, 0, 0, 0, 0, 0, 470.3052, 182.5420, -7.8655, 86568816
      95639, rtd, 67, 1360, -476, 3588, 0, 0, 0, 0, 0, 470.3052, 182.5420, -7.8655, 86568816
      95687, rtd, 67, 1355, -478, 3564, 774, 0, 962, 0, 0, 470.3052, 182.5420, -7.8655, 86568816
      95735, rtd, 67, 1351, -480, 3539, 0, 0, 0, 0, 0, 470.3052, 182.5420, -7.8655, 86568816
      95798, rtd, 67, 1346, -482, 3515, 0, 0, 0, 0, 0, 461.8074, 179.6957, -14.7732, 86569096
      95846, rtd, 67, 1341, -484, 3490, 0, 0, 0, 0, 0, 461.8074, 179.6957, -14.7732, 86569096
      95894, rtd, 67, 1337, -486, 3466, 0, 0, 0, 0, 0, 461.8074, 179.6957, -14.7732, 86569096
      95942, rtd, 67, 1332, -487, 3441, 0, 0, 0, 0, 0, 461.8074, 179.6957, -14.7732, 86569096
      95990, rtd, 67, 1327, -489, 3418, 774, 0, 925, 0, 0, 455.9320, 176.8211, -20.2416, 86569307
      96038, rtd, 67, 1322, -490, 3391, 0, 0, 0, 0, 0, 455.9320, 176.8211, -20.2416, 86569307
      96086, rtd, 67, 1317, -491, 3367, 0, 0, 0, 0, 0, 455.9320, 176.8211, -20.2416, 86569307
      96134, rtd, 67, 1312, -492, 3343, 0, 0, 0, 0, 0, 455.9320, 176.8211, -20.2416, 86569307
      96198, rtd, 67, 1307, -493, 3319, 0, 0, 0, 0, 0, 447.7719, 171.7572, -28.5649, 86569564
      96246, rtd, 67, 1302, -494, 3294, 0, 0, 0, 0, 0, 447.7719, 171.7572, -28.5649, 86569564
      96294, rtd, 67, 1297, -495, 3270, 774, 0, 925, 0, 0, 447.7719, 171.7572, -28.5649, 86569564
      96341, rtd, 67, 1292, -495, 3246, 0, 0, 0, 0, 0, 447.7719, 171.7572, -28.5649, 86569564
      96389, rtd, 67, 1287, -496, 3221, 0, 0, 0, 0, 0, 442.2227, 167.2879, -34.1136, 86569780
      96437, rtd, 67, 1282, -496, 3195, 0, 0, 0, 0, 0, 442.2227, 167.2879, -34.1136, 86569780
      96485, rtd, 67, 1277, -496, 3170, 0, 0, 0, 0, 0, 442.2227, 167.2879, -34.1136, 86569780
      96533, rtd, 67, 1272, -496, 3146, 0, 0, 0, 0, 0, 442.2227, 167.2879, -34.1136, 86569780
      96597, rtd, 67, 1267, -496, 3121, 1178, 0, 874, 0, 0, 440.3993, 165.4556, -36.4762, 86569859
      96645, rtd, 67, 1262, -496, 3096, 0, 0, 0, 0, 0, 440.3993, 165.4556, -36.4762, 86569859
      96693, rtd, 67, 1257, -496, 3071, 0, 0, 0, 0, 0, 440.3993, 165.4556, -36.4762, 86569859
      96741, rtd, 67, 1252, -495, 3047, 0, 0, 0, 0, 0, 440.3993, 165.4556, -36.4762, 86569859
      96789, rtd, 67, 1247, -495, 3024, 0, 0, 0, 0, 0, 434.3484, 158.5792, -43.8212, 86570102
      96837, rtd, 67, 1242, -494, 2998, 0, 0, 0, 0, 0, 434.3484, 158.5792, -43.8212, 86570102
      96885, rtd, 67, 1237, -493, 2974, 1571, 0, 633, 0, 0, 434.3484, 158.5792, -43.8212, 86570102
      96948, rtd, 67, 1232, -493, 2949, 0, 0, 0, 0, 0, 434.3484, 158.5792, -43.8212, 86570102
      96996, rtd, 67, 1227, -492, 2924, 0, 0, 0, 0, 0, 429.0872, 150.9893, -51.2509, 86570375
      97044, rtd, 67, 1222, -490, 2901, 0, 0, 0, 0, 0, 429.0872, 150.9893, -51.2509, 86570375
      97092, rtd, 67, 1217, -489, 2877, 0, 0, 0, 0, 0, 429.0872, 150.9893, -51.2509, 86570375
      97140, rtd, 67, 1212, -488, 2852, 0, 0, 0, 0, 0, 429.0872, 150.9893, -51.2509, 86570375
      97188, rtd, 67, 1208, -486, 2826, 1571, 735, 775, 0, 0, 426.1302, 145.1861, -57.2060, 86570558
      97236, rtd, 67, 1203, -485, 2803, 0, 0, 0, 0, 0, 426.1302, 145.1861, -57.2060, 86570558
      97284, rtd, 67, 1198, -483, 2779, 0, 0, 0, 0, 0, 426.1302, 145.1861, -57.2060, 86570558
      97348, rtd, 67, 1193, -481, 2754, 0, 0, 0, 0, 0, 426.1302, 145.1861, -57.2060, 86570558
      97396, rtd, 67, 1189, -479, 2731, 0, 0, 0, 0, 0, 423.3649, 138.2112, -63.8083, 86570818
      97444, rtd, 67, 1184, -477, 2706, 0, 0, 0, 0, 0, 423.3649, 138.2112, -63.8083, 86570818
      97492, rtd, 67, 1180, -475, 2682, 1964, 765, 799, 0, 0, 423.3649, 138.2112, -63.8083, 86570818
      97540, rtd, 67, 1175, -473, 2656, 0, 0, 0, 0, 0, 423.3649, 138.2112, -63.8083, 86570818
      97588, rtd, 67, 1171, -470, 2632, 0, 0, 0, 0, 0, 423.3649, 138.2112, -63.8083, 86570818
      97635, rtd, 67, 1166, -468, 2608, 0, 0, 0, 0, 0, 421.3519, 131.4626, -69.7877, 86570983
      97683, rtd, 67, 1162, -465, 2583, 0, 0, 0, 0, 0, 421.3519, 131.4626, -69.7877, 86570983
      97747, rtd, 67, 1158, -462, 2558, 0, 0, 0, 0, 0, 421.3519, 131.4626, -69.7877, 86570983
      97795, rtd, 67, 1154, -459, 2532, 1964, 774, 676, 0, 0, 421.3519, 131.4626, -69.7877, 86570983
      97843, rtd, 67, 1149, -457, 2508, 0, 0, 0, 0, 0, 420.3647, 125.6990, -74.8759, 86571167
      97891, rtd, 67, 1145, -454, 2485, 0, 0, 0, 0, 0, 420.3647, 125.6990, -74.8759, 86571167
      97939, rtd, 67, 1142, -450, 2462, 0, 0, 0, 0, 0, 420.3647, 125.6990, -74.8759, 86571167
      97987, rtd, 67, 1138, -447, 2437, 0, 0, 0, 0, 0, 420.3647, 125.6990, -74.8759, 86571167
      98035, rtd, 67, 1134, -444, 2413, 0, 0, 0, 0, 0, 419.8909, 118.8102, -80.9870, 86571388
      98099, rtd, 67, 1130, -440, 2387, 1964, 774, 749, 0, 0, 419.8909, 118.8102, -80.9870, 86571388
      98147, rtd, 67, 1126, -437, 2363, 0, 0, 0, 0, 0, 419.8909, 118.8102, -80.9870, 86571388
      98195, rtd, 67, 1123, -433, 2339, 0, 0, 0, 0, 0, 419.8909, 118.8102, -80.9870, 86571388
      98243, rtd, 67, 1119, -430, 2314, 0, 0, 0, 0, 0, 420.2174, 112.5763, -86.2625, 86571561
      98290, rtd, 67, 1116, -426, 2289, 0, 0, 0, 0, 0, 420.2174, 112.5763, -86.2625, 86571561
      98338, rtd, 67, 1113, -422, 2265, 0, 0, 0, 0, 0, 420.2174, 112.5763, -86.2625, 86571561
      98386, rtd, 67, 1110, -418, 2240, 2368, 774, 804, 0, 0, 420.2174, 112.5763, -86.2625, 86571561
      98434, rtd, 67, 1107, -414, 2214, 0, 0, 0, 0, 0, 420.8795, 106.9091, -90.7238, 86571750
      98498, rtd, 67, 1104, -410, 2191, 0, 0, 0, 0, 0, 420.8795, 106.9091, -90.7238, 86571750
      98546, rtd, 67, 1101, -406, 2167, 0, 0, 0, 0, 0, 420.8795, 106.9091, -90.7238, 86571750
      98594, rtd, 67, 1098, -402, 2142, 0, 0, 0, 0, 0, 420.8795, 106.9091, -90.7238, 86571750
      98642, rtd, 67, 1095, -397, 2118, 0, 0, 0, 0, 0, 422.4374, 99.4572, -98.5380, 86571966
      98690, rtd, 67, 1093, -393, 2094, 2749, 774, 813, 0, 0, 422.4374, 99.4572, -98.5380, 86571966
      98738, rtd, 67, 1090, -389, 2068, 0, 0, 0, 0, 0, 422.4374, 99.4572, -98.5380, 86571966
      98786, rtd, 67, 1088, -384, 2045, 0, 0, 0, 0, 0, 422.4374, 99.4572, -98.5380, 86571966
      98834, rtd, 67, 1086, -380, 2020, 0, 0, 0, 0, 0, 424.6257, 92.8644, -104.8295, 86572176
      98898, rtd, 67, 1083, -375, 1997, 0, 0, 0, 0, 0, 424.6257, 92.8644, -104.8295, 86572176
      98946, rtd, 67, 1081, -371, 1971, 0, 0, 0, 0, 0, 424.6257, 92.8644, -104.8295, 86572176
      98993, rtd, 67, 1080, -366, 1945, 2749, 774, 683, 0, 0, 424.6257, 92.8644, -104.8295, 86572176
      99041, rtd, 67, 1078, -361, 1924, 0, 0, 0, 0, 0, 428.2766, 85.6548, -111.7022, 86572428
      99089, rtd, 67, 1076, -356, 1898, 0, 0, 0, 0, 0, 428.2766, 85.6548, -111.7022, 86572428
      99137, rtd, 67, 1075, -352, 1873, 0, 0, 0, 0, 0, 428.2766, 85.6548, -111.7022, 86572428
      99185, rtd, 67, 1073, -347, 1849, 0, 0, 0, 0, 0, 428.2766, 85.6548, -111.7022, 86572428
      99233, rtd, 67, 1072, -342, 1826, 0, 0, 0, 0, 0, 431.5978, 80.3958, -117.5234, 86572584
      99297, rtd, 67, 1071, -337, 1800, 2749, 774, 753, 0, 0, 431.5978, 80.3958, -117.5234, 86572584
      99345, rtd, 67, 1069, -332, 1777, 0, 0, 0, 0, 0, 431.5978, 80.3958, -117.5234, 86572584
      99393, rtd, 67, 1068, -327, 1751, 0, 0, 0, 0, 0, 431.5978, 80.3958, -117.5234, 86572584
      99441, rtd, 67, 1068, -322, 1727, 0, 0, 0, 0, 0, 433.8298, 77.3699, -120.5754, 86572713
      99489, rtd, 67, 1067, -317, 1702, 0, 0, 0, 0, 0, 433.8298, 77.3699, -120.5754, 86572713
      99537, rtd, 67, 1066, -312, 1677, 0, 0, 0, 0, 0, 433.8298, 77.3699, -120.5754, 86572713
      99585, rtd, 67, 1066, -307, 1653, 3142, 774, 805, 0, 0, 433.8298, 77.3699, -120.5754, 86572713
      99649, rtd, 67, 1066, -302, 1629, 0, 0, 0, 0, 0, 439.6432, 70.8296, -128.5048, 86572963
      99696, rtd, 67, 1065, -297, 1605, 0, 0, 0, 0, 0, 439.6432, 70.8296, -128.5048, 86572963
      99744, rtd, 67, 1065, -292, 1580, 0, 0, 0, 0, 0, 439.6432, 70.8296, -128.5048, 86572963
      99792, rtd, 67, 1065, -287, 1556, 0, 0, 0, 0, 0, 439.6432, 70.8296, -128.5048, 86572963
      99840, rtd, 67, 1065, -282, 1531, 0, 0, 0, 0, 0, 443.2565, 67.5960, -132.4600, 86573119
      99888, rtd, 67, 1066, -277, 1508, -2749, 774, 679, 0, 0, 443.2565, 67.5960, -132.4600, 86573119
      99936, rtd, 67, 1066, -272, 1482, 0, 0, 0, 0, 0, 443.2565, 67.5960, -132.4600, 86573119
      99984, rtd, 67, 1066, -267, 1458, 0, 0, 0, 0, 0, 443.2565, 67.5960, -132.4600, 86573119
     100048, rtd, 67, 1067, -262, 1433, 0, 0, 0, 0, 0, 449.6058, 62.8396, -139.6013, 86573364
     100096, rtd, 67, 1068, -257, 1409, 0, 0, 0, 0, 0, 449.6058, 62.8396, -139.6013, 86573364
     100144, rtd, 67, 1069, -252, 1384, 0, 0, 0, 0, 0, 449.6058, 62.8396, -139.6013, 86573364
     100192, rtd, 67, 1070, -247, 1360, -2749, 774, 886, 0, 0, 449.6058, 62.8396, -139.6013, 86573364
     100240, rtd, 67, 1071, -242, 1335, 0, 0, 0, 0, 0, 454.8219, 59.7321, -144.4014, 86573541
     100288, rtd, 67, 1072, -237, 1310, 0, 0, 0, 0, 0, 454.8219, 59.7321, -144.4014, 86573541
     100336, rtd, 67, 1073, -232, 1286, 0, 0, 0, 0, 0, 454.8219, 59.7321, -144.4014, 86573541
     100382, rtd, 67, 1075, -227, 1261, 0, 0, 0, 0, 0, 454.8219, 59.7321, -144.4014, 86573541
     100446, rtd, 67, 1076, -223, 1238, 0, 0, 0, 0, 0, 461.7374, 56.6429, -150.2225, 86573795
     100494, rtd, 67, 1078, -218, 1213, -2749, 774, 989, 0, 0, 461.7374, 56.6429, -150.2225, 86573795
     100542, rtd, 67, 1080, -213, 1189, 0, 0, 0, 0, 0, 461.7374, 56.6429, -150.2225, 86573795
     100590, rtd, 67, 1082, -209, 1165, 0, 0, 0, 0, 0, 461.7374, 56.6429, -150.2225, 86573795
     100638, rtd, 67, 1084, -204, 1140, 0, 0, 0, 0, 0, 468.8907, 54.3303, -155.7419, 86573986
     100686, rtd, 67, 1086, -200, 1116, 0, 0, 0, 0, 0, 468.8907, 54.3303, -155.7419, 86573986
     100734, rtd, 67, 1088, -195, 1092, 0, 0, 0, 0, 0, 468.8907, 54.3303, -155.7419, 86573986
     100798, rtd, 67, 1090, -192, 1063, -2749, 774, 771, 0, 0, 468.8907, 54.3303, -155.7419, 86573986
     100846, rtd, 67, 1091, -191, 1020, 0, 0, 0, 0, 0, 473.1222, 53.4290, -159.5293, 86574130
     100894, rtd, 67, 1090, -192, 952, 0, 0, 0, 0, 0, 473.1222, 53.4290, -159.5293, 86574130
     100942, rtd, 67, 1090, -192, 894, 0, 0, 0, 0, 0, 473.1222, 53.4290, -159.5293, 86574130
     100990, rtd, 67, 1090, -192, 839, 0, 0, 0, 0, 0, 473.1222, 53.4290, -159.5293, 86574130
     101038, rtd, 67, 1090, -192, 787, 0, 0, 0, 0, 0, 481.7975, 52.4661, -166.0575, 86574410
     101086, rtd, 67, 1090, -192, 740, -2749, 774, 1067, 0, 0, 481.7975, 52.4661, -166.0575, 86574410
     101134, rtd, 67, 1090, -192, 687, 0, 0, 0, 0, 0, 481.7975, 52.4661, -166.0575, 86574410
     101198, rtd, 67, 1090, -192, 638, 0, 0, 0, 0, 0, 481.7975, 52.4661, -166.0575, 86574410
     101246, rtd, 67, 1090, -192, 586, 0, 0, 0, 0, 0, 481.2340, 52.7193, -170.6574, 86574597
     101294, rtd, 67, 1090, -192, 536, 0, 0, 0, 0, 0, 481.2340, 52.7193, -170.6574, 86574597
     101342, rtd, 67, 1090, -192, 484, 0, 0, 0, 0, 0, 481.2340, 52.7193, -170.6574, 86574597
     101390, rtd, 67, 1090, -192, 435, -1964, 774, 1080, 0, 0, 481.2340, 52.7193, -170.6574, 86574597
     101438, rtd, 67, 1090, -192, 383, 0, 0, 0, 0, 0, 481.1451, 52.8428, 177.2235, 86574774
     101486, rtd, 67, 1090, -192, 332, 0, 0, 0, 0, 0, 481.1451, 52.8428, 177.2235, 86574774
     101534, rtd, 67, 1090, -192, 282, 0, 0, 0, 0, 0, 481.1451, 52.8428, 177.2235, 86574774
     101598, rtd, 67, 1090, -192, 231, 0, 0, 0, 0, 0, 481.1451, 52.8428, 177.2235, 86574774
     101646, rtd, 67, 1090, -192, 178, 0, 0, 0, 0, 0, 481.0394, 52.8516, 166.3667, 86575011
     101694, rtd, 67, 1090, -192, 128, -1964, 774, 1086, 0, 0, 481.0394, 52.8516, 166.3667, 86575011
     101742, rtd, 67, 1090, -192, 77, 0, 0, 0, 0, 0, 481.0394, 52.8516, 166.3667, 86575011
     101789, rtd, 67, 1090, -192, 26, 0, 0, 0, 0, 0, 481.0394, 52.8516, 166.3667, 86575011
     101837, rtd, 67, 1090, -192, 6260, 0, 0, 0, 0, 0, 480.9395, 52.7820, 153.1200, 86575219
     101885, rtd, 67, 1090, -192, 6210, 0, 0, 0, 0, 0, 480.9395, 52.7820, 153.1200, 86575219
     101933, rtd, 67, 1090, -192, 6159, 0, 0, 0, 0, 0, 480.9395, 52.7820, 153.1200, 86575219
     101997, rtd, 67, 1090, -192, 6107, -1964, 774, 1089, 0, 0, 480.9395, 52.7820, 153.1200, 86575219
     102045, rtd, 67, 1090, -192, 6057, 0, 0, 0, 0, 0, 480.9349, 52.7306, 143.6086, 86575389
     102093, rtd, 67, 1090, -192, 6006, 0, 0, 0, 0, 0, 480.9349, 52.7306, 143.6086, 86575389
     102141, rtd, 67, 1090, -192, 5956, 0, 0, 0, 0, 0, 480.9349, 52.7306, 143.6086, 86575389
     102189, rtd, 67, 1090, -192, 5905, 0, 0, 0, 0, 0, 480.9349, 52.7306, 143.6086, 86575389
     102237, rtd, 67, 1090, -192, 5855, 0, 0, 0, 0, 0, 480.9037, 52.6716, 130.5365, 86575645
     102285, rtd, 67, 1090, -192, 5802, -1178, 774, 1091, 0, 0, 480.9037, 52.6716, 130.5365, 86575645
     102349, rtd, 67, 1090, -192, 5752, 0, 0, 0, 0, 0, 480.9037, 52.6716, 130.5365, 86575645
     102396, rtd, 67, 1090, -192, 5701, 0, 0, 0, 0, 0, 480.9037, 52.6716, 130.5365, 86575645
     102444, rtd, 67, 1090, -192, 5651, 0, 0, 0, 0, 0, 480.8495, 52.6416, 125.5560, 86575728
     102492, rtd, 67, 1090, -192, 5600, 0, 0, 0, 0, 0, 480.8495, 52.6416, 125.5560, 86575728
     102540, rtd, 67, 1090, -192, 5548, 0, 0, 0, 0, 0, 480.8495, 52.6416, 125.5560, 86575728
     102588, rtd, 67, 1090, -192, 5499, -1178, 774, 957, 0, 0, 480.8495, 52.6416, 125.5560, 86575728
     102636, rtd, 67, 1090, -192, 5448, 0, 0, 0, 0, 0, 480.8235, 52.6216, 110.1478, 86576012
     102684, rtd, 67, 1090, -192, 5398, 0, 0, 0, 0, 0, 480.8235, 52.6216, 110.1478, 86576012
     102748, rtd, 67, 1090, -192, 5346, 0, 0, 0, 0, 0, 480.8235, 52.6216, 110.1478, 86576012
     102796, rtd, 67, 1090, -192, 5295, 0, 0, 0, 0, 0, 480.8235, 52.6216, 110.1478, 86576012
     102845, rtd, 67, 1090, -192, 5243, 0, 0, 0, 0, 0, 480.8235, 52.6216, 110.1478, 86576012
     102892, rtd, 67, 1090, -192, 5194, -774, 774, 1329, 0, 0, 480.9120, 52.5268, 91.5087, 86576290
     102940, rtd, 67, 1090, -192, 5141, 0, 0, 0, 0, 0, 480.9120, 52.5268, 91.5087, 86576290
     102988, rtd, 67, 1090, -192, 5092, 0, 0, 0, 0, 0, 480.9120, 52.5268, 91.5087, 86576290
     103036, rtd, 67, 1090, -192, 5039, 0, 0, 0, 0, 0, 480.9120, 52.5268, 91.5087, 86576290
     103084, rtd, 67, 1090, -192, 4989, 0, 0, 0, 0, 0, 480.8396, 52.4453, 84.6371, 86576407
     103147, rtd, 67, 1090, -192, 4938, 0, 0, 0, 0, 0, 480.8396, 52.4453, 84.6371, 86576407
     103195, rtd, 67, 1090, -192, 4886, -393, 774, 1076, 0, 0, 480.8396, 52.4453, 84.6371, 86576407
     103243, rtd, 67, 1090, -192, 4836, 0, 0, 0, 0, 0, 480.8396, 52.4453, 84.6371, 86576407
     103291, rtd, 67, 1090, -192, 4786, 0, 0, 0, 0, 0, 480.8807, 52.5203, 74.7810, 86576556
     103339, rtd, 67, 1090, -192, 4735, 0, 0, 0, 0, 0, 480.8807, 52.5203, 74.7810, 86576556
     103387, rtd, 67, 1090, -192, 4684, 0, 0, 0, 0, 0, 480.8807, 52.5203, 74.7810, 86576556
     103435, rtd, 67, 1090, -192, 4633, 0, 0, 0, 0, 0, 480.8807, 52.5203, 74.7810, 86576556
     103499, rtd, 67, 1090, -192, 4583, -393, 774, 1084, 0, 0, 480.8477, 52.6258, 56.7514, 86576838
     103547, rtd, 67, 1090, -192, 4532, 0, 0, 0, 0, 0, 480.8477, 52.6258, 56.7514, 86576838
     103595, rtd, 67, 1090, -193, 4487, 0, 0, 0, 0, 0, 480.8477, 52.6258, 56.7514, 86576838
     103642, rtd, 67, 1088, -198, 4455, 0, 0, 0, 0, 0, 480.8477, 52.6258, 56.7514, 86576838
     103690, rtd, 67, 1087, -205, 4422, 0, 0, 0, 0, 0, 480.6836, 52.5454, 46.3696, 86577000
     103738, rtd, 67, 1084, -212, 4420, 0, 0, 0, 0, 0, 480.6836, 52.5454, 46.3696, 86577000
     103786, rtd, 67, 1082, -219, 4420, 393, 774, 1359, 0, 0, 480.6836, 52.5454, 46.3696, 86577000
     103834, rtd, 67, 1080, -227, 4422, 0, 0, 0, 0, 0, 480.6836, 52.5454, 46.3696, 86577000
     103898, rtd, 67, 1078, -234, 4422, 0, 0, 0, 0, 0, 480.0865, 52.8032, 32.3038, 86577247
     103946, rtd, 67, 1076, -241, 4423, 0, 0, 0, 0, 0, 480.0865, 52.8032, 32.3038, 86577247
     103994, rtd, 67, 1073, -249, 4423, 0, 0, 0, 0, 0, 480.0865, 52.8032, 32.3038, 86577247
     104042, rtd, 67, 1071, -256, 4422, 0, 0, 0, 0, 0, 480.0865, 52.8032, 32.3038, 86577247
     104090, rtd, 67, 1069, -263, 4423, 393, 774, 1226, 0, 0, 473.2471, 55.7096, 29.5468, 86577421
     104138, rtd, 67, 1067, -270, 4424, 0, 0, 0, 0, 0, 473.2471, 55.7096, 29.5468, 86577421
     104186, rtd, 67, 1065, -278, 4424, 0, 0, 0, 0, 0, 473.2471, 55.7096, 29.5468, 86577421
     104234, rtd, 67, 1063, -285, 4423, 0, 0, 0, 0, 0, 473.2471, 55.7096, 29.5468, 86577421
     104297, rtd, 67, 1061, -292, 4425, 0, 0, 0, 0, 0, 466.3901, 58.4142, 29.8801, 86577588
     104345, rtd, 67, 1058, -299, 4425, 0, 0, 0, 0, 0, 466.3901, 58.4142, 29.8801, 86577588
     104393, rtd, 67, 1056, -307, 4423, 393, 774, 1226, 0, 0, 466.3901, 58.4142, 29.8801, 86577588
     104441, rtd, 67, 1054, -314, 4423, 0, 0, 0, 0, 0, 466.3901, 58.4142, 29.8801, 86577588
     104489, rtd, 67, 1052, -321, 4424, 0, 0, 0, 0, 0, 453.2587, 63.7390, 30.4544, 86577863
     104537, rtd, 67, 1050, -328, 4423, 0, 0, 0, 0, 0, 453.2587, 63.7390, 30.4544, 86577863
     104585, rtd, 67, 1048, -336, 4424, 0, 0, 0, 0, 0, 453.2587, 63.7390, 30.4544, 86577863
     104633, rtd, 67, 1045, -343, 4423, 0, 0, 0, 0, 0, 453.2587, 63.7390, 30.4544, 86577863
     104697, rtd, 67, 1043, -350, 4424, 393, 774, 889, 0, 0, 447.1784, 66.3388, 31.0166, 86577987
     104745, rtd, 67, 1041, -357, 4422, 0, 0, 0, 0, 0, 447.1784, 66.3388, 31.0166, 86577987
     104793, rtd, 67, 1039, -365, 4425, 0, 0, 0, 0, 0, 447.1784, 66.3388, 31.0166, 86577987
     104841, rtd, 67, 1037, -372, 4423, 0, 0, 0, 0, 0, 447.1784, 66.3388, 31.0166, 86577987
     104888, rtd, 67, 1035, -379, 4424, 0, 0, 0, 0, 0, 435.2487, 71.4180, 31.7392, 86578245
     104937, rtd, 67, 1032, -386, 4424, 0, 0, 0, 0, 0, 435.2487, 71.4180, 31.7392, 86578245
     104985, rtd, 67, 1030, -394, 4423, 393, 774, 721, 0, 0, 435.2487, 71.4180, 31.7392, 86578245
     105049, rtd, 67, 1028, -401, 4423, 0, 0, 0, 0, 0, 435.2487, 71.4180, 31.7392, 86578245
     105097, rtd, 67, 1026, -408, 4423, 0, 0, 0, 0, 0, 425.6412, 75.7082, 32.4035, 86578447
     105145, rtd, 67, 1024, -416, 4425, 0, 0, 0, 0, 0, 425.6412, 75.7082, 32.4035, 86578447
     105193, rtd, 67, 1022, -423, 4424, 0, 0, 0, 0, 0, 425.6412, 75.7082, 32.4035, 86578447
     105241, rtd, 67, 1019, -430, 4423, 0, 0, 0, 0, 0, 425.6412, 75.7082, 32.4035, 86578447
     105289, rtd, 67, 1017, -437, 4424, 393, 774, 772, 0, 0, 418.6551, 78.8575, 31.9140, 86578606
     105337, rtd, 67, 1015, -445, 4424, 0, 0, 0, 0, 0, 418.6551, 78.8575, 31.9140, 86578606
     105385, rtd, 67, 1013, -452, 4425, 0, 0, 0, 0, 0, 418.6551, 78.8575, 31.9140, 86578606
     105449, rtd, 67, 1011, -459, 4424, 0, 0, 0, 0, 0, 418.6551, 78.8575, 31.9140, 86578606
     105497, rtd, 67, 1009, -466, 4422, 0, 0, 0, 0, 0, 410.1406, 82.7780, 33.0127, 86578816
     105544, rtd, 67, 1007, -474, 4424, 0, 0, 0, 0, 0, 410.1406, 82.7780, 33.0127, 86578816
     105592, rtd, 67, 1004, -481, 4422, 393, 774, 797, 0, 0, 410.1406, 82.7780, 33.0127, 86578816
     105640, rtd, 67, 1002, -488, 4423, 0, 0, 0, 0, 0, 410.1406, 82.7780, 33.0127, 86578816
     105688, rtd, 67, 1000, -495, 4425, 0, 0, 0, 0, 0, 396.1926, 89.3822, 33.4554, 86579082
     105736, rtd, 67, 998, -503, 4423, 0, 0, 0, 0, 0, 396.1926, 89.3822, 33.4554, 86579082
     105800, rtd, 67, 996, -510, 4423, 0, 0, 0, 0, 0, 396.1926, 89.3822, 33.4554, 86579082
     105848, rtd, 67, 994, -517, 4424, 0, 0, 0, 0, 0, 396.1926, 89.3822, 33.4554, 86579082
     105896, rtd, 67, 991, -524, 4425, 393, 774, 945, 0, 0, 388.3270, 93.2668, 33.7334, 86579255
     105944, rtd, 67, 989, -532, 4423, 0, 0, 0, 0, 0, 388.3270, 93.2668, 33.7334, 86579255
     105992, rtd, 67, 987, -539, 4424, 0, 0, 0, 0, 0, 388.3270, 93.2668, 33.7334, 86579255
     106040, rtd, 67, 985, -546, 4424, 0, 0, 0, 0, 0, 388.3270, 93.2668, 33.7334, 86579255
     106088, rtd, 67, 983, -553, 4423, 0, 0, 0, 0, 0, 380.6437, 97.1258, 33.9950, 86579458
     106136, rtd, 67, 981, -561, 4423, 0, 0, 0, 0, 0, 380.6437, 97.1258, 33.9950, 86579458
     106199, rtd, 67, 979, -568, 4424, 393, 774, 884, 0, 0, 380.6437, 97.1258, 33.9950, 86579458
     106247, rtd, 67, 976, -575, 4423, 0, 0, 0, 0, 0, 380.6437, 97.1258, 33.9950, 86579458
     106295, rtd, 67, 974, -583, 4423, 0, 0, 0, 0, 0, 369.6025, 102.7281, 35.1385, 86579660
     106343, rtd, 67, 972, -590, 4422, 0, 0, 0, 0, 0, 369.6025, 102.7281, 35.1385, 86579660
     106391, rtd, 67, 970, -597, 4422, 0, 0, 0, 0, 0, 369.6025, 102.7281, 35.1385, 86579660
     106439, rtd, 67, 968, -604, 4423, 0, 0, 0, 0, 0, 369.6025, 102.7281, 35.1385, 86579660
     106487, rtd, 67, 966, -612, 4422, 393, 774, 853, 0, 0, 369.6025, 102.7281, 35.1385, 86579660
     106535, rtd, 67, 963, -619, 4424, 0, 0, 0, 0, 0, 360.0900, 107.8945, 35.5001, 86579878
     106599, rtd, 67, 961, -626, 4424, 0, 0, 0, 0, 0, 360.0900, 107.8945, 35.5001, 86579878
     106647, rtd, 67, 959, -633, 4425, 0, 0, 0, 0, 0, 360.0900, 107.8945, 35.5001, 86579878
     106695, rtd, 67, 957, -641, 4424, 0, 0, 0, 0, 0, 353.3212, 111.5491, 35.8894, 86580018
     106743, rtd, 67, 955, -648, 4424, 0, 0, 0, 0, 0, 353.3212, 111.5491, 35.8894, 86580018
     106792, rtd, 67, 953, -655, 4423, 393, 774, 838, 0, 0, 353.3212, 111.5491, 35.8894, 86580018
     106836, rtd, 67, 950, -662, 4424, 0, 0, 0, 0, 0, 353.3212, 111.5491, 35.8894, 86580018
     106884, rtd, 67, 948, -670, 4424, 0, 0, 0, 0, 0, 353.3212, 111.5491, 35.8894, 86580018
     106932, rtd, 67, 946, -677, 4424, 0, 0, 0, 0, 0, 342.0895, 117.6458, 37.0480, 86580270
     106996, rtd, 67, 944, -684, 4422, 0, 0, 0, 0, 0, 342.0895, 117.6458, 37.0480, 86580270
     107044, rtd, 67, 942, -691, 4423, 0, 0, 0, 0, 0, 342.0895, 117.6458, 37.0480, 86580270
     107092, rtd, 67, 940, -699, 4422, 393, 774, 695, 0, 0, 342.0895, 117.6458, 37.0480, 86580270
     107140, rtd, 67, 938, -706, 4424, 0, 0, 0, 0, 0, 332.7375, 122.9993, 37.5203, 86580479
     107188, rtd, 67, 935, -713, 4422, 0, 0, 0, 0, 0, 332.7375, 122.9993, 37.5203, 86580479
     107236, rtd, 67, 933, -720, 4422, 0, 0, 0, 0, 0, 332.7375, 122.9993, 37.5203, 86580479
     107284, rtd, 67, 931, -728, 4422, 0, 0, 0, 0, 0, 332.7375, 122.9993, 37.5203, 86580479
     107332, rtd, 67, 929, -735, 4425, 0, 0, 0, 0, 0, 320.9300, 129.9105, 37.5889, 86580727
     107396, rtd, 67, 927, -742, 4422, 393, 774, 624, 0, 0, 320.9300, 129.9105, 37.5889, 86580727
     107444, rtd, 67, 925, -749, 4422, 0, 0, 0, 0, 0, 320.9300, 129.9105, 37.5889, 86580727
     107492, rtd, 67, 922, -757, 4424, 0, 0, 0, 0, 0, 320.9300, 129.9105, 37.5889, 86580727
     107540, rtd, 67, 920, -764, 4424, 0, 0, 0, 0, 0, 316.7823, 132.4109, 37.5379, 86580850
     107588, rtd, 67, 918, -771, 4423, 0, 0, 0, 0, 0, 316.7823, 132.4109, 37.5379, 86580850
     107636, rtd, 67, 916, -779, 4423, 0, 0, 0, 0, 0, 316.7823, 132.4109, 37.5379, 86580850
     107684, rtd, 67, 914, -786, 4424, 393, 774, 588, 0, 0, 316.7823, 132.4109, 37.5379, 86580850
     107748, rtd, 67, 912, -793, 4424, 0, 0, 0, 0, 0, 305.8925, 138.8838, 38.5762, 86581101
     107796, rtd, 67, 909, -800, 4424, 0, 0, 0, 0, 0, 305.8925, 138.8838, 38.5762, 86581101
     107844, rtd, 67, 907, -808, 4423, 0, 0, 0, 0, 0, 305.8925, 138.8838, 38.5762, 86581101
     107892, rtd, 67, 905, -815, 4423, 0, 0, 0, 0, 0, 305.8925, 138.8838, 38.5762, 86581101
     107940, rtd, 67, 903, -822, 4424, 0, 0, 0, 0, 0, 299.9817, 142.5214, 38.8306, 86581209
     107988, rtd, 67, 901, -829, 4425, 393, 1075, 435, 0, 0, 299.9817, 142.5214, 38.8306, 86581209
     108036, rtd, 67, 899, -837, 4424, 0, 0, 0, 0, 0, 299.9817, 142.5214, 38.8306, 86581209
     108084, rtd, 67, 897, -844, 4423, 0, 0, 0, 0, 0, 299.9817, 142.5214, 38.8306, 86581209
     108148, rtd, 67, 894, -851, 4425, 0, 0, 0, 0, 0, 289.6586, 149.1583, 39.3328, 86581462
     108196, rtd, 67, 892, -858, 4425, 0, 0, 0, 0, 0, 289.6586, 149.1583, 39.3328, 86581462
     108244, rtd, 67, 890, -866, 4423, 0, 0, 0, 0, 0, 289.6586, 149.1583, 39.3328, 86581462
     108292, rtd, 67, 888, -873, 4422, 393, 1150, 277, 0, 0, 289.6586, 149.1583, 39.3328, 86581462
     108340, rtd, 67, 886, -880, 4422, 0, 0, 0, 0, 0, 277.9536, 156.4397, 40.0308, 86581715
     108388, rtd, 67, 884, -886, 4411, 0, 0, 0, 0, 0, 277.9536, 156.4397, 40.0308, 86581715
     108436, rtd, 67, 883, -890, 4383, 0, 0, 0, 0, 0, 277.9536, 156.4397, 40.0308, 86581715
     108484, rtd, 67, 882, -892, 4357, 0, 0, 0, 0, 0, 277.9536, 156.4397, 40.0308, 86581715
     108548, rtd, 67, 882, -891, 4290, 0, 0, 0, 0, 0, 273.6961, 159.1855, 40.2808, 86581811
     108596, rtd, 67, 883, -891, 4232, 393, 1173, 198, 0, 0, 273.6961, 159.1855, 40.2808, 86581811
     108644, rtd, 67, 882, -891, 4181, 0, 0, 0, 0, 0, 273.6961, 159.1855, 40.2808, 86581811
     108692, rtd, 67, 882, -891, 4132, 0, 0, 0, 0, 0, 273.6961, 159.1855, 40.2808, 86581811
     108740, rtd, 67, 883, -891, 4080, 0, 0, 0, 0, 0, 267.7434, 162.8917, 41.5504, 86582034
     108788, rtd, 67, 883, -891, 4031, 0, 0, 0, 0, 0, 267.7434, 162.8917, 41.5504, 86582034
     108835, rtd, 67, 883, -891, 3979, 0, 0, 0, 0, 0, 267.7434, 162.8917, 41.5504, 86582034
     108899, rtd, 67, 882, -891, 3927, 393, 1173, 198, 0, 0, 267.7434, 162.8917, 41.5504, 86582034
     108947, rtd, 67, 882, -891, 3876, 0, 0, 0, 0, 0, 267.8550, 162.7024, 34.3870, 86582268
     108995, rtd, 67, 882, -891, 3825, 0, 0, 0, 0, 0, 267.8550, 162.7024, 34.3870, 86582268
     109043, rtd, 67, 882, -891, 3774, 0, 0, 0, 0, 0, 267.8550, 162.7024, 34.3870, 86582268
     109091, rtd, 67, 882, -891, 3723, 0, 0, 0, 0, 0, 267.8550, 162.7024, 34.3870, 86582268
     109139, rtd, 67, 882, -891, 3672, 0, 0, 0, 0, 0, 267.9913, 162.5065, 20.5043, 86582517
     109187, rtd, 67, 882, -891, 3621, 393, 1173, 198, 0, 0, 267.9913, 162.5065, 20.5043, 86582517
     109235, rtd, 67, 882, -891, 3568, 0, 0, 0, 0, 0, 267.9913, 162.5065, 20.5043, 86582517
     109299, rtd, 67, 882, -891, 3518, 0, 0, 0, 0, 0, 267.9913, 162.5065, 20.5043, 86582517
     109347, rtd, 67, 882, -891, 3467, 0, 0, 0, 0, 0, 268.1070, 162.4842, 10.2050, 86582717
     109394, rtd, 67, 882, -891, 3417, 0, 0, 0, 0, 0, 268.1070, 162.4842, 10.2050, 86582717
     109442, rtd, 67, 882, -891, 3367, 0, 0, 0, 0, 0, 268.1070, 162.4842, 10.2050, 86582717
     109490, rtd, 67, 882, -891, 3317, 1571, 1252, 139, 0, 0, 268.1070, 162.4842, 10.2050, 86582717
     109538, rtd, 67, 882, -891, 3266, 0, 0, 0, 0, 0, 268.2433, 162.3668, 1.6565, 86582889
     109586, rtd, 67, 882, -891, 3216, 0, 0, 0, 0, 0, 268.2433, 162.3668, 1.6565, 86582889
     109634, rtd, 67, 882, -891, 3165, 0, 0, 0, 0, 0, 268.2433, 162.3668, 1.6565, 86582889
     109698, rtd, 67, 882, -891, 3113, 0, 0, 0, 0, 0, 268.2433, 162.3668, 1.6565, 86582889
     109746, rtd, 67, 882, -891, 3062, 0, 0, 0, 0, 0, 268.4002, 162.5077, -8.9840, 86583051
     109794, rtd, 67, 882, -891, 3010, 1571, 1257, 165, 0, 0, 268.4002, 162.5077, -8.9840, 86583051
     109842, rtd, 67, 882, -891, 2959, 0, 0, 0, 0, 0, 268.4002, 162.5077, -8.9840, 86583051
     109890, rtd, 67, 882, -891, 2907, 0, 0, 0, 0, 0, 268.4002, 162.5077, -8.9840, 86583051
     109938, rtd, 67, 882, -891, 2856, 0, 0, 0, 0, 0, 268.4486, 162.5794, -28.0600, 86583392
     109985, rtd, 67, 882, -891, 2806, 0, 0, 0, 0, 0, 268.4486, 162.5794, -28.0600, 86583392
     110049, rtd, 67, 882, -891, 2755, 0, 0, 0, 0, 0, 268.4486, 162.5794, -28.0600, 86583392
     110097, rtd, 67, 882, -891, 2703, 1964, 1200, 142, 0, 0, 268.4486, 162.5794, -28.0600, 86583392
     110145, rtd, 67, 882, -891, 2652, 0, 0, 0, 0, 0, 268.5460, 162.6254, -36.7956, 86583532
     110193, rtd, 67, 882, -891, 2602, 0, 0, 0, 0, 0, 268.5460, 162.6254, -36.7956, 86583532
     110241, rtd, 67, 882, -891, 2550, 0, 0, 0, 0, 0, 268.5460, 162.6254, -36.7956, 86583532
     110289, rtd, 67, 882, -891, 2498, 0, 0, 0, 0, 0, 268.5460, 162.6254, -36.7956, 86583532
     110337, rtd, 67, 882, -891, 2447, 0, 0, 0, 0, 0, 268.8925, 162.6532, -44.8073, 86583662
     110385, rtd, 67, 882, -891, 2397, 2368, 1257, 125, 0, 0, 268.8925, 162.6532, -44.8073, 86583662
     110449, rtd, 67, 882, -891, 2346, 0, 0, 0, 0, 0, 268.8925, 162.6532, -44.8073, 86583662
     110497, rtd, 67, 882, -891, 2294, 0, 0, 0, 0, 0, 268.8925, 162.6532, -44.8073, 86583662
     110545, rtd, 67, 882, -891, 2245, 0, 0, 0, 0, 0, 268.4175, 162.5271, -56.3102, 86583855
     110593, rtd, 67, 882, -891, 2193, 0, 0, 0, 0, 0, 268.4175, 162.5271, -56.3102, 86583855
     110641, rtd, 67, 882, -891, 2141, 0, 0, 0, 0, 0, 268.4175, 162.5271, -56.3102, 86583855
     110689, rtd, 67, 882, -891, 2092, 2749, 1200, 122, 0, 0, 268.4175, 162.5271, -56.3102, 86583855
     110736, rtd, 67, 882, -891, 2037, 0, 0, 0, 0, 0, 267.8295, 159.3161, -73.9500, 86584132
     110784, rtd, 67, 882, -891, 1988, 0, 0, 0, 0, 0, 267.8295, 159.3161, -73.9500, 86584132
     110848, rtd, 67, 882, -891, 1939, 0, 0, 0, 0, 0, 267.8295, 159.3161, -73.9500, 86584132
     110896, rtd, 67, 882, -891, 1887, 0, 0, 0, 0, 0, 267.8295, 159.3161, -73.9500, 86584132
     110944, rtd, 67, 882, -891, 1839, 0, 0, 0, 0, 0, 268.0653, 163.3091, -83.8300, 86584326
     110992, rtd, 67, 882, -891, 1787, 2749, 1184, 121, 0, 0, 268.0653, 163.3091, -83.8300, 86584326
     111040, rtd, 67, 882, -891, 1737, 0, 0, 0, 0, 0, 268.0653, 163.3091, -83.8300, 86584326
     111088, rtd, 67, 882, -891, 1685, 0, 0, 0, 0, 0, 268.0653, 163.3091, -83.8300, 86584326
     111136, rtd, 67, 882, -891, 1636, 0, 0, 0, 0, 0, 268.0653, 163.3091, -83.8300, 86584326
     111184, rtd, 67, 882, -889, 1587, 0, 0, 0, 0, 0, 268.0956, 162.9685, -96.0160, 86584496
     111248, rtd, 67, 882, -885, 1580, 0, 0, 0, 0, 0, 268.0956, 162.9685, -96.0160, 86584496
     111296, rtd, 67, 882, -880, 1599, 2749, 1184, 121, 0, 0, 268.0956, 162.9685, -96.0160, 86584496
     111343, rtd, 67, 882, -875, 1630, 0, 0, 0, 0, 0, 268.1275, 163.0930, -112.1139, 86584751
     111391, rtd, 67, 882, -870, 1655, 0, 0, 0, 0, 0, 268.1275, 163.0930, -112.1139, 86584751
     111439, rtd, 67, 881, -865, 1681, 0, 0, 0, 0, 0, 268.1275, 163.0930, -112.1139, 86584751
     111487, rtd, 67, 881, -860, 1703, 0, 0, 0, 0, 0, 268.1275, 163.0930, -112.1139, 86584751
     111535, rtd, 67, 880, -855, 1730, 0, 0, 0, 0, 0, 268.1275, 163.0930, -112.1139, 86584751
     111599, rtd, 67, 879, -850, 1752, 3142, 1257, 228, 0, 0, 269.5305, 160.8052, -118.2877, 86584915
     111647, rtd, 67, 878, -845, 1778, 0, 0, 0, 0, 0, 269.5305, 160.8052, -118.2877, 86584915
     111695, rtd, 67, 877, -840, 1801, 0, 0, 0, 0, 0, 269.5305, 160.8052, -118.2877, 86584915
     111743, rtd, 67, 876, -835, 1827, 0, 0, 0, 0, 0, 269.5305, 160.8052, -118.2877, 86584915
     111791, rtd, 67, 874, -830, 1850, 0, 0, 0, 0, 0, 272.6500, 156.4651, -114.2608, 86585112
     111839, rtd, 67, 873, -825, 1877, 0, 0, 0, 0, 0, 272.6500, 156.4651, -114.2608, 86585112
     111887, rtd, 67, 871, -821, 1902, 3142, 1257, 268, 0, 0, 272.6500, 156.4651, -114.2608, 86585112
     111934, rtd, 67, 870, -816, 1925, 0, 0, 0, 0, 0, 272.6500, 156.4651, -114.2608, 86585112
     111998, rtd, 67, 868, -811, 1951, 0, 0, 0, 0, 0, 276.3676, 150.1967, -108.7555, 86585295
     112046, rtd, 67, 866, -806, 1976, 0, 0, 0, 0, 0, 276.3676, 150.1967, -108.7555, 86585295
     112094, rtd, 67, 864, -802, 1999, 0, 0, 0, 0, 0, 276.3676, 150.1967, -108.7555, 86585295
     112142, rtd, 67, 862, -797, 2023, 0, 0, 0, 0, 0, 276.3676, 150.1967, -108.7555, 86585295
     112190, rtd, 67, 860, -793, 2048, 3142, 813, 481, 0, 0, 279.3829, 143.6858, -102.6903, 86585511
     112238, rtd, 67, 857, -788, 2071, 0, 0, 0, 0, 0, 279.3829, 143.6858, -102.6903, 86585511
     112286, rtd, 67, 855, -784, 2095, 0, 0, 0, 0, 0, 279.3829, 143.6858, -102.6903, 86585511
     112334, rtd, 67, 852, -780, 2119, 0, 0, 0, 0, 0, 279.3829, 143.6858, -102.6903, 86585511
     112398, rtd, 67, 849, -775, 2144, 0, 0, 0, 0, 0, 281.8150, 136.2174, -96.8334, 86585734
     112446, rtd, 67, 847, -771, 2169, 0, 0, 0, 0, 0, 281.8150, 136.2174, -96.8334, 86585734
     112494, rtd, 67, 844, -767, 2194, 3142, 1155, 331, 0, 0, 281.8150, 136.2174, -96.8334, 86585734
     112542, rtd, 67, 841, -763, 2219, 0, 0, 0, 0, 0, 281.8150, 136.2174, -96.8334, 86585734
     112590, rtd, 67, 838, -759, 2242, 0, 0, 0, 0, 0, 283.0105, 130.6172, -91.8896, 86585891
     112637, rtd, 67, 834, -755, 2269, 0, 0, 0, 0, 0, 283.0105, 130.6172, -91.8896, 86585891
     112685, rtd, 67, 831, -751, 2293, 0, 0, 0, 0, 0, 283.0105, 130.6172, -91.8896, 86585891
     112749, rtd, 67, 828, -747, 2317, 0, 0, 0, 0, 0, 283.0105, 130.6172, -91.8896, 86585891
     112797, rtd, 67, 824, -744, 2342, 2749, 873, 442, 0, 0, 283.8473, 126.0533, -88.8606, 86586027
     112845, rtd, 67, 821, -740, 2367, 0, 0, 0, 0, 0, 283.8473, 126.0533, -88.8606, 86586027
     112893, rtd, 67, 817, -737, 2390, 0, 0, 0, 0, 0, 283.8473, 126.0533, -88.8606, 86586027
     112941, rtd, 67, 813, -733, 2413, 0, 0, 0, 0, 0, 283.8473, 126.0533, -88.8606, 86586027
     112989, rtd, 67, 810, -730, 2439, 0, 0, 0, 0, 0, 284.5342, 115.8523, -79.8008, 86586329
     113037, rtd, 67, 806, -727, 2463, 0, 0, 0, 0, 0, 284.5342, 115.8523, -79.8008, 86586329
     113086, rtd, 67, 802, -724, 2488, 2749, 1100, 632, 0, 0, 284.5342, 115.8523, -79.8008, 86586329
     113149, rtd, 67, 798, -721, 2513, 0, 0, 0, 0, 0, 284.5342, 115.8523, -79.8008, 86586329
     113197, rtd, 67, 794, -718, 2537, 0, 0, 0, 0, 0, 283.8013, 107.1281, -72.8843, 86586593
     113244, rtd, 67, 789, -715, 2563, 0, 0, 0, 0, 0, 283.8013, 107.1281, -72.8843, 86586593
     113292, rtd, 67, 785, -712, 2586, 0, 0, 0, 0, 0, 283.8013, 107.1281, -72.8843, 86586593
     113340, rtd, 67, 781, -710, 2611, 0, 0, 0, 0, 0, 283.8013, 107.1281, -72.8843, 86586593
     113388, rtd, 67, 776, -707, 2634, 2368, 1546, 572, 0, 0, 283.0996, 103.2929, -69.9502, 86586723
     113436, rtd, 67, 772, -705, 2660, 0, 0, 0, 0, 0, 283.0996, 103.2929, -69.9502, 86586723
     113484, rtd, 67, 768, -702, 2684, 0, 0, 0, 0, 0, 283.0996, 103.2929, -69.9502, 86586723
     113548, rtd, 67, 763, -700, 2708, 0, 0, 0, 0, 0, 283.0996, 103.2929, -69.9502, 86586723
     113596, rtd, 67, 758, -698, 2734, 0, 0, 0, 0, 0, 281.5002, 96.3701, -64.4762, 86586897
     113644, rtd, 67, 754, -696, 2757, 0, 0, 0, 0, 0, 281.5002, 96.3701, -64.4762, 86586897
     113692, rtd, 67, 749, -694, 2781, 2368, 1571, 557, 0, 0, 281.5002, 96.3701, -64.4762, 86586897
     113740, rtd, 67, 744, -693, 2807, 0, 0, 0, 0, 0, 281.5002, 96.3701, -64.4762, 86586897
     113788, rtd, 67, 740, -691, 2830, 0, 0, 0, 0, 0, 279.2005, 89.7632, -58.6345, 86587099
     113836, rtd, 67, 735, -690, 2855, 0, 0, 0, 0, 0, 279.2005, 89.7632, -58.6345, 86587099
     113899, rtd, 67, 730, -688, 2880, 0, 0, 0, 0, 0, 279.2005, 89.7632, -58.6345, 86587099
     113947, rtd, 67, 725, -687, 2906, 0, 0, 0, 0, 0, 279.2005, 89.7632, -58.6345, 86587099
     113995, rtd, 67, 720, -686, 2929, 2368, 1571, 756, 0, 1000, 275.9485, 82.8665, -52.7324, 86587363
     114043, rtd, 67, 715, -685, 2954, 0, 0, 0, 0, 0, 275.9485, 82.8665, -52.7324, 86587363
     114091, rtd, 67, 710, -684, 2978, 0, 0, 0, 0, 0, 275.9485, 82.8665, -52.7324, 86587363
     114139, rtd, 67, 705, -683, 3001, 0, 0, 0, 0, 0, 275.9485, 82.8665, -52.7324, 86587363
     114187, rtd, 67, 700, -683, 3026, 0, 0, 0, 0, 0, 273.1151, 78.1856, -48.1464, 86587495
     114235, rtd, 67, 695, -682, 3051, 0, 0, 0, 0, 0, 273.1151, 78.1856, -48.1464, 86587495
     114299, rtd, 67, 690, -682, 3076, 2368, 1571, 603, 0, 1000, 273.1151, 78.1856, -48.1464, 86587495
     114347, rtd, 67, 685, -681, 3101, 0, 0, 0, 0, 0, 273.1151, 78.1856, -48.1464, 86587495
     114395, rtd, 67, 680, -681, 3124, 0, 0, 0, 0, 0, 268.2583, 71.2944, -42.1633, 86587745
     114443, rtd, 67, 675, -681, 3150, 0, 0, 0, 0, 0, 268.2583, 71.2944, -42.1633, 86587745
     114491, rtd, 67, 670, -681, 3173, 0, 0, 0, 0, 0, 268.2583, 71.2944, -42.1633, 86587745
     114539, rtd, 67, 665, -681, 3198, 0, 0, 0, 0, 0, 268.2583, 71.2944, -42.1633, 86587745
     114587, rtd, 67, 660, -682, 3222, 2368, 967, 565, 0, 1000, 264.8827, 67.4992, -37.6482, 86587903
     114634, rtd, 67, 655, -682, 3246, 0, 0, 0, 0, 0, 264.8827, 67.4992, -37.6482, 86587903
     114698, rtd, 67, 650, -683, 3270, 0, 0, 0, 0, 0, 264.8827, 67.4992, -37.6482, 86587903
     114746, rtd, 67, 645, -684, 3295, 0, 0, 0, 0, 0, 264.8827, 67.4992, -37.6482, 86587903
     114794, rtd, 67, 640, -684, 3320, 0, 0, 0, 0, 0, 259.7103, 62.4429, -32.2056, 86588112
     114842, rtd, 67, 635, -685, 3344, 0, 0, 0, 0, 0, 259.7103, 62.4429, -32.2056, 86588112
     114890, rtd, 67, 630, -686, 3367, 1964, 829, 694, 150, 0, 259.7103, 62.4429, -32.2056, 86588112
     114938, rtd, 67, 625, -688, 3392, 0, 0, 0, 0, 0, 259.7103, 62.4429, -32.2056, 86588112
     114986, rtd, 67, 620, -689, 3416, 0, 0, 0, 0, 0, 254.2234, 58.0709, -27.5025, 86588316
     115034, rtd, 67, 615, -690, 3441, 0, 0, 0, 0, 0, 254.2234, 58.0709, -27.5025, 86588316
     115098, rtd, 67, 610, -692, 3467, 0, 0, 0, 0, 0, 254.2234, 58.0709, -27.5025, 86588316
     115146, rtd, 67, 606, -694, 3491, 0, 0, 0, 0, 0, 254.2234, 58.0709, -27.5025, 86588316
     115194, rtd, 67, 601, -695, 3516, 1964, 797, 623, 150, 0, 246.5914, 53.1856, -20.5989, 86588560
     115241, rtd, 67, 596, -697, 3538, 0, 0, 0, 0, 0, 246.5914, 53.1856, -20.5989, 86588560
     115289, rtd, 67, 592, -699, 3565, 0, 0, 0, 0, 0, 246.5914, 53.1856, -20.5989, 86588560
     115337, rtd, 67, 587, -701, 3588, 0, 0, 0, 0, 0, 246.5914, 53.1856, -20.5989, 86588560
     115385, rtd, 67, 583, -704, 3614, 0, 0, 0, 0, 0, 241.6050, 50.5584, -16.0135, 86588763
     115449, rtd, 67, 578, -706, 3638, 0, 0, 0, 0, 0, 241.6050, 50.5584, -16.0135, 86588763
     115497, rtd, 67, 574, -708, 3664, 1964, 781, 723, 0, 1000, 241.6050, 50.5584, -16.0135, 86588763
     115545, rtd, 67, 571, -710, 3689, 0, 0, 0, 0, 0, 241.6050, 50.5584, -16.0135, 86588763
     115593, rtd, 67, 570, -711, 3727, 0, 0, 0, 0, 0, 234.3451, 47.6657, -10.8133, 86588976
     115641, rtd, 67, 570, -710, 3798, 0, 0, 0, 0, 0, 234.3451, 47.6657, -10.8133, 86588976
     115689, rtd, 67, 571, -710, 3857, 0, 0, 0, 0, 0, 234.3451, 47.6657, -10.8133, 86588976
     115737, rtd, 67, 571, -710, 3909, 0, 0, 0, 0, 0, 234.3451, 47.6657, -10.8133, 86588976
     115784, rtd, 67, 571, -710, 3957, 1964, 774, 638, 0, 1000, 230.1763, 47.3215, -10.7277, 86589167
     115848, rtd, 67, 571, -710, 4008, 0, 0, 0, 0, 0, 230.1763, 47.3215, -10.7277, 86589167
     115896, rtd, 67, 571, -710, 4059, 0, 0, 0, 0, 0, 230.1763, 47.3215, -10.7277, 86589167
     115944, rtd, 67, 571, -710, 4113, 0, 0, 0, 0, 0, 230.1763, 47.3215, -10.7277, 86589167
     115992, rtd, 67, 571, -710, 4164, 0, 0, 0, 0, 0, 230.3643, 47.4779, -5.2047, 86589326
     116040, rtd, 67, 571, -710, 4214, 0, 0, 0, 0, 0, 230.3643, 47.4779, -5.2047, 86589326
     116088, rtd, 67, 571, -710, 4264, 1571, 40, 574, 0, 1000, 230.3643, 47.4779, -5.2047, 86589326
     116136, rtd, 67, 571, -710, 4314, 0, 0, 0, 0, 0, 230.3643, 47.4779, -5.2047, 86589326
     116184, rtd, 67, 571, -710, 4366, 0, 0, 0, 0, 0, 230.4750, 47.6213, 6.4053, 86589541
     116248, rtd, 67, 571, -710, 4416, 0, 0, 0, 0, 0, 230.4750, 47.6213, 6.4053, 86589541
     116296, rtd, 67, 571, -710, 4468, 0, 0, 0, 0, 0, 230.4750, 47.6213, 6.4053, 86589541
     116344, rtd, 67, 571, -710, 4516, 0, 0, 0, 0, 0, 230.4750, 47.6213, 6.4053, 86589541
     116392, rtd, 67, 571, -710, 4568, 1178, 5, 563, 0, 1000, 230.2393, 47.5459, 17.9251, 86589742
     116439, rtd, 67, 571, -710, 4620, 0, 0, 0, 0, 0, 230.2393, 47.5459, 17.9251, 86589742
     116487, rtd, 67, 571, -710, 4669, 0, 0, 0, 0, 0, 230.2393, 47.5459, 17.9251, 86589742
     116535, rtd, 67, 571, -710, 4722, 0, 0, 0, 0, 0, 230.2393, 47.5459, 17.9251, 86589742
     116599, rtd, 67, 571, -710, 4773, 0, 0, 0, 0, 0, 230.1612, 47.6649, 29.5203, 86589961
     116647, rtd, 67, 571, -710, 4823, 0, 0, 0, 0, 0, 230.1612, 47.6649, 29.5203, 86589961
     116695, rtd, 67, 571, -710, 4874, 774, -597, 623, 0, 1000, 230.1612, 47.6649, 29.5203, 86589961
     116743, rtd, 67, 571, -710, 4924, 0, 0, 0, 0, 0, 230.1612, 47.6649, 29.5203, 86589961
     116791, rtd, 67, 571, -710, 4974, 0, 0, 0, 0, 0, 230.0013, 47.8433, 39.8613, 86590146
     116839, rtd, 67, 571, -710, 5025, 0, 0, 0, 0, 0, 230.0013, 47.8433, 39.8613, 86590146
     116887, rtd, 67, 571, -710, 5076, 0, 0, 0, 0, 0, 230.0013, 47.8433, 39.8613, 86590146
     116935, rtd, 67, 571, -710, 5128, 0, 0, 0, 0, 0, 230.0013, 47.8433, 39.8613, 86590146
     116999, rtd, 67, 571, -710, 5178, 774, -765, 570, 0, 1000, 230.0542, 47.8890, 50.2188, 86590339
     117047, rtd, 67, 571, -710, 5231, 0, 0, 0, 0, 0, 230.0542, 47.8890, 50.2188, 86590339
     117094, rtd, 67, 571, -710, 5281, 0, 0, 0, 0, 0, 230.0542, 47.8890, 50.2188, 86590339
     117142, rtd, 67, 570, -710, 5333, 0, 0, 0, 0, 0, 230.0542, 47.8890, 50.2188, 86590339
     117190, rtd, 67, 571, -710, 5385, 0, 0, 0, 0, 0, 229.9864, 47.9885, 61.3484, 86590538
     117238, rtd, 67, 571, -710, 5435, 0, 0, 0, 0, 0, 229.9864, 47.9885, 61.3484, 86590538
     117286, rtd, 67, 571, -710, 5486, 393, -774, 561, 0, 1000, 229.9864, 47.9885, 61.3484, 86590538
     117334, rtd, 67, 571, -710, 5537, 0, 0, 0, 0, 0, 229.9864, 47.9885, 61.3484, 86590538
     117398, rtd, 67, 571, -710, 5586, 0, 0, 0, 0, 0, 229.9789, 47.9127, 75.7542, 86590750
     117446, rtd, 67, 571, -710, 5639, 0, 0, 0, 0, 0, 229.9789, 47.9127, 75.7542, 86590750
     117494, rtd, 67, 571, -710, 5688, 0, 0, 0, 0, 0, 229.9789, 47.9127, 75.7542, 86590750
     117542, rtd, 67, 571, -710, 5739, 0, 0, 0, 0, 0, 229.9789, 47.9127, 75.7542, 86590750
     117590, rtd, 67, 571, -710, 5789, 0, -1526, 555, 0, 1000, 229.9789, 47.9127, 75.7542, 86590750
     117637, rtd, 67, 571, -710, 5841, 0, 0, 0, 0, 0, 229.9789, 47.9127, 75.7542, 86590750
     117685, rtd, 67, 571, -710, 5892, 0, 0, 0, 0, 0, 229.9789, 47.9127, 75.7542, 86590750
     117749, rtd, 67, 571, -710, 5942, 0, 0, 0, 0, 0, 229.9789, 47.9127, 75.7542, 86590750
     117797, rtd, 67, 571, -710, 5993, 0, 0, 0, 0, 0, 229.9789, 47.9127, 75.7542, 86590750
     117845, rtd, 67, 571, -710, 6045, 0, 0, 0, 0, 0, 229.9789, 47.9127, 75.7542, 86590750
     117893, rtd, 67, 571, -710, 6095, 0, -1571, 621, 0, 1000, 229.9789, 47.9127, 75.7542, 86590750
     117941, rtd, 67, 571, -710, 6146, 0, 0, 0, 0, 0, 229.9789, 47.9127, 75.7542, 86590750
     117989, rtd, 67, 571, -710, 6196, 0, 0, 0, 0, 0, 230.2463, 47.9812, 114.1296, 86591405
     118037, rtd, 67, 571, -710, 6246, 0, 0, 0, 0, 0, 230.2463, 47.9812, 114.1296, 86591405
     118085, rtd, 67, 571, -710, 14, 0, 0, 0, 0, 0, 230.2463, 47.9812, 114.1296, 86591405
     118149, rtd, 67, 571, -710, 67, 0, 0, 0, 0, 0, 230.2463, 47.9812, 114.1296, 86591405
     118197, rtd, 67, 571, -710, 115, -774, -2175, 570, 100, 500, 229.9613, 48.1583, 126.9307, 86591565
     118245, rtd, 67, 571, -710, 167, 0, 0, 0, 0, 0, 229.9613, 48.1583, 126.9307, 86591565
     118293, rtd, 67, 571, -710, 217, 0, 0, 0, 0, 0, 229.9613, 48.1583, 126.9307, 86591565
     118340, rtd, 67, 571, -710, 269, 0, 0, 0, 0, 0, 229.9613, 48.1583, 126.9307, 86591565
     118388, rtd, 67, 572, -710, 319, 0, 0, 0, 0, 0, 229.9970, 48.1356, 135.0615, 86591725
     118436, rtd, 67, 577, -708, 349, 0, 0, 0, 0, 0, 229.9970, 48.1356, 135.0615, 86591725
     118500, rtd, 67, 583, -706, 382, -774, -2345, 557, 100, 500, 229.9970, 48.1356, 135.0615, 86591725
     118548, rtd, 67, 590, -703, 385, 0, 0, 0, 0, 0, 229.9970, 48.1356, 135.0615, 86591725
     118596, rtd, 67, 597, -700, 382, 0, 0, 0, 0, 0, 229.9226, 48.1316, 152.2799, 86591982
     118644, rtd, 67, 604, -697, 383, 0, 0, 0, 0, 0, 229.9226, 48.1316, 152.2799, 86591982
     118692, rtd, 67, 611, -694, 382, 0, 0, 0, 0, 0, 229.9226, 48.1316, 152.2799, 86591982
     118740, rtd, 67, 618, -692, 382, 0, 0, 0, 0, 0, 229.9226, 48.1316, 152.2799, 86591982
     118788, rtd, 67, 625, -689, 383, -1178, -2368, 554, 100, 500, 232.5479, 49.8586, 159.4149, 86592130
     118836, rtd, 67, 632, -686, 382, 0, 0, 0, 0, 0, 232.5479, 49.8586, 159.4149, 86592130
     118900, rtd, 67, 639, -683, 382, 0, 0, 0, 0, 0, 232.5479, 49.8586, 159.4149, 86592130
     118948, rtd, 67, 646, -680, 382, 0, 0, 0, 0, 0, 232.5479, 49.8586, 159.4149, 86592130
     118995, rtd, 67, 653, -677, 383, 0, 0, 0, 0, 0, 241.8867, 55.0256, 159.5635, 86592326
     119043, rtd, 67, 660, -675, 382, 0, 0, 0, 0, 0, 241.8867, 55.0256, 159.5635, 86592326
     119091, rtd, 67, 668, -672, 382, -1178, -2368, 554, 100, 500, 241.8867, 55.0256, 159.5635, 86592326
     119139, rtd, 67, 675, -669, 383, 0, 0, 0, 0, 0, 241.8867, 55.0256, 159.5635, 86592326
     119187, rtd, 67, 682, -666, 382, 0, 0, 0, 0, 0, 251.0486, 60.3046, 159.1338, 86592531
     119235, rtd, 67, 689, -663, 382, 0, 0, 0, 0, 0, 251.0486, 60.3046, 159.1338, 86592531
     119299, rtd, 67, 696, -661, 382, 0, 0, 0, 0, 0, 251.0486, 60.3046, 159.1338, 86592531
     119347, rtd, 67, 703, -658, 384, 0, 0, 0, 0, 0, 251.0486, 60.3046, 159.1338, 86592531
     119395, rtd, 67, 710, -655, 383, -1178, -2961, 553, 100, 500, 259.2325, 64.8636, 159.7175, 86592739
     119443, rtd, 67, 717, -652, 382, 0, 0, 0, 0, 0, 259.2325, 64.8636, 159.7175, 86592739
     119491, rtd, 67, 724, -649, 383, 0, 0, 0, 0, 0, 259.2325, 64.8636, 159.7175, 86592739
     119538, rtd, 67, 731, -646, 383, 0, 0, 0, 0, 0, 259.2325, 64.8636, 159.7175, 86592739
     119586, rtd, 67, 738, -644, 382, 0, 0, 0, 0, 0, 267.9088, 69.7640, 159.8968, 86592921
     119634, rtd, 67, 745, -641, 382, 0, 0, 0, 0, 0, 267.9088, 69.7640, 159.8968, 86592921
     119698, rtd, 67, 752, -638, 382, -1571, -3137, 688, 100, 500, 267.9088, 69.7640, 159.8968, 86592921
     119746, rtd, 67, 759, -635, 382, 0, 0, 0, 0, 0, 267.9088, 69.7640, 159.8968, 86592921
     119794, rtd, 67, 766, -632, 382, 0, 0, 0, 0, 0, 272.1077, 72.1182, 160.0628, 86593011
     119842, rtd, 67, 773, -629, 383, 0, 0, 0, 0, 0, 272.1077, 72.1182, 160.0628, 86593011
     119890, rtd, 67, 780, -627, 382, 0, 0, 0, 0, 0, 272.1077, 72.1182, 160.0628, 86593011
     119938, rtd, 67, 787, -624, 384, 0, 0, 0, 0, 0, 272.1077, 72.1182, 160.0628, 86593011
     119986, rtd, 67, 794, -621, 382, -1571, 3142, 383, 100, 500, 287.2629, 80.3000, 160.4642, 86593336
     120034, rtd, 67, 801, -618, 385, 0, 0, 0, 0, 0, 287.2629, 80.3000, 160.4642, 86593336
     120098, rtd, 67, 808, -615, 382, 0, 0, 0, 0, 0, 287.2629, 80.3000, 160.4642, 86593336
     120145, rtd, 67, 815, -612, 382, 0, 0, 0, 0, 0, 287.2629, 80.3000, 160.4642, 86593336
     120193, rtd, 67, 822, -610, 384, 0, 0, 0, 0, 0, 295.9063, 84.8982, 160.4484, 86593546
     120241, rtd, 67, 829, -607, 384, 0, 0, 0, 0, 0, 295.9063, 84.8982, 160.4484, 86593546
     120289, rtd, 67, 836, -604, 383, -1571, 2545, 510, 0, -1000, 295.9063, 84.8982, 160.4484, 86593546
     120337, rtd, 67, 843, -601, 383, 0, 0, 0, 0, 0, 295.9063, 84.8982, 160.4484, 86593546
     120383, rtd, 67, 850, -598, 385, 0, 0, 0, 0, 0, 295.9063, 84.8982, 160.4484, 86593546
     120447, rtd, 67, 857, -596, 384, 0, 0, 0, 0, 0, 306.2728, 90.3411, 161.1476, 86593742
     120495, rtd, 67, 864, -593, 383, 0, 0, 0, 0, 0, 306.2728, 90.3411, 161.1476, 86593742
     120543, rtd, 67, 871, -590, 384, 0, 0, 0, 0, 0, 306.2728, 90.3411, 161.1476, 86593742
     120591, rtd, 67, 878, -587, 384, -1571, 2813, 744, 0, -1000, 306.2728, 90.3411, 161.1476, 86593742
     120639, rtd, 67, 885, -584, 383, 0, 0, 0, 0, 0, 311.3180, 93.0141, 161.1630, 86593870
     120687, rtd, 67, 892, -581, 383, 0, 0, 0, 0, 0, 311.3180, 93.0141, 161.1630, 86593870
     120735, rtd, 67, 899, -579, 384, 0, 0, 0, 0, 0, 311.3180, 93.0141, 161.1630, 86593870
     120783, rtd, 67, 906, -576, 383, 0, 0, 0, 0, 0, 311.3180, 93.0141, 161.1630, 86593870
     120847, rtd, 67, 913, -573, 383, 0, 0, 0, 0, 0, 325.7857, 100.3136, 162.4537, 86594202
     120895, rtd, 67, 920, -570, 383, -1571, 3127, 600, 0, -1000, 325.7857, 100.3136, 162.4537, 86594202
     120943, rtd, 67, 927, -567, 382, 0, 0, 0, 0, 0, 325.7857, 100.3136, 162.4537, 86594202
     120992, rtd, 67, 935, -564, 383, 0, 0, 0, 0, 0, 325.7857, 100.3136, 162.4537, 86594202
     121040, rtd, 67, 942, -562, 382, 0, 0, 0, 0, 0, 336.3303, 105.3248, 163.1656, 86594408
     121088, rtd, 67, 949, -559, 386, 0, 0, 0, 0, 0, 336.3303, 105.3248, 163.1656, 86594408
     121136, rtd, 67, 956, -556, 385, 0, 0, 0, 0, 0, 336.3303, 105.3248, 163.1656, 86594408
     121200, rtd, 67, 963, -553, 382, -1571, 3127, 600, 0, -1000, 336.3303, 105.3248, 163.1656, 86594408
     121248, rtd, 67, 970, -550, 383, 0, 0, 0, 0, 0, 344.1855, 109.0027, 163.5102, 86594577
     121295, rtd, 67, 977, -547, 383, 0, 0, 0, 0, 0, 344.1855, 109.0027, 163.5102, 86594577
     121343, rtd, 67, 984, -545, 384, 0, 0, 0, 0, 0, 344.1855, 109.0027, 163.5102, 86594577
     121391, rtd, 67, 991, -542, 383, 0, 0, 0, 0, 0, 344.1855, 109.0027, 163.5102, 86594577
     121439, rtd, 67, 998, -539, 386, 0, 0, 0, 0, 0, 355.0869, 114.0168, 163.9876, 86594805
     121487, rtd, 67, 1005, -536, 384, -1964, 3142, 576, 0, -1000, 355.0869, 114.0168, 163.9876, 86594805
     121535, rtd, 67, 1012, -533, 382, 0, 0, 0, 0, 0, 355.0869, 114.0168, 163.9876, 86594805
     121599, rtd, 67, 1019, -530, 383, 0, 0, 0, 0, 0, 355.0869, 114.0168, 163.9876, 86594805
     121647, rtd, 67, 1026, -528, 384, 0, 0, 0, 0, 0, 363.2078, 117.6461, 164.6596, 86594965
     121695, rtd, 67, 1033, -525, 382, 0, 0, 0, 0, 0, 363.2078, 117.6461, 164.6596, 86594965
     121743, rtd, 67, 1040, -522, 384, 0, 0, 0, 0, 0, 363.2078, 117.6461, 164.6596, 86594965
     121791, rtd, 67, 1047, -519, 384, -1964, -2545, 564, 0, -1000, 363.2078, 117.6461, 164.6596, 86594965
     121839, rtd, 67, 1054, -516, 383, 0, 0, 0, 0, 0, 374.6587, 122.7666, 165.3958, 86595230
     121887, rtd, 67, 1061, -513, 385, 0, 0, 0, 0, 0, 374.6587, 122.7666, 165.3958, 86595230
     121934, rtd, 67, 1068, -511, 384, 0, 0, 0, 0, 0, 374.6587, 122.7666, 165.3958, 86595230
     121998, rtd, 67, 1075, -508, 383, 0, 0, 0, 0, 0, 374.6587, 122.7666, 165.3958, 86595230
     122046, rtd, 67, 1082, -505, 383, 0, 0, 0, 0, 0, 381.7888, 125.7495, 165.7637, 86595389
     122094, rtd, 67, 1089, -502, 383, -1964, -2407, 558, 0, -1000, 381.7888, 125.7495, 165.7637, 86595389
     122142, rtd, 67, 1096, -499, 385, 0, 0, 0, 0, 0, 381.7888, 125.7495, 165.7637, 86595389
     122190, rtd, 67, 1103, -496, 383, 0, 0, 0, 0, 0, 381.7888, 125.7495, 165.7637, 86595389
     122238, rtd, 67, 1110, -494, 384, 0, 0, 0, 0, 0, 390.0293, 129.1403, 166.3418, 86595527
     122286, rtd, 67, 1117, -491, 383, 0, 0, 0, 0, 0, 390.0293, 129.1403, 166.3418, 86595527
     122334, rtd, 67, 1124, -488, 382, 0, 0, 0, 0, 0, 390.0293, 129.1403, 166.3418, 86595527
     122399, rtd, 67, 1131, -485, 384, -1964, -2377, 555, 0, -1000, 390.0293, 129.1403, 166.3418, 86595527
     122447, rtd, 67, 1138, -482, 382, 0, 0, 0, 0, 0, 400.8148, 133.5968, 166.8977, 86595763
     122495, rtd, 67, 1145, -480, 384, 0, 0, 0, 0, 0, 400.8148, 133.5968, 166.8977, 86595763
     122542, rtd, 67, 1152, -477, 382, 0, 0, 0, 0, 0, 400.8148, 133.5968, 166.8977, 86595763
     122590, rtd, 67, 1159, -474, 382, 0, 0, 0, 0, 0, 400.8148, 133.5968, 166.8977, 86595763
     122638, rtd, 67, 1166, -471, 382, 0, 0, 0, 0, 0, 410.5665, 137.3950, 167.0536, 86595965
     122686, rtd, 67, 1173, -468, 383, -1964, -1764, 689, 150, 0, 410.5665, 137.3950, 167.0536, 86595965
     122750, rtd, 67, 1180, -465, 383, 0, 0, 0, 0, 0, 410.5665, 137.3950, 167.0536, 86595965
     122798, rtd, 67, 1187, -463, 383, 0, 0, 0, 0, 0, 410.5665, 137.3950, 167.0536, 86595965
     122846, rtd, 67, 1194, -460, 384, 0, 0, 0, 0, 0, 420.4919, 141.1894, 167.8358, 86596174
     122894, rtd, 67, 1201, -457, 383, 0, 0, 0, 0, 0, 420.4919, 141.1894, 167.8358, 86596174
     122942, rtd, 67, 1209, -454, 383, 0, 0, 0, 0, 0, 420.4919, 141.1894, 167.8358, 86596174
     122990, rtd, 67, 1216, -451, 383, -2368, -1571, 882, 150, 0, 420.4919, 141.1894, 167.8358, 86596174
     123038, rtd, 67, 1223, -448, 383, 0, 0, 0, 0, 0, 430.6917, 145.0362, 168.1231, 86596375
     123086, rtd, 67, 1230, -446, 383, 0, 0, 0, 0, 0, 430.6917, 145.0362, 168.1231, 86596375
     123150, rtd, 67, 1237, -443, 382, 0, 0, 0, 0, 0, 430.6917, 145.0362, 168.1231, 86596375
     123198, rtd, 67, 1244, -440, 385, 0, 0, 0, 0, 0, 430.6917, 145.0362, 168.1231, 86596375
     123245, rtd, 67, 1251, -437, 383, 0, 0, 0, 0, 0, 441.4261, 148.9813, 169.0301, 86596610
     123293, rtd, 67, 1258, -434, 382, -2368, -1571, 882, 150, 0, 441.4261, 148.9813, 169.0301, 86596610
     123341, rtd, 67, 1265, -431, 383, 0, 0, 0, 0, 0, 441.4261, 148.9813, 169.0301, 86596610
     123389, rtd, 67, 1272, -429, 383, 0, 0, 0, 0, 0, 441.4261, 148.9813, 169.0301, 86596610
     123437, rtd, 67, 1279, -426, 382, 0, 0, 0, 0, 0, 450.6954, 152.3739, 169.2583, 86596801
     123485, rtd, 67, 1286, -423, 382, 0, 0, 0, 0, 0, 450.6954, 152.3739, 169.2583, 86596801
     123549, rtd, 67, 1293, -420, 382, 0, 0, 0, 0, 0, 450.6954, 152.3739, 169.2583, 86596801
     123597, rtd, 67, 1300, -417, 382, -2368, -1571, 837, 150, 0, 450.6954, 152.3739, 169.2583, 86596801
     123645, rtd, 67, 1307, -415, 383, 0, 0, 0, 0, 0, 450.6954, 152.3739, 169.2583, 86596801
     123693, rtd, 67, 1314, -412, 382, 0, 0, 0, 0, 0, 461.6377, 156.3006, 169.8506, 86597030
     123741, rtd, 67, 1321, -409, 381, 0, 0, 0, 0, 0, 461.6377, 156.3006, 169.8506, 86597030
     123789, rtd, 67, 1328, -406, 385, 0, 0, 0, 0, 0, 461.6377, 156.3006, 169.8506, 86597030
     123836, rtd, 67, 1334, -404, 371, 0, 0, 0, 0, 0, 461.6377, 156.3006, 169.8506, 86597030
     123900, rtd, 67, 1339, -402, 340, -2749, -1571, 826, 150, 0, 476.9809, 161.6064, 169.9603, 86597334
     123948, rtd, 67, 1340, -401, 317, 0, 0, 0, 0, 0, 476.9809, 161.6064, 169.9603, 86597334
     123996, rtd, 67, 1339, -402, 252, 0, 0, 0, 0, 0, 476.9809, 161.6064, 169.9603, 86597334
     124044, rtd, 67, 1339, -402, 198, 0, 0, 0, 0, 0, 476.9809, 161.6064, 169.9603, 86597334
     124092, rtd, 67, 1339, -402, 147, 0, 0, 0, 0, 0, 478.4937, 162.2191, 169.2988, 86597361
     124140, rtd, 67, 1339, -402, 97, 0, 0, 0, 0, 0, 478.4937, 162.2191, 169.2988, 86597361
     124188, rtd, 67, 1339, -402, 44, -2749, -1571, 826, 150, 0, 478.4937, 162.2191, 169.2988, 86597361
     124236, rtd, 67, 1339, -402, 6276, 0, 0, 0, 0, 0, 478.4937, 162.2191, 169.2988, 86597361
     124300, rtd, 67, 1339, -402, 6226, 0, 0, 0, 0, 0, 477.9033, 162.1876, 170.8883, 86597601
     124348, rtd, 67, 1339, -402, 6176, 0, 0, 0, 0, 0, 477.9033, 162.1876, 170.8883, 86597601
     124396, rtd, 67, 1339, -402, 6125, 0, 0, 0, 0, 0, 477.9033, 162.1876, 170.8883, 86597601
     124443, rtd, 67, 1339, -402, 6074, 0, 0, 0, 0, 0, 477.9033, 162.1876, 170.8883, 86597601
     124491, rtd, 67, 1339, -402, 6024, -1964, -1571, 1095, 150, 0, 477.4732, 162.0830, 156.7876, 86597850
     124539, rtd, 67, 1339, -402, 5972, 0, 0, 0, 0, 0, 477.4732, 162.0830, 156.7876, 86597850
     124587, rtd, 67, 1339, -402, 5922, 0, 0, 0, 0, 0, 477.4732, 162.0830, 156.7876, 86597850
     124635, rtd, 67, 1339, -402, 5869, 0, 0, 0, 0, 0, 477.4732, 162.0830, 156.7876, 86597850
     124699, rtd, 67, 1339, -402, 5819, 0, 0, 0, 0, 0, 477.4636, 162.0133, 146.1572, 86598041
     124747, rtd, 67, 1339, -402, 5771, 0, 0, 0, 0, 0, 477.4636, 162.0133, 146.1572, 86598041
     124795, rtd, 67, 1339, -402, 5718, -1964, -1571, 959, 150, 0, 477.4636, 162.0133, 146.1572, 86598041
     124843, rtd, 67, 1339, -402, 5668, 0, 0, 0, 0, 0, 477.4636, 162.0133, 146.1572, 86598041
     124891, rtd, 67, 1339, -402, 5619, 0, 0, 0, 0, 0, 477.4279, 161.9308, 138.3749, 86598193
     124939, rtd, 67, 1339, -402, 5567, 0, 0, 0, 0, 0, 477.4279, 161.9308, 138.3749, 86598193
     124988, rtd, 67, 1339, -402, 5516, 0, 0, 0, 0, 0, 477.4279, 161.9308, 138.3749, 86598193
     125050, rtd, 67, 1339, -402, 5465, 0, 0, 0, 0, 0, 477.4279, 161.9308, 138.3749, 86598193
     125098, rtd, 67, 1339, -402, 5415, -1964, -1571, 1026, 150, 0, 477.3498, 161.9402, 124.2630, 86598442
     125146, rtd, 67, 1339, -402, 5364, 0, 0, 0, 0, 0, 477.3498, 161.9402, 124.2630, 86598442
     125194, rtd, 67, 1339, -402, 5314, 0, 0, 0, 0, 0, 477.3498, 161.9402, 124.2630, 86598442
     125242, rtd, 67, 1339, -402, 5264, 0, 0, 0, 0, 0, 477.3498, 161.9402, 124.2630, 86598442
     125290, rtd, 67, 1339, -402, 5211, 0, 0, 0, 0, 0, 477.2875, 161.9204, 116.0427, 86598609
     125338, rtd, 67, 1339, -402, 5163, 0, 0, 0, 0, 0, 477.2875, 161.9204, 116.0427, 86598609
     125386, rtd, 67, 1339, -402, 5110, -1571, -2175, 1076, 150, 0, 477.2875, 161.9204, 116.0427, 86598609
     125450, rtd, 67, 1339, -402, 5058, 0, 0, 0, 0, 0, 477.2875, 161.9204, 116.0427, 86598609
     125498, rtd, 67, 1339, -402, 5008, 0, 0, 0, 0, 0, 477.3478, 161.8390, 96.3186, 86598965
     125546, rtd, 67, 1339, -402, 4958, 0, 0, 0, 0, 0, 477.3478, 161.8390, 96.3186, 86598965
     125594, rtd, 67, 1339, -402, 4907, 0, 0, 0, 0, 0, 477.3478, 161.8390, 96.3186, 86598965
     125642, rtd, 67, 1339, -402, 4857, 0, 0, 0, 0, 0, 477.3478, 161.8390, 96.3186, 86598965
     125689, rtd, 67, 1339, -402, 4807, -1571, -2175, 1076, 0, -1000, 477.2880, 161.9547, 90.5547, 86599027
     125737, rtd, 67, 1339, -402, 4754, 0, 0, 0, 0, 0, 477.2880, 161.9547, 90.5547, 86599027
     125785, rtd, 67, 1339, -402, 4705, 0, 0, 0, 0, 0, 477.2880, 161.9547, 90.5547, 86599027
     125849, rtd, 67, 1339, -402, 4653, 0, 0, 0, 0, 0, 477.2880, 161.9547, 90.5547, 86599027
     125897, rtd, 67, 1339, -402, 4602, 0, 0, 0, 0, 0, 477.1709, 161.8512, 78.2666, 86599238
     125945, rtd, 67, 1339, -402, 4550, 0, 0, 0, 0, 0, 477.1709, 161.8512, 78.2666, 86599238
     125993, rtd, 67, 1339, -402, 4500, -1178, -1716, 1084, 0, -1000, 477.1709, 161.8512, 78.2666, 86599238
     126041, rtd, 67, 1339, -402, 4448, 0, 0, 0, 0, 0, 477.1709, 161.8512, 78.2666, 86599238
     126089, rtd, 67, 1339, -402, 4399, 0, 0, 0, 0, 0, 477.1766, 161.9784, 65.2638, 86599450
     126137, rtd, 67, 1339, -402, 4347, 0, 0, 0, 0, 0, 477.1766, 161.9784, 65.2638, 86599450
     126186, rtd, 67, 1339, -402, 4294, 0, 0, 0, 0, 0, 477.1766, 161.9784, 65.2638, 86599450
     126248, rtd, 67, 1339, -402, 4246, 0, 0, 0, 0, 0, 477.1766, 161.9784, 65.2638, 86599450
     126296, rtd, 67, 1339, -402, 4194, -774, -1576, 685, 0, -1000, 473.4066, 165.6653, 52.1585, 86599659
     126344, rtd, 67, 1339, -402, 4144, 0, 0, 0, 0, 0, 473.4066, 165.6653, 52.1585, 86599659
     126392, rtd, 67, 1339, -402, 4092, 0, 0, 0, 0, 0, 473.4066, 165.6653, 52.1585, 86599659
     126440, rtd, 67, 1339, -402, 4039, 0, 0, 0, 0, 0, 473.4066, 165.6653, 52.1585, 86599659
     126488, rtd, 67, 1339, -402, 3988, 0, 0, 0, 0, 0, 472.2998, 165.6388, 43.4278, 86599827
     126536, rtd, 67, 1339, -402, 3937, 0, 0, 0, 0, 0, 472.2998, 165.6388, 43.4278, 86599827
     126600, rtd, 67, 1339, -402, 3886, -393, -1571, 889, 0, -1000, 472.2998, 165.6388, 43.4278, 86599827
     126648, rtd, 67, 1339, -402, 3836, 0, 0, 0, 0, 0, 472.2998, 165.6388, 43.4278, 86599827
     126696, rtd, 67, 1338, -403, 3786, 0, 0, 0, 0, 0, 471.9518, 164.8928, 34.3159, 86600026
     126744, rtd, 67, 1334, -406, 3756, 0, 0, 0, 0, 0, 471.9518, 164.8928, 34.3159, 86600026
     126792, rtd, 67, 1330, -409, 3742, 0, 0, 0, 0, 0, 471.9518, 164.8928, 34.3159, 86600026
     126840, rtd, 67, 1325, -411, 3719, 0, 0, 0, 0, 0, 471.9518, 164.8928, 34.3159, 86600026
     126887, rtd, 67, 1321, -414, 3689, -393, -1571, 889, 0, -1000, 471.5436, 163.7367, 20.4443, 86600272
     126935, rtd, 67, 1317, -417, 3667, 0, 0, 0, 0, 0, 471.5436, 163.7367, 20.4443, 86600272
     126999, rtd, 67, 1312, -419, 3643, 0, 0, 0, 0, 0, 471.5436, 163.7367, 20.4443, 86600272
     127047, rtd, 67, 1308, -422, 3618, 0, 0, 0, 0, 0, 471.5436, 163.7367, 20.4443, 86600272
     127095, rtd, 67, 1303, -424, 3595, 0, 0, 0, 0, 0, 465.3086, 163.3067, 10.7645, 86600507
     127143, rtd, 67, 1299, -426, 3571, 0, 0, 0, 0, 0, 465.3086, 163.3067, 10.7645, 86600507
     127191, rtd, 67, 1294, -428, 3545, 0, -829, 637, 0, -1000, 465.3086, 163.3067, 10.7645, 86600507
     127239, rtd, 67, 1290, -430, 3521, 0, 0, 0, 0, 0, 465.3086, 163.3067, 10.7645, 86600507
     127287, rtd, 67, 1285, -432, 3496, 0, 0, 0, 0, 0, 465.3086, 163.3067, 10.7645, 86600507
     127351, rtd, 67, 1280, -434, 3472, 0, 0, 0, 0, 0, 460.3477, 162.8361, 6.3058, 86600661
     127399, rtd, 67, 1275, -435, 3448, 0, 0, 0, 0, 0, 460.3477, 162.8361, 6.3058, 86600661
     127446, rtd, 67, 1270, -437, 3423, 0, 0, 0, 0, 0, 460.3477, 162.8361, 6.3058, 86600661
     127494, rtd, 67, 1265, -438, 3397, 393, -797, 730, 0, -1000, 460.3477, 162.8361, 6.3058, 86600661
     127542, rtd, 67, 1261, -439, 3374, 0, 0, 0, 0, 0, 458.9337, 162.7991, 5.5998, 86600688
     127590, rtd, 67, 1256, -440, 3350, 0, 0, 0, 0, 0, 458.9337, 162.7991, 5.5998, 86600688
     127638, rtd, 67, 1251, -441, 3325, 0, 0, 0, 0, 0, 458.9337, 162.7991, 5.5998, 86600688
     127686, rtd, 67, 1246, -442, 3302, 0, 0, 0, 0, 0, 458.9337, 162.7991, 5.5998, 86600688
     127750, rtd, 67, 1241, -443, 3275, 0, 0, 0, 0, 0, 449.4575, 160.9196, -2.3675, 86600984
     127798, rtd, 67, 1236, -443, 3253, 393, -188, 776, 0, -1000, 449.4575, 160.9196, -2.3675, 86600984
     127846, rtd, 67, 1231, -444, 3227, 0, 0, 0, 0, 0, 449.4575, 160.9196, -2.3675, 86600984
     127894, rtd, 67, 1226, -444, 3203, 0, 0, 0, 0, 0, 449.4575, 160.9196, -2.3675, 86600984
     127942, rtd, 67, 1221, -444, 3179, 0, 0, 0, 0, 0, 444.6787, 159.3696, -12.3262, 86601303
     127990, rtd, 67, 1216, -445, 3155, 0, 0, 0, 0, 0, 444.6787, 159.3696, -12.3262, 86601303
     128038, rtd, 67, 1211, -445, 3131, 0, 0, 0, 0, 0, 444.6787, 159.3696, -12.3262, 86601303
     128086, rtd, 67, 1206, -444, 3105, 393, -45, 1070, 0, -1000, 444.6787, 159.3696, -12.3262, 86601303
     128149, rtd, 67, 1201, -444, 3079, 0, 0, 0, 0, 0, 438.2873, 156.5191, -18.2413, 86601475
     128197, rtd, 67, 1195, -444, 3055, 0, 0, 0, 0, 0, 438.2873, 156.5191, -18.2413, 86601475
     128245, rtd, 67, 1190, -443, 3030, 0, 0, 0, 0, 0, 438.2873, 156.5191, -18.2413, 86601475
     128293, rtd, 67, 1185, -443, 3006, 0, 0, 0, 0, 0, 438.2873, 156.5191, -18.2413, 86601475
     128341, rtd, 67, 1180, -442, 2981, 0, 0, 0, 0, 0, 432.6153, 153.3742, -22.8678, 86601664
     128389, rtd, 67, 1176, -441, 2957, 393, -10, 1217, 100, -500, 432.6153, 153.3742, -22.8678, 86601664
     128437, rtd, 67, 1171, -440, 2932, 0, 0, 0, 0, 0, 432.6153, 153.3742, -22.8678, 86601664
     128485, rtd, 67, 1166, -439, 2907, 0, 0, 0, 0, 0, 432.6153, 153.3742, -22.8678, 86601664
     128549, rtd, 67, 1161, -438, 2883, 0, 0, 0, 0, 0, 425.5783, 148.6185, -29.9758, 86601908
     128597, rtd, 67, 1156, -436, 2859, 0, 0, 0, 0, 0, 425.5783, 148.6185, -29.9758, 86601908
     128645, rtd, 67, 1151, -435, 2835, 0, 0, 0, 0, 0, 425.5783, 148.6185, -29.9758, 86601908
     128693, rtd, 67, 1146, -433, 2810, 1178, 592, 1020, 100, -500, 425.5783, 148.6185, -29.9758, 86601908
     128741, rtd, 67, 1142, -432, 2786, 0, 0, 0, 0, 0, 420.5856, 144.4448, -35.9141, 86602107
     128789, rtd, 67, 1137, -430, 2761, 0, 0, 0, 0, 0, 420.5856, 144.4448, -35.9141, 86602107
     128836, rtd, 67, 1132, -428, 2736, 0, 0, 0, 0, 0, 420.5856, 144.4448, -35.9141, 86602107
     128900, rtd, 67, 1128, -426, 2711, 0, 0, 0, 0, 0, 420.5856, 144.4448, -35.9141, 86602107
     128948, rtd, 67, 1123, -424, 2687, 0, 0, 0, 0, 0, 415.6503, 139.3276, -41.5946, 86602305
     128996, rtd, 67, 1118, -422, 2663, 1178, 732, 921, 100, -500, 415.6503, 139.3276, -41.5946, 86602305
     129044, rtd, 67, 1114, -419, 2639, 0, 0, 0, 0, 0, 415.6503, 139.3276, -41.5946, 86602305
     129092, rtd, 67, 1110, -417, 2615, 0, 0, 0, 0, 0, 415.6503, 139.3276, -41.5946, 86602305
     129140, rtd, 67, 1105, -414, 2590, 0, 0, 0, 0, 0, 413.0344, 135.9621, -45.6579, 86602435
     129188, rtd, 67, 1101, -411, 2564, 0, 0, 0, 0, 0, 413.0344, 135.9621, -45.6579, 86602435
     129236, rtd, 67, 1097, -409, 2540, 0, 0, 0, 0, 0, 413.0344, 135.9621, -45.6579, 86602435
     129300, rtd, 67, 1093, -406, 2516, 1178, 1372, 737, 100, -500, 413.0344, 135.9621, -45.6579, 86602435
     129348, rtd, 67, 1089, -403, 2491, 0, 0, 0, 0, 0, 407.8847, 127.9088, -53.8243, 86602716
     129396, rtd, 67, 1085, -400, 2466, 0, 0, 0, 0, 0, 407.8847, 127.9088, -53.8243, 86602716
     129443, rtd, 67, 1081, -396, 2442, 0, 0, 0, 0, 0, 407.8847, 127.9088, -53.8243, 86602716
     129491, rtd, 67, 1077, -393, 2417, 0, 0, 0, 0, 0, 407.8847, 127.9088, -53.8243, 86602716
     129539, rtd, 67, 1073, -390, 2393, 0, 0, 0, 0, 0, 405.7871, 123.6883, -58.1894, 86602867
     129587, rtd, 67, 1070, -386, 2369, 1571, 1561, 801, 100, -500, 405.7871, 123.6883, -58.1894, 86602867
     129635, rtd, 67, 1066, -383, 2345, 0, 0, 0, 0, 0, 405.7871, 123.6883, -58.1894, 86602867
     129699, rtd, 67, 1063, -379, 2321, 0, 0, 0, 0, 0, 405.7871, 123.6883, -58.1894, 86602867
     129747, rtd, 67, 1059, -375, 2295, 0, 0, 0, 0, 0, 403.3397, 117.0782, -64.3214, 86603083
     129795, rtd, 67, 1056, -372, 2272, 0, 0, 0, 0, 0, 403.3397, 117.0782, -64.3214, 86603083
     129843, rtd, 67, 1053, -368, 2245, 0, 0, 0, 0, 0, 403.3397, 117.0782, -64.3214, 86603083
     129891, rtd, 67, 1050, -364, 2222, 1964, 1571, 270, 100, -500, 403.3397, 117.0782, -64.3214, 86603083
     129939, rtd, 67, 1047, -360, 2198, 0, 0, 0, 0, 0, 401.4323, 109.6617, -70.7713, 86603290
     129987, rtd, 67, 1044, -355, 2174, 0, 0, 0, 0, 0, 401.4323, 109.6617, -70.7713, 86603290
     130050, rtd, 67, 1041, -351, 2149, 0, 0, 0, 0, 0, 401.4323, 109.6617, -70.7713, 86603290
     130098, rtd, 67, 1038, -347, 2123, 0, 0, 0, 0, 0, 401.4323, 109.6617, -70.7713, 86603290
     130147, rtd, 67, 1036, -343, 2099, 0, 0, 0, 0, 0, 400.4472, 102.8711, -77.1451, 86603493
     130194, rtd, 67, 1033, -338, 2076, 1964, 2175, 546, 100, -500, 400.4472, 102.8711, -77.1451, 86603493
     130242, rtd, 67, 1031, -334, 2051, 0, 0, 0, 0, 0, 400.4472, 102.8711, -77.1451, 86603493
     130290, rtd, 67, 1028, -329, 2027, 0, 0, 0, 0, 0, 400.4472, 102.8711, -77.1451, 86603493
     130338, rtd, 67, 1026, -325, 2002, 0, 0, 0, 0, 0, 400.0560, 94.6180, -85.0976, 86603743
     130386, rtd, 67, 1024, -320, 1978, 0, 0, 0, 0, 0, 400.0560, 94.6180, -85.0976, 86603743
     130450, rtd, 67, 1022, -316, 1953, 0, 0, 0, 0, 0, 400.0560, 94.6180, -85.0976, 86603743
     130498, rtd, 67, 1020, -311, 1930, 1964, 2175, 546, 100, -500, 400.0560, 94.6180, -85.0976, 86603743
     130546, rtd, 67, 1019, -306, 1905, 0, 0, 0, 0, 0, 400.6382, 89.0382, -90.1793, 86603908
     130594, rtd, 67, 1017, -301, 1880, 0, 0, 0, 0, 0, 400.6382, 89.0382, -90.1793, 86603908
     130642, rtd, 67, 1016, -296, 1856, 0, 0, 0, 0, 0, 400.6382, 89.0382, -90.1793, 86603908
     130690, rtd, 67, 1014, -292, 1831, 0, 0, 0, 0, 0, 400.6382, 89.0382, -90.1793, 86603908
     130738, rtd, 67, 1013, -287, 1806, 0, 0, 0, 0, 0, 402.0947, 81.6732, -96.5954, 86604133
     130801, rtd, 67, 1012, -282, 1783, 2749, 2313, 684, 100, -500, 402.0947, 81.6732, -96.5954, 86604133
     130849, rtd, 67, 1011, -277, 1758, 0, 0, 0, 0, 0, 402.0947, 81.6732, -96.5954, 86604133
     130897, rtd, 67, 1010, -272, 1733, 0, 0, 0, 0, 0, 402.0947, 81.6732, -96.5954, 86604133
     130945, rtd, 67, 1009, -267, 1710, 0, 0, 0, 0, 0, 404.1715, 75.1553, -103.4343, 86604351
     130993, rtd, 67, 1009, -262, 1682, 0, 0, 0, 0, 0, 404.1715, 75.1553, -103.4343, 86604351
     131041, rtd, 67, 1008, -257, 1658, 0, 0, 0, 0, 0, 404.1715, 75.1553, -103.4343, 86604351
     131089, rtd, 67, 1008, -252, 1635, 2749, 2345, 618, 100, -500, 404.1715, 75.1553, -103.4343, 86604351
     131137, rtd, 67, 1008, -247, 1611, 0, 0, 0, 0, 0, 406.3851, 69.9778, -108.2468, 86604510
     131185, rtd, 67, 1007, -242, 1586, 0, 0, 0, 0, 0, 406.3851, 69.9778, -108.2468, 86604510
     131249, rtd, 67, 1007, -237, 1561, 0, 0, 0, 0, 0, 406.3851, 69.9778, -108.2468, 86604510
     131297, rtd, 67, 1007, -232, 1537, 0, 0, 0, 0, 0, 406.3851, 69.9778, -108.2468, 86604510
     131344, rtd, 67, 1008, -227, 1514, 0, 0, 0, 0, 0, 408.3587, 66.1557, -112.6543, 86604678
     131392, rtd, 67, 1008, -222, 1489, 2749, 2954, 855, 100, -500, 408.3587, 66.1557, -112.6543, 86604678
     131440, rtd, 67, 1009, -217, 1464, 0, 0, 0, 0, 0, 408.3587, 66.1557, -112.6543, 86604678
     131488, rtd, 67, 1009, -212, 1440, 0, 0, 0, 0, 0, 408.3587, 66.1557, -112.6543, 86604678
     131536, rtd, 67, 1010, -207, 1414, 0, 0, 0, 0, 0, 408.3587, 66.1557, -112.6543, 86604678
     131600, rtd, 67, 1011, -202, 1392, 0, 0, 0, 0, 0, 413.3855, 58.5239, -121.0876, 86604908
     131648, rtd, 67, 1012, -197, 1367, 0, 0, 0, 0, 0, 413.3855, 58.5239, -121.0876, 86604908
     131696, rtd, 67, 1012, -194, 1334, 2749, 3097, 839, 100, -500, 413.3855, 58.5239, -121.0876, 86604908
     131744, rtd, 67, 1013, -193, 1288, 0, 0, 0, 0, 0, 418.2162, 53.0515, -126.7497, 86605141
     131792, rtd, 67, 1012, -193, 1226, 0, 0, 0, 0, 0, 418.2162, 53.0515, -126.7497, 86605141
     131840, rtd, 67, 1012, -194, 1170, 0, 0, 0, 0, 0, 418.2162, 53.0515, -126.7497, 86605141
     131888, rtd, 67, 1012, -194, 1111, 0, 0, 0, 0, 0, 418.2162, 53.0515, -126.7497, 86605141
     131935, rtd, 67, 1012, -194, 1061, 0, 0, 0, 0, 0, 418.2162, 53.0515, -126.7497, 86605141
     131999, rtd, 67, 1012, -194, 1015, 2749, 3097, 839, 100, -500, 421.2109, 51.2495, -128.2410, 86605332
     132047, rtd, 67, 1012, -194, 966, 0, 0, 0, 0, 0, 421.2109, 51.2495, -128.2410, 86605332
     132095, rtd, 67, 1012, -194, 912, 0, 0, 0, 0, 0, 421.2109, 51.2495, -128.2410, 86605332
     132143, rtd, 67, 1012, -194, 860, 0, 0, 0, 0, 0, 420.6497, 51.6460, -136.3671, 86605510
     132191, rtd, 67, 1012, -194, 809, 0, 0, 0, 0, 0, 420.6497, 51.6460, -136.3671, 86605510
     132239, rtd, 67, 1012, -194, 759, 0, 0, 0, 0, 0, 420.6497, 51.6460, -136.3671, 86605510
     132287, rtd, 67, 1012, -194, 708, -2749, 3132, 1101, 100, -500, 420.6497, 51.6460, -136.3671, 86605510
     132335, rtd, 67, 1012, -194, 656, 0, 0, 0, 0, 0, 420.6497, 51.6460, -136.3671, 86605510
     132399, rtd, 67, 1012, -194, 606, 0, 0, 0, 0, 0, 420.6775, 51.7005, -144.2886, 86605629
     132447, rtd, 67, 1012, -194, 556, 0, 0, 0, 0, 0, 420.6775, 51.7005, -144.2886, 86605629
     132495, rtd, 67, 1012, -194, 503, 0, 0, 0, 0, 0, 420.6775, 51.7005, -144.2886, 86605629
     132542, rtd, 67, 1012, -194, 454, 0, 0, 0, 0, 0, 420.6775, 51.7005, -144.2886, 86605629
     132590, rtd, 67, 1012, -194, 402, -2368, 3142, 891, 100, -500, 420.4946, 51.6728, -157.4557, 86605908
     132638, rtd, 67, 1012, -194, 352, 0, 0, 0, 0, 0, 420.4946, 51.6728, -157.4557, 86605908
     132686, rtd, 67, 1012, -194, 301, 0, 0, 0, 0, 0, 420.4946, 51.6728, -157.4557, 86605908
     132750, rtd, 67, 1012, -194, 250, 0, 0, 0, 0, 0, 420.3765, 51.4848, -171.1456, 86606116
     132798, rtd, 67, 1012, -194, 200, 0, 0, 0, 0, 0, 420.3765, 51.4848, -171.1456, 86606116
     132846, rtd, 67, 1012, -194, 150, 0, 0, 0, 0, 0, 420.3765, 51.4848, -171.1456, 86606116
     132894, rtd, 67, 1012, -194, 100, -2368, 3142, 891, 100, -500, 420.3765, 51.4848, -171.1456, 86606116
     132942, rtd, 67, 1012, -194, 50, 0, 0, 0, 0, 0, 420.3765, 51.4848, -171.1456, 86606116
     132991, rtd, 67, 1012, -194, 2, 0, 0, 0, 0, 0, 420.4544, 51.5436, 177.6061, 86606315
     133037, rtd, 67, 1012, -194, 6235, 0, 0, 0, 0, 0, 420.4544, 51.5436, 177.6061, 86606315
     133085, rtd, 67, 1012, -194, 6183, 0, 0, 0, 0, 0, 420.4544, 51.5436, 177.6061, 86606315
     133149, rtd, 67, 1012, -194, 6132, 0, 0, 0, 0, 0, 420.5291, 51.7018, 165.4017, 86606520
     133197, rtd, 67, 1012, -194, 6081, -1964, -2545, 992, 100, -500, 420.5291, 51.7018, 165.4017, 86606520
     133245, rtd, 67, 1012, -194, 6028, 0, 0, 0, 0, 0, 420.5291, 51.7018, 165.4017, 86606520
     133293, rtd, 67, 1012, -194, 5976, 0, 0, 0, 0, 0, 420.5291, 51.7018, 165.4017, 86606520
     133341, rtd, 67, 1012, -194, 5926, 0, 0, 0, 0, 0, 420.5291, 51.7018, 165.4017, 86606520
     133389, rtd, 67, 1012, -194, 5876, 0, 0, 0, 0, 0, 420.3809, 51.7113, 157.5551, 86606705
     133437, rtd, 67, 1012, -194, 5823, 0, 0, 0, 0, 0, 420.3809, 51.7113, 157.5551, 86606705
     133501, rtd, 67, 1012, -194, 5774, -1964, -2407, 1042, 100, -500, 420.3809, 51.7113, 157.5551, 86606705
     133549, rtd, 67, 1012, -194, 5722, 0, 0, 0, 0, 0, 420.3284, 51.6781, 145.9570, 86606896
     133597, rtd, 67, 1012, -194, 5673, 0, 0, 0, 0, 0, 420.3284, 51.6781, 145.9570, 86606896
     133645, rtd, 67, 1012, -194, 5620, 0, 0, 0, 0, 0, 420.3284, 51.6781, 145.9570, 86606896
     133694, rtd, 67, 1012, -194, 5569, 0, 0, 0, 0, 0, 420.3284, 51.6781, 145.9570, 86606896
     133740, rtd, 67, 1012, -194, 5518, 0, 0, 0, 0, 0, 420.3284, 51.6781, 145.9570, 86606896
     133788, rtd, 67, 1012, -194, 5468, -1178, -2377, 1203, 0, 1000, 420.1740, 51.6011, 132.1801, 86607159
     133836, rtd, 67, 1012, -194, 5417, 0, 0, 0, 0, 0, 420.1740, 51.6011, 132.1801, 86607159
     133900, rtd, 67, 1012, -194, 5366, 0, 0, 0, 0, 0, 420.1740, 51.6011, 132.1801, 86607159
     133948, rtd, 67, 1012, -194, 5317, 0, 0, 0, 0, 0, 420.1740, 51.6011, 132.1801, 86607159
     133996, rtd, 67, 1012, -194, 5264, 0, 0, 0, 0, 0, 420.1994, 51.4645, 121.4119, 86607332
     134044, rtd, 67, 1012, -194, 5214, 0, 0, 0, 0, 0, 420.1994, 51.4645, 121.4119, 86607332
     134092, rtd, 67, 1012, -194, 5164, -1178, -2377, 1203, 0, 1000, 420.1994, 51.4645, 121.4119, 86607332
     134140, rtd, 67, 1012, -194, 5112, 0, 0, 0, 0, 0, 420.1994, 51.4645, 121.4119, 86607332
     134188, rtd, 67, 1012, -194, 5061, 0, 0, 0, 0, 0, 420.2140, 51.4747, 112.0365, 86607540
     134236, rtd, 67, 1012, -194, 5011, 0, 0, 0, 0, 0, 420.2140, 51.4747, 112.0365, 86607540
     134300, rtd, 67, 1012, -194, 4959, 0, 0, 0, 0, 0, 420.2140, 51.4747, 112.0365, 86607540
     134347, rtd, 67, 1012, -194, 4908, 0, 0, 0, 0, 0, 420.2140, 51.4747, 112.0365, 86607540
     134395, rtd, 67, 1012, -194, 4857, -774, -3102, 783, 0, 1000, 420.1706, 51.4590, 104.0781, 86607677
     134443, rtd, 67, 1012, -194, 4807, 0, 0, 0, 0, 0, 420.1706, 51.4590, 104.0781, 86607677
     134491, rtd, 67, 1012, -194, 4754, 0, 0, 0, 0, 0, 420.1706, 51.4590, 104.0781, 86607677
     134539, rtd, 67, 1012, -196, 4715, 0, 0, 0, 0, 0, 420.1706, 51.4590, 104.0781, 86607677
     134587, rtd, 67, 1012, -201, 4679, 0, 0, 0, 0, 0, 420.1983, 51.5342, 87.6770, 86607904
     134635, rtd, 67, 1012, -208, 4648, 0, 0, 0, 0, 0, 420.1983, 51.5342, 87.6770, 86607904
     134699, rtd, 67, 1011, -216, 4653, -774, -3102, 783, 0, 1000, 420.1983, 51.5342, 87.6770, 86607904
     134748, rtd, 67, 1011, -223, 4652, 0, 0, 0, 0, 0, 420.1983, 51.5342, 87.6770, 86607904
     134795, rtd, 67, 1010, -231, 4650, 0, 0, 0, 0, 0, 420.2098, 51.5281, 74.2819, 86608146
     134843, rtd, 67, 1010, -239, 4653, 0, 0, 0, 0, 0, 420.2098, 51.5281, 74.2819, 86608146
     134891, rtd, 67, 1010, -246, 4654, 0, 0, 0, 0, 0, 420.2098, 51.5281, 74.2819, 86608146
     134939, rtd, 67, 1009, -254, 4652, 0, 0, 0, 0, 0, 420.2098, 51.5281, 74.2819, 86608146
     134986, rtd, 67, 1009, -261, 4652, -774, -3102, 783, 0, 1000, 416.2490, 58.7097, 69.6209, 86608352
     135050, rtd, 67, 1008, -269, 4653, 0, 0, 0, 0, 0, 416.2490, 58.7097, 69.6209, 86608352
     135098, rtd, 67, 1008, -276, 4654, 0, 0, 0, 0, 0, 416.2490, 58.7097, 69.6209, 86608352
     135146, rtd, 67, 1007, -284, 4653, 0, 0, 0, 0, 0, 416.2490, 58.7097, 69.6209, 86608352
     135194, rtd, 67, 1007, -291, 4651, 0, 0, 0, 0, 0, 411.2246, 67.8178, 70.6263, 86608585
     135242, rtd, 67, 1006, -299, 4653, 0, 0, 0, 0, 0, 411.2246, 67.8178, 70.6263, 86608585
     135290, rtd, 67, 1006, -307, 4654, -393, 2554, 938, 0, 1000, 411.2246, 67.8178, 70.6263, 86608585
     135338, rtd, 67, 1005, -314, 4653, 0, 0, 0, 0, 0, 411.2246, 67.8178, 70.6263, 86608585
     135386, rtd, 67, 1005, -322, 4652, 0, 0, 0, 0, 0, 405.9926, 78.9169, 71.9074, 86608807
     135450, rtd, 67, 1005, -329, 4653, 0, 0, 0, 0, 0, 405.9926, 78.9169, 71.9074, 86608807
     135498, rtd, 67, 1004, -337, 4653, 0, 0, 0, 0, 0, 405.9926, 78.9169, 71.9074, 86608807
     135545, rtd, 67, 1004, -344, 4653, 0, 0, 0, 0, 0, 405.9926, 78.9169, 71.9074, 86608807
     135593, rtd, 67, 1003, -352, 4653, -393, 2554, 938, 0, 1000, 405.9926, 78.9169, 71.9074, 86608807
     135641, rtd, 67, 1003, -360, 4653, 0, 0, 0, 0, 0, 405.9926, 78.9169, 71.9074, 86608807
     135689, rtd, 67, 1002, -367, 4653, 0, 0, 0, 0, 0, 405.9926, 78.9169, 71.9074, 86608807
     135737, rtd, 67, 1002, -375, 4651, 0, 0, 0, 0, 0, 405.9926, 78.9169, 71.9074, 86608807
     135785, rtd, 67, 1001, -382, 4652, 0, 0, 0, 0, 0, 405.9926, 78.9169, 71.9074, 86608807
     135849, rtd, 67, 1001, -390, 4651, 0, 0, 0, 0, 0, 405.9926, 78.9169, 71.9074, 86608807
     135897, rtd, 67, 1001, -397, 4652, -393, 2410, 745, 0, 1000, 405.9926, 78.9169, 71.9074, 86608807
     135945, rtd, 67, 1000, -405, 4652, 0, 0, 0, 0, 0, 405.9926, 78.9169, 71.9074, 86608807
     135993, rtd, 67, 1000, -412, 4653, 0, 0, 0, 0, 0, 402.5823, 85.8418, 73.1706, 86608965
     136041, rtd, 67, 999, -420, 4651, 0, 0, 0, 0, 0, 402.5823, 85.8418, 73.1706, 86608965
     136088, rtd, 67, 999, -428, 4653, 0, 0, 0, 0, 0, 402.5823, 85.8418, 73.1706, 86608965
     136136, rtd, 67, 998, -435, 4653, 0, 0, 0, 0, 0, 402.5823, 85.8418, 73.1706, 86608965
     136200, rtd, 67, 998, -443, 4653, -393, 1770, 1054, 0, 1000, 387.5297, 122.6869, 78.3085, 86609761
     136248, rtd, 67, 997, -450, 4652, 0, 0, 0, 0, 0, 387.5297, 122.6869, 78.3085, 86609761
     136296, rtd, 67, 997, -458, 4653, 0, 0, 0, 0, 0, 387.5297, 122.6869, 78.3085, 86609761
     136344, rtd, 67, 996, -465, 4653, 0, 0, 0, 0, 0, 387.5297, 122.6869, 78.3085, 86609761
     136392, rtd, 67, 996, -473, 4653, 0, 0, 0, 0, 0, 387.5297, 122.6869, 78.3085, 86609761
     136440, rtd, 67, 995, -481, 4651, 0, 0, 0, 0, 0, 387.5297, 122.6869, 78.3085, 86609761
     136488, rtd, 67, 995, -488, 4652, -393, 1616, 1209, 0, 1000, 387.5297, 122.6869, 78.3085, 86609761
     136536, rtd, 67, 995, -496, 4652, 0, 0, 0, 0, 0, 387.5297, 122.6869, 78.3085, 86609761
     136600, rtd, 67, 994, -503, 4651, 0, 0, 0, 0, 0, 387.5297, 122.6869, 78.3085, 86609761
     136648, rtd, 67, 994, -511, 4652, 0, 0, 0, 0, 0, 387.5297, 122.6869, 78.3085, 86609761
     136696, rtd, 67, 993, -518, 4651, 0, 0, 0, 0, 0, 384.2630, 131.6872, 79.5798, 86609962
     136743, rtd, 67, 993, -526, 4653, 0, 0, 0, 0, 0, 384.2630, 131.6872, 79.5798, 86609962
     136791, rtd, 67, 992, -533, 4652, -774, 967, 1189, 150, 0, 384.2630, 131.6872, 79.5798, 86609962
     136839, rtd, 67, 992, -541, 4653, 0, 0, 0, 0, 0, 384.2630, 131.6872, 79.5798, 86609962
     136887, rtd, 67, 991, -549, 4653, 0, 0, 0, 0, 0, 380.1389, 144.5938, 80.2057, 86610189
     136935, rtd, 67, 991, -556, 4650, 0, 0, 0, 0, 0, 380.1389, 144.5938, 80.2057, 86610189
     136999, rtd, 67, 990, -564, 4652, 0, 0, 0, 0, 0, 380.1389, 144.5938, 80.2057, 86610189
     137047, rtd, 67, 990, -571, 4651, 0, 0, 0, 0, 0, 380.1389, 144.5938, 80.2057, 86610189
     137095, rtd, 67, 990, -579, 4649, -774, 797, 712, 150, 0, 376.6658, 155.4658, 81.6375, 86610437
     137143, rtd, 67, 989, -586, 4650, 0, 0, 0, 0, 0, 376.6658, 155.4658, 81.6375, 86610437
     137191, rtd, 67, 989, -594, 4651, 0, 0, 0, 0, 0, 376.6658, 155.4658, 81.6375, 86610437
     137239, rtd, 67, 988, -602, 4652, 0, 0, 0, 0, 0, 376.6658, 155.4658, 81.6375, 86610437
     137287, rtd, 67, 988, -609, 4650, 0, 0, 0, 0, 0, 374.3698, 162.8628, 81.9396, 86610577
     137350, rtd, 67, 987, -617, 4652, 0, 0, 0, 0, 0, 374.3698, 162.8628, 81.9396, 86610577
     137398, rtd, 67, 987, -624, 4651, -774, 774, 862, 150, 0, 374.3698, 162.8628, 81.9396, 86610577
     137446, rtd, 67, 986, -632, 4651, 0, 0, 0, 0, 0, 374.3698, 162.8628, 81.9396, 86610577
     137494, rtd, 67, 986, -639, 4650, 0, 0, 0, 0, 0, 370.7107, 175.9740, 82.7352, 86610859
     137542, rtd, 67, 985, -647, 4650, 0, 0, 0, 0, 0, 370.7107, 175.9740, 82.7352, 86610859
     137591, rtd, 67, 985, -654, 4649, 0, 0, 0, 0, 0, 370.7107, 175.9740, 82.7352, 86610859
     137638, rtd, 67, 984, -662, 4649, 0, 0, 0, 0, 0, 370.7107, 175.9740, 82.7352, 86610859
     137686, rtd, 67, 984, -670, 4649, -774, 774, 832, 150, 0, 367.5105, 187.6557, 83.0697, 86611052
     137750, rtd, 67, 983, -677, 4649, 0, 0, 0, 0, 0, 367.5105, 187.6557, 83.0697, 86611052
     137798, rtd, 67, 983, -685, 4650, 0, 0, 0, 0, 0, 367.5105, 187.6557, 83.0697, 86611052
     137846, rtd, 67, 983, -692, 4650, 0, 0, 0, 0, 0, 367.5105, 187.6557, 83.0697, 86611052
     137893, rtd, 67, 982, -700, 4653, 0, 0, 0, 0, 0, 364.7797, 197.6856, 83.1485, 86611261
     137941, rtd, 67, 982, -707, 4651, 0, 0, 0, 0, 0, 364.7797, 197.6856, 83.1485, 86611261
     137989, rtd, 67, 981, -715, 4651, -774, 774, 688, 150, 0, 364.7797, 197.6856, 83.1485, 86611261
     138037, rtd, 67, 981, -722, 4652, 0, 0, 0, 0, 0, 364.7797, 197.6856, 83.1485, 86611261
     138085, rtd, 67, 980, -730, 4652, 0, 0, 0, 0, 0, 362.3996, 206.9518, 83.8310, 86611487
     138149, rtd, 67, 980, -738, 4651, 0, 0, 0, 0, 0, 362.3996, 206.9518, 83.8310, 86611487
