      89898, rtd, 62, 99, 611, 5927, 0, 0, 0, 0, 0, 231.8260, 238.9503, 177.6075, 86563138
      89946, rtd, 62, 99, 611, 5927, 393, -2368, 520, 150, 0, 231.8260, 238.9503, 177.6075, 86563138
      89994, rtd, 62, 99, 611, 5927, 0, 0, 0, 0, 0, 231.8403, 238.9461, 177.5393, 86563320
      90042, rtd, 62, 99, 611, 5927, 0, 0, 0, 0, 0, 231.8403, 238.9461, 177.5393, 86563320
      90092, rtd, 62, 99, 611, 5927, 0, 0, 0, 0, 0, 231.8403, 238.9461, 177.5393, 86563320
      90139, rtd, 62, 99, 611, 5927, 0, 0, 0, 0, 0, 231.8403, 238.9461, 177.5393, 86563320
      90203, rtd, 62, 99, 611, 5927, 0, 0, 0, 0, 0, 231.8445, 238.9502, 177.5963, 86563578
      90251, rtd, 62, 99, 611, 5927, 393, -2368, 942, 150, 0, 231.8445, 238.9502, 177.5963, 86563578
      90299, rtd, 62, 99, 611, 5927, 0, 0, 0, 0, 0, 231.8445, 238.9502, 177.5963, 86563578
      90347, rtd, 62, 99, 611, 5927, 0, 0, 0, 0, 0, 231.8445, 238.9502, 177.5963, 86563578
      90395, rtd, 62, 99, 611, 5927, 0, 0, 0, 0, 0, 231.8241, 238.9782, 177.7122, 86563732
      90443, rtd, 62, 99, 611, 5927, 0, 0, 0, 0, 0, 231.8241, 238.9782, 177.7122, 86563732
      90491, rtd, 62, 99, 611, 5927, 0, 0, 0, 0, 0, 231.8241, 238.9782, 177.7122, 86563732
      90555, rtd, 62, 99, 611, 5927, 393, -2368, 942, 150, 0, 231.8686, 238.9633, 177.5210, 86563946
      90603, rtd, 62, 99, 611, 5927, 0, 0, 0, 0, 0, 231.8686, 238.9633, 177.5210, 86563946
      90650, rtd, 62, 99, 611, 5927, 0, 0, 0, 0, 0, 231.8686, 238.9633, 177.5210, 86563946
      90698, rtd, 62, 99, 611, 5927, 0, 0, 0, 0, 0, 231.8686, 238.9633, 177.5210, 86563946
      90746, rtd, 62, 99, 611, 5927, 0, 0, 0, 0, 0, 231.8686, 238.9633, 177.5210, 86563946
      90794, rtd, 62, 99, 611, 5927, 0, 0, 0, 0, 0, 231.8884, 238.9999, 177.5565, 86564045
      90842, rtd, 62, 99, 611, 5927, 393, -2368, 942, 150, 0, 231.8884, 238.9999, 177.5565, 86564045
      90890, rtd, 62, 99, 611, 5927, 0, 0, 0, 0, 0, 231.8884, 238.9999, 177.5565, 86564045
      90938, rtd, 62, 99, 611, 5927, 0, 0, 0, 0, 0, 231.8884, 238.9999, 177.5565, 86564045
      91002, rtd, 62, 99, 611, 5927, 0, 0, 0, 0, 0, 231.9229, 238.9696, 177.5452, 86564289
      91050, rtd, 62, 99, 611, 5927, 0, 0, 0, 0, 0, 231.9229, 238.9696, 177.5452, 86564289
      91098, rtd, 62, 99, 611, 5927, 0, 0, 0, 0, 0, 231.9229, 238.9696, 177.5452, 86564289
      91146, rtd, 62, 99, 611, 5927, 393, -2368, 942, 150, 0, 231.9229, 238.9696, 177.5452, 86564289
      91194, rtd, 62, 99, 611, 5927, 0, 0, 0, 0, 0, 231.8881, 238.9898, 177.6088, 86564446
      91242, rtd, 62, 99, 611, 5927, 0, 0, 0, 0, 0, 231.8881, 238.9898, 177.6088, 86564446
      91290, rtd, 62, 99, 611, 5927, 0, 0, 0, 0, 0, 231.8881, 238.9898, 177.6088, 86564446
      91354, rtd, 62, 99, 611, 5927, 0, 0, 0, 0, 0, 231.8881, 238.9898, 177.6088, 86564446
      91402, rtd, 62, 99, 611, 5927, 0, 0, 0, 0, 0, 231.8700, 238.9607, 177.6871, 86564779
      94453, rtd, 62, 99, 611, 5927, 393, 1872, 688, 0, 1000, 231.8240, 238.9449, 177.7458, 86567749
      94502, rtd, 62, 99, 611, 5927, 0, 0, 0, 0, 0, 231.8240, 238.9449, 177.7458, 86567749
      94550, rtd, 62, 99, 611, 5927, 0, 0, 0, 0, 0, 231.8240, 238.9449, 177.7458, 86567749
      94598, rtd, 62, 99, 611, 5927, 0, 0, 0, 0, 0, 231.8020, 238.9307, 177.7181, 86568002
      94646, rtd, 62, 99, 611, 5927, 0, 0, 0, 0, 0, 231.8020, 238.9307, 177.7181, 86568002
      94694, rtd, 62, 99, 611, 5927, 0, 0, 0, 0, 0, 231.8020, 238.9307, 177.7181, 86568002
      94742, rtd, 62, 99, 611, 5927, 393, 1031, 890, 0, 1000, 231.8020, 238.9307, 177.7181, 86568002
      94790, rtd, 62, 99, 611, 5927, 0, 0, 0, 0, 0, 231.9244, 238.9770, 177.6083, 86568153
      94838, rtd, 62, 99, 611, 5927, 0, 0, 0, 0, 0, 231.9244, 238.9770, 177.6083, 86568153
      94902, rtd, 62, 99, 611, 5927, 0, 0, 0, 0, 0, 231.9244, 238.9770, 177.6083, 86568153
      94950, rtd, 62, 99, 611, 5927, 0, 0, 0, 0, 0, 231.9244, 238.9770, 177.6083, 86568153
      94998, rtd, 62, 99, 611, 5927, 0, 0, 0, 0, 0, 231.8825, 238.9904, 177.6563, 86568388
      95046, rtd, 62, 99, 611, 5927, 393, 842, 721, 0, 1000, 231.8825, 238.9904, 177.6563, 86568388
      95094, rtd, 62, 99, 611, 5927, 0, 0, 0, 0, 0, 231.8825, 238.9904, 177.6563, 86568388
      95141, rtd, 62, 99, 611, 5927, 0, 0, 0, 0, 0, 231.8825, 238.9904, 177.6563, 86568388
      95189, rtd, 62, 99, 611, 5927, 0, 0, 0, 0, 0, 231.8466, 238.9619, 177.5071, 86568590
      95253, rtd, 62, 99, 611, 5927, 0, 0, 0, 0, 0, 231.8466, 238.9619, 177.5071, 86568590
      95301, rtd, 62, 99, 611, 5927, 0, 0, 0, 0, 0, 231.8466, 238.9619, 177.5071, 86568590
      95349, rtd, 62, 99, 611, 5927, 393, 842, 721, 100, -500, 231.8466, 238.9619, 177.5071, 86568590
      95397, rtd, 62, 99, 611, 5927, 0, 0, 0, 0, 0, 231.8908, 238.9683, 177.5663, 86568787
      95445, rtd, 62, 99, 611, 5927, 0, 0, 0, 0, 0, 231.8908, 238.9683, 177.5663, 86568787
      95493, rtd, 62, 99, 611, 5927, 0, 0, 0, 0, 0, 231.8908, 238.9683, 177.5663, 86568787
      95541, rtd, 62, 99, 611, 5927, 0, 0, 0, 0, 0, 231.8908, 238.9683, 177.5663, 86568787
      95589, rtd, 62, 99, 611, 5927, 0, 0, 0, 0, 0, 231.8566, 238.9599, 177.7389, 86568959
      95653, rtd, 62, 99, 611, 5927, 393, 800, 1042, 100, -500, 231.8566, 238.9599, 177.7389, 86568959
      95701, rtd, 62, 99, 611, 5927, 0, 0, 0, 0, 0, 231.8566, 238.9599, 177.7389, 86568959
      95749, rtd, 62, 99, 611, 5927, 0, 0, 0, 0, 0, 231.8566, 238.9599, 177.7389, 86568959
      95797, rtd, 62, 99, 611, 5927, 0, 0, 0, 0, 0, 231.8376, 238.9446, 177.5739, 86569154
      95845, rtd, 62, 99, 611, 5927, 0, 0, 0, 0, 0, 231.8376, 238.9446, 177.5739, 86569154
      95893, rtd, 62, 99, 611, 5927, 0, 0, 0, 0, 0, 231.8376, 238.9446, 177.5739, 86569154
      95941, rtd, 62, 99, 611, 5927, 393, 800, 1042, 100, -500, 231.8376, 238.9446, 177.5739, 86569154
      95989, rtd, 62, 99, 611, 5927, 0, 0, 0, 0, 0, 231.8411, 238.9635, 177.5491, 86569414
      96053, rtd, 62, 99, 611, 5927, 0, 0, 0, 0, 0, 231.8411, 238.9635, 177.5491, 86569414
      96101, rtd, 62, 99, 611, 5927, 0, 0, 0, 0, 0, 231.8411, 238.9635, 177.5491, 86569414
      96148, rtd, 62, 99, 611, 5927, 0, 0, 0, 0, 0, 231.8411, 238.9635, 177.5491, 86569414
      96196, rtd, 62, 99, 611, 5927, 0, 0, 0, 0, 0, 231.7974, 238.9233, 177.7702, 86569488
      96244, rtd, 62, 99, 611, 5927, 393, 800, 1042, 100, -500, 231.7974, 238.9233, 177.7702, 86569488
      96292, rtd, 62, 99, 611, 5927, 0, 0, 0, 0, 0, 231.7974, 238.9233, 177.7702, 86569488
      96340, rtd, 62, 99, 611, 5927, 0, 0, 0, 0, 0, 231.7974, 238.9233, 177.7702, 86569488
      96388, rtd, 62, 99, 611, 5927, 0, 0, 0, 0, 0, 231.8077, 238.9401, 177.7469, 86569751
      96453, rtd, 62, 99, 611, 5927, 0, 0, 0, 0, 0, 231.8077, 238.9401, 177.7469, 86569751
      96500, rtd, 62, 99, 611, 5927, 0, 0, 0, 0, 0, 231.8077, 238.9401, 177.7469, 86569751
      96548, rtd, 62, 99, 611, 5927, 393, 800, 1042, 100, -500, 231.8077, 238.9401, 177.7469, 86569751
      96596, rtd, 62, 99, 611, 5927, 0, 0, 0, 0, 0, 231.8897, 239.0012, 177.5771, 86569961
      96644, rtd, 62, 99, 611, 5927, 0, 0, 0, 0, 0, 231.8897, 239.0012, 177.5771, 86569961
      96692, rtd, 62, 99, 611, 5927, 0, 0, 0, 0, 0, 231.8897, 239.0012, 177.5771, 86569961
      96740, rtd, 62, 99, 611, 5927, 0, 0, 0, 0, 0, 231.8897, 239.0012, 177.5771, 86569961
      96804, rtd, 62, 99, 611, 5927, 0, 0, 0, 0, 0, 231.8039, 238.9363, 177.7939, 86570173
      98640, rtd, 62, 99, 611, 5927, 774, 2361, 865, 100, -500, 231.7999, 238.9449, 177.7350, 86571994
      98688, rtd, 62, 99, 611, 5927, 0, 0, 0, 0, 0, 231.7999, 238.9449, 177.7350, 86571994
      98752, rtd, 62, 99, 611, 5927, 0, 0, 0, 0, 0, 231.7999, 238.9449, 177.7350, 86571994
      98800, rtd, 62, 99, 611, 5927, 0, 0, 0, 0, 0, 231.7999, 238.9449, 177.7350, 86571994
      98848, rtd, 62, 99, 611, 5927, 0, 0, 0, 0, 0, 231.8079, 238.9305, 177.7767, 86572232
      98896, rtd, 62, 99, 611, 5927, 0, 0, 0, 0, 0, 231.8079, 238.9305, 177.7767, 86572232
      98944, rtd, 62, 99, 611, 5927, 774, 2361, 865, 100, -500, 231.8079, 238.9305, 177.7767, 86572232
      98992, rtd, 62, 99, 611, 5927, 0, 0, 0, 0, 0, 231.8079, 238.9305, 177.7767, 86572232
      99041, rtd, 62, 99, 611, 5927, 0, 0, 0, 0, 0, 231.8570, 238.9684, 177.8125, 86572291
      99090, rtd, 62, 99, 611, 5927, 0, 0, 0, 0, 0, 231.8570, 238.9684, 177.8125, 86572291
      99154, rtd, 62, 99, 611, 5927, 0, 0, 0, 0, 0, 231.8570, 238.9684, 177.8125, 86572291
      99201, rtd, 62, 99, 611, 5927, 0, 0, 0, 0, 0, 231.8570, 238.9684, 177.8125, 86572291
      99249, rtd, 62, 99, 611, 5927, 774, 2361, 865, 100, -500, 231.8195, 238.9836, 177.6020, 86572557
      99297, rtd, 62, 99, 611, 5927, 0, 0, 0, 0, 0, 231.8195, 238.9836, 177.6020, 86572557
      99345, rtd, 62, 99, 611, 5927, 0, 0, 0, 0, 0, 231.8195, 238.9836, 177.6020, 86572557
      99393, rtd, 62, 99, 611, 5927, 0, 0, 0, 0, 0, 231.8195, 238.9836, 177.6020, 86572557
      99441, rtd, 62, 99, 611, 5927, 0, 0, 0, 0, 0, 231.8169, 238.9429, 177.5980, 86572799
      99489, rtd, 62, 99, 611, 5927, 0, 0, 0, 0, 0, 231.8169, 238.9429, 177.5980, 86572799
      99553, rtd, 62, 99, 611, 5927, 774, 2361, 865, 100, -500, 231.8169, 238.9429, 177.5980, 86572799
      99601, rtd, 62, 99, 611, 5927, 0, 0, 0, 0, 0, 231.8169, 238.9429, 177.5980, 86572799
      99649, rtd, 62, 99, 611, 5927, 0, 0, 0, 0, 0, 231.8072, 238.9757, 177.7882, 86572991
      99696, rtd, 62, 99, 611, 5927, 0, 0, 0, 0, 0, 231.8072, 238.9757, 177.7882, 86572991
      99744, rtd, 62, 99, 611, 5927, 0, 0, 0, 0, 0, 231.8072, 238.9757, 177.7882, 86572991
      99792, rtd, 62, 99, 611, 5927, 0, 0, 0, 0, 0, 231.8072, 238.9757, 177.7882, 86572991
     106153, rtd, 62, 99, 611, 5927, 1178, 294, 823, 150, 0, 231.8747, 238.9533, 177.5864, 86579402
     106201, rtd, 62, 99, 611, 5927, 0, 0, 0, 0, 0, 231.8747, 238.9533, 177.5864, 86579402
     106249, rtd, 62, 99, 611, 5927, 0, 0, 0, 0, 0, 231.8747, 238.9533, 177.5864, 86579402
     106297, rtd, 62, 99, 611, 5927, 0, 0, 0, 0, 0, 231.8790, 238.9693, 177.6951, 86579688
     106345, rtd, 62, 99, 611, 5927, 0, 0, 0, 0, 0, 231.8790, 238.9693, 177.6951, 86579688
     106394, rtd, 62, 99, 611, 5927, 0, 0, 0, 0, 0, 231.8790, 238.9693, 177.6951, 86579688
     106442, rtd, 62, 99, 611, 5927, 1178, 70, 823, 150, 0, 231.8790, 238.9693, 177.6951, 86579688
     106490, rtd, 62, 99, 611, 5927, 0, 0, 0, 0, 0, 231.8984, 238.9614, 177.7354, 86579809
     106554, rtd, 62, 99, 611, 5927, 0, 0, 0, 0, 0, 231.8984, 238.9614, 177.7354, 86579809
     106602, rtd, 62, 99, 611, 5927, 0, 0, 0, 0, 0, 231.8984, 238.9614, 177.7354, 86579809
     106650, rtd, 62, 99, 611, 5927, 0, 0, 0, 0, 0, 231.8984, 238.9614, 177.7354, 86579809
     106698, rtd, 62, 99, 611, 5927, 0, 0, 0, 0, 0, 231.8202, 238.9768, 177.6776, 86580086
     106746, rtd, 62, 99, 611, 5927, 1178, 70, 823, 150, 0, 231.8202, 238.9768, 177.6776, 86580086
     106794, rtd, 62, 99, 611, 5927, 0, 0, 0, 0, 0, 231.8202, 238.9768, 177.6776, 86580086
     106842, rtd, 62, 99, 611, 5927, 0, 0, 0, 0, 0, 231.8202, 238.9768, 177.6776, 86580086
     106890, rtd, 62, 99, 611, 5927, 0, 0, 0, 0, 0, 231.8202, 238.9768, 177.6776, 86580086
     106954, rtd, 62, 99, 611, 5927, 0, 0, 0, 0, 0, 231.8072, 238.9570, 177.7084, 86580241
     107002, rtd, 62, 99, 611, 5927, 0, 0, 0, 0, 0, 231.8072, 238.9570, 177.7084, 86580241
     107050, rtd, 62, 99, 611, 5927, 1178, 15, 823, 150, 0, 231.8072, 238.9570, 177.7084, 86580241
     107098, rtd, 62, 99, 611, 5927, 0, 0, 0, 0, 0, 231.9196, 238.9589, 177.6018, 86580451
     107146, rtd, 62, 99, 611, 5927, 0, 0, 0, 0, 0, 231.9196, 238.9589, 177.6018, 86580451
     107194, rtd, 62, 99, 611, 5927, 0, 0, 0, 0, 0, 231.9196, 238.9589, 177.6018, 86580451
     107242, rtd, 62, 99, 611, 5927, 0, 0, 0, 0, 0, 231.9196, 238.9589, 177.6018, 86580451
     107289, rtd, 62, 99, 611, 5927, 0, 0, 0, 0, 0, 231.9196, 238.9589, 177.6018, 86580451
     107353, rtd, 62, 99, 611, 5927, 1178, 0, 823, 150, 0, 231.8809, 238.9957, 177.5607, 86580581
     107401, rtd, 62, 99, 611, 5927, 0, 0, 0, 0, 0, 231.8809, 238.9957, 177.5607, 86580581
     107449, rtd, 62, 99, 611, 5927, 0, 0, 0, 0, 0, 231.8809, 238.9957, 177.5607, 86580581
     107497, rtd, 62, 99, 611, 5927, 0, 0, 0, 0, 0, 231.9082, 239.0307, 177.6251, 86580896
     107545, rtd, 62, 99, 611, 5927, 0, 0, 0, 0, 0, 231.9082, 239.0307, 177.6251, 86580896
     107593, rtd, 62, 99, 611, 5927, 0, 0, 0, 0, 0, 231.9082, 239.0307, 177.6251, 86580896
     107641, rtd, 62, 99, 611, 5927, 1178, 0, 823, 150, 0, 231.9082, 239.0307, 177.6251, 86580896
     107689, rtd, 62, 99, 611, 5927, 0, 0, 0, 0, 0, 231.9082, 239.0307, 177.6251, 86580896
     107753, rtd, 62, 99, 611, 5927, 0, 0, 0, 0, 0, 231.8021, 238.9435, 177.7640, 86581038
     107801, rtd, 62, 99, 611, 5927, 0, 0, 0, 0, 0, 231.8021, 238.9435, 177.7640, 86581038
     107849, rtd, 62, 99, 611, 5927, 0, 0, 0, 0, 0, 231.8021, 238.9435, 177.7640, 86581038
     107897, rtd, 62, 99, 611, 5927, 0, 0, 0, 0, 0, 231.8021, 238.9435, 177.7640, 86581038
     107945, rtd, 62, 99, 611, 5927, 1178, 597, 688, 150, 0, 231.8902, 238.9847, 177.6278, 86581304
     107993, rtd, 62, 99, 611, 5927, 0, 0, 0, 0, 0, 231.8902, 238.9847, 177.6278, 86581304
     108041, rtd, 62, 99, 611, 5927, 0, 0, 0, 0, 0, 231.8902, 238.9847, 177.6278, 86581304
     108105, rtd, 62, 99, 611, 5927, 0, 0, 0, 0, 0, 231.8902, 238.9847, 177.6278, 86581304
     108152, rtd, 62, 99, 611, 5927, 0, 0, 0, 0, 0, 231.8671, 238.9945, 177.5866, 86581490
     108200, rtd, 62, 99, 611, 5927, 0, 0, 0, 0, 0, 231.8671, 238.9945, 177.5866, 86581490
     108248, rtd, 62, 99, 611, 5927, 1178, 735, 485, 150, 0, 231.8671, 238.9945, 177.5866, 86581490
     108296, rtd, 62, 99, 611, 5927, 0, 0, 0, 0, 0, 231.8671, 238.9945, 177.5866, 86581490
     108344, rtd, 62, 99, 611, 5927, 0, 0, 0, 0, 0, 231.8283, 238.9607, 177.6113, 86581654
     108391, rtd, 62, 99, 611, 5927, 0, 0, 0, 0, 0, 231.8283, 238.9607, 177.6113, 86581654
     108439, rtd, 62, 99, 611, 5927, 0, 0, 0, 0, 0, 231.8283, 238.9607, 177.6113, 86581654
     108503, rtd, 62, 99, 611, 5927, 0, 0, 0, 0, 0, 231.8283, 238.9607, 177.6113, 86581654
     108551, rtd, 62, 99, 611, 5927, 1178, 765, 302, 150, 0, 231.8494, 238.9830, 177.7671, 86581925
     108599, rtd, 62, 99, 611, 5927, 0, 0, 0, 0, 0, 231.8494, 238.9830, 177.7671, 86581925
     108647, rtd, 62, 99, 611, 5927, 0, 0, 0, 0, 0, 231.8494, 238.9830, 177.7671, 86581925
     108695, rtd, 62, 99, 611, 5927, 0, 0, 0, 0, 0, 231.8494, 238.9830, 177.7671, 86581925
     108743, rtd, 62, 99, 611, 5927, 0, 0, 0, 0, 0, 231.7945, 238.9548, 177.7849, 86582125
     108791, rtd, 62, 99, 611, 5927, 0, 0, 0, 0, 0, 231.7945, 238.9548, 177.7849, 86582125
     108839, rtd, 62, 99, 611, 5927, 1178, 774, 211, 0, -1000, 231.7945, 238.9548, 177.7849, 86582125
     108903, rtd, 62, 99, 611, 5927, 0, 0, 0, 0, 0, 231.7945, 238.9548, 177.7849, 86582125
     108951, rtd, 62, 99, 611, 5927, 0, 0, 0, 0, 0, 231.8179, 238.9333, 177.7513, 86582306
     108999, rtd, 62, 99, 611, 5927, 0, 0, 0, 0, 0, 231.8179, 238.9333, 177.7513, 86582306
     109047, rtd, 62, 99, 611, 5927, 0, 0, 0, 0, 0, 231.8179, 238.9333, 177.7513, 86582306
     109095, rtd, 62, 99, 611, 5927, 0, 0, 0, 0, 0, 231.8179, 238.9333, 177.7513, 86582306
     109143, rtd, 62, 99, 611, 5927, 1178, 774, 211, 0, -1000, 231.8810, 238.9959, 177.6432, 86582490
     109191, rtd, 62, 99, 611, 5927, 0, 0, 0, 0, 0, 231.8810, 238.9959, 177.6432, 86582490
     109239, rtd, 62, 99, 611, 5927, 0, 0, 0, 0, 0, 231.8810, 238.9959, 177.6432, 86582490
     109303, rtd, 62, 99, 611, 5927, 0, 0, 0, 0, 0, 231.8810, 238.9959, 177.6432, 86582490
     109351, rtd, 62, 99, 611, 5927, 0, 0, 0, 0, 0, 231.8900, 238.9800, 177.5795, 86582624
     109399, rtd, 62, 99, 611, 5927, 0, 0, 0, 0, 0, 231.8900, 238.9800, 177.5795, 86582624
     109447, rtd, 62, 99, 611, 5927, 1178, 1075, 165, 0, -1000, 231.8900, 238.9800, 177.5795, 86582624
     109495, rtd, 62, 99, 611, 5927, 0, 0, 0, 0, 0, 231.8900, 238.9800, 177.5795, 86582624
     109543, rtd, 62, 99, 611, 5927, 0, 0, 0, 0, 0, 231.9015, 238.9966, 177.4550, 86582920
     109591, rtd, 62, 99, 611, 5927, 0, 0, 0, 0, 0, 231.9015, 238.9966, 177.4550, 86582920
     109655, rtd, 62, 99, 611, 5927, 0, 0, 0, 0, 0, 231.9015, 238.9966, 177.4550, 86582920
     109703, rtd, 62, 99, 611, 5927, 0, 0, 0, 0, 0, 231.9015, 238.9966, 177.4550, 86582920
     109751, rtd, 62, 99, 611, 5927, 1178, 1453, 142, 0, -1000, 231.8463, 238.9811, 177.8427, 86583111
     109799, rtd, 62, 99, 611, 5927, 0, 0, 0, 0, 0, 231.8463, 238.9811, 177.8427, 86583111
     109847, rtd, 62, 99, 611, 5927, 0, 0, 0, 0, 0, 231.8463, 238.9811, 177.8427, 86583111
     109895, rtd, 62, 99, 611, 5927, 0, 0, 0, 0, 0, 231.8463, 238.9811, 177.8427, 86583111
     109943, rtd, 62, 99, 611, 5927, 0, 0, 0, 0, 0, 231.9006, 238.9973, 177.5849, 86583303
     109991, rtd, 62, 99, 611, 5927, 0, 0, 0, 0, 0, 231.9006, 238.9973, 177.5849, 86583303
     110054, rtd, 62, 99, 611, 5927, 1178, 1546, 131, 0, -1000, 231.9006, 238.9973, 177.5849, 86583303
     110102, rtd, 62, 99, 611, 5927, 0, 0, 0, 0, 0, 231.9006, 238.9973, 177.5849, 86583303
     110150, rtd, 62, 99, 611, 5927, 0, 0, 0, 0, 0, 231.8984, 239.0056, 177.5902, 86583504
     110198, rtd, 62, 99, 611, 5927, 0, 0, 0, 0, 0, 231.8984, 239.0056, 177.5902, 86583504
     110246, rtd, 62, 99, 611, 5927, 0, 0, 0, 0, 0, 231.8984, 239.0056, 177.5902, 86583504
     110294, rtd, 62, 99, 611, 5927, 0, 0, 0, 0, 0, 231.8984, 239.0056, 177.5902, 86583504
     110342, rtd, 62, 99, 611, 5927, 1178, 2170, 125, 0, -1000, 231.9244, 238.9651, 177.6387, 86583717
     110390, rtd, 62, 99, 611, 5927, 0, 0, 0, 0, 0, 231.9244, 238.9651, 177.6387, 86583717
     110454, rtd, 62, 99, 611, 5927, 0, 0, 0, 0, 0, 231.9244, 238.9651, 177.6387, 86583717
     110502, rtd, 62, 99, 611, 5927, 0, 0, 0, 0, 0, 231.9244, 238.9651, 177.6387, 86583717
     110550, rtd, 62, 99, 611, 5927, 0, 0, 0, 0, 0, 231.8729, 238.9804, 177.6381, 86583935
     110598, rtd, 62, 99, 611, 5927, 0, 0, 0, 0, 0, 231.8729, 238.9804, 177.6381, 86583935
     110646, rtd, 62, 99, 611, 5927, 1178, 2605, 122, 0, -1000, 231.8729, 238.9804, 177.6381, 86583935
     110694, rtd, 62, 99, 611, 5927, 0, 0, 0, 0, 0, 231.8729, 238.9804, 177.6381, 86583935
     110742, rtd, 62, 99, 611, 5927, 0, 0, 0, 0, 0, 231.8639, 238.9698, 177.6276, 86584106
     110790, rtd, 62, 99, 611, 5927, 0, 0, 0, 0, 0, 231.8639, 238.9698, 177.6276, 86584106
     110855, rtd, 62, 99, 611, 5927, 0, 0, 0, 0, 0, 231.8639, 238.9698, 177.6276, 86584106
     110901, rtd, 62, 99, 611, 5927, 0, 0, 0, 0, 0, 231.8639, 238.9698, 177.6276, 86584106
     110949, rtd, 62, 99, 611, 5927, 1178, 2605, 122, 0, -1000, 231.8828, 238.9710, 177.8037, 86584160
     110997, rtd, 62, 99, 611, 5927, 0, 0, 0, 0, 0, 231.8828, 238.9710, 177.8037, 86584160
     111046, rtd, 62, 99, 611, 5927, 0, 0, 0, 0, 0, 231.8828, 238.9710, 177.8037, 86584160
     111093, rtd, 62, 99, 611, 5927, 0, 0, 0, 0, 0, 231.8828, 238.9710, 177.8037, 86584160
     111141, rtd, 62, 99, 611, 5927, 0, 0, 0, 0, 0, 231.8337, 238.9858, 177.5804, 86584523
     111189, rtd, 62, 99, 611, 5927, 0, 0, 0, 0, 0, 231.8337, 238.9858, 177.5804, 86584523
     111253, rtd, 62, 99, 611, 5927, 1178, 3013, 121, 100, 500, 231.8337, 238.9858, 177.5804, 86584523
     111303, rtd, 62, 99, 611, 5927, 0, 0, 0, 0, 0, 231.8337, 238.9858, 177.5804, 86584523
     111349, rtd, 62, 99, 611, 5927, 0, 0, 0, 0, 0, 231.9021, 239.0095, 177.5002, 86584697
     111397, rtd, 62, 99, 611, 5927, 0, 0, 0, 0, 0, 231.9021, 239.0095, 177.5002, 86584697
     111445, rtd, 62, 99, 611, 5927, 0, 0, 0, 0, 0, 231.9021, 239.0095, 177.5002, 86584697
     111493, rtd, 62, 99, 611, 5927, 0, 0, 0, 0, 0, 231.9021, 239.0095, 177.5002, 86584697
     111541, rtd, 62, 99, 611, 5927, 1178, 3112, 120, 100, 500, 231.9021, 239.0095, 177.5002, 86584697
     111589, rtd, 62, 99, 611, 5927, 0, 0, 0, 0, 0, 231.9011, 238.9829, 177.5964, 86584943
     111653, rtd, 62, 99, 611, 5927, 0, 0, 0, 0, 0, 231.9011, 238.9829, 177.5964, 86584943
     111701, rtd, 62, 99, 611, 5927, 0, 0, 0, 0, 0, 231.9011, 238.9829, 177.5964, 86584943
     111749, rtd, 62, 99, 611, 5927, 0, 0, 0, 0, 0, 231.9005, 238.9932, 177.5743, 86585161
     111797, rtd, 62, 99, 611, 5927, 0, 0, 0, 0, 0, 231.9005, 238.9932, 177.5743, 86585161
     111844, rtd, 62, 99, 611, 5927, 1178, 3137, 120, 100, 500, 231.9005, 238.9932, 177.5743, 86585161
     111892, rtd, 62, 99, 611, 5927, 0, 0, 0, 0, 0, 231.9005, 238.9932, 177.5743, 86585161
     111940, rtd, 62, 99, 611, 5927, 0, 0, 0, 0, 0, 231.9005, 238.9932, 177.5743, 86585161
     112004, rtd, 62, 99, 611, 5927, 0, 0, 0, 0, 0, 231.8884, 238.9716, 177.7564, 86585324
     112052, rtd, 62, 99, 611, 5927, 0, 0, 0, 0, 0, 231.8884, 238.9716, 177.7564, 86585324
     112100, rtd, 62, 99, 611, 5927, 0, 0, 0, 0, 0, 231.8884, 238.9716, 177.7564, 86585324
     112148, rtd, 62, 99, 611, 5927, 1178, 3142, 336, 100, 500, 231.8408, 238.9776, 177.5429, 86585545
     112196, rtd, 62, 99, 611, 5927, 0, 0, 0, 0, 0, 231.8408, 238.9776, 177.5429, 86585545
     112244, rtd, 62, 99, 611, 5927, 0, 0, 0, 0, 0, 231.8408, 238.9776, 177.5429, 86585545
     112292, rtd, 62, 99, 611, 5927, 0, 0, 0, 0, 0, 231.8408, 238.9776, 177.5429, 86585545
     112340, rtd, 62, 99, 611, 5927, 0, 0, 0, 0, 0, 231.8408, 238.9776, 177.5429, 86585545
     112404, rtd, 62, 99, 611, 5927, 0, 0, 0, 0, 0, 231.8678, 238.9625, 177.4846, 86585683
     112452, rtd, 62, 99, 611, 5927, 1178, 3142, 336, 100, 500, 231.8678, 238.9625, 177.4846, 86585683
     112500, rtd, 62, 99, 611, 5927, 0, 0, 0, 0, 0, 231.8678, 238.9625, 177.4846, 86585683
     112548, rtd, 62, 99, 611, 5927, 0, 0, 0, 0, 0, 231.8631, 238.9405, 177.5232, 86585948
     112596, rtd, 62, 99, 611, 5927, 0, 0, 0, 0, 0, 231.8631, 238.9405, 177.5232, 86585948
     112644, rtd, 62, 99, 611, 5927, 0, 0, 0, 0, 0, 231.8631, 238.9405, 177.5232, 86585948
     112692, rtd, 62, 99, 611, 5927, 0, 0, 0, 0, 0, 231.8631, 238.9405, 177.5232, 86585948
     112755, rtd, 62, 99, 611, 5927, 1178, 3142, 566, 100, 500, 232.0479, 239.0088, 177.6828, 86586130
     112803, rtd, 62, 99, 611, 5927, 0, 0, 0, 0, 0, 232.0479, 239.0088, 177.6828, 86586130
     112851, rtd, 62, 99, 611, 5927, 0, 0, 0, 0, 0, 232.0479, 239.0088, 177.6828, 86586130
     112899, rtd, 62, 99, 611, 5927, 0, 0, 0, 0, 0, 232.0479, 239.0088, 177.6828, 86586130
     112947, rtd, 62, 99, 611, 5927, 0, 0, 0, 0, 0, 232.0479, 239.0088, 177.6828, 86586130
     112995, rtd, 62, 99, 611, 5927, 0, 0, 0, 0, 0, 232.1316, 239.0000, 177.7327, 86586216
     113043, rtd, 62, 99, 611, 5927, 1178, 3142, 694, 100, 500, 232.1316, 239.0000, 177.7327, 86586216
     113091, rtd, 62, 99, 611, 5927, 0, 0, 0, 0, 0, 232.1316, 239.0000, 177.7327, 86586216
     113139, rtd, 62, 99, 611, 5927, 0, 0, 0, 0, 0, 232.1316, 239.0000, 177.7327, 86586216
     113203, rtd, 62, 99, 611, 5927, 0, 0, 0, 0, 0, 231.8999, 238.9684, 177.8138, 86586509
     113251, rtd, 62, 99, 611, 5927, 0, 0, 0, 0, 0, 231.8999, 238.9684, 177.8138, 86586509
     113299, rtd, 62, 99, 611, 5927, 0, 0, 0, 0, 0, 231.8999, 238.9684, 177.8138, 86586509
     113347, rtd, 62, 99, 611, 5927, 1178, 2545, 623, 100, 500, 231.8999, 238.9684, 177.8138, 86586509
     113395, rtd, 62, 99, 611, 5927, 0, 0, 0, 0, 0, 232.2007, 238.9913, 177.6912, 86586751
     113443, rtd, 62, 99, 611, 5927, 0, 0, 0, 0, 0, 232.2007, 238.9913, 177.6912, 86586751
     113491, rtd, 62, 99, 611, 5927, 0, 0, 0, 0, 0, 232.2007, 238.9913, 177.6912, 86586751
     113539, rtd, 62, 99, 611, 5927, 0, 0, 0, 0, 0, 232.2007, 238.9913, 177.6912, 86586751
     113603, rtd, 62, 99, 611, 5927, 0, 0, 0, 0, 0, 232.1434, 239.0628, 177.8497, 86586980
     113651, rtd, 62, 99, 611, 5927, 1178, 2407, 723, 100, 500, 232.1434, 239.0628, 177.8497, 86586980
     113699, rtd, 62, 99, 611, 5927, 0, 0, 0, 0, 0, 232.1434, 239.0628, 177.8497, 86586980
     113747, rtd, 62, 99, 611, 5927, 0, 0, 0, 0, 0, 232.1434, 239.0628, 177.8497, 86586980
     113794, rtd, 62, 99, 611, 5927, 0, 0, 0, 0, 0, 232.1841, 239.0415, 178.0757, 86587157
     113842, rtd, 62, 99, 611, 5998, 0, 0, 0, 0, 0, 232.1841, 239.0415, 178.0757, 86587157
     113890, rtd, 62, 99, 611, 6042, 0, 0, 0, 0, 0, 232.1841, 239.0415, 178.0757, 86587157
     113954, rtd, 62, 99, 611, 6096, 1178, 2407, 723, 100, 500, 232.1841, 239.0415, 178.0757, 86587157
     114002, rtd, 62, 99, 611, 6151, 0, 0, 0, 0, 0, 232.8966, 239.2730, 177.9184, 86587306
     114050, rtd, 62, 99, 611, 6205, 0, 0, 0, 0, 0, 232.8966, 239.2730, 177.9184, 86587306
     114098, rtd, 62, 99, 611, 6254, 0, 0, 0, 0, 0, 232.8966, 239.2730, 177.9184, 86587306
     114146, rtd, 62, 99, 611, 22, 0, 0, 0, 0, 0, 232.8966, 239.2730, 177.9184, 86587306
     114194, rtd, 62, 99, 611, 73, 0, 0, 0, 0, 0, 234.0081, 239.4749, -176.2357, 86587554
     114242, rtd, 62, 99, 611, 121, 1178, 2377, 773, 100, 500, 234.0081, 239.4749, -176.2357, 86587554
     114290, rtd, 62, 99, 611, 174, 0, 0, 0, 0, 0, 234.0081, 239.4749, -176.2357, 86587554
     114354, rtd, 62, 99, 611, 222, 0, 0, 0, 0, 0, 234.0081, 239.4749, -176.2357, 86587554
     114402, rtd, 62, 99, 611, 276, 0, 0, 0, 0, 0, 231.6223, 238.8939, -166.4521, 86587708
     114450, rtd, 62, 99, 611, 326, 0, 0, 0, 0, 0, 231.6223, 238.8939, -166.4521, 86587708
     114498, rtd, 62, 99, 611, 373, 0, 0, 0, 0, 0, 231.6223, 238.8939, -166.4521, 86587708
     114546, rtd, 62, 99, 611, 426, 1178, 2368, 798, 100, 500, 231.6223, 238.8939, -166.4521, 86587708
     114594, rtd, 62, 99, 611, 478, 0, 0, 0, 0, 0, 231.5788, 238.7854, -151.8698, 86587959
     114642, rtd, 62, 99, 611, 528, 0, 0, 0, 0, 0, 231.5788, 238.7854, -151.8698, 86587959
     114690, rtd, 62, 99, 611, 579, 0, 0, 0, 0, 0, 231.5788, 238.7854, -151.8698, 86587959
     114753, rtd, 62, 99, 611, 629, 0, 0, 0, 0, 0, 231.5788, 238.7854, -151.8698, 86587959
     114801, rtd, 62, 101, 612, 674, 0, 0, 0, 0, 0, 231.3846, 238.9314, -142.6310, 86588154
     114849, rtd, 62, 105, 615, 712, 393, 2368, 810, 100, 500, 231.3846, 238.9314, -142.6310, 86588154
     114897, rtd, 62, 110, 620, 738, 0, 0, 0, 0, 0, 231.3846, 238.9314, -142.6310, 86588154
     114945, rtd, 62, 116, 625, 734, 0, 0, 0, 0, 0, 231.3846, 238.9314, -142.6310, 86588154
     114993, rtd, 62, 122, 630, 733, 0, 0, 0, 0, 0, 231.1953, 239.1342, -130.9334, 86588343
     115041, rtd, 62, 127, 635, 736, 0, 0, 0, 0, 0, 231.1953, 239.1342, -130.9334, 86588343
     115090, rtd, 62, 133, 640, 741, 0, 0, 0, 0, 0, 231.1953, 239.1342, -130.9334, 86588343
     115153, rtd, 62, 137, 644, 755, 393, 2368, 681, 100, 500, 231.1953, 239.1342, -130.9334, 86588343
     115201, rtd, 62, 140, 647, 776, 0, 0, 0, 0, 0, 232.7995, 236.5630, -123.3330, 86588530
     115249, rtd, 62, 141, 648, 801, 0, 0, 0, 0, 0, 232.7995, 236.5630, -123.3330, 86588530
     115297, rtd, 62, 141, 648, 874, 0, 0, 0, 0, 0, 232.7995, 236.5630, -123.3330, 86588530
     115345, rtd, 62, 140, 647, 927, 0, 0, 0, 0, 0, 232.7995, 236.5630, -123.3330, 86588530
     115393, rtd, 62, 140, 647, 981, 0, 0, 0, 0, 0, 237.8296, 228.5829, -123.4094, 86588697
     115441, rtd, 62, 140, 648, 1029, 774, 1759, 585, 100, 500, 237.8296, 228.5829, -123.4094, 86588697
     115504, rtd, 62, 140, 648, 1081, 0, 0, 0, 0, 0, 237.8296, 228.5829, -123.4094, 86588697
     115552, rtd, 62, 140, 647, 1131, 0, 0, 0, 0, 0, 237.8296, 228.5829, -123.4094, 86588697
     115600, rtd, 62, 140, 647, 1181, 0, 0, 0, 0, 0, 239.0057, 226.9448, -127.1029, 86588929
     115648, rtd, 62, 140, 647, 1232, 0, 0, 0, 0, 0, 239.0057, 226.9448, -127.1029, 86588929
     115696, rtd, 62, 140, 648, 1284, 0, 0, 0, 0, 0, 239.0057, 226.9448, -127.1029, 86588929
     115744, rtd, 62, 140, 648, 1335, 393, 1616, 569, 0, 1000, 239.0057, 226.9448, -127.1029, 86588929
     115792, rtd, 62, 140, 647, 1385, 0, 0, 0, 0, 0, 238.6560, 227.1250, -116.8322, 86589126
     115840, rtd, 62, 140, 648, 1436, 0, 0, 0, 0, 0, 238.6560, 227.1250, -116.8322, 86589126
     115904, rtd, 62, 140, 648, 1488, 0, 0, 0, 0, 0, 238.6560, 227.1250, -116.8322, 86589126
     115952, rtd, 62, 140, 648, 1538, 0, 0, 0, 0, 0, 238.6560, 227.1250, -116.8322, 86589126
     116000, rtd, 62, 140, 648, 1589, 0, 0, 0, 0, 0, 238.4685, 227.3487, -101.3630, 86589375
     116048, rtd, 62, 140, 648, 1641, 0, 1571, 557, 0, 1000, 238.4685, 227.3487, -101.3630, 86589375
     116096, rtd, 62, 140, 648, 1691, 0, 0, 0, 0, 0, 238.4685, 227.3487, -101.3630, 86589375
     116144, rtd, 62, 140, 648, 1742, 0, 0, 0, 0, 0, 238.4685, 227.3487, -101.3630, 86589375
     116192, rtd, 62, 140, 648, 1793, 0, 0, 0, 0, 0, 238.3351, 227.7823, -81.3025, 86589671
     116240, rtd, 62, 140, 648, 1842, 0, 0, 0, 0, 0, 238.3351, 227.7823, -81.3025, 86589671
     116304, rtd, 62, 140, 648, 1897, 0, 0, 0, 0, 0, 238.3351, 227.7823, -81.3025, 86589671
     116352, rtd, 62, 140, 648, 1945, -393, 1571, 555, 0, 1000, 238.3351, 227.7823, -81.3025, 86589671
     116399, rtd, 62, 140, 648, 1997, 0, 0, 0, 0, 0, 238.4051, 227.8576, -73.5236, 86589796
     116447, rtd, 62, 140, 648, 2047, 0, 0, 0, 0, 0, 238.4051, 227.8576, -73.5236, 86589796
     116495, rtd, 62, 140, 648, 2099, 0, 0, 0, 0, 0, 238.4051, 227.8576, -73.5236, 86589796
     116543, rtd, 62, 140, 648, 2150, 0, 0, 0, 0, 0, 238.4051, 227.8576, -73.5236, 86589796
     116591, rtd, 62, 140, 648, 2200, 0, 0, 0, 0, 0, 238.5080, 228.0087, -65.6783, 86589933
     116655, rtd, 62, 140, 648, 2250, -393, 967, 554, 0, 1000, 238.5080, 228.0087, -65.6783, 86589933
     116703, rtd, 62, 140, 648, 2303, 0, 0, 0, 0, 0, 238.5080, 228.0087, -65.6783, 86589933
     116751, rtd, 62, 140, 648, 2354, 0, 0, 0, 0, 0, 238.5080, 228.0087, -65.6783, 86589933
     116799, rtd, 62, 140, 648, 2401, 0, 0, 0, 0, 0, 238.4932, 228.1191, -60.7225, 86590016
     116847, rtd, 62, 140, 648, 2453, 0, 0, 0, 0, 0, 238.4932, 228.1191, -60.7225, 86590016
     116895, rtd, 62, 140, 648, 2506, 0, 0, 0, 0, 0, 238.4932, 228.1191, -60.7225, 86590016
     116943, rtd, 62, 140, 648, 2556, -774, 797, 553, 0, 1000, 238.4932, 228.1191, -60.7225, 86590016
     116991, rtd, 62, 140, 648, 2607, 0, 0, 0, 0, 0, 238.9912, 228.3728, -39.6532, 86590388
     117039, rtd, 62, 140, 648, 2657, 0, 0, 0, 0, 0, 238.9912, 228.3728, -39.6532, 86590388
     117103, rtd, 62, 140, 648, 2711, 0, 0, 0, 0, 0, 238.9912, 228.3728, -39.6532, 86590388
     117151, rtd, 62, 140, 648, 2761, 0, 0, 0, 0, 0, 238.9912, 228.3728, -39.6532, 86590388
     117199, rtd, 62, 140, 648, 2812, 0, 0, 0, 0, 0, 239.2075, 228.4609, -33.1495, 86590470
     117247, rtd, 62, 140, 648, 2861, -774, 797, 553, 0, 1000, 239.2075, 228.4609, -33.1495, 86590470
     117295, rtd, 62, 140, 648, 2914, 0, 0, 0, 0, 0, 239.2075, 228.4609, -33.1495, 86590470
     117343, rtd, 62, 140, 648, 2965, 0, 0, 0, 0, 0, 239.2075, 228.4609, -33.1495, 86590470
     117391, rtd, 62, 140, 648, 3015, 0, 0, 0, 0, 0, 238.8457, 228.2676, -22.0384, 86590690
     117455, rtd, 62, 140, 648, 3066, 0, 0, 0, 0, 0, 238.8457, 228.2676, -22.0384, 86590690
     117503, rtd, 62, 140, 648, 3117, 0, 0, 0, 0, 0, 238.8457, 228.2676, -22.0384, 86590690
     117550, rtd, 62, 140, 648, 3168, -774, 797, 553, 0, 1000, 238.8457, 228.2676, -22.0384, 86590690
     117598, rtd, 62, 140, 648, 3218, 0, 0, 0, 0, 0, 234.7896, 227.4058, -4.0562, 86590984
     117646, rtd, 62, 140, 648, 3271, 0, 0, 0, 0, 0, 234.7896, 227.4058, -4.0562, 86590984
     117694, rtd, 62, 140, 648, 3321, 0, 0, 0, 0, 0, 234.7896, 227.4058, -4.0562, 86590984
     117742, rtd, 62, 140, 648, 3371, 0, 0, 0, 0, 0, 234.7896, 227.4058, -4.0562, 86590984
     117790, rtd, 62, 140, 648, 3422, 0, 0, 0, 0, 0, 240.1139, 227.8979, 8.7752, 86591231
     117854, rtd, 62, 140, 648, 3473, -1964, 10, 553, 0, 1000, 240.1139, 227.8979, 8.7752, 86591231
     117902, rtd, 62, 140, 648, 3523, 0, 0, 0, 0, 0, 240.1139, 227.8979, 8.7752, 86591231
     117950, rtd, 62, 140, 648, 3575, 0, 0, 0, 0, 0, 240.1139, 227.8979, 8.7752, 86591231
     117998, rtd, 62, 138, 647, 3617, 0, 0, 0, 0, 0, 240.1139, 227.8979, 8.7752, 86591231
     118046, rtd, 62, 134, 644, 3652, 0, 0, 0, 0, 0, 240.1139, 227.8979, 8.7752, 86591231
     118094, rtd, 62, 129, 641, 3665, 0, 0, 0, 0, 0, 240.1139, 227.8979, 8.7752, 86591231
     118142, rtd, 62, 125, 639, 3686, -1964, -592, 688, 0, 1000, 240.1139, 227.8979, 8.7752, 86591231
     118190, rtd, 62, 120, 636, 3711, 0, 0, 0, 0, 0, 240.1139, 227.8979, 8.7752, 86591231
     118254, rtd, 62, 116, 633, 3738, 0, 0, 0, 0, 0, 240.1139, 227.8979, 8.7752, 86591231
     118302, rtd, 62, 112, 631, 3761, 0, 0, 0, 0, 0, 240.1139, 227.8979, 8.7752, 86591231
     118349, rtd, 62, 108, 628, 3787, 0, 0, 0, 0, 0, 240.1139, 227.8979, 8.7752, 86591231
     118397, rtd, 62, 104, 625, 3810, 0, 0, 0, 0, 0, 235.5382, 230.3604, 37.7901, 86591754
     118445, rtd, 62, 100, 621, 3833, -1964, -732, 755, 0, 1000, 235.5382, 230.3604, 37.7901, 86591754
     118493, rtd, 62, 96, 618, 3859, 0, 0, 0, 0, 0, 235.5382, 230.3604, 37.7901, 86591754
     118541, rtd, 62, 92, 615, 3883, 0, 0, 0, 0, 0, 235.5382, 230.3604, 37.7901, 86591754
     118589, rtd, 62, 89, 611, 3907, 0, 0, 0, 0, 0, 231.6333, 233.4628, 41.6982, 86591908
     118653, rtd, 62, 85, 608, 3934, 0, 0, 0, 0, 0, 231.6333, 233.4628, 41.6982, 86591908
     118701, rtd, 62, 82, 604, 3957, 0, 0, 0, 0, 0, 231.6333, 233.4628, 41.6982, 86591908
     118749, rtd, 62, 78, 600, 3982, -2368, -1378, 603, 150, 0, 231.6333, 233.4628, 41.6982, 86591908
     118797, rtd, 62, 75, 597, 4006, 0, 0, 0, 0, 0, 223.9281, 240.9748, 49.9241, 86592205
     118845, rtd, 62, 72, 593, 4030, 0, 0, 0, 0, 0, 223.9281, 240.9748, 49.9241, 86592205
     118893, rtd, 62, 69, 589, 4055, 0, 0, 0, 0, 0, 223.9281, 240.9748, 49.9241, 86592205
     118941, rtd, 62, 66, 585, 4080, 0, 0, 0, 0, 0, 223.9281, 240.9748, 49.9241, 86592205
     118989, rtd, 62, 63, 581, 4105, 0, 0, 0, 0, 0, 220.3017, 245.1618, 53.9446, 86592379
     119053, rtd, 62, 60, 576, 4128, -2368, -1378, 603, 150, 0, 220.3017, 245.1618, 53.9446, 86592379
     119101, rtd, 62, 57, 572, 4155, 0, 0, 0, 0, 0, 220.3017, 245.1618, 53.9446, 86592379
     119149, rtd, 62, 54, 568, 4177, 0, 0, 0, 0, 0, 220.3017, 245.1618, 53.9446, 86592379
     119197, rtd, 62, 52, 563, 4202, 0, 0, 0, 0, 0, 216.2179, 251.2843, 59.8733, 86592582
     119245, rtd, 62, 49, 559, 4226, 0, 0, 0, 0, 0, 216.2179, 251.2843, 59.8733, 86592582
     119293, rtd, 62, 47, 555, 4252, 0, 0, 0, 0, 0, 216.2179, 251.2843, 59.8733, 86592582
     119341, rtd, 62, 45, 550, 4275, -2749, -1526, 578, 150, 0, 216.2179, 251.2843, 59.8733, 86592582
     119404, rtd, 62, 43, 546, 4300, 0, 0, 0, 0, 0, 212.7806, 257.5579, 65.6832, 86592792
     119452, rtd, 62, 41, 541, 4326, 0, 0, 0, 0, 0, 212.7806, 257.5579, 65.6832, 86592792
     119500, rtd, 62, 39, 536, 4349, 0, 0, 0, 0, 0, 212.7806, 257.5579, 65.6832, 86592792
     119548, rtd, 62, 37, 531, 4373, 0, 0, 0, 0, 0, 212.7806, 257.5579, 65.6832, 86592792
     119596, rtd, 62, 36, 527, 4397, 0, 0, 0, 0, 0, 210.5039, 262.8776, 70.8783, 86592951
     119644, rtd, 62, 34, 522, 4423, 3142, -1571, 554, 150, 0, 210.5039, 262.8776, 70.8783, 86592951
     119692, rtd, 62, 33, 517, 4448, 0, 0, 0, 0, 0, 210.5039, 262.8776, 70.8783, 86592951
     119740, rtd, 62, 31, 512, 4471, 0, 0, 0, 0, 0, 210.5039, 262.8776, 70.8783, 86592951
     119804, rtd, 62, 30, 507, 4496, 0, 0, 0, 0, 0, 207.6546, 271.2315, 77.4563, 86593194
     119852, rtd, 62, 29, 502, 4519, 0, 0, 0, 0, 0, 207.6546, 271.2315, 77.4563, 86593194
     119900, rtd, 62, 28, 497, 4544, 0, 0, 0, 0, 0, 207.6546, 271.2315, 77.4563, 86593194
     119948, rtd, 62, 28, 492, 4568, 2749, -1571, 553, 150, 0, 207.6546, 271.2315, 77.4563, 86593194
     119996, rtd, 62, 27, 487, 4594, 0, 0, 0, 0, 0, 206.3507, 277.8038, 82.4240, 86593361
     120044, rtd, 62, 26, 482, 4614, 0, 0, 0, 0, 0, 206.3507, 277.8038, 82.4240, 86593361
     120092, rtd, 62, 26, 478, 4614, 0, 0, 0, 0, 0, 206.3507, 277.8038, 82.4240, 86593361
     120140, rtd, 62, 26, 475, 4605, 0, 0, 0, 0, 0, 206.3507, 277.8038, 82.4240, 86593361
     120203, rtd, 62, 26, 475, 4559, 0, 0, 0, 0, 0, 205.4686, 286.6481, 91.2847, 86593643
     120251, rtd, 62, 26, 476, 4502, 2749, -1571, 688, 150, 0, 205.4686, 286.6481, 91.2847, 86593643
     120299, rtd, 62, 26, 476, 4444, 0, 0, 0, 0, 0, 205.4686, 286.6481, 91.2847, 86593643
     120347, rtd, 62, 26, 476, 4389, 0, 0, 0, 0, 0, 205.4686, 286.6481, 91.2847, 86593643
     120396, rtd, 62, 26, 476, 4339, 0, 0, 0, 0, 0, 205.4686, 286.6481, 91.2847, 86593643
     120443, rtd, 62, 26, 476, 4288, 0, 0, 0, 0, 0, 204.3463, 287.5680, 95.9964, 86593770
     120491, rtd, 62, 26, 476, 4237, 0, 0, 0, 0, 0, 204.3463, 287.5680, 95.9964, 86593770
     120555, rtd, 62, 26, 476, 4185, 2749, -1571, 620, 150, 0, 204.3463, 287.5680, 95.9964, 86593770
     120603, rtd, 62, 26, 476, 4136, 0, 0, 0, 0, 0, 204.3463, 287.5680, 95.9964, 86593770
     120651, rtd, 62, 26, 476, 4085, 0, 0, 0, 0, 0, 203.9892, 287.2304, 89.6034, 86593984
     120699, rtd, 62, 26, 476, 4035, 0, 0, 0, 0, 0, 203.9892, 287.2304, 89.6034, 86593984
     120747, rtd, 62, 26, 476, 3985, 0, 0, 0, 0, 0, 203.9892, 287.2304, 89.6034, 86593984
     120795, rtd, 62, 26, 476, 3933, 0, 0, 0, 0, 0, 203.9892, 287.2304, 89.6034, 86593984
     120843, rtd, 62, 26, 476, 3882, 2749, -1571, 721, 150, 0, 203.9269, 287.4798, 77.1205, 86594158
     120891, rtd, 62, 26, 476, 3833, 0, 0, 0, 0, 0, 203.9269, 287.4798, 77.1205, 86594158
     120939, rtd, 62, 26, 476, 3780, 0, 0, 0, 0, 0, 203.9269, 287.4798, 77.1205, 86594158
     121001, rtd, 62, 26, 476, 3729, 0, 0, 0, 0, 0, 203.9269, 287.4798, 77.1205, 86594158
     121049, rtd, 62, 26, 476, 3678, 0, 0, 0, 0, 0, 203.8766, 287.6112, 65.4182, 86594381
     121097, rtd, 62, 26, 476, 3628, 0, 0, 0, 0, 0, 203.8766, 287.6112, 65.4182, 86594381
     121145, rtd, 62, 26, 476, 3575, 3142, -1571, 391, 150, 0, 203.8766, 287.6112, 65.4182, 86594381
     121193, rtd, 62, 26, 476, 3526, 0, 0, 0, 0, 0, 203.8766, 287.6112, 65.4182, 86594381
     121241, rtd, 62, 26, 476, 3475, 0, 0, 0, 0, 0, 203.8639, 287.6758, 50.8661, 86594603
     121289, rtd, 62, 26, 476, 3425, 0, 0, 0, 0, 0, 203.8639, 287.6758, 50.8661, 86594603
     121353, rtd, 62, 26, 476, 3372, 0, 0, 0, 0, 0, 203.8639, 287.6758, 50.8661, 86594603
     121401, rtd, 62, 26, 476, 3321, 0, 0, 0, 0, 0, 203.8639, 287.6758, 50.8661, 86594603
     121449, rtd, 62, 26, 476, 3270, -2749, -1571, 607, 150, 0, 203.7816, 287.8428, 42.2309, 86594765
     121497, rtd, 62, 26, 476, 3220, 0, 0, 0, 0, 0, 203.7816, 287.8428, 42.2309, 86594765
     121545, rtd, 62, 26, 476, 3168, 0, 0, 0, 0, 0, 203.7816, 287.8428, 42.2309, 86594765
     121593, rtd, 62, 26, 476, 3116, 0, 0, 0, 0, 0, 203.7816, 287.8428, 42.2309, 86594765
     121641, rtd, 62, 26, 476, 3063, 0, 0, 0, 0, 0, 203.7164, 287.9454, 29.0856, 86595001
     121690, rtd, 62, 26, 476, 3014, 0, 0, 0, 0, 0, 203.7164, 287.9454, 29.0856, 86595001
     121754, rtd, 62, 26, 476, 2963, -2749, -1571, 715, 150, 0, 203.7164, 287.9454, 29.0856, 86595001
     121802, rtd, 62, 26, 476, 2911, 0, 0, 0, 0, 0, 203.7164, 287.9454, 29.0856, 86595001
     121850, rtd, 62, 26, 476, 2861, 0, 0, 0, 0, 0, 203.6984, 287.9178, 17.1220, 86595187
     121898, rtd, 62, 26, 476, 2810, 0, 0, 0, 0, 0, 203.6984, 287.9178, 17.1220, 86595187
     121946, rtd, 62, 26, 476, 2759, 0, 0, 0, 0, 0, 203.6984, 287.9178, 17.1220, 86595187
     121994, rtd, 62, 26, 476, 2709, 0, 0, 0, 0, 0, 203.6984, 287.9178, 17.1220, 86595187
     122042, rtd, 62, 26, 476, 2659, -2368, -2175, 593, 150, 0, 203.5784, 288.1773, 9.6416, 86595331
     122089, rtd, 62, 26, 476, 2607, 0, 0, 0, 0, 0, 203.5784, 288.1773, 9.6416, 86595331
     122153, rtd, 62, 26, 476, 2558, 0, 0, 0, 0, 0, 203.5784, 288.1773, 9.6416, 86595331
     122201, rtd, 62, 26, 476, 2506, 0, 0, 0, 0, 0, 203.5784, 288.1773, 9.6416, 86595331
     122249, rtd, 62, 26, 476, 2455, 0, 0, 0, 0, 0, 203.1483, 288.2973, -6.9829, 86595617
     122297, rtd, 62, 26, 476, 2405, 0, 0, 0, 0, 0, 203.1483, 288.2973, -6.9829, 86595617
     122345, rtd, 62, 26, 476, 2354, -2368, -2175, 593, 150, 0, 203.1483, 288.2973, -6.9829, 86595617
     122394, rtd, 62, 26, 476, 2304, 0, 0, 0, 0, 0, 203.1483, 288.2973, -6.9829, 86595617
     122442, rtd, 62, 26, 476, 2253, 0, 0, 0, 0, 0, 202.9682, 288.3127, -20.3812, 86595819
     122490, rtd, 62, 26, 476, 2202, 0, 0, 0, 0, 0, 202.9682, 288.3127, -20.3812, 86595819
     122554, rtd, 62, 25, 477, 2149, 0, 0, 0, 0, 0, 202.9682, 288.3127, -20.3812, 86595819
     122602, rtd, 62, 22, 481, 2124, 0, 0, 0, 0, 0, 202.9682, 288.3127, -20.3812, 86595819
     122650, rtd, 62, 19, 487, 2092, -1964, -2345, 630, 150, 0, 202.6700, 288.4238, -31.5151, 86596020
     122698, rtd, 62, 15, 493, 2087, 0, 0, 0, 0, 0, 202.6700, 288.4238, -31.5151, 86596020
     122746, rtd, 62, 12, 500, 2085, 0, 0, 0, 0, 0, 202.6700, 288.4238, -31.5151, 86596020
     122794, rtd, 62, 8, 507, 2086, 0, 0, 0, 0, 0, 202.6700, 288.4238, -31.5151, 86596020
     122842, rtd, 62, 4, 513, 2087, 0, 0, 0, 0, 0, 201.9517, 287.8040, -44.0419, 86596205
     122890, rtd, 62, 0, 520, 2089, 0, 0, 0, 0, 0, 201.9517, 287.8040, -44.0419, 86596205
     122954, rtd, 62, -3, 527, 2087, -1571, -2368, 572, 150, 0, 201.9517, 287.8040, -44.0419, 86596205
     123002, rtd, 62, -6, 533, 2087, 0, 0, 0, 0, 0, 201.9517, 287.8040, -44.0419, 86596205
     123049, rtd, 62, -10, 540, 2087, 0, 0, 0, 0, 0, 196.1801, 280.6789, -49.9484, 86596402
     123097, rtd, 62, -14, 546, 2087, 0, 0, 0, 0, 0, 196.1801, 280.6789, -49.9484, 86596402
     123145, rtd, 62, -17, 553, 2087, 0, 0, 0, 0, 0, 196.1801, 280.6789, -49.9484, 86596402
     123193, rtd, 62, -21, 559, 2086, 0, 0, 0, 0, 0, 196.1801, 280.6789, -49.9484, 86596402
     123241, rtd, 62, -25, 566, 2087, -1964, -2368, 697, 150, 0, 190.8693, 273.8134, -50.7221, 86596574
     123305, rtd, 62, -29, 573, 2086, 0, 0, 0, 0, 0, 190.8693, 273.8134, -50.7221, 86596574
     123353, rtd, 62, -32, 579, 2089, 0, 0, 0, 0, 0, 190.8693, 273.8134, -50.7221, 86596574
     123401, rtd, 62, -36, 586, 2087, 0, 0, 0, 0, 0, 190.8693, 273.8134, -50.7221, 86596574
     123449, rtd, 62, -40, 592, 2086, 0, 0, 0, 0, 0, 183.9199, 265.1300, -51.5239, 86596761
     123497, rtd, 62, -44, 599, 2086, 0, 0, 0, 0, 0, 183.9199, 265.1300, -51.5239, 86596761
     123545, rtd, 62, -47, 606, 2086, -1964, -2368, 625, 150, 0, 183.9199, 265.1300, -51.5239, 86596761
     123593, rtd, 62, -51, 612, 2087, 0, 0, 0, 0, 0, 183.9199, 265.1300, -51.5239, 86596761
     123641, rtd, 62, -55, 619, 2087, 0, 0, 0, 0, 0, 183.9199, 265.1300, -51.5239, 86596761
     123705, rtd, 62, -58, 625, 2086, 0, 0, 0, 0, 0, 177.2652, 256.5541, -51.7920, 86596983
     123753, rtd, 62, -62, 632, 2086, 0, 0, 0, 0, 0, 177.2652, 256.5541, -51.7920, 86596983
     123801, rtd, 62, -66, 638, 2087, 0, 0, 0, 0, 0, 177.2652, 256.5541, -51.7920, 86596983
     123849, rtd, 62, -70, 645, 2087, -1964, -2368, 625, 150, 0, 169.8221, 246.1387, -52.7885, 86597221
     123897, rtd, 62, -73, 652, 2086, 0, 0, 0, 0, 0, 169.8221, 246.1387, -52.7885, 86597221
     123945, rtd, 62, -77, 658, 2087, 0, 0, 0, 0, 0, 169.8221, 246.1387, -52.7885, 86597221
     123992, rtd, 62, -81, 665, 2086, 0, 0, 0, 0, 0, 169.8221, 246.1387, -52.7885, 86597221
     124040, rtd, 62, -85, 671, 2087, 0, 0, 0, 0, 0, 169.8221, 246.1387, -52.7885, 86597221
     124104, rtd, 62, -88, 678, 2088, 0, 0, 0, 0, 0, 163.3732, 237.1080, -53.2250, 86597431
     124152, rtd, 62, -92, 685, 2087, -1964, -2368, 724, 0, -1000, 163.3732, 237.1080, -53.2250, 86597431
     124200, rtd, 62, -96, 691, 2089, 0, 0, 0, 0, 0, 163.3732, 237.1080, -53.2250, 86597431
     124248, rtd, 62, -100, 698, 2088, 0, 0, 0, 0, 0, 163.3732, 237.1080, -53.2250, 86597431
     124296, rtd, 62, -103, 704, 2087, 0, 0, 0, 0, 0, 157.0096, 228.1904, -53.9684, 86597627
     124344, rtd, 62, -107, 711, 2087, 0, 0, 0, 0, 0, 157.0096, 228.1904, -53.9684, 86597627
     124392, rtd, 62, -111, 718, 2086, 0, 0, 0, 0, 0, 157.0096, 228.1904, -53.9684, 86597627
     124456, rtd, 62, -114, 724, 2086, -1964, -2368, 638, 0, -1000, 152.0696, 220.8869, -54.1900, 86597815
     124504, rtd, 62, -118, 731, 2086, 0, 0, 0, 0, 0, 152.0696, 220.8869, -54.1900, 86597815
     124552, rtd, 62, -122, 737, 2086, 0, 0, 0, 0, 0, 152.0696, 220.8869, -54.1900, 86597815
     124600, rtd, 62, -126, 744, 2086, 0, 0, 0, 0, 0, 152.0696, 220.8869, -54.1900, 86597815
     124648, rtd, 62, -129, 751, 2088, 0, 0, 0, 0, 0, 152.0696, 220.8869, -54.1900, 86597815
     124696, rtd, 62, -133, 757, 2089, 0, 0, 0, 0, 0, 145.9315, 212.0157, -55.3142, 86598014
     124744, rtd, 62, -137, 764, 2089, -1964, -2368, 638, 0, -1000, 145.9315, 212.0157, -55.3142, 86598014
     124792, rtd, 62, -141, 770, 2087, 0, 0, 0, 0, 0, 145.9315, 212.0157, -55.3142, 86598014
     124856, rtd, 62, -144, 777, 2086, 0, 0, 0, 0, 0, 139.7340, 203.1115, -55.6744, 86598226
     124903, rtd, 62, -148, 784, 2087, 0, 0, 0, 0, 0, 139.7340, 203.1115, -55.6744, 86598226
     124951, rtd, 62, -152, 790, 2089, 0, 0, 0, 0, 0, 139.7340, 203.1115, -55.6744, 86598226
     124999, rtd, 62, -156, 797, 2087, 0, 0, 0, 0, 0, 139.7340, 203.1115, -55.6744, 86598226
     125047, rtd, 62, -159, 803, 2087, -1964, -2368, 730, 0, -1000, 139.7340, 203.1115, -55.6744, 86598226
     125095, rtd, 62, -163, 810, 2086, 0, 0, 0, 0, 0, 134.1003, 193.8926, -55.7026, 86598414
     125143, rtd, 62, -167, 816, 2086, 0, 0, 0, 0, 0, 134.1003, 193.8926, -55.7026, 86598414
     125191, rtd, 62, -171, 823, 2087, 0, 0, 0, 0, 0, 134.1003, 193.8926, -55.7026, 86598414
     125255, rtd, 62, -174, 829, 2086, 0, 0, 0, 0, 0, 128.2608, 184.7923, -56.6462, 86598653
     125303, rtd, 62, -178, 836, 2085, 0, 0, 0, 0, 0, 128.2608, 184.7923, -56.6462, 86598653
     125351, rtd, 62, -181, 842, 2076, -1964, -1759, 911, 0, -1000, 128.2608, 184.7923, -56.6462, 86598653
     125399, rtd, 62, -183, 846, 2054, 0, 0, 0, 0, 0, 128.2608, 184.7923, -56.6462, 86598653
     125447, rtd, 62, -184, 847, 2025, 0, 0, 0, 0, 0, 128.2608, 184.7923, -56.6462, 86598653
     125495, rtd, 62, -184, 847, 1955, 0, 0, 0, 0, 0, 122.8957, 176.4881, -57.3253, 86598820
     125543, rtd, 62, -184, 846, 1902, 0, 0, 0, 0, 0, 122.8957, 176.4881, -57.3253, 86598820
     125591, rtd, 62, -184, 846, 1851, 0, 0, 0, 0, 0, 122.8957, 176.4881, -57.3253, 86598820
     125655, rtd, 62, -184, 847, 1801, -1964, -1616, 1002, 0, -1000, 122.8957, 176.4881, -57.3253, 86598820
     125703, rtd, 62, -184, 846, 1746, 0, 0, 0, 0, 0, 122.2608, 173.0165, -54.5077, 86599098
     125751, rtd, 62, -184, 846, 1691, 0, 0, 0, 0, 0, 122.2608, 173.0165, -54.5077, 86599098
     125799, rtd, 62, -184, 846, 1641, 0, 0, 0, 0, 0, 122.2608, 173.0165, -54.5077, 86599098
     125846, rtd, 62, -184, 846, 1593, 0, 0, 0, 0, 0, 122.2608, 173.0165, -54.5077, 86599098
     125894, rtd, 62, -184, 846, 1545, 0, 0, 0, 0, 0, 122.6314, 173.2310, -65.8778, 86599299
     125942, rtd, 62, -184, 846, 1492, -1964, -1581, 912, 0, -1000, 122.6314, 173.2310, -65.8778, 86599299
     125990, rtd, 62, -184, 846, 1439, 0, 0, 0, 0, 0, 122.6314, 173.2310, -65.8778, 86599299
     126054, rtd, 62, -184, 846, 1393, 0, 0, 0, 0, 0, 122.6314, 173.2310, -65.8778, 86599299
     126102, rtd, 62, -184, 846, 1339, 0, 0, 0, 0, 0, 122.5931, 173.1186, -73.0382, 86599398
     126150, rtd, 62, -184, 846, 1289, 0, 0, 0, 0, 0, 122.5931, 173.1186, -73.0382, 86599398
     126198, rtd, 62, -184, 846, 1238, 0, 0, 0, 0, 0, 122.5931, 173.1186, -73.0382, 86599398
     126246, rtd, 62, -184, 846, 1187, -1964, -1581, 912, 0, -1000, 122.5931, 173.1186, -73.0382, 86599398
     126294, rtd, 62, -184, 846, 1136, 0, 0, 0, 0, 0, 122.6005, 172.7188, -87.7209, 86599628
     126342, rtd, 62, -184, 846, 1087, 0, 0, 0, 0, 0, 122.6005, 172.7188, -87.7209, 86599628
     126390, rtd, 62, -184, 846, 1036, 0, 0, 0, 0, 0, 122.6005, 172.7188, -87.7209, 86599628
     126454, rtd, 62, -184, 846, 986, 0, 0, 0, 0, 0, 122.6005, 172.7188, -87.7209, 86599628
     126502, rtd, 62, -184, 846, 934, 0, 0, 0, 0, 0, 122.5741, 172.4759, -101.3725, 86599861
     126550, rtd, 62, -184, 846, 881, -1178, -1571, 1115, 0, -1000, 122.5741, 172.4759, -101.3725, 86599861
     126598, rtd, 62, -184, 846, 832, 0, 0, 0, 0, 0, 122.5741, 172.4759, -101.3725, 86599861
     126646, rtd, 62, -184, 846, 781, 0, 0, 0, 0, 0, 122.5741, 172.4759, -101.3725, 86599861
     126694, rtd, 62, -184, 846, 729, 0, 0, 0, 0, 0, 122.8529, 172.1275, -114.1532, 86600082
     126741, rtd, 62, -184, 846, 679, 0, 0, 0, 0, 0, 122.8529, 172.1275, -114.1532, 86600082
     126805, rtd, 62, -184, 846, 629, 0, 0, 0, 0, 0, 122.8529, 172.1275, -114.1532, 86600082
     126853, rtd, 62, -184, 846, 575, -1178, -1571, 834, 100, -500, 122.8529, 172.1275, -114.1532, 86600082
     126901, rtd, 62, -184, 846, 525, 0, 0, 0, 0, 0, 122.9132, 171.9513, -122.8539, 86600219
     126949, rtd, 62, -184, 846, 474, 0, 0, 0, 0, 0, 122.9132, 171.9513, -122.8539, 86600219
     126997, rtd, 62, -184, 846, 425, 0, 0, 0, 0, 0, 122.9132, 171.9513, -122.8539, 86600219
     127045, rtd, 62, -184, 846, 375, 0, 0, 0, 0, 0, 122.9132, 171.9513, -122.8539, 86600219
     127093, rtd, 62, -184, 846, 322, 0, 0, 0, 0, 0, 123.0384, 171.8356, -135.5266, 86600451
     127141, rtd, 62, -184, 846, 272, -393, -318, 828, 100, -500, 123.0384, 171.8356, -135.5266, 86600451
     127205, rtd, 62, -184, 846, 221, 0, 0, 0, 0, 0, 123.0384, 171.8356, -135.5266, 86600451
     127253, rtd, 62, -184, 846, 171, 0, 0, 0, 0, 0, 123.0384, 171.8356, -135.5266, 86600451
     127301, rtd, 62, -184, 846, 120, 0, 0, 0, 0, 0, 123.2526, 171.6179, -150.1285, 86600688
     127347, rtd, 62, -184, 846, 70, 0, 0, 0, 0, 0, 123.2526, 171.6179, -150.1285, 86600688
     127395, rtd, 62, -183, 846, 19, 0, 0, 0, 0, 0, 123.2526, 171.6179, -150.1285, 86600688
     127445, rtd, 62, -184, 846, 6252, -393, -75, 1231, 100, -500, 123.2526, 171.6179, -150.1285, 86600688
     127493, rtd, 62, -184, 846, 6200, 0, 0, 0, 0, 0, 123.2526, 171.6179, -150.1285, 86600688
     127541, rtd, 62, -183, 846, 6149, 0, 0, 0, 0, 0, 123.5349, 171.5832, -160.8370, 86600890
     127604, rtd, 62, -184, 846, 6100, 0, 0, 0, 0, 0, 123.5349, 171.5832, -160.8370, 86600890
     127652, rtd, 62, -184, 846, 6048, 0, 0, 0, 0, 0, 123.5349, 171.5832, -160.8370, 86600890
     127700, rtd, 62, -183, 846, 5997, 0, 0, 0, 0, 0, 123.6588, 171.6168, -172.4241, 86601080
     127748, rtd, 62, -184, 846, 5948, -393, -75, 1231, 100, -500, 123.6588, 171.6168, -172.4241, 86601080
     127796, rtd, 62, -184, 846, 5896, 0, 0, 0, 0, 0, 123.6588, 171.6168, -172.4241, 86601080
     127844, rtd, 62, -184, 846, 5846, 0, 0, 0, 0, 0, 123.6588, 171.6168, -172.4241, 86601080
     127892, rtd, 62, -183, 846, 5796, 0, 0, 0, 0, 0, 123.6588, 171.6168, -172.4241, 86601080
     127940, rtd, 62, -184, 846, 5745, 0, 0, 0, 0, 0, 123.7121, 171.6995, -179.7427, 86601246
     128005, rtd, 62, -184, 846, 5693, 0, 0, 0, 0, 0, 123.7121, 171.6995, -179.7427, 86601246
     128052, rtd, 62, -183, 846, 5644, -393, -75, 1231, 100, -500, 123.7121, 171.6995, -179.7427, 86601246
     128100, rtd, 62, -184, 846, 5593, 0, 0, 0, 0, 0, 123.7121, 171.6995, -179.7427, 86601246
     128148, rtd, 62, -183, 846, 5543, 0, 0, 0, 0, 0, 123.7646, 171.7745, 164.2125, 86601501
     128196, rtd, 62, -182, 845, 5493, 0, 0, 0, 0, 0, 123.7646, 171.7745, 164.2125, 86601501
     128244, rtd, 62, -179, 842, 5464, 0, 0, 0, 0, 0, 123.7646, 171.7745, 164.2125, 86601501
     128292, rtd, 62, -175, 838, 5454, 0, 0, 0, 0, 0, 123.7646, 171.7745, 164.2125, 86601501
     128356, rtd, 62, -172, 834, 5430, 393, 729, 1195, 100, -500, 123.7875, 171.7741, 153.6814, 86601697
     128404, rtd, 62, -169, 830, 5402, 0, 0, 0, 0, 0, 123.7875, 171.7741, 153.6814, 86601697
     128451, rtd, 62, -166, 826, 5375, 0, 0, 0, 0, 0, 123.7875, 171.7741, 153.6814, 86601697
     128500, rtd, 62, -162, 822, 5351, 0, 0, 0, 0, 0, 123.7875, 171.7741, 153.6814, 86601697
     128547, rtd, 62, -159, 818, 5331, 0, 0, 0, 0, 0, 124.8361, 172.7265, 143.4054, 86601881
     128595, rtd, 62, -156, 814, 5309, 0, 0, 0, 0, 0, 124.8361, 172.7265, 143.4054, 86601881
     128643, rtd, 62, -154, 810, 5279, 1178, 765, 1009, 100, -500, 124.8361, 172.7265, 143.4054, 86601881
     128691, rtd, 62, -151, 805, 5256, 0, 0, 0, 0, 0, 124.8361, 172.7265, 143.4054, 86601881
     128755, rtd, 62, -149, 801, 5231, 0, 0, 0, 0, 0, 130.4422, 177.6875, 137.3386, 86602079
     128803, rtd, 62, -146, 797, 5209, 0, 0, 0, 0, 0, 130.4422, 177.6875, 137.3386, 86602079
     128851, rtd, 62, -144, 792, 5183, 0, 0, 0, 0, 0, 130.4422, 177.6875, 137.3386, 86602079
     128899, rtd, 62, -141, 788, 5157, 0, 0, 0, 0, 0, 130.4422, 177.6875, 137.3386, 86602079
     128947, rtd, 62, -139, 783, 5132, 1178, 774, 781, 100, -500, 135.2009, 182.4863, 131.8737, 86602279
     128995, rtd, 62, -137, 778, 5110, 0, 0, 0, 0, 0, 135.2009, 182.4863, 131.8737, 86602279
     129043, rtd, 62, -135, 774, 5085, 0, 0, 0, 0, 0, 135.2009, 182.4863, 131.8737, 86602279
     129091, rtd, 62, -134, 769, 5060, 0, 0, 0, 0, 0, 135.2009, 182.4863, 131.8737, 86602279
     129155, rtd, 62, -132, 764, 5037, 0, 0, 0, 0, 0, 139.0351, 187.4951, 126.8652, 86602498
     129203, rtd, 62, -130, 759, 5012, 0, 0, 0, 0, 0, 139.0351, 187.4951, 126.8652, 86602498
     129251, rtd, 62, -129, 755, 4987, 1178, 774, 781, 100, -500, 139.0351, 187.4951, 126.8652, 86602498
     129299, rtd, 62, -128, 750, 4961, 0, 0, 0, 0, 0, 139.0351, 187.4951, 126.8652, 86602498
     129347, rtd, 62, -127, 745, 4939, 0, 0, 0, 0, 0, 143.0854, 194.1090, 120.1496, 86602689
     129395, rtd, 62, -126, 740, 4913, 0, 0, 0, 0, 0, 143.0854, 194.1090, 120.1496, 86602689
     129442, rtd, 62, -125, 735, 4891, 0, 0, 0, 0, 0, 143.0854, 194.1090, 120.1496, 86602689
     129490, rtd, 62, -124, 730, 4866, 0, 0, 0, 0, 0, 143.0854, 194.1090, 120.1496, 86602689
     129554, rtd, 62, -123, 725, 4841, 1571, 1561, 615, 100, -500, 146.2853, 200.7091, 114.1483, 86602897
     129602, rtd, 62, -122, 720, 4817, 0, 0, 0, 0, 0, 146.2853, 200.7091, 114.1483, 86602897
     129650, rtd, 62, -122, 715, 4791, 0, 0, 0, 0, 0, 146.2853, 200.7091, 114.1483, 86602897
     129698, rtd, 62, -122, 710, 4767, 0, 0, 0, 0, 0, 146.2853, 200.7091, 114.1483, 86602897
     129746, rtd, 62, -121, 705, 4743, 0, 0, 0, 0, 0, 149.2043, 208.5111, 108.1311, 86603109
     129795, rtd, 62, -121, 700, 4717, 0, 0, 0, 0, 0, 149.2043, 208.5111, 108.1311, 86603109
     129842, rtd, 62, -121, 695, 4696, 1964, 1571, 719, 100, -500, 149.2043, 208.5111, 108.1311, 86603109
     129890, rtd, 62, -122, 690, 4670, 0, 0, 0, 0, 0, 149.2043, 208.5111, 108.1311, 86603109
     129954, rtd, 62, -122, 684, 4645, 0, 0, 0, 0, 0, 150.7174, 215.0459, 102.5171, 86603333
     130002, rtd, 62, -122, 680, 4622, 0, 0, 0, 0, 0, 150.7174, 215.0459, 102.5171, 86603333
     130050, rtd, 62, -123, 674, 4597, 0, 0, 0, 0, 0, 150.7174, 215.0459, 102.5171, 86603333
     130098, rtd, 62, -123, 669, 4572, 0, 0, 0, 0, 0, 150.7174, 215.0459, 102.5171, 86603333
     130146, rtd, 62, -124, 664, 4549, 1964, 2175, 771, 100, -500, 151.6669, 222.6659, 95.1900, 86603558
     130194, rtd, 62, -125, 659, 4524, 0, 0, 0, 0, 0, 151.6669, 222.6659, 95.1900, 86603558
     130242, rtd, 62, -126, 655, 4498, 0, 0, 0, 0, 0, 151.6669, 222.6659, 95.1900, 86603558
     130305, rtd, 62, -127, 650, 4475, 0, 0, 0, 0, 0, 151.6669, 222.6659, 95.1900, 86603558
     130353, rtd, 62, -128, 645, 4450, 0, 0, 0, 0, 0, 151.8292, 227.3885, 91.3504, 86603658
     130401, rtd, 62, -130, 640, 4427, 0, 0, 0, 0, 0, 151.8292, 227.3885, 91.3504, 86603658
     130449, rtd, 62, -131, 635, 4401, 1964, 2313, 1067, 100, -500, 151.8292, 227.3885, 91.3504, 86603658
     130497, rtd, 62, -133, 630, 4378, 0, 0, 0, 0, 0, 151.8292, 227.3885, 91.3504, 86603658
     130545, rtd, 62, -135, 625, 4354, 0, 0, 0, 0, 0, 151.3999, 237.6444, 84.0998, 86603957
     130593, rtd, 62, -136, 621, 4328, 0, 0, 0, 0, 0, 151.3999, 237.6444, 84.0998, 86603957
     130641, rtd, 62, -138, 616, 4305, 0, 0, 0, 0, 0, 151.3999, 237.6444, 84.0998, 86603957
     130705, rtd, 62, -140, 612, 4281, 0, 0, 0, 0, 0, 151.3999, 237.6444, 84.0998, 86603957
     130753, rtd, 62, -143, 607, 4255, 2368, 2361, 884, 100, -500, 150.5593, 242.9197, 79.5313, 86604106
     130801, rtd, 62, -145, 602, 4230, 0, 0, 0, 0, 0, 150.5593, 242.9197, 79.5313, 86604106
     130849, rtd, 62, -147, 598, 4206, 0, 0, 0, 0, 0, 150.5593, 242.9197, 79.5313, 86604106
     130897, rtd, 62, -150, 594, 4181, 0, 0, 0, 0, 0, 150.5593, 242.9197, 79.5313, 86604106
     130945, rtd, 62, -152, 589, 4156, 0, 0, 0, 0, 0, 148.9490, 249.2442, 74.1949, 86604312
     130994, rtd, 62, -155, 585, 4132, 0, 0, 0, 0, 0, 148.9490, 249.2442, 74.1949, 86604312
     131041, rtd, 62, -158, 581, 4109, 2749, 2368, 988, 100, -500, 148.9490, 249.2442, 74.1949, 86604312
     131105, rtd, 62, -161, 577, 4083, 0, 0, 0, 0, 0, 148.9490, 249.2442, 74.1949, 86604312
     131153, rtd, 62, -164, 573, 4062, 0, 0, 0, 0, 0, 145.4740, 258.2269, 66.4309, 86604536
     131201, rtd, 62, -167, 569, 4035, 0, 0, 0, 0, 0, 145.4740, 258.2269, 66.4309, 86604536
     131248, rtd, 62, -170, 565, 4011, 0, 0, 0, 0, 0, 145.4740, 258.2269, 66.4309, 86604536
     131296, rtd, 62, -173, 561, 3986, 0, 0, 0, 0, 0, 145.4740, 258.2269, 66.4309, 86604536
     131345, rtd, 62, -177, 557, 3963, 2749, 2368, 1446, 100, -500, 142.7920, 263.8216, 61.5363, 86604726
     131392, rtd, 62, -180, 554, 3939, 0, 0, 0, 0, 0, 142.7920, 263.8216, 61.5363, 86604726
     131440, rtd, 62, -184, 550, 3913, 0, 0, 0, 0, 0, 142.7920, 263.8216, 61.5363, 86604726
     131504, rtd, 62, -187, 547, 3890, 0, 0, 0, 0, 0, 142.7920, 263.8216, 61.5363, 86604726
     131552, rtd, 62, -191, 543, 3865, 0, 0, 0, 0, 0, 138.5438, 270.5507, 55.3683, 86604938
     131600, rtd, 62, -195, 540, 3839, 0, 0, 0, 0, 0, 138.5438, 270.5507, 55.3683, 86604938
     131648, rtd, 62, -199, 537, 3816, 2749, 2961, 1540, 100, -500, 138.5438, 270.5507, 55.3683, 86604938
     131696, rtd, 62, -203, 534, 3792, 0, 0, 0, 0, 0, 138.5438, 270.5507, 55.3683, 86604938
     131744, rtd, 62, -207, 531, 3767, 0, 0, 0, 0, 0, 137.3451, 272.1656, 54.0638, 86604991
     131792, rtd, 62, -211, 528, 3743, 0, 0, 0, 0, 0, 137.3451, 272.1656, 54.0638, 86604991
     131840, rtd, 62, -215, 525, 3719, 0, 0, 0, 0, 0, 137.3451, 272.1656, 54.0638, 86604991
     131904, rtd, 62, -220, 522, 3694, 0, 0, 0, 0, 0, 137.3451, 272.1656, 54.0638, 86604991
     131952, rtd, 62, -224, 520, 3671, -2749, 3102, 1587, 0, -1000, 130.7418, 279.7384, 45.7185, 86605283
     132000, rtd, 62, -228, 517, 3646, 0, 0, 0, 0, 0, 130.7418, 279.7384, 45.7185, 86605283
     132048, rtd, 62, -233, 515, 3621, 0, 0, 0, 0, 0, 130.7418, 279.7384, 45.7185, 86605283
     132095, rtd, 62, -237, 512, 3598, 0, 0, 0, 0, 0, 130.7418, 279.7384, 45.7185, 86605283
     132143, rtd, 62, -242, 510, 3572, 0, 0, 0, 0, 0, 123.7250, 286.2766, 38.2865, 86605536
     132191, rtd, 62, -246, 508, 3549, 0, 0, 0, 0, 0, 123.7250, 286.2766, 38.2865, 86605536
     132255, rtd, 62, -251, 506, 3524, -2749, 3137, 1475, 0, -1000, 123.7250, 286.2766, 38.2865, 86605536
     132303, rtd, 62, -256, 505, 3500, 0, 0, 0, 0, 0, 123.7250, 286.2766, 38.2865, 86605536
     132351, rtd, 62, -261, 503, 3474, 0, 0, 0, 0, 0, 117.5296, 290.4970, 33.4109, 86605749
     132399, rtd, 62, -265, 501, 3450, 0, 0, 0, 0, 0, 117.5296, 290.4970, 33.4109, 86605749
     132447, rtd, 62, -270, 500, 3427, 0, 0, 0, 0, 0, 117.5296, 290.4970, 33.4109, 86605749
     132495, rtd, 62, -275, 498, 3402, 0, 0, 0, 0, 0, 117.5296, 290.4970, 33.4109, 86605749
     132543, rtd, 62, -280, 497, 3377, -2749, 3137, 1475, 0, -1000, 111.8501, 293.6724, 27.8878, 86605956
     132591, rtd, 62, -285, 496, 3354, 0, 0, 0, 0, 0, 111.8501, 293.6724, 27.8878, 86605956
     132655, rtd, 62, -290, 495, 3327, 0, 0, 0, 0, 0, 111.8501, 293.6724, 27.8878, 86605956
     132703, rtd, 62, -295, 494, 3305, 0, 0, 0, 0, 0, 111.8501, 293.6724, 27.8878, 86605956
     132751, rtd, 62, -300, 493, 3281, 0, 0, 0, 0, 0, 105.0963, 296.5941, 21.9320, 86606142
     132799, rtd, 62, -305, 493, 3256, 0, 0, 0, 0, 0, 105.0963, 296.5941, 21.9320, 86606142
     132847, rtd, 62, -310, 492, 3230, -2749, -2545, 1149, 0, -1000, 105.0963, 296.5941, 21.9320, 86606142
     132895, rtd, 62, -315, 492, 3208, 0, 0, 0, 0, 0, 105.0963, 296.5941, 21.9320, 86606142
     132943, rtd, 62, -320, 492, 3183, 0, 0, 0, 0, 0, 105.0963, 296.5941, 21.9320, 86606142
     132991, rtd, 62, -325, 491, 3157, 0, 0, 0, 0, 0, 97.9699, 298.9833, 16.2753, 86606342
     133054, rtd, 62, -330, 491, 3134, 0, 0, 0, 0, 0, 97.9699, 298.9833, 16.2753, 86606342
     133102, rtd, 62, -335, 492, 3108, 0, 0, 0, 0, 0, 97.9699, 298.9833, 16.2753, 86606342
     133150, rtd, 62, -340, 492, 3085, -2749, -2407, 1526, 0, -1000, 91.0169, 300.6624, 11.3091, 86606555
     133198, rtd, 62, -345, 492, 3063, 0, 0, 0, 0, 0, 91.0169, 300.6624, 11.3091, 86606555
     133246, rtd, 62, -350, 493, 3037, 0, 0, 0, 0, 0, 91.0169, 300.6624, 11.3091, 86606555
     133294, rtd, 62, -355, 493, 3013, 0, 0, 0, 0, 0, 91.0169, 300.6624, 11.3091, 86606555
     133343, rtd, 62, -360, 494, 2989, 0, 0, 0, 0, 0, 91.0169, 300.6624, 11.3091, 86606555
     133390, rtd, 62, -365, 495, 2965, 0, 0, 0, 0, 0, 84.3482, 301.4626, 5.6772, 86606751
     133454, rtd, 62, -370, 496, 2939, -2749, -2407, 1526, 0, -1000, 84.3482, 301.4626, 5.6772, 86606751
     133502, rtd, 62, -374, 497, 2944, 0, 0, 0, 0, 0, 84.3482, 301.4626, 5.6772, 86606751
     133550, rtd, 62, -376, 497, 2951, 0, 0, 0, 0, 0, 77.4550, 301.6116, 0.8065, 86606928
     133598, rtd, 62, -376, 497, 3012, 0, 0, 0, 0, 0, 77.4550, 301.6116, 0.8065, 86606928
     133646, rtd, 62, -376, 497, 3068, 0, 0, 0, 0, 0, 77.4550, 301.6116, 0.8065, 86606928
     133694, rtd, 62, -376, 497, 3120, 0, 0, 0, 0, 0, 77.4550, 301.6116, 0.8065, 86606928
     133742, rtd, 62, -375, 497, 3176, -2749, -1770, 1174, 0, -1000, 77.4550, 301.6116, 0.8065, 86606928
     133790, rtd, 62, -375, 497, 3231, 0, 0, 0, 0, 0, 74.2044, 301.8913, -2.0585, 86607125
     133854, rtd, 62, -376, 497, 3277, 0, 0, 0, 0, 0, 74.2044, 301.8913, -2.0585, 86607125
     133901, rtd, 62, -376, 497, 3329, 0, 0, 0, 0, 0, 74.2044, 301.8913, -2.0585, 86607125
     133949, rtd, 62, -376, 497, 3382, 0, 0, 0, 0, 0, 74.2044, 301.8913, -2.0585, 86607125
     133997, rtd, 62, -376, 497, 3430, 0, 0, 0, 0, 0, 74.7639, 301.9042, 5.1206, 86607304
     134045, rtd, 62, -376, 497, 3483, -2749, -1770, 1174, 0, -1000, 74.7639, 301.9042, 5.1206, 86607304
     134093, rtd, 62, -376, 497, 3533, 0, 0, 0, 0, 0, 74.7639, 301.9042, 5.1206, 86607304
     134141, rtd, 62, -376, 497, 3583, 0, 0, 0, 0, 0, 74.7639, 301.9042, 5.1206, 86607304
     134205, rtd, 62, -376, 497, 3634, 0, 0, 0, 0, 0, 75.1349, 301.8118, 15.1020, 86607457
     134253, rtd, 62, -376, 497, 3686, 0, 0, 0, 0, 0, 75.1349, 301.8118, 15.1020, 86607457
     134301, rtd, 62, -376, 497, 3737, 0, 0, 0, 0, 0, 75.1349, 301.8118, 15.1020, 86607457
     134349, rtd, 62, -376, 497, 3786, -2749, -1770, 1174, 0, -1000, 75.1349, 301.8118, 15.1020, 86607457
     134397, rtd, 62, -376, 497, 3839, 0, 0, 0, 0, 0, 75.3153, 301.5052, 29.6083, 86607736
     134445, rtd, 62, -376, 497, 3888, 0, 0, 0, 0, 0, 75.3153, 301.5052, 29.6083, 86607736
     134493, rtd, 62, -376, 497, 3941, 0, 0, 0, 0, 0, 75.3153, 301.5052, 29.6083, 86607736
     134541, rtd, 62, -376, 497, 3990, 0, 0, 0, 0, 0, 75.3153, 301.5052, 29.6083, 86607736
     134606, rtd, 62, -376, 497, 4041, 0, 0, 0, 0, 0, 75.3699, 301.1837, 42.4005, 86607931
     134651, rtd, 62, -376, 497, 4091, 2749, -1616, 1269, 0, -1000, 75.3699, 301.1837, 42.4005, 86607931
     134699, rtd, 62, -376, 497, 4143, 0, 0, 0, 0, 0, 75.3699, 301.1837, 42.4005, 86607931
     134747, rtd, 62, -376, 497, 4192, 0, 0, 0, 0, 0, 75.3699, 301.1837, 42.4005, 86607931
     134795, rtd, 62, -376, 497, 4244, 0, 0, 0, 0, 0, 75.4833, 301.0708, 52.3904, 86608099
     134843, rtd, 62, -376, 497, 4295, 0, 0, 0, 0, 0, 75.4833, 301.0708, 52.3904, 86608099
     134891, rtd, 62, -376, 497, 4345, 0, 0, 0, 0, 0, 75.4833, 301.0708, 52.3904, 86608099
     134957, rtd, 62, -376, 497, 4396, 2749, -1616, 1269, 150, 0, 75.3898, 300.9418, 66.0487, 86608327
     135004, rtd, 62, -376, 497, 4445, 0, 0, 0, 0, 0, 75.3898, 300.9418, 66.0487, 86608327
     135052, rtd, 62, -376, 497, 4497, 0, 0, 0, 0, 0, 75.3898, 300.9418, 66.0487, 86608327
     135100, rtd, 62, -376, 497, 4548, 0, 0, 0, 0, 0, 75.3898, 300.9418, 66.0487, 86608327
     135148, rtd, 62, -376, 497, 4599, 0, 0, 0, 0, 0, 75.3898, 300.9418, 66.0487, 86608327
     135196, rtd, 62, -376, 497, 4651, 0, 0, 0, 0, 0, 75.4228, 300.7861, 78.1264, 86608530
     135244, rtd, 62, -376, 497, 4700, 2749, -976, 1046, 150, 0, 75.4228, 300.7861, 78.1264, 86608530
     135292, rtd, 62, -376, 497, 4751, 0, 0, 0, 0, 0, 75.4228, 300.7861, 78.1264, 86608530
     135341, rtd, 62, -376, 497, 4802, 0, 0, 0, 0, 0, 75.4228, 300.7861, 78.1264, 86608530
     135404, rtd, 62, -376, 497, 4851, 0, 0, 0, 0, 0, 75.3606, 300.6803, 87.0977, 86608670
     135452, rtd, 62, -376, 497, 4900, 0, 0, 0, 0, 0, 75.3606, 300.6803, 87.0977, 86608670
     135500, rtd, 62, -376, 497, 4950, 0, 0, 0, 0, 0, 75.3606, 300.6803, 87.0977, 86608670
     135548, rtd, 62, -376, 497, 5001, 2749, -976, 1046, 150, 0, 75.3606, 300.6803, 87.0977, 86608670
     135596, rtd, 62, -376, 497, 5052, 0, 0, 0, 0, 0, 75.3606, 300.6803, 87.0977, 86608670
     135644, rtd, 62, -376, 497, 5099, 0, 0, 0, 0, 0, 75.3606, 300.6803, 87.0977, 86608670
     135692, rtd, 62, -376, 497, 5147, 0, 0, 0, 0, 0, 75.3606, 300.6803, 87.0977, 86608670
     135755, rtd, 62, -376, 497, 5204, 0, 0, 0, 0, 0, 75.3606, 300.6803, 87.0977, 86608670
     135803, rtd, 62, -376, 497, 5254, 0, 0, 0, 0, 0, 75.3606, 300.6803, 87.0977, 86608670
     135851, rtd, 62, -376, 497, 5305, 1964, -797, 1014, 150, 0, 75.3606, 300.6803, 87.0977, 86608670
     135899, rtd, 62, -376, 497, 5358, 0, 0, 0, 0, 0, 75.3606, 300.6803, 87.0977, 86608670
     135947, rtd, 62, -376, 497, 5411, 0, 0, 0, 0, 0, 75.3606, 300.6803, 87.0977, 86608670
     135995, rtd, 62, -376, 497, 5461, 0, 0, 0, 0, 0, 75.2671, 300.6844, 101.5307, 86608919
     136043, rtd, 62, -376, 497, 5515, 0, 0, 0, 0, 0, 75.2671, 300.6844, 101.5307, 86608919
     136091, rtd, 62, -376, 497, 5565, 0, 0, 0, 0, 0, 75.2671, 300.6844, 101.5307, 86608919
     136155, rtd, 62, -376, 497, 5616, 1178, -781, 1053, 150, 0, 75.2671, 300.6844, 101.5307, 86608919
     136203, rtd, 62, -376, 497, 5667, 0, 0, 0, 0, 0, 75.2843, 300.2954, 143.6874, 86609761
     136251, rtd, 62, -376, 497, 5716, 0, 0, 0, 0, 0, 75.1592, 300.3030, 145.4120, 86609815
     136299, rtd, 62, -376, 497, 5767, 0, 0, 0, 0, 0, 75.1592, 300.3030, 145.4120, 86609815
     136347, rtd, 62, -374, 496, 5814, 0, 0, 0, 0, 0, 75.1592, 300.3030, 145.4120, 86609815
     136394, rtd, 62, -369, 494, 5850, 0, 0, 0, 0, 0, 75.1592, 300.3030, 145.4120, 86609815
     136442, rtd, 62, -363, 491, 5877, 1178, -774, 1073, 150, 0, 75.1592, 300.3030, 145.4120, 86609815
     136490, rtd, 62, -356, 488, 5874, 0, 0, 0, 0, 0, 75.1592, 300.3030, 145.4120, 86609815
     136554, rtd, 62, -349, 485, 5873, 0, 0, 0, 0, 0, 75.1592, 300.3030, 145.4120, 86609815
     136602, rtd, 62, -342, 482, 5876, 0, 0, 0, 0, 0, 75.1592, 300.3030, 145.4120, 86609815
     136650, rtd, 62, -335, 479, 5876, 0, 0, 0, 0, 0, 75.1592, 300.3030, 145.4120, 86609815
     136698, rtd, 62, -328, 476, 5874, 0, 0, 0, 0, 0, 77.1216, 301.0934, 158.1611, 86610057
     136746, rtd, 62, -321, 473, 5874, 1178, -774, 1073, 150, 0, 77.1216, 301.0934, 158.1611, 86610057
     136794, rtd, 62, -314, 470, 5873, 0, 0, 0, 0, 0, 77.1216, 301.0934, 158.1611, 86610057
     136842, rtd, 62, -307, 467, 5877, 0, 0, 0, 0, 0, 77.1216, 301.0934, 158.1611, 86610057
     136890, rtd, 62, -300, 464, 5876, 0, 0, 0, 0, 0, 85.2807, 304.1664, 158.5444, 86610241
     136954, rtd, 62, -293, 461, 5874, 0, 0, 0, 0, 0, 85.2807, 304.1664, 158.5444, 86610241
     137002, rtd, 62, -286, 458, 5874, 0, 0, 0, 0, 0, 85.2807, 304.1664, 158.5444, 86610241
     137050, rtd, 62, -279, 455, 5874, 1178, -774, 948, 150, 0, 85.2807, 304.1664, 158.5444, 86610241
     137099, rtd, 62, -272, 452, 5872, 0, 0, 0, 0, 0, 95.2932, 308.5050, 158.3605, 86610434
     137146, rtd, 62, -265, 449, 5874, 0, 0, 0, 0, 0, 95.2932, 308.5050, 158.3605, 86610434
     137194, rtd, 62, -258, 446, 5873, 0, 0, 0, 0, 0, 95.2932, 308.5050, 158.3605, 86610434
     137242, rtd, 62, -251, 442, 5874, 0, 0, 0, 0, 0, 95.2932, 308.5050, 158.3605, 86610434
     137290, rtd, 62, -244, 439, 5872, 0, 0, 0, 0, 0, 108.1592, 314.3459, 156.1733, 86610703
     137354, rtd, 62, -238, 436, 5873, 1178, -774, 1020, 150, 0, 108.1592, 314.3459, 156.1733, 86610703
     137402, rtd, 62, -231, 433, 5873, 0, 0, 0, 0, 0, 108.1592, 314.3459, 156.1733, 86610703
     137449, rtd, 62, -224, 430, 5873, 0, 0, 0, 0, 0, 108.1592, 314.3459, 156.1733, 86610703
     137497, rtd, 62, -217, 427, 5875, 0, 0, 0, 0, 0, 112.8114, 316.4918, 156.1208, 86610812
     137545, rtd, 62, -210, 424, 5877, 0, 0, 0, 0, 0, 112.8114, 316.4918, 156.1208, 86610812
     137593, rtd, 62, -203, 421, 5877, 0, 0, 0, 0, 0, 112.8114, 316.4918, 156.1208, 86610812
     137641, rtd, 62, -196, 418, 5876, 1178, -774, 786, 150, 0, 112.8114, 316.4918, 156.1208, 86610812
     137705, rtd, 62, -189, 415, 5876, 0, 0, 0, 0, 0, 124.5595, 322.0280, 154.5232, 86611026
     137753, rtd, 62, -182, 412, 5875, 0, 0, 0, 0, 0, 124.5595, 322.0280, 154.5232, 86611026
     137801, rtd, 62, -175, 409, 5877, 0, 0, 0, 0, 0, 124.5595, 322.0280, 154.5232, 86611026
     137849, rtd, 62, -168, 406, 5879, 0, 0, 0, 0, 0, 124.5595, 322.0280, 154.5232, 86611026
     137897, rtd, 62, -161, 403, 5876, 0, 0, 0, 0, 0, 133.9960, 327.1799, 154.8094, 86611232
     137945, rtd, 62, -154, 400, 5878, 1178, -774, 669, 150, 0, 133.9960, 327.1799, 154.8094, 86611232
     137993, rtd, 62, -147, 397, 5877, 0, 0, 0, 0, 0, 133.9960, 327.1799, 154.8094, 86611232
     138041, rtd, 62, -140, 394, 5877, 0, 0, 0, 0, 0, 133.9960, 327.1799, 154.8094, 86611232
     138105, rtd, 62, -134, 392, 5880, 0, 0, 0, 0, 0, 142.9877, 331.6367, 153.9651, 86611426
     138153, rtd, 62, -127, 389, 5876, 0, 0, 0, 0, 0, 142.9877, 331.6367, 153.9651, 86611426
