Neighbor, 412.6911, 181.2022, 176.8480, 12494860
Neighbor, 424.4948, 183.1959, 176.3466, 12495077
Neighbor, 424.4948, 183.1959, 176.3466, 12495077
Neighbor, 424.4948, 183.1959, 176.3466, 12495077
Neighbor, 424.4948, 183.1959, 176.3466, 12495077
Neighbor, 436.2129, 185.4304, 176.6026, 12495292
Neighbor, 436.2129, 185.4304, 176.6026, 12495292
Neighbor, 436.2129, 185.4304, 176.6026, 12495292
Neighbor, 436.2129, 185.4304, 176.6026, 12495292
Neighbor, 446.5419, 187.4870, 176.7563, 12495524
Neighbor, 446.5419, 187.4870, 176.7563, 12495524
Neighbor, 446.5419, 187.4870, 176.7563, 12495524
Neighbor, 449.3595, 187.9611, 176.6581, 12495595
Neighbor, 449.3595, 187.9611, 176.6581, 12495595
Neighbor, 449.3595, 187.9611, 176.6581, 12495595
Neighbor, 449.3595, 187.9611, 176.6581, 12495595
Neighbor, 468.6374, 191.6683, 176.2175, 12495967
Neighbor, 468.6374, 191.6683, 176.2175, 12495967
Neighbor, 468.6374, 191.6683, 176.2175, 12495967
Neighbor, 468.6374, 191.6683, 176.2175, 12495967
Neighbor, 468.6374, 191.6683, 176.2175, 12495967
Neighbor, 478.0858, 193.5613, 176.2962, 12496129
Neighbor, 478.0858, 193.5613, 176.2962, 12496129
Neighbor, 478.0858, 193.5613, 176.2962, 12496129
Neighbor, 478.0858, 193.5613, 176.2962, 12496129
Neighbor, 487.5869, 195.2846, 176.0628, 12496319
Neighbor, 487.5869, 195.2846, 176.0628, 12496319
Neighbor, 487.5869, 195.2846, 176.0628, 12496319
Neighbor, 498.2384, 197.2777, 176.3457, 12496526
Neighbor, 498.2384, 197.2777, 176.3457, 12496526
Neighbor, 498.2384, 197.2777, 176.3457, 12496526
Neighbor, 506.7399, 199.0525, 176.5453, 12496702
Neighbor, 506.7399, 199.0525, 176.5453, 12496702
Neighbor, 506.7399, 199.0525, 176.5453, 12496702
Neighbor, 506.7399, 199.0525, 176.5453, 12496702
Neighbor, 506.7399, 199.0525, 176.5453, 12496702
Neighbor, 517.9010, 201.2196, 176.7659, 12496931
Neighbor, 517.9010, 201.2196, 176.7659, 12496931
Neighbor, 517.9010, 201.2196, 176.7659, 12496931
Neighbor, 517.9010, 201.2196, 176.7659, 12496931
Neighbor, 530.3709, 203.6676, 176.3827, 12497171
Neighbor, 530.3709, 203.6676, 176.3827, 12497171
Neighbor, 530.3709, 203.6676, 176.3827, 12497171
Neighbor, 535.1539, 204.6754, 176.5630, 12497252
Neighbor, 535.1539, 204.6754, 176.5630, 12497252
Neighbor, 535.1539, 204.6754, 176.5630, 12497252
Neighbor, 535.1539, 204.6754, 176.5630, 12497252
Neighbor, 546.1672, 206.9375, 176.6246, 12497473
Neighbor, 546.1672, 206.9375, 176.6246, 12497473
Neighbor, 546.1672, 206.9375, 176.6246, 12497473
Neighbor, 546.1672, 206.9375, 176.6246, 12497473
Neighbor, 546.1672, 206.9375, 176.6246, 12497473
Neighbor, 558.3850, 209.2671, 176.1438, 12497738
Neighbor, 558.3850, 209.2671, 176.1438, 12497738
Neighbor, 558.3850, 209.2671, 176.1438, 12497738
Neighbor, 558.3850, 209.2671, 176.1438, 12497738
Neighbor, 566.7983, 210.9770, 176.6020, 12497901
Neighbor, 566.7983, 210.9770, 176.6020, 12497901
Neighbor, 566.7983, 210.9770, 176.6020, 12497901
Neighbor, 573.3515, 212.0495, 176.3610, 12498145
Neighbor, 573.3515, 212.0495, 176.3610, 12498145
Neighbor, 573.3515, 212.0495, 176.3610, 12498145
Neighbor, 573.3515, 212.0495, 176.3610, 12498145
Neighbor, 573.3515, 212.0495, 176.3610, 12498145
Neighbor, 573.2310, 211.9328, -178.3622, 12498309
Neighbor, 573.2310, 211.9328, -178.3622, 12498309
Neighbor, 573.2310, 211.9328, -178.3622, 12498309
Neighbor, 573.2310, 211.9328, -178.3622, 12498309
Neighbor, 573.3142, 211.9226, -165.3809, 12498526
Neighbor, 573.3142, 211.9226, -165.3809, 12498526
Neighbor, 573.3142, 211.9226, -165.3809, 12498526
Neighbor, 573.3142, 211.9226, -165.3809, 12498526
Neighbor, 573.3131, 211.8918, -150.6080, 12498782
Neighbor, 573.3131, 211.8918, -150.6080, 12498782
Neighbor, 573.3131, 211.8918, -150.6080, 12498782
Neighbor, 573.3131, 211.8918, -150.6080, 12498782
Neighbor, 573.3131, 211.8918, -150.6080, 12498782
Neighbor, 573.3131, 211.8918, -150.6080, 12498782
Neighbor, 573.3131, 211.8918, -150.6080, 12498782
Neighbor, 573.3131, 211.8918, -150.6080, 12498782
Neighbor, 573.4506, 211.8665, -133.3683, 12499130
Neighbor, 573.4506, 211.8665, -133.3683, 12499130
Neighbor, 573.4506, 211.8665, -133.3683, 12499130
Neighbor, 573.4506, 211.8665, -133.3683, 12499130
Neighbor, 573.3670, 211.7872, -116.6156, 12499368
Neighbor, 573.3670, 211.7872, -116.6156, 12499368
Neighbor, 573.3670, 211.7872, -116.6156, 12499368
Neighbor, 573.3720, 211.7746, -110.8913, 12499504
Neighbor, 573.3720, 211.7746, -110.8913, 12499504
Neighbor, 573.3720, 211.7746, -110.8913, 12499504
Neighbor, 573.3720, 211.7746, -110.8913, 12499504
Neighbor, 573.3499, 211.6901, -96.6732, 12499749
Neighbor, 573.3499, 211.6901, -96.6732, 12499749
Neighbor, 573.3499, 211.6901, -96.6732, 12499749
Neighbor, 573.3499, 211.6901, -96.6732, 12499749
Neighbor, 573.4264, 211.6261, -83.7899, 12499917
Neighbor, 573.4264, 211.6261, -83.7899, 12499917
Neighbor, 573.4264, 211.6261, -83.7899, 12499917
Neighbor, 573.4264, 211.6261, -83.7899, 12499917
Neighbor, 573.3624, 211.6147, -68.3928, 12500186
Neighbor, 573.3624, 211.6147, -68.3928, 12500186
Neighbor, 573.3624, 211.6147, -68.3928, 12500186
Neighbor, 573.2944, 211.6479, -56.6431, 12500388
Neighbor, 573.2944, 211.6479, -56.6431, 12500388
Neighbor, 573.2944, 211.6479, -56.6431, 12500388
Neighbor, 573.2944, 211.6479, -56.6431, 12500388
Neighbor, 573.2944, 211.6479, -56.6431, 12500388
Neighbor, 573.2711, 211.5832, -53.8254, 12500446
Neighbor, 573.2711, 211.5832, -53.8254, 12500446
Neighbor, 573.2711, 211.5832, -53.8254, 12500446
Neighbor, 573.2711, 211.5832, -53.8254, 12500446
Neighbor, 573.1966, 211.6131, -35.0258, 12500785
Neighbor, 573.1966, 211.6131, -35.0258, 12500785
Neighbor, 573.1966, 211.6131, -35.0258, 12500785
Neighbor, 573.1966, 211.6131, -35.0258, 12500785
Neighbor, 573.2726, 211.7532, -27.6316, 12500899
Neighbor, 573.2726, 211.7532, -27.6316, 12500899
Neighbor, 573.2726, 211.7532, -27.6316, 12500899
Neighbor, 568.7111, 209.2178, -23.9796, 12501144
Neighbor, 568.7111, 209.2178, -23.9796, 12501144
Neighbor, 568.7111, 209.2178, -23.9796, 12501144
Neighbor, 568.7111, 209.2178, -23.9796, 12501144
Neighbor, 568.7111, 209.2178, -23.9796, 12501144
Neighbor, 562.7317, 205.2019, -29.4092, 12501326
Neighbor, 562.7317, 205.2019, -29.4092, 12501326
Neighbor, 562.7317, 205.2019, -29.4092, 12501326
Neighbor, 562.7317, 205.2019, -29.4092, 12501326
Neighbor, 558.7856, 202.0260, -33.6886, 12501494
Neighbor, 558.7856, 202.0260, -33.6886, 12501494
Neighbor, 558.7856, 202.0260, -33.6886, 12501494
Neighbor, 558.7856, 202.0260, -33.6886, 12501494
Neighbor, 553.6585, 197.0814, -38.7919, 12501716
Neighbor, 553.6585, 197.0814, -38.7919, 12501716
Neighbor, 553.6585, 197.0814, -38.7919, 12501716
Neighbor, 553.6585, 197.0814, -38.7919, 12501716
Neighbor, 553.6585, 197.0814, -38.7919, 12501716
Neighbor, 553.6585, 197.0814, -38.7919, 12501716
Neighbor, 553.6585, 197.0814, -38.7919, 12501716
Neighbor, 553.6585, 197.0814, -38.7919, 12501716
Neighbor, 543.6611, 183.9355, -52.5601, 12502177
Neighbor, 543.6611, 183.9355, -52.5601, 12502177
Neighbor, 543.6611, 183.9355, -52.5601, 12502177
Neighbor, 543.6611, 183.9355, -52.5601, 12502177
Neighbor, 539.3251, 175.1988, -59.9120, 12502473
Neighbor, 539.3251, 175.1988, -59.9120, 12502473
Neighbor, 539.3251, 175.1988, -59.9120, 12502473
Neighbor, 539.3251, 175.1988, -59.9120, 12502473
Neighbor, 537.9392, 171.7409, -63.1034, 12502576
Neighbor, 537.9392, 171.7409, -63.1034, 12502576
Neighbor, 537.9392, 171.7409, -63.1034, 12502576
Neighbor, 537.9392, 171.7409, -63.1034, 12502576
Neighbor, 535.8701, 164.9061, -68.4966, 12502790
Neighbor, 535.8701, 164.9061, -68.4966, 12502790
Neighbor, 535.8701, 164.9061, -68.4966, 12502790
Neighbor, 535.8701, 164.9061, -68.4966, 12502790
Neighbor, 534.3474, 156.6307, -75.4247, 12503027
Neighbor, 534.3474, 156.6307, -75.4247, 12503027
Neighbor, 534.3474, 156.6307, -75.4247, 12503027
Neighbor, 534.3474, 156.6307, -75.4247, 12503027
Neighbor, 533.9073, 152.1399, -79.5275, 12503155
Neighbor, 533.9073, 152.1399, -79.5275, 12503155
Neighbor, 533.9073, 152.1399, -79.5275, 12503155
Neighbor, 533.9073, 152.1399, -79.5275, 12503155
Neighbor, 533.7688, 145.2198, -84.9127, 12503372
Neighbor, 533.7688, 145.2198, -84.9127, 12503372
Neighbor, 533.7688, 145.2198, -84.9127, 12503372
Neighbor, 533.7688, 145.2198, -84.9127, 12503372
Neighbor, 534.2551, 139.0306, -90.5061, 12503557
Neighbor, 534.2551, 139.0306, -90.5061, 12503557
Neighbor, 534.2551, 139.0306, -90.5061, 12503557
Neighbor, 534.2551, 139.0306, -90.5061, 12503557
Neighbor, 535.0763, 134.0257, -94.5000, 12503724
Neighbor, 535.0763, 134.0257, -94.5000, 12503724
Neighbor, 535.0763, 134.0257, -94.5000, 12503724
Neighbor, 535.0763, 134.0257, -94.5000, 12503724
Neighbor, 534.9513, 134.2938, -86.6834, 12503983
Neighbor, 534.9513, 134.2938, -86.6834, 12503983
Neighbor, 534.9513, 134.2938, -86.6834, 12503983
Neighbor, 534.9513, 134.2938, -86.6834, 12503983
Neighbor, 534.9513, 134.2938, -86.6834, 12503983
Neighbor, 534.9509, 134.1771, -77.4072, 12504138
Neighbor, 534.9509, 134.1771, -77.4072, 12504138
Neighbor, 534.9509, 134.1771, -77.4072, 12504138
Neighbor, 534.9802, 134.1788, -61.1807, 12504415
Neighbor, 534.9802, 134.1788, -61.1807, 12504415
Neighbor, 534.9802, 134.1788, -61.1807, 12504415
Neighbor, 534.9538, 134.1163, -57.7804, 12504466
Neighbor, 534.9538, 134.1163, -57.7804, 12504466
Neighbor, 534.9538, 134.1163, -57.7804, 12504466
Neighbor, 534.9538, 134.1163, -57.7804, 12504466
Neighbor, 534.8558, 134.0215, -37.7555, 12504824
Neighbor, 534.8558, 134.0215, -37.7555, 12504824
Neighbor, 534.8558, 134.0215, -37.7555, 12504824
Neighbor, 534.8558, 134.0215, -37.7555, 12504824
Neighbor, 534.8230, 133.9943, -32.4282, 12504943
Neighbor, 534.8230, 133.9943, -32.4282, 12504943
Neighbor, 534.8230, 133.9943, -32.4282, 12504943
Neighbor, 534.8230, 133.9943, -32.4282, 12504943
Neighbor, 534.8123, 134.0407, -19.7790, 12505189
Neighbor, 534.8123, 134.0407, -19.7790, 12505189
Neighbor, 534.8123, 134.0407, -19.7790, 12505189
Neighbor, 534.8123, 134.0407, -19.7790, 12505189
Neighbor, 534.6818, 134.1865, -8.4575, 12505349
Neighbor, 534.6818, 134.1865, -8.4575, 12505349
Neighbor, 534.6818, 134.1865, -8.4575, 12505349
Neighbor, 534.6818, 134.1865, -8.4575, 12505349
Neighbor, 534.6405, 134.3099, 5.8070, 12505600
Neighbor, 534.6405, 134.3099, 5.8070, 12505600
Neighbor, 534.6405, 134.3099, 5.8070, 12505600
Neighbor, 534.6405, 134.3099, 5.8070, 12505600
Neighbor, 534.6405, 134.3099, 5.8070, 12505600
Neighbor, 534.7329, 134.3661, 13.3002, 12505709
Neighbor, 534.7329, 134.3661, 13.3002, 12505709
Neighbor, 534.7329, 134.3661, 13.3002, 12505709
Neighbor, 534.8846, 134.4219, 26.4381, 12505934
Neighbor, 534.8846, 134.4219, 26.4381, 12505934
Neighbor, 534.8846, 134.4219, 26.4381, 12505934
Neighbor, 534.8478, 134.3803, 48.1335, 12506301
Neighbor, 534.8478, 134.3803, 48.1335, 12506301
Neighbor, 534.8478, 134.3803, 48.1335, 12506301
Neighbor, 534.8478, 134.3803, 48.1335, 12506301
Neighbor, 534.8478, 134.3803, 48.1335, 12506301
Neighbor, 534.8847, 134.3675, 56.3202, 12506431
Neighbor, 534.8847, 134.3675, 56.3202, 12506431
Neighbor, 534.8847, 134.3675, 56.3202, 12506431
Neighbor, 534.8847, 134.3675, 56.3202, 12506431
Neighbor, 534.9228, 134.2809, 63.4212, 12506542
Neighbor, 534.9228, 134.2809, 63.4212, 12506542
Neighbor, 534.9228, 134.2809, 63.4212, 12506542
Neighbor, 531.2592, 141.7792, 71.7652, 12506767
Neighbor, 531.2592, 141.7792, 71.7652, 12506767
Neighbor, 531.2592, 141.7792, 71.7652, 12506767
Neighbor, 531.2592, 141.7792, 71.7652, 12506767
Neighbor, 528.3865, 147.7528, 71.3292, 12506907
Neighbor, 528.3865, 147.7528, 71.3292, 12506907
Neighbor, 528.3865, 147.7528, 71.3292, 12506907
Neighbor, 528.3865, 147.7528, 71.3292, 12506907
Neighbor, 528.3865, 147.7528, 71.3292, 12506907
Neighbor, 521.8867, 161.4118, 71.4100, 12507214
Neighbor, 521.8867, 161.4118, 71.4100, 12507214
Neighbor, 521.8867, 161.4118, 71.4100, 12507214
Neighbor, 521.8867, 161.4118, 71.4100, 12507214
Neighbor, 518.1635, 169.2963, 71.4148, 12507380
Neighbor, 518.1635, 169.2963, 71.4148, 12507380
Neighbor, 518.1635, 169.2963, 71.4148, 12507380
Neighbor, 514.3899, 177.0717, 70.8890, 12507526
Neighbor, 514.3899, 177.0717, 70.8890, 12507526
Neighbor, 514.3899, 177.0717, 70.8890, 12507526
Neighbor, 514.3899, 177.0717, 70.8890, 12507526
Neighbor, 514.3899, 177.0717, 70.8890, 12507526
Neighbor, 509.9673, 186.3633, 71.0165, 12507753
Neighbor, 509.9673, 186.3633, 71.0165, 12507753
Neighbor, 509.9673, 186.3633, 71.0165, 12507753
Neighbor, 509.9673, 186.3633, 71.0165, 12507753
Neighbor, 504.5194, 197.6031, 71.0122, 12507997
Neighbor, 504.5194, 197.6031, 71.0122, 12507997
Neighbor, 504.5194, 197.6031, 71.0122, 12507997
Neighbor, 504.5194, 197.6031, 71.0122, 12507997
Neighbor, 499.4170, 207.9626, 70.7102, 12508236
Neighbor, 499.4170, 207.9626, 70.7102, 12508236
Neighbor, 499.4170, 207.9626, 70.7102, 12508236
Neighbor, 499.4170, 207.9626, 70.7102, 12508236
Neighbor, 496.6980, 213.8152, 70.8581, 12508337
Neighbor, 496.6980, 213.8152, 70.8581, 12508337
Neighbor, 496.6980, 213.8152, 70.8581, 12508337
Neighbor, 496.6980, 213.8152, 70.8581, 12508337
Neighbor, 489.7592, 227.9933, 70.8433, 12508706
Neighbor, 489.7592, 227.9933, 70.8433, 12508706
Neighbor, 489.7592, 227.9933, 70.8433, 12508706
Neighbor, 489.7592, 227.9933, 70.8433, 12508706
Neighbor, 485.3533, 236.7498, 70.8729, 12508814
Neighbor, 485.3533, 236.7498, 70.8729, 12508814
Neighbor, 485.3533, 236.7498, 70.8729, 12508814
Neighbor, 485.3533, 236.7498, 70.8729, 12508814
Neighbor, 483.1819, 241.0912, 70.4036, 12508937
Neighbor, 483.1819, 241.0912, 70.4036, 12508937
Neighbor, 483.1819, 241.0912, 70.4036, 12508937
Neighbor, 483.1819, 241.0912, 70.4036, 12508937
Neighbor, 476.0475, 255.6285, 70.8011, 12509245
Neighbor, 476.0475, 255.6285, 70.8011, 12509245
Neighbor, 476.0475, 255.6285, 70.8011, 12509245
Neighbor, 473.0930, 261.6850, 71.1453, 12509397
Neighbor, 473.0930, 261.6850, 71.1453, 12509397
Neighbor, 473.0930, 261.6850, 71.1453, 12509397
Neighbor, 473.0930, 261.6850, 71.1453, 12509397
Neighbor, 473.0930, 261.6850, 71.1453, 12509397
Neighbor, 467.4705, 272.9686, 70.7660, 12509631
Neighbor, 467.4705, 272.9686, 70.7660, 12509631
Neighbor, 467.4705, 272.9686, 70.7660, 12509631
Neighbor, 467.4705, 272.9686, 70.7660, 12509631
Neighbor, 462.9606, 281.7556, 70.7723, 12509814
Neighbor, 462.9606, 281.7556, 70.7723, 12509814
Neighbor, 462.9606, 281.7556, 70.7723, 12509814
Neighbor, 462.9606, 281.7556, 70.7723, 12509814
Neighbor, 460.4377, 287.0807, 70.6730, 12509970
Neighbor, 460.4377, 287.0807, 70.6730, 12509970
Neighbor, 460.4377, 287.0807, 70.6730, 12509970
Neighbor, 460.4377, 287.0807, 70.6730, 12509970
Neighbor, 452.8350, 302.2186, 70.1413, 12510245
Neighbor, 452.8350, 302.2186, 70.1413, 12510245
Neighbor, 452.8350, 302.2186, 70.1413, 12510245
Neighbor, 452.8350, 302.2186, 70.1413, 12510245
Neighbor, 449.5237, 309.1107, 70.5669, 12510407
Neighbor, 449.5237, 309.1107, 70.5669, 12510407
Neighbor, 449.5237, 309.1107, 70.5669, 12510407
Neighbor, 449.5237, 309.1107, 70.5669, 12510407
Neighbor, 449.5237, 309.1107, 70.5669, 12510407
Neighbor, 442.7479, 322.7135, 70.3376, 12510659
Neighbor, 442.7479, 322.7135, 70.3376, 12510659
Neighbor, 442.7479, 322.7135, 70.3376, 12510659
Neighbor, 442.7479, 322.7135, 70.3376, 12510659
Neighbor, 442.7479, 322.7135, 70.3376, 12510659
Neighbor, 442.7479, 322.7135, 70.3376, 12510659
Neighbor, 435.3908, 337.7984, 69.9186, 12511004
Neighbor, 435.3908, 337.7984, 69.9186, 12511004
Neighbor, 435.3908, 337.7984, 69.9186, 12511004
Neighbor, 435.3908, 337.7984, 69.9186, 12511004
Neighbor, 435.3908, 337.7984, 69.9186, 12511004
Neighbor, 429.4403, 349.3158, 70.2901, 12511240
Neighbor, 429.4403, 349.3158, 70.2901, 12511240
Neighbor, 429.4403, 349.3158, 70.2901, 12511240
Neighbor, 429.4403, 349.3158, 70.2901, 12511240
Neighbor, 426.7951, 354.3936, 70.1763, 12511373
Neighbor, 426.7951, 354.3936, 70.1763, 12511373
Neighbor, 426.7951, 354.3936, 70.1763, 12511373
Neighbor, 419.1823, 369.4975, 70.1778, 12511690
Neighbor, 419.1823, 369.4975, 70.1778, 12511690
Neighbor, 419.1823, 369.4975, 70.1778, 12511690
Neighbor, 419.1823, 369.4975, 70.1778, 12511690
Neighbor, 419.1823, 369.4975, 70.1778, 12511690
Neighbor, 415.8919, 375.7755, 70.1536, 12511821
Neighbor, 415.8919, 375.7755, 70.1536, 12511821
Neighbor, 415.8919, 375.7755, 70.1536, 12511821
Neighbor, 415.8919, 375.7755, 70.1536, 12511821
Neighbor, 411.3822, 384.6544, 70.5923, 12511977
Neighbor, 411.3822, 384.6544, 70.5923, 12511977
Neighbor, 411.3822, 384.6544, 70.5923, 12511977
Neighbor, 408.5540, 390.2805, 69.7407, 12512112
Neighbor, 408.5540, 390.2805, 69.7407, 12512112
Neighbor, 408.5540, 390.2805, 69.7407, 12512112
Neighbor, 408.5540, 390.2805, 69.7407, 12512112
Neighbor, 402.8224, 401.5999, 69.7852, 12512371
Neighbor, 402.8224, 401.5999, 69.7852, 12512371
Neighbor, 402.8224, 401.5999, 69.7852, 12512371
Neighbor, 402.8224, 401.5999, 69.7852, 12512371
Neighbor, 402.8224, 401.5999, 69.7852, 12512371
Neighbor, 397.6426, 410.8703, 72.4603, 12512589
Neighbor, 397.6426, 410.8703, 72.4603, 12512589
Neighbor, 397.6426, 410.8703, 72.4603, 12512589
Neighbor, 397.6426, 410.8703, 72.4603, 12512589
Neighbor, 396.6119, 412.4518, 56.9183, 12512913
Neighbor, 396.6119, 412.4518, 56.9183, 12512913
Neighbor, 396.6119, 412.4518, 56.9183, 12512913
Neighbor, 396.5084, 412.3946, 46.9458, 12513071
Neighbor, 396.5084, 412.3946, 46.9458, 12513071
Neighbor, 396.5084, 412.3946, 46.9458, 12513071
Neighbor, 396.5084, 412.3946, 46.9458, 12513071
Neighbor, 396.5136, 412.3393, 35.2593, 12513257
Neighbor, 396.5136, 412.3393, 35.2593, 12513257
Neighbor, 396.5136, 412.3393, 35.2593, 12513257
Neighbor, 396.5136, 412.3393, 35.2593, 12513257
Neighbor, 396.5658, 412.2128, 21.4644, 12513470
Neighbor, 396.5658, 412.2128, 21.4644, 12513470
Neighbor, 396.5658, 412.2128, 21.4644, 12513470
Neighbor, 396.5658, 412.2128, 21.4644, 12513470
Neighbor, 396.6141, 412.2563, 15.9572, 12513569
Neighbor, 396.6141, 412.2563, 15.9572, 12513569
Neighbor, 396.6141, 412.2563, 15.9572, 12513569
Neighbor, 396.4728, 412.1284, 2.4209, 12513804
Neighbor, 396.4728, 412.1284, 2.4209, 12513804
Neighbor, 396.4728, 412.1284, 2.4209, 12513804
Neighbor, 396.4728, 412.1284, 2.4209, 12513804
Neighbor, 396.4467, 412.0580, -12.1593, 12514069
Neighbor, 396.4467, 412.0580, -12.1593, 12514069
Neighbor, 396.4467, 412.0580, -12.1593, 12514069
Neighbor, 396.4467, 412.0580, -12.1593, 12514069
Neighbor, 396.5516, 412.0250, -26.8665, 12514307
Neighbor, 396.5516, 412.0250, -26.8665, 12514307
Neighbor, 396.5516, 412.0250, -26.8665, 12514307
Neighbor, 396.5516, 412.0250, -26.8665, 12514307
Neighbor, 396.6338, 412.0310, -33.4028, 12514441
Neighbor, 396.6338, 412.0310, -33.4028, 12514441
Neighbor, 396.6338, 412.0310, -33.4028, 12514441
Neighbor, 396.6391, 411.9840, -44.8314, 12514631
Neighbor, 396.6391, 411.9840, -44.8314, 12514631
Neighbor, 396.6391, 411.9840, -44.8314, 12514631
Neighbor, 396.6391, 411.9840, -44.8314, 12514631
Neighbor, 396.6391, 411.9840, -44.8314, 12514631
Neighbor, 396.6829, 412.0600, -60.3844, 12514871
Neighbor, 396.6829, 412.0600, -60.3844, 12514871
Neighbor, 396.6829, 412.0600, -60.3844, 12514871
Neighbor, 396.6829, 412.0600, -60.3844, 12514871
Neighbor, 396.5372, 411.3394, -71.2815, 12515065
Neighbor, 396.5372, 411.3394, -71.2815, 12515065
Neighbor, 396.5372, 411.3394, -71.2815, 12515065
Neighbor, 396.5372, 411.3394, -71.2815, 12515065
Neighbor, 395.4643, 405.9466, -68.2851, 12515234
Neighbor, 395.4643, 405.9466, -68.2851, 12515234
Neighbor, 395.4643, 405.9466, -68.2851, 12515234
Neighbor, 391.3843, 394.3920, -58.4597, 12515577
Neighbor, 391.3843, 394.3920, -58.4597, 12515577
Neighbor, 391.3843, 394.3920, -58.4597, 12515577
Neighbor, 391.3843, 394.3920, -58.4597, 12515577
Neighbor, 391.3843, 394.3920, -58.4597, 12515577
Neighbor, 391.3843, 394.3920, -58.4597, 12515577
Neighbor, 391.3843, 394.3920, -58.4597, 12515577
Neighbor, 391.3843, 394.3920, -58.4597, 12515577
Neighbor, 391.3843, 394.3920, -58.4597, 12515577
Neighbor, 386.1213, 384.2657, -49.0254, 12515891
Neighbor, 386.1213, 384.2657, -49.0254, 12515891
Neighbor, 386.1213, 384.2657, -49.0254, 12515891
Neighbor, 386.1213, 384.2657, -49.0254, 12515891
Neighbor, 382.4568, 378.8255, -43.7686, 12516069
Neighbor, 382.4568, 378.8255, -43.7686, 12516069
Neighbor, 382.4568, 378.8255, -43.7686, 12516069
Neighbor, 382.4568, 378.8255, -43.7686, 12516069
Neighbor, 377.7050, 373.4182, -38.4608, 12516333
Neighbor, 377.7050, 373.4182, -38.4608, 12516333
Neighbor, 377.7050, 373.4182, -38.4608, 12516333
Neighbor, 377.7050, 373.4182, -38.4608, 12516333
Neighbor, 372.4092, 368.3724, -33.1309, 12516511
Neighbor, 372.4092, 368.3724, -33.1309, 12516511
Neighbor, 372.4092, 368.3724, -33.1309, 12516511
Neighbor, 372.4092, 368.3724, -33.1309, 12516511
Neighbor, 367.2840, 364.2052, -27.7014, 12516675
Neighbor, 367.2840, 364.2052, -27.7014, 12516675
Neighbor, 367.2840, 364.2052, -27.7014, 12516675
Neighbor, 367.2840, 364.2052, -27.7014, 12516675
Neighbor, 367.2840, 364.2052, -27.7014, 12516675
Neighbor, 361.6859, 360.5094, -22.6865, 12516889
Neighbor, 361.6859, 360.5094, -22.6865, 12516889
Neighbor, 361.6859, 360.5094, -22.6865, 12516889
Neighbor, 356.5036, 357.8199, -17.5199, 12517041
Neighbor, 356.5036, 357.8199, -17.5199, 12517041
Neighbor, 356.5036, 357.8199, -17.5199, 12517041
Neighbor, 347.4301, 354.1327, -10.0180, 12517328
Neighbor, 347.4301, 354.1327, -10.0180, 12517328
Neighbor, 347.4301, 354.1327, -10.0180, 12517328
Neighbor, 347.4301, 354.1327, -10.0180, 12517328
Neighbor, 340.8375, 352.3964, -4.5256, 12517559
Neighbor, 340.8375, 352.3964, -4.5256, 12517559
Neighbor, 340.8375, 352.3964, -4.5256, 12517559
Neighbor, 340.8375, 352.3964, -4.5256, 12517559
Neighbor, 340.8375, 352.3964, -4.5256, 12517559
Neighbor, 340.8375, 352.3964, -4.5256, 12517559
Neighbor, 340.8375, 352.3964, -4.5256, 12517559
Neighbor, 340.8375, 352.3964, -4.5256, 12517559
Neighbor, 329.4338, 351.1567, 2.1669, 12517870
Neighbor, 329.4338, 351.1567, 2.1669, 12517870
Neighbor, 329.4338, 351.1567, 2.1669, 12517870
Neighbor, 329.4338, 351.1567, 2.1669, 12517870
Neighbor, 329.3313, 351.1941, 1.7824, 12517957
Neighbor, 329.3313, 351.1941, 1.7824, 12517957
Neighbor, 329.3313, 351.1941, 1.7824, 12517957
Neighbor, 329.3313, 351.1941, 1.7824, 12517957
Neighbor, 329.8018, 351.4928, 17.4310, 12518215
Neighbor, 329.8018, 351.4928, 17.4310, 12518215
Neighbor, 329.8018, 351.4928, 17.4310, 12518215
Neighbor, 329.8018, 351.4928, 17.4310, 12518215
Neighbor, 329.8018, 351.4928, 17.4310, 12518215
Neighbor, 329.9395, 351.5659, 28.1812, 12518387
Neighbor, 329.9395, 351.5659, 28.1812, 12518387
Neighbor, 329.9395, 351.5659, 28.1812, 12518387
Neighbor, 329.9373, 351.6134, 42.2385, 12518643
Neighbor, 329.9373, 351.6134, 42.2385, 12518643
Neighbor, 329.9373, 351.6134, 42.2385, 12518643
Neighbor, 329.9373, 351.6134, 42.2385, 12518643
Neighbor, 329.9637, 351.6042, 53.2734, 12518833
Neighbor, 329.9637, 351.6042, 53.2734, 12518833
Neighbor, 329.9637, 351.6042, 53.2734, 12518833
Neighbor, 329.9637, 351.6042, 53.2734, 12518833
Neighbor, 329.9637, 351.6042, 53.2734, 12518833
Neighbor, 329.9349, 351.4996, 70.4845, 12519109
Neighbor, 329.9349, 351.4996, 70.4845, 12519109
Neighbor, 329.9349, 351.4996, 70.4845, 12519109
Neighbor, 329.9349, 351.4996, 70.4845, 12519109
Neighbor, 329.8980, 351.5956, 73.7241, 12519164
Neighbor, 329.8980, 351.5956, 73.7241, 12519164
Neighbor, 329.8980, 351.5956, 73.7241, 12519164
Neighbor, 329.9686, 351.7358, 91.7892, 12519486
Neighbor, 329.9686, 351.7358, 91.7892, 12519486
Neighbor, 329.9686, 351.7358, 91.7892, 12519486
Neighbor, 329.9686, 351.7358, 91.7892, 12519486
Neighbor, 329.9797, 351.6528, 102.2860, 12519643
Neighbor, 329.9797, 351.6528, 102.2860, 12519643
Neighbor, 329.9797, 351.6528, 102.2860, 12519643
Neighbor, 329.9797, 351.6528, 102.2860, 12519643
Neighbor, 329.9797, 351.6528, 102.2860, 12519643
Neighbor, 330.0286, 351.7362, 110.0160, 12519769
Neighbor, 330.0286, 351.7362, 110.0160, 12519769
Neighbor, 330.0286, 351.7362, 110.0160, 12519769
Neighbor, 330.0286, 351.7362, 110.0160, 12519769
Neighbor, 329.9976, 351.9849, 129.0360, 12520089
Neighbor, 329.9976, 351.9849, 129.0360, 12520089
Neighbor, 329.9873, 352.0459, 141.8948, 12520294
Neighbor, 329.9873, 352.0459, 141.8948, 12520294
Neighbor, 329.9873, 352.0459, 141.8948, 12520294
Neighbor, 329.9873, 352.0459, 141.8948, 12520294
Neighbor, 329.9873, 352.0459, 141.8948, 12520294
Neighbor, 333.7663, 355.2017, 149.2189, 12520475
Neighbor, 333.7663, 355.2017, 149.2189, 12520475
Neighbor, 333.7663, 355.2017, 149.2189, 12520475
Neighbor, 333.7663, 355.2017, 149.2189, 12520475
Neighbor, 342.9161, 362.5732, 149.3695, 12520709
Neighbor, 342.9161, 362.5732, 149.3695, 12520709
Neighbor, 342.9161, 362.5732, 149.3695, 12520709
Neighbor, 342.9161, 362.5732, 149.3695, 12520709
Neighbor, 349.2766, 367.5351, 149.2125, 12520833
Neighbor, 349.2766, 367.5351, 149.2125, 12520833
Neighbor, 349.2766, 367.5351, 149.2125, 12520833
Neighbor, 361.1461, 376.8008, 148.7795, 12521117
Neighbor, 361.1461, 376.8008, 148.7795, 12521117
Neighbor, 361.1461, 376.8008, 148.7795, 12521117
Neighbor, 361.1461, 376.8008, 148.7795, 12521117
Neighbor, 361.1461, 376.8008, 148.7795, 12521117
Neighbor, 364.9535, 379.7629, 149.0792, 12521197
Neighbor, 364.9535, 379.7629, 149.0792, 12521197
Neighbor, 364.9535, 379.7629, 149.0792, 12521197
Neighbor, 364.9535, 379.7629, 149.0792, 12521197
Neighbor, 376.5755, 389.2621, 149.0206, 12521510
Neighbor, 376.5755, 389.2621, 149.0206, 12521510
Neighbor, 376.5755, 389.2621, 149.0206, 12521510
Neighbor, 376.5755, 389.2621, 149.0206, 12521510
Neighbor, 386.5605, 397.2372, 148.6769, 12521749
Neighbor, 386.5605, 397.2372, 148.6769, 12521749
Neighbor, 386.5605, 397.2372, 148.6769, 12521749
Neighbor, 388.8558, 398.9522, 148.5537, 12521814
Neighbor, 388.8558, 398.9522, 148.5537, 12521814
Neighbor, 388.8558, 398.9522, 148.5537, 12521814
Neighbor, 388.8558, 398.9522, 148.5537, 12521814
Neighbor, 388.8558, 398.9522, 148.5537, 12521814
Neighbor, 401.9131, 409.3941, 149.0540, 12522094
Neighbor, 401.9131, 409.3941, 149.0540, 12522094
Neighbor, 401.9131, 409.3941, 149.0540, 12522094
Neighbor, 401.9131, 409.3941, 149.0540, 12522094
Neighbor, 402.9487, 409.6927, 146.9996, 12522226
Neighbor, 402.9487, 409.6927, 146.9996, 12522226
Neighbor, 402.9487, 409.6927, 146.9996, 12522226
Neighbor, 402.9487, 409.6927, 146.9996, 12522226
Neighbor, 402.8858, 409.4493, 150.7750, 12522415
Neighbor, 402.8858, 409.4493, 150.7750, 12522415
Neighbor, 402.8858, 409.4493, 150.7750, 12522415
Neighbor, 402.8419, 409.3905, 165.8972, 12522679
Neighbor, 402.8419, 409.3905, 165.8972, 12522679
Neighbor, 402.8419, 409.3905, 165.8972, 12522679
Neighbor, 402.8419, 409.3905, 165.8972, 12522679
Neighbor, 402.6649, 409.3178, -177.3631, 12522955
Neighbor, 402.6649, 409.3178, -177.3631, 12522955
Neighbor, 402.6649, 409.3178, -177.3631, 12522955
Neighbor, 402.6649, 409.3178, -177.3631, 12522955
Neighbor, 402.6939, 409.3644, -169.9284, 12523100
Neighbor, 402.6939, 409.3644, -169.9284, 12523100
Neighbor, 402.6939, 409.3644, -169.9284, 12523100
Neighbor, 402.6939, 409.3644, -169.9284, 12523100
Neighbor, 402.7177, 409.2299, -152.2564, 12523377
Neighbor, 402.7177, 409.2299, -152.2564, 12523377
Neighbor, 402.7177, 409.2299, -152.2564, 12523377
Neighbor, 402.7177, 409.2299, -152.2564, 12523377
Neighbor, 402.8156, 409.1737, -144.8152, 12523526
Neighbor, 402.8156, 409.1737, -144.8152, 12523526
Neighbor, 402.8156, 409.1737, -144.8152, 12523526
Neighbor, 402.8156, 409.1737, -144.8152, 12523526
Neighbor, 402.9254, 409.1199, -136.5621, 12523685
Neighbor, 402.9254, 409.1199, -136.5621, 12523685
Neighbor, 402.9254, 409.1199, -136.5621, 12523685
Neighbor, 402.9254, 409.1199, -136.5621, 12523685
Neighbor, 402.9535, 408.9829, -115.5531, 12524028
Neighbor, 402.9535, 408.9829, -115.5531, 12524028
Neighbor, 402.9535, 408.9829, -115.5531, 12524028
Neighbor, 402.9535, 408.9829, -115.5531, 12524028
Neighbor, 402.9427, 409.0283, -106.6581, 12524181
Neighbor, 402.9427, 409.0283, -106.6581, 12524181
Neighbor, 402.9427, 409.0283, -106.6581, 12524181
Neighbor, 402.9427, 409.0283, -106.6581, 12524181
Neighbor, 402.8666, 408.9209, -91.8774, 12524421
Neighbor, 402.8666, 408.9209, -91.8774, 12524421
Neighbor, 402.8666, 408.9209, -91.8774, 12524421
Neighbor, 402.8666, 408.9209, -91.8774, 12524421
Neighbor, 402.8045, 408.9085, -85.9191, 12524529
Neighbor, 402.8045, 408.9085, -85.9191, 12524529
Neighbor, 402.8045, 408.9085, -85.9191, 12524529
Neighbor, 402.8045, 408.9085, -85.9191, 12524529
Neighbor, 402.8045, 408.9085, -85.9191, 12524529
Neighbor, 402.8377, 408.8073, -76.7770, 12524686
Neighbor, 402.8377, 408.8073, -76.7770, 12524686
Neighbor, 402.8377, 408.8073, -76.7770, 12524686
Neighbor, 402.8618, 408.8505, -58.9917, 12524963
Neighbor, 402.8618, 408.8505, -58.9917, 12524963
Neighbor, 402.8618, 408.8505, -58.9917, 12524963
Neighbor, 402.8618, 408.8505, -58.9917, 12524963
Neighbor, 400.9445, 405.9127, -50.5455, 12525241
Neighbor, 400.9445, 405.9127, -50.5455, 12525241
Neighbor, 400.9445, 405.9127, -50.5455, 12525241
Neighbor, 400.9445, 405.9127, -50.5455, 12525241
Neighbor, 398.7209, 402.3077, -54.3764, 12525332
Neighbor, 398.7209, 402.3077, -54.3764, 12525332
Neighbor, 398.7209, 402.3077, -54.3764, 12525332
Neighbor, 398.7209, 402.3077, -54.3764, 12525332
Neighbor, 398.7209, 402.3077, -54.3764, 12525332
Neighbor, 395.3599, 395.1652, -60.7872, 12525548
Neighbor, 395.3599, 395.1652, -60.7872, 12525548
Neighbor, 395.3599, 395.1652, -60.7872, 12525548
Neighbor, 393.8692, 390.8136, -64.1131, 12525697
Neighbor, 393.8692, 390.8136, -64.1131, 12525697
Neighbor, 393.8692, 390.8136, -64.1131, 12525697
Neighbor, 392.1780, 385.0375, -68.6919, 12525859
Neighbor, 392.1780, 385.0375, -68.6919, 12525859
Neighbor, 392.1780, 385.0375, -68.6919, 12525859
Neighbor, 392.1780, 385.0375, -68.6919, 12525859
Neighbor, 392.1780, 385.0375, -68.6919, 12525859
Neighbor, 390.5133, 374.4153, -77.6305, 12526130
Neighbor, 390.5133, 374.4153, -77.6305, 12526130
Neighbor, 390.5133, 374.4153, -77.6305, 12526130
Neighbor, 390.5133, 374.4153, -77.6305, 12526130
Neighbor, 390.3567, 367.1482, -83.9151, 12526356
Neighbor, 390.3567, 367.1482, -83.9151, 12526356
Neighbor, 390.3567, 367.1482, -83.9151, 12526356
Neighbor, 390.7076, 361.3619, -88.7229, 12526533
Neighbor, 390.7076, 361.3619, -88.7229, 12526533
Neighbor, 390.7076, 361.3619, -88.7229, 12526533
Neighbor, 390.7076, 361.3619, -88.7229, 12526533
Neighbor, 391.9423, 353.5657, -95.6086, 12526730
Neighbor, 391.9423, 353.5657, -95.6086, 12526730
Neighbor, 391.9423, 353.5657, -95.6086, 12526730
Neighbor, 391.9423, 353.5657, -95.6086, 12526730
Neighbor, 391.9423, 353.5657, -95.6086, 12526730
Neighbor, 394.1000, 345.9379, -101.6316, 12526961
Neighbor, 394.1000, 345.9379, -101.6316, 12526961
Neighbor, 394.1000, 345.9379, -101.6316, 12526961
Neighbor, 394.1000, 345.9379, -101.6316, 12526961
Neighbor, 395.5518, 342.0833, -105.0405, 12527100
Neighbor, 395.5518, 342.0833, -105.0405, 12527100
Neighbor, 395.5518, 342.0833, -105.0405, 12527100
Neighbor, 398.8949, 334.8885, -111.3927, 12527319
Neighbor, 398.8949, 334.8885, -111.3927, 12527319
Neighbor, 398.8949, 334.8885, -111.3927, 12527319
Neighbor, 401.7561, 329.8708, -115.9768, 12527486
Neighbor, 401.7561, 329.8708, -115.9768, 12527486
Neighbor, 401.7561, 329.8708, -115.9768, 12527486
Neighbor, 401.7561, 329.8708, -115.9768, 12527486
Neighbor, 406.3624, 323.2931, -122.8102, 12527739
Neighbor, 406.3624, 323.2931, -122.8102, 12527739
Neighbor, 406.3624, 323.2931, -122.8102, 12527739
Neighbor, 406.3624, 323.2931, -122.8102, 12527739
Neighbor, 410.6843, 318.2114, -128.2378, 12527906
Neighbor, 410.6843, 318.2114, -128.2378, 12527906
Neighbor, 410.6843, 318.2114, -128.2378, 12527906
Neighbor, 410.6843, 318.2114, -128.2378, 12527906
Neighbor, 416.5996, 312.8478, -133.8978, 12528133
Neighbor, 416.5996, 312.8478, -133.8978, 12528133
Neighbor, 421.1837, 309.4792, -138.4500, 12528327
Neighbor, 421.1837, 309.4792, -138.4500, 12528327
Neighbor, 421.1837, 309.4792, -138.4500, 12528327
Neighbor, 421.1837, 309.4792, -138.4500, 12528327
Neighbor, 421.1837, 309.4792, -138.4500, 12528327
Neighbor, 429.1984, 304.5481, -146.0277, 12528557
Neighbor, 429.1984, 304.5481, -146.0277, 12528557
Neighbor, 429.1984, 304.5481, -146.0277, 12528557
Neighbor, 429.1984, 304.5481, -146.0277, 12528557
Neighbor, 435.7833, 301.4186, -151.9584, 12528754
Neighbor, 435.7833, 301.4186, -151.9584, 12528754
Neighbor, 435.7833, 301.4186, -151.9584, 12528754
Neighbor, 435.7833, 301.4186, -151.9584, 12528754
Neighbor, 443.7462, 298.7911, -158.6875, 12529044
Neighbor, 443.7462, 298.7911, -158.6875, 12529044
Neighbor, 443.7462, 298.7911, -158.6875, 12529044
Neighbor, 443.7462, 298.7911, -158.6875, 12529044
Neighbor, 449.8249, 297.4399, -163.5322, 12529197
Neighbor, 449.8249, 297.4399, -163.5322, 12529197
Neighbor, 449.8249, 297.4399, -163.5322, 12529197
Neighbor, 449.8249, 297.4399, -163.5322, 12529197
Neighbor, 455.0993, 296.8072, -167.2417, 12529339
Neighbor, 455.0993, 296.8072, -167.2417, 12529339
Neighbor, 455.0993, 296.8072, -167.2417, 12529339
Neighbor, 455.0993, 296.8072, -167.2417, 12529339
Neighbor, 461.7196, 296.5299, -173.3112, 12529532
Neighbor, 461.7196, 296.5299, -173.3112, 12529532
Neighbor, 461.7196, 296.5299, -173.3112, 12529532
Neighbor, 468.2707, 296.8521, -178.1374, 12529723
Neighbor, 468.2707, 296.8521, -178.1374, 12529723
Neighbor, 468.2707, 296.8521, -178.1374, 12529723
Neighbor, 468.2707, 296.8521, -178.1374, 12529723
Neighbor, 468.2707, 296.8521, -178.1374, 12529723
Neighbor, 477.1646, 298.3942, 174.0646, 12529970
Neighbor, 477.1646, 298.3942, 174.0646, 12529970
Neighbor, 477.1646, 298.3942, 174.0646, 12529970
Neighbor, 477.1646, 298.3942, 174.0646, 12529970
Neighbor, 484.1020, 300.3327, 168.0750, 12530214
Neighbor, 484.1020, 300.3327, 168.0750, 12530214
Neighbor, 484.1020, 300.3327, 168.0750, 12530214
Neighbor, 484.1020, 300.3327, 168.0750, 12530214
Neighbor, 488.5598, 301.9155, 164.2147, 12530320
Neighbor, 488.5598, 301.9155, 164.2147, 12530320
Neighbor, 488.5598, 301.9155, 164.2147, 12530320
Neighbor, 488.5598, 301.9155, 164.2147, 12530320
Neighbor, 496.2747, 305.7687, 157.2727, 12530548
Neighbor, 496.2747, 305.7687, 157.2727, 12530548
Neighbor, 496.2747, 305.7687, 157.2727, 12530548
Neighbor, 500.6922, 308.4946, 153.6991, 12530719
Neighbor, 500.6922, 308.4946, 153.6991, 12530719
Neighbor, 500.6922, 308.4946, 153.6991, 12530719
Neighbor, 500.6922, 308.4946, 153.6991, 12530719
Neighbor, 507.9135, 314.0840, 146.5988, 12530993
Neighbor, 507.9135, 314.0840, 146.5988, 12530993
Neighbor, 507.9135, 314.0840, 146.5988, 12530993
Neighbor, 507.9135, 314.0840, 146.5988, 12530993
Neighbor, 512.6264, 318.6261, 141.1358, 12531177
Neighbor, 512.6264, 318.6261, 141.1358, 12531177
Neighbor, 512.6264, 318.6261, 141.1358, 12531177
Neighbor, 512.6264, 318.6261, 141.1358, 12531177
Neighbor, 517.6985, 324.6658, 134.7819, 12531409
Neighbor, 517.6985, 324.6658, 134.7819, 12531409
Neighbor, 517.6985, 324.6658, 134.7819, 12531409
Neighbor, 517.6985, 324.6658, 134.7819, 12531409
Neighbor, 521.2260, 329.8568, 129.7132, 12531581
Neighbor, 521.2260, 329.8568, 129.7132, 12531581
Neighbor, 521.2260, 329.8568, 129.7132, 12531581
Neighbor, 521.2260, 329.8568, 129.7132, 12531581
Neighbor, 522.3020, 331.6218, 128.0871, 12531631
Neighbor, 522.3020, 331.6218, 128.0871, 12531631
Neighbor, 522.3020, 331.6218, 128.0871, 12531631
Neighbor, 522.3020, 331.6218, 128.0871, 12531631
Neighbor, 526.0775, 339.2985, 121.1409, 12531889
Neighbor, 526.0775, 339.2985, 121.1409, 12531889
Neighbor, 526.0775, 339.2985, 121.1409, 12531889
Neighbor, 528.0398, 343.8536, 121.8685, 12532085
Neighbor, 528.0398, 343.8536, 121.8685, 12532085
Neighbor, 528.0398, 343.8536, 121.8685, 12532085
Neighbor, 528.0398, 343.8536, 121.8685, 12532085
Neighbor, 528.0398, 343.8536, 121.8685, 12532085
Neighbor, 527.5756, 342.8729, 138.1284, 12532346
Neighbor, 527.5756, 342.8729, 138.1284, 12532346
Neighbor, 527.5756, 342.8729, 138.1284, 12532346
Neighbor, 527.5756, 342.8729, 138.1284, 12532346
Neighbor, 527.5542, 342.9739, 153.7624, 12532626
Neighbor, 527.5542, 342.9739, 153.7624, 12532626
Neighbor, 527.5542, 342.9739, 153.7624, 12532626
Neighbor, 527.5542, 342.9739, 153.7624, 12532626
Neighbor, 527.4148, 342.9235, 166.2970, 12532793
Neighbor, 527.4148, 342.9235, 166.2970, 12532793
Neighbor, 527.4148, 342.9235, 166.2970, 12532793
Neighbor, 527.4148, 342.9235, 166.2970, 12532793
Neighbor, 527.3156, 343.0976, 177.1095, 12533003
Neighbor, 527.3156, 343.0976, 177.1095, 12533003
Neighbor, 527.3156, 343.0976, 177.1095, 12533003
Neighbor, 527.3156, 343.0976, 177.1095, 12533003
Neighbor, 527.3168, 343.0055, -173.1406, 12533133
Neighbor, 527.3168, 343.0055, -173.1406, 12533133
Neighbor, 527.3168, 343.0055, -173.1406, 12533133
Neighbor, 527.3168, 343.0055, -173.1406, 12533133
Neighbor, 527.4865, 342.9552, -155.2891, 12533452
Neighbor, 527.4865, 342.9552, -155.2891, 12533452
Neighbor, 527.4865, 342.9552, -155.2891, 12533452
Neighbor, 527.4865, 342.9552, -155.2891, 12533452
Neighbor, 527.4865, 342.9552, -155.2891, 12533452
Neighbor, 527.4848, 342.9292, -153.1282, 12533505
Neighbor, 527.4848, 342.9292, -153.1282, 12533505
Neighbor, 527.4848, 342.9292, -153.1282, 12533505
Neighbor, 527.5310, 342.8885, -142.2953, 12533693
Neighbor, 527.5310, 342.8885, -142.2953, 12533693
Neighbor, 527.5310, 342.8885, -142.2953, 12533693
Neighbor, 527.5310, 342.8885, -142.2953, 12533693
Neighbor, 527.6601, 342.8618, -122.2893, 12534049
Neighbor, 527.6601, 342.8618, -122.2893, 12534049
Neighbor, 527.6601, 342.8618, -122.2893, 12534049
Neighbor, 527.6601, 342.8618, -122.2893, 12534049
Neighbor, 527.7822, 342.7670, -114.7257, 12534162
Neighbor, 527.7822, 342.7670, -114.7257, 12534162
Neighbor, 527.7822, 342.7670, -114.7257, 12534162
Neighbor, 527.7822, 342.7670, -114.7257, 12534162
Neighbor, 527.7822, 342.7670, -114.7257, 12534162
Neighbor, 527.8361, 342.7887, -100.8909, 12534389
Neighbor, 527.8361, 342.7887, -100.8909, 12534389
Neighbor, 527.8361, 342.7887, -100.8909, 12534389
Neighbor, 527.8024, 342.6791, -86.6191, 12534629
Neighbor, 527.8024, 342.6791, -86.6191, 12534629
Neighbor, 527.8024, 342.6791, -86.6191, 12534629
Neighbor, 527.8024, 342.6791, -86.6191, 12534629
Neighbor, 527.6726, 342.6305, -82.0482, 12534710
Neighbor, 527.6726, 342.6305, -82.0482, 12534710
Neighbor, 527.6726, 342.6305, -82.0482, 12534710
Neighbor, 527.6726, 342.6305, -82.0482, 12534710
Neighbor, 527.6742, 342.6233, -66.4913, 12534979
Neighbor, 527.6742, 342.6233, -66.4913, 12534979
Neighbor, 527.6742, 342.6233, -66.4913, 12534979
Neighbor, 527.6742, 342.6233, -66.4913, 12534979
Neighbor, 527.6314, 342.6269, -56.1373, 12535138
Neighbor, 527.6314, 342.6269, -56.1373, 12535138
Neighbor, 527.6314, 342.6269, -56.1373, 12535138
Neighbor, 527.6314, 342.6269, -56.1373, 12535138
Neighbor, 523.8279, 337.0050, -47.6373, 12535360
Neighbor, 523.8279, 337.0050, -47.6373, 12535360
Neighbor, 523.8279, 337.0050, -47.6373, 12535360
Neighbor, 523.8279, 337.0050, -47.6373, 12535360
Neighbor, 518.2822, 328.9315, -47.6506, 12535552
Neighbor, 518.2822, 328.9315, -47.6506, 12535552
Neighbor, 518.2822, 328.9315, -47.6506, 12535552
Neighbor, 518.2822, 328.9315, -47.6506, 12535552
Neighbor, 510.0271, 316.6183, -47.5411, 12535793
Neighbor, 510.0271, 316.6183, -47.5411, 12535793
Neighbor, 510.0271, 316.6183, -47.5411, 12535793
Neighbor, 510.0271, 316.6183, -47.5411, 12535793
Neighbor, 507.2732, 312.6427, -47.4311, 12535943
Neighbor, 507.2732, 312.6427, -47.4311, 12535943
Neighbor, 507.2732, 312.6427, -47.4311, 12535943
Neighbor, 498.3994, 299.6904, -47.7878, 12536208
Neighbor, 498.3994, 299.6904, -47.7878, 12536208
Neighbor, 498.3994, 299.6904, -47.7878, 12536208
Neighbor, 498.3994, 299.6904, -47.7878, 12536208
Neighbor, 493.4029, 292.3683, -47.7941, 12536396
Neighbor, 493.4029, 292.3683, -47.7941, 12536396
Neighbor, 493.4029, 292.3683, -47.7941, 12536396
Neighbor, 493.4029, 292.3683, -47.7941, 12536396
Neighbor, 485.4954, 280.8047, -47.6392, 12536648
Neighbor, 485.4954, 280.8047, -47.6392, 12536648
Neighbor, 485.4954, 280.8047, -47.6392, 12536648
Neighbor, 485.4954, 280.8047, -47.6392, 12536648
Neighbor, 479.7468, 272.6941, -48.1255, 12536829
Neighbor, 479.7468, 272.6941, -48.1255, 12536829
Neighbor, 479.7468, 272.6941, -48.1255, 12536829
Neighbor, 479.7468, 272.6941, -48.1255, 12536829
Neighbor, 475.9290, 266.9908, -47.7432, 12536968
Neighbor, 475.9290, 266.9908, -47.7432, 12536968
Neighbor, 475.9290, 266.9908, -47.7432, 12536968
Neighbor, 475.9290, 266.9908, -47.7432, 12536968
Neighbor, 474.1888, 264.5017, -47.7998, 12537027
Neighbor, 474.1888, 264.5017, -47.7998, 12537027
Neighbor, 474.1888, 264.5017, -47.7998, 12537027
Neighbor, 474.1888, 264.5017, -47.7998, 12537027
Neighbor, 463.1405, 248.3550, -48.0372, 12537380
Neighbor, 463.1405, 248.3550, -48.0372, 12537380
Neighbor, 463.1405, 248.3550, -48.0372, 12537380
Neighbor, 457.0188, 239.3511, -48.1905, 12537614
Neighbor, 457.0188, 239.3511, -48.1905, 12537614
Neighbor, 457.0188, 239.3511, -48.1905, 12537614
Neighbor, 457.0188, 239.3511, -48.1905, 12537614
Neighbor, 457.0188, 239.3511, -48.1905, 12537614
Neighbor, 455.3582, 237.0076, -47.5641, 12537668
Neighbor, 455.3582, 237.0076, -47.5641, 12537668
Neighbor, 455.3582, 237.0076, -47.5641, 12537668
Neighbor, 455.3582, 237.0076, -47.5641, 12537668
Neighbor, 445.5694, 222.4550, -48.0748, 12537997
Neighbor, 445.5694, 222.4550, -48.0748, 12537997
Neighbor, 445.5694, 222.4550, -48.0748, 12537997
Neighbor, 445.5694, 222.4550, -48.0748, 12537997
Neighbor, 445.5694, 222.4550, -48.0748, 12537997
Neighbor, 445.5694, 222.4550, -48.0748, 12537997
Neighbor, 445.5694, 222.4550, -48.0748, 12537997
Neighbor, 434.8978, 206.8964, -48.1098, 12538384
Neighbor, 434.8978, 206.8964, -48.1098, 12538384
Neighbor, 434.8978, 206.8964, -48.1098, 12538384
Neighbor, 434.8978, 206.8964, -48.1098, 12538384
Neighbor, 427.8079, 196.3493, -47.9580, 12538633
Neighbor, 427.8079, 196.3493, -47.9580, 12538633
Neighbor, 427.8079, 196.3493, -47.9580, 12538633
Neighbor, 427.8079, 196.3493, -47.9580, 12538633
Neighbor, 420.1668, 185.1195, -48.1872, 12538849
Neighbor, 420.1668, 185.1195, -48.1872, 12538849
Neighbor, 420.1668, 185.1195, -48.1872, 12538849
Neighbor, 420.1668, 185.1195, -48.1872, 12538849
Neighbor, 415.6830, 178.4124, -48.4073, 12539019
Neighbor, 415.6830, 178.4124, -48.4073, 12539019
Neighbor, 415.6830, 178.4124, -48.4073, 12539019
Neighbor, 410.9128, 171.0810, -48.4388, 12539192
Neighbor, 410.9128, 171.0810, -48.4388, 12539192
Neighbor, 410.9128, 171.0810, -48.4388, 12539192
Neighbor, 410.9128, 171.0810, -48.4388, 12539192
Neighbor, 410.9128, 171.0810, -48.4388, 12539192
Neighbor, 404.8988, 162.2354, -48.6002, 12539361
Neighbor, 404.8988, 162.2354, -48.6002, 12539361
Neighbor, 404.8988, 162.2354, -48.6002, 12539361
Neighbor, 404.8988, 162.2354, -48.6002, 12539361
Neighbor, 400.0534, 154.9400, -48.8817, 12539572
Neighbor, 400.0534, 154.9400, -48.8817, 12539572
Neighbor, 400.0534, 154.9400, -48.8817, 12539572
Neighbor, 400.0534, 154.9400, -48.8817, 12539572
Neighbor, 395.2010, 147.5346, -48.6171, 12539728
Neighbor, 395.2010, 147.5346, -48.6171, 12539728
Neighbor, 395.2010, 147.5346, -48.6171, 12539728
Neighbor, 395.2010, 147.5346, -48.6171, 12539728
Neighbor, 386.4618, 134.4970, -48.7224, 12540008
Neighbor, 386.4618, 134.4970, -48.7224, 12540008
Neighbor, 386.4618, 134.4970, -48.7224, 12540008
Neighbor, 381.1225, 126.5718, -48.5212, 12540217
Neighbor, 381.1225, 126.5718, -48.5212, 12540217
Neighbor, 381.1225, 126.5718, -48.5212, 12540217
Neighbor, 381.1225, 126.5718, -48.5212, 12540217
Neighbor, 374.2762, 115.9441, -48.1526, 12540438
Neighbor, 374.2762, 115.9441, -48.1526, 12540438
Neighbor, 374.2762, 115.9441, -48.1526, 12540438
Neighbor, 374.2762, 115.9441, -48.1526, 12540438
Neighbor, 369.8122, 109.3426, -48.6407, 12540607
Neighbor, 369.8122, 109.3426, -48.6407, 12540607
Neighbor, 369.8122, 109.3426, -48.6407, 12540607
Neighbor, 369.8122, 109.3426, -48.6407, 12540607
Neighbor, 362.8552, 98.9272, -48.5755, 12540882
Neighbor, 362.8552, 98.9272, -48.5755, 12540882
Neighbor, 362.8552, 98.9272, -48.5755, 12540882
Neighbor, 360.2312, 95.2109, -49.2919, 12541042
Neighbor, 360.2312, 95.2109, -49.2919, 12541042
Neighbor, 360.2312, 95.2109, -49.2919, 12541042
Neighbor, 360.2312, 95.2109, -49.2919, 12541042
Neighbor, 360.4320, 95.5707, -44.1079, 12541253
Neighbor, 360.4320, 95.5707, -44.1079, 12541253
Neighbor, 360.4320, 95.5707, -44.1079, 12541253
Neighbor, 360.4320, 95.5707, -44.1079, 12541253
Neighbor, 360.3115, 95.5862, -35.1518, 12541401
Neighbor, 360.3115, 95.5862, -35.1518, 12541401
Neighbor, 360.3115, 95.5862, -35.1518, 12541401
Neighbor, 360.3115, 95.5862, -35.1518, 12541401
Neighbor, 360.2407, 95.5061, -24.9358, 12541599
Neighbor, 360.2407, 95.5061, -24.9358, 12541599
Neighbor, 360.2407, 95.5061, -24.9358, 12541599
Neighbor, 360.2407, 95.5061, -24.9358, 12541599
Neighbor, 360.2545, 95.4874, -8.8153, 12541859
Neighbor, 360.2545, 95.4874, -8.8153, 12541859
Neighbor, 360.2545, 95.4874, -8.8153, 12541859
Neighbor, 360.2545, 95.4874, -8.8153, 12541859
