477, -20, 6239, 451.0489, 213.0341, 173.4639, 3834619
484, -20, 6240, 451.0489, 213.0341, 173.4639, 3834619
492, -21, 6241, 451.0489, 213.0341, 173.4639, 3834619
507, -21, 6241, 462.5680, 214.1902, 173.8397, 3834831
514, -22, 6239, 462.5680, 214.1902, 173.8397, 3834831
522, -22, 6240, 462.5680, 214.1902, 173.8397, 3834831
530, -22, 6240, 472.2386, 215.2462, 173.8813, 3835012
537, -23, 6241, 472.2386, 215.2462, 173.8813, 3835012
552, -23, 6240, 472.2386, 215.2462, 173.8813, 3835012
560, -24, 6240, 481.0622, 216.3255, 173.6047, 3835183
567, -24, 6241, 481.0622, 216.3255, 173.6047, 3835183
575, -24, 6239, 481.0622, 216.3255, 173.6047, 3835183
583, -25, 6240, 481.0622, 216.3255, 173.6047, 3835183
598, -25, 6242, 494.4935, 217.6505, 173.5721, 3835481
605, -26, 6240, 494.4935, 217.6505, 173.5721, 3835481
613, -26, 6240, 494.4935, 217.6505, 173.5721, 3835481
620, -26, 6240, 503.3276, 218.7227, 173.5946, 3835619
628, -27, 6240, 503.3276, 218.7227, 173.5946, 3835619
636, -27, 6241, -2749, 774, 818, 0, 0, 503.3276, 218.7227, 173.5946, 3835619
643, -27, 6239, 503.3276, 218.7227, 173.5946, 3835619
651, -28, 6239, 512.8384, 219.9661, 173.8359, 3835816
658, -28, 6241, 512.8384, 219.9661, 173.8359, 3835816
666, -28, 6240, 512.8384, 219.9661, 173.8359, 3835816
673, -29, 6241, 512.8384, 219.9661, 173.8359, 3835816
688, -29, 6239, 525.1519, 221.1543, 173.2705, 3836053
696, -30, 6241, 525.1519, 221.1543, 173.2705, 3836053
704, -30, 6240, 525.1519, 221.1543, 173.2705, 3836053
711, -30, 6241, 525.1519, 221.1543, 173.2705, 3836053
719, -30, 6240, 531.7895, 222.0156, 173.1125, 3836214
742, -31, 6238, 543.1024, 223.4073, 173.4828, 3836415
749, -32, 6239, 543.1024, 223.4073, 173.4828, 3836415
757, -32, 6241, 543.1024, 223.4073, 173.4828, 3836415
764, -32, 6240, 543.1024, 223.4073, 173.4828, 3836415
779, -33, 6246, 558.1313, 225.0957, 173.1896, 3836710
786, -33, 6250, 558.1313, 225.0957, 173.1896, 3836710
792, -33, 23, 565.7472, 225.8508, 172.9301, 3836860
791, -33, 83, 565.7472, 225.8508, 172.9301, 3836860
791, -33, 191, 565.7472, 225.8508, 172.9301, 3836860
791, -33, 243, 565.9162, 225.6966, 172.4904, 3837065
791, -33, 294, 565.9162, 225.6966, 172.4904, 3837065
791, -33, 347, 565.9162, 225.6966, 172.4904, 3837065
791, -33, 395, 565.9162, 225.6966, 172.4904, 3837065
791, -33, 550, 565.5840, 225.6683, -178.9759, 3837238
791, -33, 600, 565.5712, 225.6451, -164.4324, 3837487
791, -33, 651, 565.5712, 225.6451, -164.4324, 3837487
791, -33, 701, 565.5712, 225.6451, -164.4324, 3837487
791, -33, 856, 565.5712, 225.6451, -164.4324, 3837487
791, -33, 905, 565.5635, 225.7056, -152.6118, 3837696
791, -33, 957, 565.5635, 225.7056, -152.6118, 3837696
791, -33, 1007, 565.5635, 225.7056, -152.6118, 3837696
791, -33, 1158, 565.5002, 225.6828, -141.4646, 3837898
791, -33, 1209, 565.5002, 225.6828, -141.4646, 3837898
791, -33, 1259, 565.5002, 225.6828, -141.4646, 3837898
791, -33, 1310, 565.4062, 225.7277, -126.9022, 3838110
791, -33, 1462, 565.4062, 225.7277, -126.9022, 3838110
791, -33, 1513, 565.3633, 225.7018, -119.2533, 3838259
791, -33, 1564, 565.3633, 225.7018, -119.2533, 3838259
791, -33, 1616, 565.3633, 225.7018, -119.2533, 3838259
791, -33, 1768, 565.2315, 225.8582, -104.5544, 3838502
791, -33, 1818, 565.2315, 225.8582, -104.5544, 3838502
791, -33, 1869, 565.2315, 225.8582, -104.5544, 3838502
791, -33, 1920, 565.1942, 225.9117, -88.4342, 3838776
791, -33, 2021, 565.1942, 225.9117, -88.4342, 3838776
791, -33, 2072, 565.1942, 225.9117, -88.4342, 3838776
791, -33, 2123, 565.1266, 225.9295, -83.9563, 3838857
791, -33, 2174, 565.1266, 225.9295, -83.9563, 3838857
791, -33, 2224, 565.1266, 225.9295, -83.9563, 3838857
791, -33, 2325, 565.1295, 225.8699, -68.5841, 3839101
791, -33, 2376, 565.1295, 225.8699, -68.5841, 3839101
791, -33, 2429, 565.1295, 225.8699, -68.5841, 3839101
791, -33, 2480, 565.1295, 225.8699, -68.5841, 3839101
791, -33, 2532, 565.1943, 226.0004, -56.2375, 3839313
791, -33, 2632, 565.1943, 226.0004, -56.2375, 3839313
791, -33, 2683, 565.0429, 226.0742, -44.2917, 3839506
791, -33, 2733, 565.0429, 226.0742, -44.2917, 3839506
791, -33, 2783, 565.0429, 226.0742, -44.2917, 3839506
790, -33, 2834, 565.0429, 226.0742, -44.2917, 3839506
781, -30, 2824, 564.9532, 226.1465, -33.8474, 3839720
776, -29, 2795, 564.9532, 226.1465, -33.8474, 3839720
772, -27, 2771, 564.9532, 226.1465, -33.8474, 3839720
767, -25, 2744, 564.9532, 226.1465, -33.8474, 3839720
762, -23, 2720, 563.3937, 225.3623, -24.2647, 3839906
753, -19, 2671, 563.3937, 225.3623, -24.2647, 3839906
749, -16, 2645, 563.3937, 225.3623, -24.2647, 3839906
744, -14, 2622, 558.3538, 222.8055, -28.7668, 3840066
740, -11, 2596, 558.3538, 222.8055, -28.7668, 3840066
736, -8, 2574, 558.3538, 222.8055, -28.7668, 3840066
727, -3, 2523, 552.3719, 219.0857, -34.6886, 3840279
723, 0, 2500, 552.3719, 219.0857, -34.6886, 3840279
719, 2, 2475, 552.3719, 219.0857, -34.6886, 3840279
715, 5, 2451, 552.3719, 219.0857, -34.6886, 3840279
712, 9, 2427, 552.3719, 219.0857, -34.6886, 3840279
701, 19, 2352, 547.7323, 215.6951, -38.9066, 3840465
697, 23, 2328, 547.7323, 215.6951, -38.9066, 3840465
694, 26, 2305, 542.0086, 210.3725, -44.8337, 3840680
690, 30, 2279, 542.0086, 210.3725, -44.8337, 3840680
684, 38, 2231, 537.0837, 204.5295, -50.9124, 3840889
681, 42, 2207, 537.0837, 204.5295, -50.9124, 3840889
678, 46, 2181, 537.0837, 204.5295, -50.9124, 3840889
675, 50, 2158, 537.0837, 204.5295, -50.9124, 3840889
672, 54, 2134, 537.0837, 204.5295, -50.9124, 3840889
667, 63, 2084, 532.5731, 198.0599, -56.8783, 3841147
665, 68, 2060, 532.5731, 198.0599, -56.8783, 3841147
662, 72, 2034, 532.5731, 198.0599, -56.8783, 3841147
660, 76, 2011, 529.3299, 192.3957, -62.1843, 3841314
658, 81, 1986, 529.3299, 192.3957, -62.1843, 3841314
654, 90, 1937, 526.4429, 185.9741, -68.2059, 3841524
653, 95, 1913, 526.4429, 185.9741, -68.2059, 3841524
651, 100, 1889, 526.4429, 185.9741, -68.2059, 3841524
649, 105, 1864, 526.4429, 185.9741, -68.2059, 3841524
648, 110, 1839, 526.4429, 185.9741, -68.2059, 3841524
645, 119, 1791, 524.7504, 181.2088, -72.2572, 3841657
644, 124, 1765, 524.7504, 181.2088, -72.2572, 3841657
644, 129, 1741, 522.6463, 172.8018, -78.8557, 3841913
643, 134, 1718, 522.6463, 172.8018, -78.8557, 3841913
642, 139, 1692, 522.6463, 172.8018, -78.8557, 3841913
641, 149, 1643, 521.7395, 167.1663, -83.8961, 3842090
641, 154, 1619, 521.7395, 167.1663, -83.8961, 3842090
641, 159, 1595, 521.7395, 167.1663, -83.8961, 3842090
641, 164, 1571, 521.7395, 167.1663, -83.8961, 3842090
641, 169, 1547, 521.7395, 167.1663, -83.8961, 3842090
641, 180, 1497, 521.4524, 159.4291, -90.0290, 3842333
642, 185, 1473, 521.4524, 159.4291, -90.0290, 3842333
642, 190, 1447, 521.9389, 151.8591, -96.8585, 3842530
643, 195, 1423, 521.9389, 151.8591, -96.8585, 3842530
644, 200, 1400, 521.9389, 151.8591, -96.8585, 3842530
647, 214, 1325, 522.9617, 145.5946, -102.9753, 3842729
648, 219, 1302, 522.9617, 145.5946, -102.9753, 3842729
649, 224, 1276, 522.9617, 145.5946, -102.9753, 3842729
651, 229, 1252, 524.0629, 140.7497, -107.0916, 3842892
654, 239, 1246, 524.0629, 140.7497, -107.0916, 3842892
654, 239, 1306, 524.0629, 140.7497, -107.0916, 3842892
654, 239, 1364, 526.6382, 133.5512, -113.7194, 3843099
654, 239, 1418, 526.6382, 133.5512, -113.7194, 3843099
654, 239, 1574, 527.3855, 131.7889, -115.3745, 3843178
654, 239, 1625, 527.3855, 131.7889, -115.3745, 3843178
654, 239, 1675, 527.3855, 131.7889, -115.3745, 3843178
654, 239, 1726, 527.1955, 132.0282, -104.2464, 3843488
654, 239, 1879, 527.1955, 132.0282, -104.2464, 3843488
654, 239, 1931, 527.1955, 132.0282, -104.2464, 3843488
654, 239, 1981, 527.1793, 132.0126, -91.8973, 3843701
654, 239, 2032, 527.1793, 132.0126, -91.8973, 3843701
654, 239, 2183, 527.2183, 132.1039, -77.7180, 3843922
654, 239, 2234, 527.2183, 132.1039, -77.7180, 3843922
654, 239, 2285, 527.2183, 132.1039, -77.7180, 3843922
654, 239, 2337, 527.2183, 132.1039, -77.7180, 3843922
654, 239, 2438, 527.2243, 132.0816, -67.9590, 3844101
654, 239, 2490, 527.2243, 132.0816, -67.9590, 3844101
654, 239, 2541, 527.2243, 132.0816, -67.9590, 3844101
654, 239, 2591, 527.3114, 132.2549, -52.5810, 3844355
654, 239, 2641, 527.3114, 132.2549, -52.5810, 3844355
654, 239, 2742, 527.3114, 132.2549, -52.5810, 3844355
654, 239, 2793, 527.2270, 132.1794, -43.1185, 3844516
654, 239, 2843, 527.2270, 132.1794, -43.1185, 3844516
654, 239, 2894, 527.2270, 132.1794, -43.1185, 3844516
654, 239, 2944, 527.2270, 132.1794, -43.1185, 3844516
654, 239, 3048, 527.3178, 132.4132, -30.4418, 3844741
654, 239, 3097, 527.3178, 132.4132, -30.4418, 3844741
654, 239, 3149, 527.3178, 132.4132, -30.4418, 3844741
654, 239, 3199, 527.4558, 132.4955, -19.9961, 3844941
654, 239, 3250, 527.4558, 132.4955, -19.9961, 3844941
654, 239, 3351, 527.4558, 132.4955, -19.9961, 3844941
654, 239, 3401, 527.5741, 132.5802, -9.9839, 3845102
654, 239, 3452, 527.5741, 132.5802, -9.9839, 3845102
654, 239, 3505, 527.5741, 132.5802, -9.9839, 3845102
654, 239, 3556, 527.5741, 132.5802, -9.9839, 3845102
654, 239, 3656, 527.4256, 132.5978, -6.1911, 3845205
654, 239, 3708, 527.4256, 132.5978, -6.1911, 3845205
654, 239, 3756, 527.4256, 132.5978, -6.1911, 3845205
654, 239, 3808, 527.4697, 132.7855, 13.2838, 3845489
654, 239, 3859, 527.4697, 132.7855, 13.2838, 3845489
654, 239, 3961, 527.6630, 132.8921, 27.5773, 3845752
654, 239, 4011, 527.6630, 132.8921, 27.5773, 3845752
654, 239, 4063, 527.6630, 132.8921, 27.5773, 3845752
654, 239, 4114, 527.6630, 132.8921, 27.5773, 3845752
654, 239, 4167, 527.7182, 132.9272, 36.2712, 3845905
654, 239, 4317, 527.7182, 132.9272, 36.2712, 3845905
654, 239, 4368, 527.7182, 132.9272, 36.2712, 3845905
654, 239, 4419, 527.8549, 132.9182, 51.9820, 3846152
654, 237, 4464, 527.8549, 132.9182, 51.9820, 3846152
650, 217, 4528, 527.9498, 132.7651, 60.5760, 3846317
648, 210, 4526, 527.9498, 132.7651, 60.5760, 3846317
647, 202, 4526, 527.9498, 132.7651, 60.5760, 3846317
646, 195, 4526, 527.5708, 133.8163, 72.0390, 3846471
641, 173, 4528, 527.5708, 133.8163, 72.0390, 3846471
640, 165, 4526, 527.5708, 133.8163, 72.0390, 3846471
639, 158, 4527, 524.6197, 145.7356, 74.8023, 3846753
637, 150, 4527, 524.6197, 145.7356, 74.8023, 3846753
633, 128, 4526, 522.5440, 153.2573, 75.0734, 3846885
632, 120, 4526, 522.5440, 153.2573, 75.0734, 3846885
630, 113, 4526, 522.5440, 153.2573, 75.0734, 3846885
629, 106, 4526, 519.2443, 166.3664, 75.1272, 3847142
624, 83, 4526, 519.2443, 166.3664, 75.1272, 3847142
623, 76, 4526, 519.2443, 166.3664, 75.1272, 3847142
622, 68, 4526, 516.9826, 175.6036, 74.7293, 3847358
620, 61, 4526, 516.9826, 175.6036, 74.7293, 3847358
618, 46, 4526, 516.9826, 175.6036, 74.7293, 3847358
616, 39, 4528, 514.0056, 186.7159, 74.6463, 3847561
615, 31, 4526, 514.0056, 186.7159, 74.6463, 3847561
613, 24, 4526, 514.0056, 186.7159, 74.6463, 3847561
612, 16, 4526, 514.0056, 186.7159, 74.6463, 3847561
609, 1, 4526, 511.5649, 196.1242, 74.5918, 3847752
608, -5, 4526, 511.5649, 196.1242, 74.5918, 3847752
606, -13, 4526, 511.5649, 196.1242, 74.5918, 3847752
605, -20, 4526, 509.1136, 205.4925, 74.4376, 3847937
604, -27, 4526, 509.1136, 205.4925, 74.4376, 3847937
601, -42, 4526, 509.1136, 205.4925, 74.4376, 3847937
599, -50, 4526, 506.3468, 216.4322, 74.1102, 3848162
598, -57, 4526, 506.3468, 216.4322, 74.1102, 3848162
597, -65, 4527, 506.3468, 216.4322, 74.1102, 3848162
595, -72, 4526, 506.3468, 216.4322, 74.1102, 3848162
594, -79, 4527, -1178, 774, 774, 0, 0, 504.8954, 222.1573, 74.5059, 3848300
592, -87, 4527, 504.8954, 222.1573, 74.5059, 3848300
591, -94, 4526, 504.8954, 222.1573, 74.5059, 3848300
590, -102, 4526, 504.8954, 222.1573, 74.5059, 3848300
588, -109, 4526, 502.0823, 232.6460, 74.4671, 3848523
587, -117, 4528, 502.0823, 232.6460, 74.4671, 3848523
584, -132, 4527, 502.0823, 232.6460, 74.4671, 3848523
583, -139, 4526, 502.0823, 232.6460, 74.4671, 3848523
581, -147, 4526, 502.0823, 232.6460, 74.4671, 3848523
580, -154, 4527, 502.0823, 232.6460, 74.4671, 3848523
578, -161, 4529, 502.0823, 232.6460, 74.4671, 3848523
576, -176, 4526, 496.2825, 253.8484, 74.8988, 3848914
574, -184, 4528, 496.2825, 253.8484, 74.8988, 3848914
573, -191, 4527, 496.2825, 253.8484, 74.8988, 3848914
571, -199, 4526, 493.1991, 265.2532, 74.4930, 3849144
570, -206, 4526, 493.1991, 265.2532, 74.4930, 3849144
567, -221, 4528, 493.1991, 265.2532, 74.4930, 3849144
566, -228, 4526, 490.6879, 274.6015, 73.8996, 3849348
564, -236, 4527, 490.6879, 274.6015, 73.8996, 3849348
563, -243, 4528, 490.6879, 274.6015, 73.8996, 3849348
562, -251, 4525, 490.6879, 274.6015, 73.8996, 3849348
559, -266, 4526, 487.5877, 285.9304, 73.8780, 3849553
557, -273, 4526, 487.5877, 285.9304, 73.8780, 3849553
556, -280, 4526, 487.5877, 285.9304, 73.8780, 3849553
555, -288, 4527, 485.7569, 292.6440, 74.1206, 3849685
553, -295, 4527, 485.7569, 292.6440, 74.1206, 3849685
550, -310, 4526, 485.7569, 292.6440, 74.1206, 3849685
549, -318, 4526, 482.8895, 303.1466, 73.5792, 3849906
548, -325, 4526, 482.8895, 303.1466, 73.5792, 3849906
546, -333, 4526, 482.8895, 303.1466, 73.5792, 3849906
545, -340, 4527, 482.8895, 303.1466, 73.5792, 3849906
541, -362, 4526, 479.2195, 316.3273, 73.5909, 3850161
539, -370, 4526, 479.2195, 316.3273, 73.5909, 3850161
538, -377, 4527, 476.1606, 327.0624, 73.6520, 3850350
536, -385, 4526, 476.1606, 327.0624, 73.6520, 3850350
532, -407, 4527, 476.1606, 327.0624, 73.6520, 3850350
531, -415, 4527, 475.0453, 330.9758, 73.2472, 3850430
529, -422, 4527, 475.0453, 330.9758, 73.2472, 3850430
528, -429, 4526, 475.0453, 330.9758, 73.2472, 3850430
524, -452, 4526, 470.6712, 346.1593, 73.3723, 3850744
522, -459, 4526, 470.6712, 346.1593, 73.3723, 3850744
521, -467, 4527, 470.6712, 346.1593, 73.3723, 3850744
520, -474, 4524, 467.9360, 355.4382, 73.6123, 3850926
517, -486, 4434, 467.9360, 355.4382, 73.6123, 3850926
517, -485, 4368, 464.2046, 367.9064, 73.2044, 3851162
518, -484, 4307, 464.2046, 367.9064, 73.2044, 3851162
518, -485, 4255, 464.2046, 367.9064, 73.2044, 3851162
517, -485, 4208, -1646, 0, 493, 0, 0, 464.2046, 367.9064, 73.2044, 3851162
517, -485, 4157, 462.1830, 369.8949, 78.9363, 3851369
518, -484, 4105, 462.1830, 369.8949, 78.9363, 3851369
518, -485, 4050, 462.1830, 369.8949, 78.9363, 3851369
518, -485, 4000, 462.0585, 369.1920, 71.5136, 3851555
517, -485, 3950, 462.0585, 369.1920, 71.5136, 3851555
518, -485, 3849, 462.0585, 369.1920, 71.5136, 3851555
517, -485, 3798, 461.9791, 369.1634, 57.0150, 3851770
517, -485, 3749, 461.9791, 369.1634, 57.0150, 3851770
517, -485, 3695, 461.9791, 369.1634, 57.0150, 3851770
517, -485, 3646, 461.9791, 369.1634, 57.0150, 3851770
517, -485, 3493, 461.8281, 369.1944, 44.9375, 3852024
517, -485, 3443, 461.8281, 369.1944, 44.9375, 3852024
517, -485, 3391, 461.8490, 369.1921, 40.8449, 3852077
517, -485, 3342, 461.8490, 369.1921, 40.8449, 3852077
517, -485, 3188, 461.8490, 369.1921, 40.8449, 3852077
517, -485, 3138, 461.8432, 369.1849, 23.3038, 3852369
517, -485, 3086, 461.8432, 369.1849, 23.3038, 3852369
517, -485, 3036, 461.8432, 369.1849, 23.3038, 3852369
517, -485, 2884, 461.7524, 369.1387, 8.8495, 3852603
517, -485, 2833, 461.7524, 369.1387, 8.8495, 3852603
517, -485, 2783, 461.7524, 369.1387, 8.8495, 3852603
517, -485, 2732, 461.6483, 369.0974, -1.0045, 3852757
517, -485, 2580, 461.6483, 369.0974, -1.0045, 3852757
517, -485, 2478, 461.5499, 369.0197, -12.1841, 3852984
517, -485, 2426, 461.5499, 369.0197, -12.1841, 3852984
517, -485, 2326, 461.5472, 369.0141, -23.1662, 3853149
517, -485, 2276, 461.5472, 369.0141, -23.1662, 3853149
517, -485, 2223, 461.5472, 369.0141, -23.1662, 3853149
517, -485, 2175, 461.5472, 369.0141, -23.1662, 3853149
517, -485, 2123, 461.5125, 368.9300, -37.4303, 3853384
517, -485, 2020, 461.5125, 368.9300, -37.4303, 3853384
517, -485, 1969, 461.5125, 368.9300, -37.4303, 3853384
517, -485, 1919, 461.5120, 368.8142, -48.1529, 3853567
517, -485, 1868, 461.5120, 368.8142, -48.1529, 3853567
517, -485, 1818, 461.5120, 368.8142, -48.1529, 3853567
517, -485, 1716, 461.5269, 368.7195, -59.5443, 3853761
517, -485, 1666, 461.5269, 368.7195, -59.5443, 3853761
517, -484, 1613, 461.5269, 368.7195, -59.5443, 3853761
517, -480, 1608, 461.5269, 368.7195, -59.5443, 3853761
517, -475, 1621, 461.5586, 368.6626, -63.7685, 3853855
517, -469, 1649, 1053, 0, 558, 0, 0, 461.5586, 368.6626, -63.7685, 3853855
516, -464, 1675, 461.5586, 368.6626, -63.7685, 3853855
516, -459, 1697, 461.5586, 368.6626, -63.7685, 3853855
515, -454, 1723, 461.6952, 367.9448, -83.5599, 3854194
514, -449, 1748, 461.6952, 367.9448, -83.5599, 3854194
513, -444, 1772, 461.6952, 367.9448, -83.5599, 3854194
511, -435, 1822, 460.6900, 361.5569, -80.2449, 3854363
510, -430, 1846, 460.6900, 361.5569, -80.2449, 3854363
508, -425, 1871, 460.6900, 361.5569, -80.2449, 3854363
507, -420, 1894, 460.6900, 361.5569, -80.2449, 3854363
505, -415, 1920, 459.3257, 355.0656, -74.5782, 3854555
501, -406, 1969, 459.3257, 355.0656, -74.5782, 3854555
499, -401, 1994, 459.3257, 355.0656, -74.5782, 3854555
497, -397, 2019, 457.0415, 348.1376, -68.7684, 3854763
495, -392, 2040, 457.0415, 348.1376, -68.7684, 3854763
493, -388, 2068, 457.0415, 348.1376, -68.7684, 3854763
488, -379, 2116, 453.3257, 340.0430, -61.7396, 3855007
485, -375, 2141, 453.3257, 340.0430, -61.7396, 3855007
482, -371, 2165, 453.3257, 340.0430, -61.7396, 3855007
479, -366, 2189, 453.3257, 340.0430, -61.7396, 3855007
476, -362, 2213, 450.4088, 335.1399, -57.1717, 3855192
470, -354, 2262, 450.4088, 335.1399, -57.1717, 3855192
467, -351, 2288, 450.4088, 335.1399, -57.1717, 3855192
460, -343, 2334, 446.0129, 328.7280, -50.5174, 3855404
457, -339, 2360, 446.0129, 328.7280, -50.5174, 3855404
449, -333, 2410, 441.6522, 323.6865, -45.5615, 3855599
445, -329, 2435, 441.6522, 323.6865, -45.5615, 3855599
442, -326, 2458, 441.6522, 323.6865, -45.5615, 3855599
438, -323, 2481, 441.6522, 323.6865, -45.5615, 3855599
434, -320, 2506, 436.9603, 319.0147, -40.2845, 3855791
421, -311, 2581, 431.2288, 314.5555, -35.1390, 3856002
417, -309, 2606, 431.2288, 314.5555, -35.1390, 3856002
412, -306, 2630, 431.2288, 314.5555, -35.1390, 3856002
408, -304, 2654, 431.2288, 314.5555, -35.1390, 3856002
394, -297, 2727, 426.9918, 311.6628, -30.7708, 3856149
390, -295, 2752, 426.9918, 311.6628, -30.7708, 3856149
385, -293, 2777, 418.7676, 307.3453, -23.4466, 3856402
380, -292, 2801, 418.7676, 307.3453, -23.4466, 3856402
375, -290, 2824, 96, 0, 552, 0, 0, 418.7676, 307.3453, -23.4466, 3856402
371, -288, 2851, 418.7676, 307.3453, -23.4466, 3856402
366, -287, 2874, 418.7676, 307.3453, -23.4466, 3856402
361, -286, 2898, 414.4220, 305.5213, -19.5576, 3856552
356, -285, 2923, 414.4220, 305.5213, -19.5576, 3856552
351, -284, 2947, 414.4220, 305.5213, -19.5576, 3856552
341, -282, 2996, 408.2245, 303.4759, -14.7108, 3856726
336, -281, 3021, 408.2245, 303.4759, -14.7108, 3856726
331, -281, 3045, 408.2245, 303.4759, -14.7108, 3856726
326, -280, 3069, 408.2245, 303.4759, -14.7108, 3856726
321, -280, 3094, 400.6326, 302.0362, -8.6151, 3856960
311, -280, 3143, 400.6326, 302.0362, -8.6151, 3856960
306, -280, 3170, 400.6326, 302.0362, -8.6151, 3856960
301, -280, 3192, 391.4290, 301.1317, -1.2139, 3857222
296, -280, 3218, 391.4290, 301.1317, -1.2139, 3857222
291, -281, 3241, 391.4290, 301.1317, -1.2139, 3857222
276, -283, 3314, 386.2456, 301.1591, 3.0923, 3857376
271, -284, 3341, 386.2456, 301.1591, 3.0923, 3857376
267, -284, 3364, 386.2456, 301.1591, 3.0923, 3857376
266, -285, 3406, 383.5539, 301.3177, 5.0868, 3857459
267, -284, 3581, 383.5539, 301.3177, 5.0868, 3857459
267, -284, 3634, 383.5539, 301.3177, 5.0868, 3857459
267, -284, 3685, 373.9720, 303.5630, 10.8940, 3857774
267, -284, 3735, 373.9720, 303.5630, 10.8940, 3857774
267, -284, 3887, 374.2076, 303.6688, 16.6410, 3857965
267, -284, 3939, 374.2076, 303.6688, 16.6410, 3857965
267, -284, 3990, 374.2076, 303.6688, 16.6410, 3857965
267, -284, 4040, 374.3185, 303.7112, 30.2262, 3858164
267, -284, 4193, 374.3185, 303.7112, 30.2262, 3858164
267, -284, 4244, 374.3185, 303.7112, 30.2262, 3858164
267, -284, 4295, 374.4517, 303.7585, 42.7323, 3858423
267, -284, 4346, 374.4517, 303.7585, 42.7323, 3858423
267, -284, 4497, 374.5330, 303.7505, 54.9644, 3858618
267, -284, 4550, 374.5330, 303.7505, 54.9644, 3858618
267, -284, 4599, 374.5330, 303.7505, 54.9644, 3858618
267, -284, 4651, 374.5330, 303.7505, 54.9644, 3858618
267, -284, 4752, 374.6016, 303.8793, 65.9896, 3858786
267, -284, 4802, 374.6016, 303.8793, 65.9896, 3858786
267, -284, 4854, 374.7207, 303.6665, 77.5388, 3858980
267, -284, 4904, 374.7207, 303.6665, 77.5388, 3858980
267, -284, 4956, 374.7207, 303.6665, 77.5388, 3858980
267, -284, 5056, 374.7682, 303.6901, 89.9923, 3859197
267, -284, 5109, 374.7682, 303.6901, 89.9923, 3859197
267, -284, 5159, 374.7682, 303.6901, 89.9923, 3859197
267, -284, 5209, 374.7682, 303.6901, 89.9923, 3859197
267, -284, 5259, 374.7682, 303.6901, 89.9923, 3859197
267, -284, 5362, 374.8224, 303.5421, 101.4142, 3859383
267, -284, 5413, 374.8224, 303.5421, 101.4142, 3859383
267, -284, 5463, 374.8132, 303.4347, 113.6985, 3859585
267, -284, 5515, 374.8132, 303.4347, 113.6985, 3859585
267, -284, 5564, 374.8132, 303.4347, 113.6985, 3859585
267, -284, 5667, 374.8021, 303.2464, 122.8535, 3859729
267, -285, 5718, 374.8021, 303.2464, 122.8535, 3859729
267, -284, 5819, 374.8021, 303.2464, 122.8535, 3859729
268, -285, 5871, 374.7746, 303.1601, 138.2899, 3859991
279, -289, 5934, 374.7746, 303.1601, 138.2899, 3859991
286, -292, 5941, 374.7746, 303.1601, 138.2899, 3859991
293, -294, 5934, 374.7247, 303.0580, 152.8340, 3860237
301, -297, 5935, 374.7247, 303.0580, 152.8340, 3860237
308, -300, 5937, 374.7247, 303.0580, 152.8340, 3860237
329, -307, 5933, 380.1120, 305.3602, 159.5095, 3860386
336, -310, 5936, 380.1120, 305.3602, 159.5095, 3860386
343, -313, 5937, 380.1120, 305.3602, 159.5095, 3860386
350, -315, 5935, 387.8146, 308.2406, 159.1918, 3860543
357, -318, 5935, -2744, 0, 393, 0, 0, 387.8146, 308.2406, 159.1918, 3860543
365, -320, 5936, 387.8146, 308.2406, 159.1918, 3860543
372, -323, 5936, 387.8146, 308.2406, 159.1918, 3860543
379, -326, 5935, 387.8146, 308.2406, 159.1918, 3860543
386, -328, 5937, 401.7488, 313.6835, 158.2033, 3860848
393, -331, 5935, 401.7488, 313.6835, 158.2033, 3860848
414, -338, 5936, 412.6372, 318.0387, 158.8443, 3861068
421, -341, 5935, 412.6372, 318.0387, 158.8443, 3861068
429, -344, 5935, 412.6372, 318.0387, 158.8443, 3861068
436, -346, 5936, 412.6372, 318.0387, 158.8443, 3861068
443, -349, 5937, 3092, 0, 600, 0, 0, 422.9092, 321.9084, 159.2059, 3861243
450, -351, 5935, 422.9092, 321.9084, 159.2059, 3861243
457, -354, 5936, 422.9092, 321.9084, 159.2059, 3861243
464, -356, 5937, 422.9092, 321.9084, 159.2059, 3861243
471, -359, 5936, 431.3949, 325.3060, 158.8695, 3861415
479, -362, 5935, 431.3949, 325.3060, 158.8695, 3861415
493, -367, 5935, 431.3949, 325.3060, 158.8695, 3861415
500, -369, 5937, 441.1346, 329.2029, 159.0476, 3861630
507, -372, 5935, 441.1346, 329.2029, 159.0476, 3861630
514, -374, 5937, 441.1346, 329.2029, 159.0476, 3861630
521, -377, 5935, 441.1346, 329.2029, 159.0476, 3861630
535, -382, 5935, 451.2426, 333.2202, 158.9212, 3861835
543, -385, 5936, 451.2426, 333.2202, 158.9212, 3861835
550, -387, 5935, 451.2426, 333.2202, 158.9212, 3861835
557, -390, 5936, 459.5735, 336.4684, 158.8636, 3861999
564, -393, 5935, 459.5735, 336.4684, 158.8636, 3861999
578, -398, 5935, 469.5700, 340.1851, 158.6074, 3862208
585, -400, 5936, 469.5700, 340.1851, 158.6074, 3862208
592, -403, 5937, 469.5700, 340.1851, 158.6074, 3862208
600, -405, 5935, 469.5700, 340.1851, 158.6074, 3862208
607, -408, 5935, 469.5700, 340.1851, 158.6074, 3862208
621, -413, 5934, 480.5133, 344.4654, 159.0251, 3862440
628, -416, 5934, 480.5133, 344.4654, 159.0251, 3862440
635, -418, 5935, 490.7306, 348.3483, 158.7608, 3862668
642, -421, 5938, 490.7306, 348.3483, 158.7608, 3862668
648, -423, 5938, 490.7306, 348.3483, 158.7608, 3862668
655, -425, 5996, 498.8402, 351.4102, 158.4916, 3862814
654, -425, 6059, 498.8402, 351.4102, 158.4916, 3862814
654, -425, 6117, 498.8402, 351.4102, 158.4916, 3862814
654, -425, 6167, 498.8402, 351.4102, 158.4916, 3862814
654, -425, 6221, 504.9696, 353.5764, 155.9581, 3863006
654, -425, 88, 504.9696, 353.5764, 155.9581, 3863006
654, -425, 142, 504.9696, 353.5764, 155.9581, 3863006
654, -425, 192, 505.1942, 353.7998, 167.3705, 3863194
654, -425, 242, 505.1942, 353.7998, 167.3705, 3863194
654, -425, 393, 505.0243, 353.7495, -179.5941, 3863426
654, -425, 447, 505.0243, 353.7495, -179.5941, 3863426
654, -425, 497, 505.0243, 353.7495, -179.5941, 3863426
654, -425, 547, 505.0243, 353.7495, -179.5941, 3863426
654, -425, 700, 505.1760, 353.7404, -166.6195, 3863664
654, -425, 750, 505.1760, 353.7404, -166.6195, 3863664
654, -425, 801, 505.1626, 353.6674, -159.9294, 3863752
654, -425, 853, 505.1626, 353.6674, -159.9294, 3863752
654, -425, 955, 505.1626, 353.6674, -159.9294, 3863752
654, -425, 1005, 505.1253, 353.7168, -142.4029, 3864046
654, -425, 1056, 505.1253, 353.7168, -142.4029, 3864046
654, -425, 1106, 505.1253, 353.7168, -142.4029, 3864046
654, -425, 1158, 505.1253, 353.7168, -142.4029, 3864046
654, -425, 1260, 505.1430, 353.5662, -131.5453, 3864244
654, -425, 1310, 505.1430, 353.5662, -131.5453, 3864244
654, -425, 1361, 505.1430, 353.5662, -131.5453, 3864244
654, -425, 1413, 505.2976, 353.3512, -121.8723, 3864396
654, -425, 1467, 505.2976, 353.3512, -121.8723, 3864396
654, -425, 1516, 1526, 0, 419, 0, 0, 505.2976, 353.3512, -121.8723, 3864396
654, -425, 1565, 505.2976, 353.3512, -121.8723, 3864396
654, -425, 1615, 504.8825, 353.9450, -107.8595, 3864639
654, -425, 1666, 504.8825, 353.9450, -107.8595, 3864639
654, -425, 1718, 504.8825, 353.9450, -107.8595, 3864639
654, -425, 1769, 504.8825, 353.9450, -107.8595, 3864639
654, -425, 1920, 504.8474, 353.9591, -92.6535, 3864884
654, -425, 1971, 504.8474, 353.9591, -92.6535, 3864884
654, -425, 2021, 504.8189, 353.9390, -91.9886, 3864943
654, -425, 2073, 504.8189, 353.9390, -91.9886, 3864943
653, -424, 2125, 1200, 0, 722, 0, 0, 504.8189, 353.9390, -91.9886, 3864943
651, -421, 2130, 504.8189, 353.9390, -91.9886, 3864943
648, -416, 2116, 504.7645, 354.1777, -74.7867, 3865203
646, -412, 2087, 504.7645, 354.1777, -74.7867, 3865203
643, -408, 2062, 504.7645, 354.1777, -74.7867, 3865203
641, -403, 2037, 504.7645, 354.1777, -74.7867, 3865203
635, -389, 1963, 504.5987, 354.0912, -62.2597, 3865395
633, -385, 1939, 504.5987, 354.0912, -62.2597, 3865395
631, -380, 1916, 501.7501, 348.3377, -64.7888, 3865594
629, -375, 1891, 501.7501, 348.3377, -64.7888, 3865594
628, -370, 1866, 708, 0, 749, 0, 0, 501.7501, 348.3377, -64.7888, 3865594
627, -365, 1842, 501.7501, 348.3377, -64.7888, 3865594
625, -361, 1817, 499.0531, 341.8047, -70.5308, 3865809
624, -356, 1794, 499.0531, 341.8047, -70.5308, 3865809
623, -351, 1768, 499.0531, 341.8047, -70.5308, 3865809
622, -346, 1744, 499.0531, 341.8047, -70.5308, 3865809
621, -336, 1694, 497.0625, 334.3874, -76.9468, 3866040
620, -331, 1669, 497.0625, 334.3874, -76.9468, 3866040
620, -326, 1645, 497.0625, 334.3874, -76.9468, 3866040
619, -321, 1622, 495.7242, 325.3016, -84.2438, 3866303
619, -316, 1596, 495.7242, 325.3016, -84.2438, 3866303
619, -311, 1574, 1150, 0, 534, 0, 0, 495.7242, 325.3016, -84.2438, 3866303
619, -305, 1548, 495.7242, 325.3016, -84.2438, 3866303
619, -300, 1524, 495.7242, 325.3016, -84.2438, 3866303
620, -295, 1501, 495.4398, 321.2348, -88.0118, 3866420
620, -290, 1476, 495.4398, 321.2348, -88.0118, 3866420
621, -285, 1451, 495.4398, 321.2348, -88.0118, 3866420
621, -280, 1425, 1150, 0, 534, 0, 0, 495.4398, 321.2348, -88.0118, 3866420
622, -275, 1403, 495.5393, 312.6274, -94.9182, 3866631
624, -265, 1354, 495.5393, 312.6274, -94.9182, 3866631
625, -260, 1327, 496.5667, 305.2081, -100.6698, 3866866
626, -256, 1303, 496.5667, 305.2081, -100.6698, 3866866
631, -241, 1231, 496.5667, 305.2081, -100.6698, 3866866
633, -236, 1206, 497.9771, 298.9843, -105.6075, 3867041
634, -232, 1182, 497.9771, 298.9843, -105.6075, 3867041
636, -227, 1156, 497.9771, 298.9843, -105.6075, 3867041
639, -223, 1133, 1911, 0, 615, 0, 0, 500.2801, 291.9659, -111.4649, 3867255
641, -218, 1106, 500.2801, 291.9659, -111.4649, 3867255
643, -213, 1084, 500.2801, 291.9659, -111.4649, 3867255
645, -209, 1060, 500.2801, 291.9659, -111.4649, 3867255
648, -205, 1034, 503.3417, 284.7288, -118.3569, 3867470
651, -200, 1010, 503.3417, 284.7288, -118.3569, 3867470
656, -192, 962, 503.3417, 284.7288, -118.3569, 3867470
659, -188, 938, 506.4070, 279.1775, -123.6957, 3867670
662, -184, 912, 506.4070, 279.1775, -123.6957, 3867670
665, -180, 888, 506.4070, 279.1775, -123.6957, 3867670
668, -176, 863, 506.4070, 279.1775, -123.6957, 3867670
675, -169, 814, 510.5556, 273.4153, -129.2840, 3867851
679, -165, 789, 510.5556, 273.4153, -129.2840, 3867851
682, -161, 765, 510.5556, 273.4153, -129.2840, 3867851
686, -158, 741, 514.9244, 268.4485, -134.5972, 3868062
690, -155, 715, 514.9244, 268.4485, -134.5972, 3868062
702, -145, 644, 514.9244, 268.4485, -134.5972, 3868062
706, -142, 618, 520.5994, 263.0626, -140.8429, 3868276
710, -139, 594, 520.5994, 263.0626, -140.8429, 3868276
714, -136, 569, 520.5994, 263.0626, -140.8429, 3868276
727, -129, 496, 524.2277, 260.3162, -144.5955, 3868431
731, -126, 471, 524.2277, 260.3162, -144.5955, 3868431
736, -124, 447, 524.2277, 260.3162, -144.5955, 3868431
741, -122, 422, 530.1069, 256.4751, -150.7913, 3868622
745, -120, 398, 2721, 0, 773, 0, 0, 530.1069, 256.4751, -150.7913, 3868622
750, -118, 373, 530.1069, 256.4751, -150.7913, 3868622
755, -116, 350, 537.8443, 252.6701, -157.6072, 3868894
759, -115, 326, 537.8443, 252.6701, -157.6072, 3868894
764, -113, 300, 537.8443, 252.6701, -157.6072, 3868894
769, -112, 276, 537.8443, 252.6701, -157.6072, 3868894
779, -109, 227, 541.9172, 250.9724, -161.6426, 3869019
784, -108, 204, 541.9172, 250.9724, -161.6426, 3869019
789, -107, 178, 541.9172, 250.9724, -161.6426, 3869019
799, -106, 128, 551.3340, 248.6323, -169.3357, 3869279
807, -105, 112, 551.3340, 248.6323, -169.3357, 3869279
809, -104, 123, 558.2334, 247.6557, -175.6299, 3869492
809, -104, 189, 558.2334, 247.6557, -175.6299, 3869492
809, -104, 241, 558.2334, 247.6557, -175.6299, 3869492
809, -105, 294, 558.2334, 247.6557, -175.6299, 3869492
809, -105, 451, 559.7418, 247.3971, -176.8008, 3869626
809, -104, 500, 559.7418, 247.3971, -176.8008, 3869626
809, -105, 551, 559.3845, 247.1960, -167.8099, 3869867
809, -104, 602, 559.3845, 247.1960, -167.8099, 3869867
809, -104, 754, 559.3845, 247.1960, -167.8099, 3869867
809, -104, 805, 559.4161, 247.1346, -157.4474, 3870065
809, -104, 856, 559.4161, 247.1346, -157.4474, 3870065
809, -105, 906, 559.4161, 247.1346, -157.4474, 3870065
809, -104, 1059, 559.4207, 247.1848, -143.9149, 3870296
809, -105, 1110, 559.4207, 247.1848, -143.9149, 3870296
809, -104, 1161, 559.4207, 247.1848, -143.9149, 3870296
809, -104, 1211, 559.2965, 247.2131, -134.7312, 3870426
809, -104, 1363, 559.2965, 247.2131, -134.7312, 3870426
809, -104, 1415, 559.1797, 247.2868, -123.0807, 3870649
809, -104, 1467, 559.1797, 247.2868, -123.0807, 3870649
809, -104, 1517, 559.1797, 247.2868, -123.0807, 3870649
809, -104, 1568, 2054, 0, 592, 0, 0, 559.1797, 247.2868, -123.0807, 3870649
809, -104, 1619, 559.0095, 247.4497, -108.6005, 3870877
809, -104, 1669, 559.0095, 247.4497, -108.6005, 3870877
809, -104, 1720, 559.0095, 247.4497, -108.6005, 3870877
809, -104, 1771, 559.0095, 247.4497, -108.6005, 3870877
809, -104, 1822, 558.9502, 247.4421, -94.4506, 3871107
809, -104, 1973, 558.9823, 247.4438, -84.7110, 3871270
809, -104, 2025, 558.9823, 247.4438, -84.7110, 3871270
809, -104, 2076, 558.9823, 247.4438, -84.7110, 3871270
809, -104, 2125, 558.9823, 247.4438, -84.7110, 3871270
809, -104, 2279, 559.0311, 247.4467, -72.6426, 3871502
809, -104, 2329, 559.0311, 247.4467, -72.6426, 3871502
809, -104, 2382, 559.0311, 247.4467, -72.6426, 3871502
809, -104, 2431, 558.9970, 247.4948, -60.5017, 3871694
809, -104, 2584, 558.9970, 247.4948, -60.5017, 3871694
809, -104, 2635, 558.9970, 247.4948, -60.5017, 3871694
809, -104, 2685, 558.8847, 247.5251, -49.3273, 3871896
809, -104, 2736, 558.8847, 247.5251, -49.3273, 3871896
809, -104, 2888, 558.9311, 247.6079, -38.8658, 3872056
809, -104, 2940, 558.9311, 247.6079, -38.8658, 3872056
807, -104, 2982, 558.9311, 247.6079, -38.8658, 3872056
802, -103, 3022, 558.9311, 247.6079, -38.8658, 3872056
779, -101, 3046, 558.8929, 247.6445, -25.3868, 3872289
772, -100, 3046, 558.7373, 247.6607, -14.5801, 3872480
764, -100, 3044, 558.7373, 247.6607, -14.5801, 3872480
757, -99, 3044, 558.7373, 247.6607, -14.5801, 3872480
749, -98, 3044, 416, 0, 749, 0, 0, 558.7373, 247.6607, -14.5801, 3872480
742, -97, 3046, 551.4425, 246.4882, -8.4245, 3872681
734, -97, 3044, 551.4425, 246.4882, -8.4245, 3872681
727, -96, 3043, 551.4425, 246.4882, -8.4245, 3872681
719, -95, 3045, 551.4425, 246.4882, -8.4245, 3872681
711, -94, 3044, 537.0449, 244.3411, -9.0323, 3872955
689, -92, 3044, 537.0449, 244.3411, -9.0323, 3872955
681, -92, 3044, 530.5568, 243.1746, -8.7237, 3873079
674, -91, 3044, 530.5568, 243.1746, -8.7237, 3873079
666, -90, 3046, 530.5568, 243.1746, -8.7237, 3873079
644, -88, 3045, 521.3297, 241.6903, -8.6391, 3873301
636, -87, 3044, 521.3297, 241.6903, -8.6391, 3873301
629, -86, 3043, 521.3297, 241.6903, -8.6391, 3873301
621, -86, 3045, 509.9900, 240.0957, -9.4768, 3873531
598, -84, 3044, 509.9900, 240.0957, -9.4768, 3873531
591, -83, 3045, 509.9900, 240.0957, -9.4768, 3873531
583, -82, 3044, 504.2581, 239.1464, -9.0836, 3873613
576, -81, 3043, 504.2581, 239.1464, -9.0836, 3873613
553, -79, 3044, 490.0722, 236.7547, -9.0507, 3873877
546, -78, 3045, 490.0722, 236.7547, -9.0507, 3873877
538, -78, 3045, 490.0722, 236.7547, -9.0507, 3873877
531, -77, 3044, 479.5307, 235.0437, -9.5830, 3874104
508, -75, 3045, 479.5307, 235.0437, -9.5830, 3874104
500, -74, 3045, 479.5307, 235.0437, -9.5830, 3874104
493, -73, 3044, 467.8227, 233.1053, -9.6050, 3874319
485, -73, 3045, 467.8227, 233.1053, -9.6050, 3874319
478, -72, 3045, 393, 0, 796, 0, 0, 467.8227, 233.1053, -9.6050, 3874319
470, -71, 3045, 460.1144, 231.6755, -9.1435, 3874465
463, -70, 3046, 460.1144, 231.6755, -9.1435, 3874465
455, -70, 3046, 460.1144, 231.6755, -9.1435, 3874465
448, -69, 3046, 460.1144, 231.6755, -9.1435, 3874465
440, -68, 3045, 447.8469, 229.6353, -9.7890, 3874706
417, -66, 3044, 447.8469, 229.6353, -9.7890, 3874706
410, -65, 3046, 430.1461, 226.5386, -10.1529, 3875057
402, -65, 3046, 430.1461, 226.5386, -10.1529, 3875057
395, -64, 3043, 430.1461, 226.5386, -10.1529, 3875057
372, -62, 3045, 425.2688, 225.6324, -9.2090, 3875137
365, -61, 3043, 425.2688, 225.6324, -9.2090, 3875137
357, -60, 3045, 425.2688, 225.6324, -9.2090, 3875137
350, -59, 3046, 425.2688, 225.6324, -9.2090, 3875137
342, -59, 3044, 393, 597, 650, 0, 0, 418.4321, 224.5416, -9.7634, 3875298
334, -58, 3044, 418.4321, 224.5416, -9.7634, 3875298
327, -57, 3046, 418.4321, 224.5416, -9.7634, 3875298
319, -57, 3046, 418.4321, 224.5416, -9.7634, 3875298
312, -56, 3045, 418.4321, 224.5416, -9.7634, 3875298
304, -55, 3045, 403.8649, 222.1139, -10.0346, 3875561
289, -54, 3044, 403.8649, 222.1139, -10.0346, 3875561
282, -53, 3046, 403.8649, 222.1139, -10.0346, 3875561
274, -52, 3045, 392.2896, 219.9664, -9.7688, 3875784
267, -51, 3046, 392.2896, 219.9664, -9.7688, 3875784
259, -51, 3045, 392.2896, 219.9664, -9.7688, 3875784
244, -49, 3045, 383.6539, 218.4356, -10.3956, 3875952
237, -49, 3044, 383.6539, 218.4356, -10.3956, 3875952
229, -48, 3045, 383.6539, 218.4356, -10.3956, 3875952
221, -47, 3046, 383.6539, 218.4356, -10.3956, 3875952
214, -46, 3045, 373.9657, 216.7747, -10.1624, 3876154
199, -45, 3046, 373.9657, 216.7747, -10.1624, 3876154
191, -44, 3046, 366.0976, 215.2925, -10.2749, 3876299
184, -43, 3045, 366.0976, 215.2925, -10.2749, 3876299
176, -43, 3045, 366.0976, 215.2925, -10.2749, 3876299
169, -42, 3045, 366.0976, 215.2925, -10.2749, 3876299
146, -40, 3046, 352.6261, 212.7005, -9.8335, 3876558
138, -39, 3046, 352.6261, 212.7005, -9.8335, 3876558
131, -38, 3044, 344.8756, 211.4739, -9.9862, 3876735
123, -38, 3045, 344.8756, 211.4739, -9.9862, 3876735
101, -35, 3045, 344.8756, 211.4739, -9.9862, 3876735
93, -35, 3045, 328.1652, 208.3059, -9.5692, 3877030
86, -34, 3046, 328.1652, 208.3059, -9.5692, 3877030
78, -33, 3044, 328.1652, 208.3059, -9.5692, 3877030
71, -33, 3044, 705, 774, 485, 0, 0, 320.4143, 206.8744, -9.9976, 3877202
63, -32, 3046, 320.4143, 206.8744, -9.9976, 3877202
55, -31, 3046, 320.4143, 206.8744, -9.9976, 3877202
48, -30, 3046, 320.4143, 206.8744, -9.9976, 3877202
40, -30, 3044, 320.4143, 206.8744, -9.9976, 3877202
33, -29, 3046, 314.5932, 205.8589, -10.0318, 3877319
18, -27, 3045, 314.5932, 205.8589, -10.0318, 3877319
10, -27, 3046, 314.5932, 205.8589, -10.0318, 3877319
3, -26, 3046, 297.7514, 202.8770, -9.9737, 3877626
-4, -25, 3044, 297.7514, 202.8770, -9.9737, 3877626
-11, -25, 3046, 297.7514, 202.8770, -9.9737, 3877626
-26, -23, 3046, 288.9520, 201.2387, -9.7376, 3877774
-34, -22, 3045, 288.9520, 201.2387, -9.7376, 3877774
-41, -22, 3046, 288.9520, 201.2387, -9.7376, 3877774
-49, -21, 3044, 275.4365, 198.7371, -10.7473, 3878027
-55, -20, 3032, 275.4365, 198.7371, -10.7473, 3878027
-60, -20, 2861, 271.6281, 198.0405, -10.0204, 3878112
-60, -20, 2809, 271.6281, 198.0405, -10.0204, 3878112
-60, -20, 2759, 271.6281, 198.0405, -10.0204, 3878112
-60, -20, 2605, 267.5828, 195.5908, -1.1564, 3878390
-60, -20, 2552, 267.5828, 195.5908, -1.1564, 3878390
-60, -20, 2501, 267.5828, 195.5908, -1.1564, 3878390
-61, -20, 2450, 268.0178, 195.4699, -13.6019, 3878593
-61, -20, 2298, 268.0178, 195.4699, -13.6019, 3878593
-61, -20, 2247, 268.0851, 195.4403, -26.4115, 3878813
-61, -20, 2198, 268.0851, 195.4403, -26.4115, 3878813
-61, -20, 2147, 268.0851, 195.4403, -26.4115, 3878813
-60, -20, 2095, 1846, 1571, 181, 0, 0, 268.0851, 195.4403, -26.4115, 3878813
-60, -20, 2045, 268.1313, 195.4712, -34.8254, 3878955
-60, -20, 1993, 268.1313, 195.4712, -34.8254, 3878955
-61, -20, 1942, 268.1313, 195.4712, -34.8254, 3878955
-61, -20, 1890, 268.1313, 195.4712, -34.8254, 3878955
-61, -20, 1840, 268.2228, 195.4092, -47.2522, 3879159
-61, -20, 1687, 268.2228, 195.4092, -47.2522, 3879159
-61, -20, 1637, 268.2807, 195.2448, -60.4995, 3879380
-61, -20, 1587, 268.2807, 195.2448, -60.4995, 3879380
-61, -20, 1535, 268.2807, 195.2448, -60.4995, 3879380
-61, -20, 1484, 2279, 1556, 164, 0, 0, 268.2807, 195.2448, -60.4995, 3879380
-61, -20, 1434, 268.2803, 195.2323, -72.5543, 3879613
-61, -20, 1382, 268.2803, 195.2323, -72.5543, 3879613
-61, -20, 1332, 268.2803, 195.2323, -72.5543, 3879613
-61, -20, 1281, 268.2803, 195.2323, -72.5543, 3879613
-61, -20, 1229, 268.3201, 195.2094, -85.4364, 3879810
-61, -20, 1128, 268.3201, 195.2094, -85.4364, 3879810
-61, -20, 1077, 268.3201, 195.2094, -85.4364, 3879810
-60, -20, 1027, 268.3161, 195.1215, -96.9368, 3879991
-60, -20, 976, 268.3161, 195.1215, -96.9368, 3879991
-61, -20, 926, 268.3161, 195.1215, -96.9368, 3879991
-60, -20, 823, 268.3447, 195.0184, -111.1835, 3880218
-61, -20, 774, 268.3447, 195.0184, -111.1835, 3880218
-61, -20, 722, 268.3447, 195.0184, -111.1835, 3880218
-61, -20, 672, 268.3447, 195.0184, -111.1835, 3880218
-61, -20, 620, 268.3211, 194.9716, -119.9567, 3880369
-56, -17, 566, 268.3211, 194.9716, -119.9567, 3880369
-52, -14, 585, 268.3211, 194.9716, -119.9567, 3880369
-47, -11, 614, 268.4625, 194.8194, -135.7817, 3880622
-43, -8, 637, 268.4625, 194.8194, -135.7817, 3880622
-39, -5, 661, 268.4625, 194.8194, -135.7817, 3880622
-28, 4, 737, 270.7322, 192.9534, -140.6480, 3880822
-24, 7, 761, 270.7322, 192.9534, -140.6480, 3880822
-20, 11, 787, 270.7322, 192.9534, -140.6480, 3880822
-17, 14, 809, 276.6306, 187.4653, -134.7877, 3881041
-7, 26, 884, 276.6306, 187.4653, -134.7877, 3881041
-4, 30, 908, 276.6306, 187.4653, -134.7877, 3881041
-1, 34, 933, 280.7126, 182.7436, -129.1349, 3881223
1, 38, 957, 280.7126, 182.7436, -129.1349, 3881223
10, 50, 1031, 284.7742, 177.2761, -124.1987, 3881397
12, 55, 1056, 284.7742, 177.2761, -124.1987, 3881397
15, 59, 1080, 284.7742, 177.2761, -124.1987, 3881397
17, 64, 1105, 288.4671, 171.0399, -118.1578, 3881620
23, 77, 1178, 288.4671, 171.0399, -118.1578, 3881620
25, 82, 1202, 288.4671, 171.0399, -118.1578, 3881620
27, 87, 1225, 291.0145, 165.7131, -113.0785, 3881799
28, 92, 1250, 291.0145, 165.7131, -113.0785, 3881799
31, 101, 1300, 291.0145, 165.7131, -113.0785, 3881799
34, 111, 1348, 293.1139, 160.2493, -108.8797, 3881968
35, 116, 1373, 293.1139, 160.2493, -108.8797, 3881968
36, 121, 1398, 293.1139, 160.2493, -108.8797, 3881968
37, 131, 1446, 295.3493, 150.9638, -100.3160, 3882216
38, 136, 1470, 295.3493, 150.9638, -100.3160, 3882216
38, 141, 1495, 295.3493, 150.9638, -100.3160, 3882216
39, 146, 1520, 296.4099, 143.9954, -93.9369, 3882427
39, 151, 1543, 296.4099, 143.9954, -93.9369, 3882427
39, 161, 1593, 296.4099, 143.9954, -93.9369, 3882427
39, 166, 1618, 296.6395, 136.8157, -88.3087, 3882629
38, 171, 1642, 296.6395, 136.8157, -88.3087, 3882629
38, 181, 1691, 296.6395, 136.8157, -88.3087, 3882629
36, 191, 1740, 295.9261, 129.3430, -81.8060, 3882869
35, 196, 1765, 295.9261, 129.3430, -81.8060, 3882869
34, 201, 1789, 295.9261, 129.3430, -81.8060, 3882869
33, 206, 1815, 295.1425, 124.9117, -78.3251, 3883019
32, 209, 1837, 295.1425, 124.9117, -78.3251, 3883019
32, 210, 1950, 293.0134, 116.4078, -70.8404, 3883252
32, 210, 2005, 293.0134, 116.4078, -70.8404, 3883252
32, 210, 2057, 293.0134, 116.4078, -70.8404, 3883252
32, 210, 2110, 293.0134, 116.4078, -70.8404, 3883252
32, 210, 2160, 293.0134, 116.4078, -70.8404, 3883252
32, 210, 2314, 293.1215, 116.6523, -70.9326, 3883378
32, 210, 2363, 293.1215, 116.6523, -70.9326, 3883378
32, 210, 2414, 293.1441, 117.0967, -58.6494, 3883632
32, 210, 2463, 293.1441, 117.0967, -58.6494, 3883632
32, 210, 2618, 293.1079, 117.0507, -48.5022, 3883771
32, 210, 2668, 293.1079, 117.0507, -48.5022, 3883771
32, 210, 2720, 293.1079, 117.0507, -48.5022, 3883771
32, 210, 2770, 293.1079, 117.0507, -48.5022, 3883771
32, 210, 2921, 293.1566, 117.1091, -34.5400, 3883997
32, 210, 2974, 293.1566, 117.1091, -34.5400, 3883997
32, 210, 3024, 293.3210, 117.1674, -23.6697, 3884224
32, 210, 3075, 293.3210, 117.1674, -23.6697, 3884224
32, 210, 3126, 1526, 1571, 587, 0, 0, 293.3210, 117.1674, -23.6697, 3884224
32, 210, 3177, 293.3210, 117.1674, -23.6697, 3884224
32, 210, 3228, 293.3795, 117.1775, -12.7631, 3884374
32, 210, 3277, 293.3795, 117.1775, -12.7631, 3884374
32, 210, 3329, 293.3795, 117.1775, -12.7631, 3884374
32, 210, 3380, 293.3795, 117.1775, -12.7631, 3884374
32, 210, 3483, 293.4417, 117.2772, 1.2869, 3884620
32, 210, 3533, 293.4417, 117.2772, 1.2869, 3884620
32, 210, 3584, 293.4417, 117.2772, 1.2869, 3884620
32, 210, 3634, 293.4823, 117.3474, 11.0142, 3884823
32, 210, 3685, 293.4823, 117.3474, 11.0142, 3884823
32, 210, 3788, 293.4823, 117.3474, 11.0142, 3884823
32, 210, 3838, 293.4751, 117.3522, 26.1824, 3885085
32, 210, 3889, 293.4751, 117.3522, 26.1824, 3885085
32, 210, 3940, 293.4751, 117.3522, 26.1824, 3885085
32, 210, 3991, 293.4751, 117.3522, 26.1824, 3885085
32, 210, 4143, 293.4516, 117.3623, 38.3102, 3885271
32, 210, 4192, 293.4516, 117.3623, 38.3102, 3885271
32, 210, 4243, 293.4516, 117.3623, 38.3102, 3885271
32, 210, 4294, 293.5569, 117.4813, 44.4340, 3885384
32, 210, 4448, 293.5569, 117.4813, 44.4340, 3885384
32, 210, 4499, 293.7781, 117.3695, 59.6856, 3885648
32, 210, 4549, 293.7781, 117.3695, 59.6856, 3885648
32, 210, 4600, 293.7781, 117.3695, 59.6856, 3885648
32, 210, 4751, 293.8814, 117.2938, 71.5231, 3885860
32, 210, 4801, 293.8814, 117.2938, 71.5231, 3885860
32, 210, 4853, 293.8814, 117.2938, 71.5231, 3885860
32, 210, 4904, 293.8557, 117.3694, 80.3341, 3886001
32, 210, 5006, 293.8557, 117.3694, 80.3341, 3886001
32, 210, 5057, 293.8557, 117.3694, 80.3341, 3886001
32, 209, 5110, 293.9052, 117.3094, 97.7809, 3886249
34, 205, 5133, 293.9052, 117.3094, 97.7809, 3886249
37, 199, 5171, 293.9052, 117.3094, 97.7809, 3886249
44, 185, 5175, 293.9800, 117.1423, 110.4905, 3886483
47, 178, 5174, 293.9800, 117.1423, 110.4905, 3886483
51, 172, 5175, 293.9800, 117.1423, 110.4905, 3886483
54, 165, 5175, 293.9800, 117.1423, 110.4905, 3886483
57, 158, 5175, 296.2893, 120.9738, 121.7515, 3886677
64, 145, 5176, 296.2893, 120.9738, 121.7515, 3886677
67, 138, 5175, 296.2893, 120.9738, 121.7515, 3886677
71, 131, 5176, 301.3416, 129.4446, 121.7724, 3886877
74, 124, 5175, 301.3416, 129.4446, 121.7724, 3886877
78, 117, 5175, 301.3416, 129.4446, 121.7724, 3886877
84, 104, 5175, 305.8062, 136.7990, 122.4811, 3887059
88, 97, 5175, 305.8062, 136.7990, 122.4811, 3887059
91, 90, 5176, 305.8062, 136.7990, 122.4811, 3887059
94, 83, 5175, 305.8062, 136.7990, 122.4811, 3887059
98, 77, 5175, 313.0282, 148.5544, 121.9681, 3887333
105, 63, 5175, 313.0282, 148.5544, 121.9681, 3887333
108, 56, 5177, 313.0282, 148.5544, 121.9681, 3887333
111, 50, 5174, 319.0166, 158.4590, 122.2370, 3887508
115, 43, 5176, 319.0166, 158.4590, 122.2370, 3887508
118, 36, 5176, 319.0166, 158.4590, 122.2370, 3887508
125, 22, 5175, 324.1069, 166.6995, 122.3127, 3887721
128, 16, 5175, 324.1069, 166.6995, 122.3127, 3887721
132, 9, 5175, 324.1069, 166.6995, 122.3127, 3887721
135, 2, 5175, 324.1069, 166.6995, 122.3127, 3887721
148, -24, 5176, 328.3105, 173.5087, 121.8580, 3887856
152, -31, 5175, 335.2020, 184.4278, 122.0334, 3888101
155, -38, 5175, 335.2020, 184.4278, 122.0334, 3888101
159, -44, 5175, 335.2020, 184.4278, 122.0334, 3888101
169, -65, 5176, 339.8635, 192.1425, 122.0089, 3888280
172, -72, 5175, 339.8635, 192.1425, 122.0089, 3888280
175, -78, 5175, 339.8635, 192.1425, 122.0089, 3888280
179, -85, 5176, 346.5846, 203.1852, 121.8214, 3888512
189, -105, 5176, 346.5846, 203.1852, 121.8214, 3888512
192, -112, 5175, 346.5846, 203.1852, 121.8214, 3888512
196, -119, 5175, 351.6924, 211.4000, 121.7804, 3888698
199, -126, 5175, 351.6924, 211.4000, 121.7804, 3888698
209, -146, 5175, 356.4107, 219.2540, 121.9191, 3888863
213, -153, 5175, 356.4107, 219.2540, 121.9191, 3888863
216, -160, 5176, 356.4107, 219.2540, 121.9191, 3888863
219, -166, 5175, 356.4107, 219.2540, 121.9191, 3888863
223, -173, 5175, -1646, 490, 621, 150, 0, 361.9729, 228.4121, 122.0651, 3889081
226, -180, 5175, 361.9729, 228.4121, 122.0651, 3889081
229, -187, 5175, 361.9729, 228.4121, 122.0651, 3889081
233, -194, 5175, 368.3106, 238.6251, 121.2473, 3889306
236, -200, 5176, 368.3106, 238.6251, 121.2473, 3889306
240, -207, 5175, 368.3106, 238.6251, 121.2473, 3889306
250, -227, 5176, 372.8509, 246.0156, 121.2724, 3889475
253, -234, 5175, 372.8509, 246.0156, 121.2724, 3889475
256, -241, 5175, 372.8509, 246.0156, 121.2724, 3889475
260, -248, 5175, 380.4660, 258.6983, 121.8079, 3889773
270, -268, 5175, 380.4660, 258.6983, 121.8079, 3889773
273, -275, 5175, 380.4660, 258.6983, 121.8079, 3889773
277, -282, 5175, 384.1675, 264.7362, 121.7845, 3889892
280, -288, 5176, 384.1675, 264.7362, 121.7845, 3889892
290, -309, 5175, 390.8891, 275.7983, 121.5242, 3890128
294, -316, 5175, 390.8891, 275.7983, 121.5242, 3890128
297, -322, 5175, 390.8891, 275.7983, 121.5242, 3890128
300, -329, 5175, 395.2934, 283.4757, 121.6622, 3890287
310, -349, 5175, 395.2934, 283.4757, 121.6622, 3890287
314, -356, 5175, 395.2934, 283.4757, 121.6622, 3890287
317, -363, 5175, 401.4247, 293.7229, 121.1721, 3890537
321, -370, 5178, 401.4247, 293.7229, 121.1721, 3890537
331, -390, 5175, 406.4861, 302.1037, 120.9836, 3890707
334, -397, 5175, 406.4861, 302.1037, 120.9836, 3890707
338, -404, 5177, 406.4861, 302.1037, 120.9836, 3890707
341, -410, 5175, 406.4861, 302.1037, 120.9836, 3890707
351, -431, 5176, 409.0000, 306.3639, 121.6506, 3890832
354, -438, 5176, 409.0000, 306.3639, 121.6506, 3890832
358, -444, 5175, 417.7298, 321.1804, 121.4067, 3891116
361, -451, 5176, 417.7298, 321.1804, 121.4067, 3891116
368, -465, 5178, 417.7298, 321.1804, 121.4067, 3891116
371, -471, 5175, 421.3562, 327.2265, 120.8759, 3891262
375, -478, 5176, 421.3562, 327.2265, 120.8759, 3891262
378, -485, 5175, 421.3562, 327.2265, 120.8759, 3891262
381, -492, 5175, 421.3562, 327.2265, 120.8759, 3891262
388, -505, 5175, 426.4857, 335.6094, 120.9715, 3891448
395, -519, 5176, 426.4857, 335.6094, 120.9715, 3891448
398, -526, 5174, 432.4417, 345.9138, 121.3000, 3891689
402, -532, 5175, 432.4417, 345.9138, 121.3000, 3891689
408, -546, 5176, 438.5128, 355.7684, 120.9164, 3891892
412, -553, 5175, 438.5128, 355.7684, 120.9164, 3891892
415, -560, 5175, 438.5128, 355.7684, 120.9164, 3891892
419, -566, 5176, 438.5128, 355.7684, 120.9164, 3891892
422, -573, 5177, 438.5128, 355.7684, 120.9164, 3891892
428, -585, 5191, 444.5187, 365.8286, 120.8340, 3892141
430, -589, 5214, 444.5187, 365.8286, 120.8340, 3892141
431, -590, 5255, 449.4275, 374.5328, 121.0235, 3892316
430, -590, 5321, 449.4275, 374.5328, 121.0235, 3892316
430, -589, 5378, 449.4275, 374.5328, 121.0235, 3892316
430, -589, 5429, -2671, 2279, 425, 100, -500, 449.4275, 374.5328, 121.0235, 3892316
430, -589, 5482, 449.4275, 374.5328, 121.0235, 3892316
430, -589, 5532, 450.1064, 375.2909, 120.1425, 3892469
430, -589, 5583, 450.1064, 375.2909, 120.1425, 3892469
430, -589, 5633, 450.1064, 375.2909, 120.1425, 3892469
430, -589, 5686, 450.1064, 375.2909, 120.1425, 3892469
430, -589, 5786, 449.9323, 374.8978, 129.4791, 3892717
430, -589, 5836, 449.9323, 374.8978, 129.4791, 3892717
430, -589, 5888, 449.9323, 374.8978, 129.4791, 3892717
430, -589, 5939, 449.9296, 374.8010, 144.6969, 3892965
430, -589, 5990, 449.9296, 374.8010, 144.6969, 3892965
430, -589, 6091, 449.8593, 374.7987, 153.5966, 3893125
430, -589, 6144, 449.8593, 374.7987, 153.5966, 3893125
430, -589, 6192, 449.8593, 374.7987, 153.5966, 3893125
430, -589, 6245, 449.8593, 374.7987, 153.5966, 3893125
430, -589, 11, 449.8593, 374.7987, 153.5966, 3893125
430, -589, 112, 449.8833, 374.6177, 167.1649, 3893341
430, -589, 214, 449.8100, 374.5509, 177.7316, 3893530
430, -589, 264, 449.8100, 374.5509, 177.7316, 3893530
430, -589, 315, 449.8100, 374.5509, 177.7316, 3893530
430, -589, 367, 2797, 3097, 747, 100, -500, 449.8100, 374.5509, 177.7316, 3893530
430, -589, 416, 449.8100, 374.5509, 177.7316, 3893530
430, -589, 468, 449.6529, 374.4279, -170.9536, 3893719
430, -589, 518, 449.6529, 374.4279, -170.9536, 3893719
430, -589, 570, 449.6529, 374.4279, -170.9536, 3893719
430, -589, 621, 449.6529, 374.4279, -170.9536, 3893719
430, -589, 671, 2313, 3142, 398, 100, -500, 449.6473, 374.4230, -159.5951, 3893928
430, -589, 721, 449.6473, 374.4230, -159.5951, 3893928
430, -589, 773, 449.6473, 374.4230, -159.5951, 3893928
430, -589, 823, 449.6062, 374.4412, -148.2359, 3894118
430, -589, 874, 449.6062, 374.4412, -148.2359, 3894118
430, -589, 924, 449.6062, 374.4412, -148.2359, 3894118
430, -589, 976, 2054, 3142, 475, 100, -500, 449.6062, 374.4412, -148.2359, 3894118
430, -589, 1027, 449.6062, 374.4412, -148.2359, 3894118
430, -589, 1075, 449.4575, 374.4433, -135.4774, 3894336
430, -589, 1128, 449.4575, 374.4433, -135.4774, 3894336
430, -589, 1178, 449.4575, 374.4433, -135.4774, 3894336
430, -589, 1231, 449.4575, 374.4433, -135.4774, 3894336
430, -589, 1281, 1987, 3142, 784, 100, -500, 449.2862, 374.5074, -125.4163, 3894531
430, -589, 1332, 449.2862, 374.5074, -125.4163, 3894531
430, -589, 1382, 449.2862, 374.5074, -125.4163, 3894531
430, -589, 1434, 449.2862, 374.5074, -125.4163, 3894531
430, -589, 1486, 449.3516, 374.5303, -111.1021, 3894740
430, -589, 1535, 449.3516, 374.5303, -111.1021, 3894740
430, -589, 1688, 449.3276, 374.5739, -102.2110, 3894896
430, -589, 1738, 449.3276, 374.5739, -102.2110, 3894896
430, -587, 1778, 449.3276, 374.5739, -102.2110, 3894896
429, -583, 1786, 449.3276, 374.5739, -102.2110, 3894896
428, -579, 1767, 1226, -2407, 745, 100, -500, 449.3298, 374.6711, -86.9716, 3895147
427, -573, 1734, 449.3298, 374.6711, -86.9716, 3895147
426, -568, 1710, 449.3298, 374.6711, -86.9716, 3895147
426, -563, 1685, 449.3298, 374.6711, -86.9716, 3895147
425, -558, 1659, 449.1929, 374.5681, -79.1685, 3895278
425, -553, 1636, 449.1929, 374.5681, -79.1685, 3895278
424, -538, 1563, 449.1929, 374.5681, -79.1685, 3895278
424, -533, 1538, 447.3002, 365.1194, -82.8406, 3895593
425, -528, 1513, 447.3002, 365.1194, -82.8406, 3895593
425, -523, 1490, 447.3002, 365.1194, -82.8406, 3895593
427, -508, 1415, 446.8178, 357.7419, -89.0795, 3895804
428, -503, 1390, 446.8178, 357.7419, -89.0795, 3895804
429, -498, 1366, 446.8178, 357.7419, -89.0795, 3895804
430, -493, 1342, 446.9397, 351.3039, -93.7696, 3895959
434, -478, 1269, 446.9397, 351.3039, -93.7696, 3895959
435, -474, 1244, 447.9937, 343.5513, -100.0862, 3896205
437, -469, 1219, 447.9937, 343.5513, -100.0862, 3896205
439, -464, 1197, 447.9937, 343.5513, -100.0862, 3896205
443, -455, 1147, 449.1547, 338.4140, -104.8749, 3896336
445, -450, 1121, 449.1547, 338.4140, -104.8749, 3896336
447, -446, 1096, 449.1547, 338.4140, -104.8749, 3896336
449, -441, 1072, 449.1547, 338.4140, -104.8749, 3896336
452, -437, 1049, 451.4465, 330.8405, -111.4023, 3896575
457, -428, 999, 451.4465, 330.8405, -111.4023, 3896575
460, -424, 974, 451.4465, 330.8405, -111.4023, 3896575
463, -420, 951, 454.4615, 323.7590, -117.8504, 3896804
466, -416, 925, 454.4615, 323.7590, -117.8504, 3896804
469, -412, 901, 454.4615, 323.7590, -117.8504, 3896804
475, -404, 851, 458.0661, 317.3516, -123.6531, 3897021
479, -400, 828, 458.0661, 317.3516, -123.6531, 3897021
482, -397, 802, 458.0661, 317.3516, -123.6531, 3897021
486, -393, 778, 458.0661, 317.3516, -123.6531, 3897021
489, -390, 756, 462.8307, 310.6432, -129.5233, 3897232
497, -383, 705, 462.8307, 310.6432, -129.5233, 3897232
501, -380, 681, 462.8307, 310.6432, -129.5233, 3897232
505, -377, 655, 467.2758, 305.5933, -135.3605, 3897404
509, -374, 633, 467.2758, 305.5933, -135.3605, 3897404
513, -371, 606, 467.2758, 305.5933, -135.3605, 3897404
521, -365, 558, 471.6737, 301.4800, -139.7440, 3897591
525, -362, 534, 471.6737, 301.4800, -139.7440, 3897591
530, -360, 509, 471.6737, 301.4800, -139.7440, 3897591
534, -357, 485, 471.6737, 301.4800, -139.7440, 3897591
539, -355, 460, 472.7749, 300.6840, -141.1778, 3897618
552, -349, 387, 472.7749, 300.6840, -141.1778, 3897618
557, -347, 363, 483.3120, 293.3114, -151.6705, 3897993
562, -345, 337, 483.3120, 293.3114, -151.6705, 3897993
567, -344, 313, 483.3120, 293.3114, -151.6705, 3897993
581, -340, 240, 491.7790, 289.3845, -158.8561, 3898269
586, -339, 217, 491.7790, 289.3845, -158.8561, 3898269
591, -337, 192, 491.7790, 289.3845, -158.8561, 3898269
596, -337, 168, 496.6414, 287.6972, -162.9818, 3898407
611, -335, 93, 496.6414, 287.6972, -162.9818, 3898407
616, -334, 70, 503.6334, 285.9783, -168.1604, 3898606
621, -334, 44, 503.6334, 285.9783, -168.1604, 3898606
626, -334, 19, 503.6334, 285.9783, -168.1604, 3898606
641, -334, 6230, 510.6498, 285.0182, -174.6678, 3898817
646, -334, 6205, 510.6498, 285.0182, -174.6678, 3898817
651, -335, 6181, 510.6498, 285.0182, -174.6678, 3898817
656, -335, 6158, 510.6498, 285.0182, -174.6678, 3898817
671, -338, 6083, 515.1992, 284.6416, -178.5632, 3898943
676, -339, 6060, 515.1992, 284.6416, -178.5632, 3898943
681, -340, 6035, 524.1644, 284.9227, 173.9679, 3899214
686, -341, 6011, 524.1644, 284.9227, 173.9679, 3899214
696, -344, 5961, 529.1809, 285.6460, 169.4461, 3899369
700, -346, 5937, 529.1809, 285.6460, 169.4461, 3899369
705, -348, 5912, 529.1809, 285.6460, 169.4461, 3899369
710, -350, 5888, 529.1809, 285.6460, 169.4461, 3899369
714, -352, 5864, 529.1809, 285.6460, 169.4461, 3899369
723, -356, 5815, 535.5426, 287.0849, 164.1043, 3899581
728, -358, 5792, 535.5426, 287.0849, 164.1043, 3899581
732, -360, 5794, 544.0542, 290.1011, 156.3717, 3899828
733, -361, 5805, 544.0542, 290.1011, 156.3717, 3899828
733, -361, 5870, 544.0542, 290.1011, 156.3717, 3899828
733, -361, 5979, 547.4443, 291.7958, 153.4950, 3899977
733, -361, 6032, 547.4443, 291.7958, 153.4950, 3899977
733, -361, 6082, 547.4443, 291.7958, 153.4950, 3899977
733, -361, 6134, 547.4443, 291.7958, 153.4950, 3899977
733, -361, 6186, 547.0315, 291.4100, 159.2576, 3900211
733, -361, 6237, -2760, 2377, 1127, 0, 1000, 547.0315, 291.4100, 159.2576, 3900211
733, -361, 3, 547.0315, 291.4100, 159.2576, 3900211
733, -361, 53, 547.0315, 291.4100, 159.2576, 3900211
733, -361, 105, 547.0315, 291.4100, 159.2576, 3900211
733, -361, 156, 546.8751, 291.3568, 170.6590, 3900436
733, -361, 206, 546.8751, 291.3568, 170.6590, 3900436
733, -361, 359, 546.8450, 291.4059, 179.3946, 3900569
733, -361, 409, 546.8450, 291.4059, 179.3946, 3900569
733, -361, 460, 546.8450, 291.4059, 179.3946, 3900569
733, -361, 512, 546.8450, 291.4059, 179.3946, 3900569
733, -361, 612, 546.7053, 291.2229, -165.6344, 3900795
733, -361, 664, 546.7053, 291.2229, -165.6344, 3900795
733, -361, 714, 546.6095, 291.3499, -151.9002, 3901017
733, -361, 764, 546.6095, 291.3499, -151.9002, 3901017
733, -361, 815, 546.6095, 291.3499, -151.9002, 3901017
733, -361, 918, 546.5323, 291.3429, -141.3809, 3901210
733, -361, 967, 546.5323, 291.3429, -141.3809, 3901210
733, -361, 1018, 546.5323, 291.3429, -141.3809, 3901210
733, -361, 1070, 546.5323, 291.3429, -141.3809, 3901210
733, -361, 1119, 546.5231, 291.3850, -129.1298, 3901419
733, -361, 1221, 546.5231, 291.3850, -129.1298, 3901419
733, -361, 1272, 546.5231, 291.3850, -129.1298, 3901419
733, -361, 1323, 546.4527, 291.5172, -116.6379, 3901654
733, -361, 1373, 546.4527, 291.5172, -116.6379, 3901654
733, -361, 1424, 546.4527, 291.5172, -116.6379, 3901654
733, -361, 1524, 546.3695, 291.5832, -104.3389, 3901818
733, -361, 1575, 546.3695, 291.5832, -104.3389, 3901818
733, -361, 1629, 546.3695, 291.5832, -104.3389, 3901818
733, -361, 1678, 546.3695, 291.5832, -104.3389, 3901818
733, -361, 1730, 546.3945, 291.6838, -94.2106, 3901992
733, -361, 1832, 546.3945, 291.6838, -94.2106, 3901992
733, -361, 1883, 546.3945, 291.6838, -94.2106, 3901992
733, -361, 1934, 546.3945, 291.6838, -94.2106, 3901992
733, -361, 1986, 546.1900, 291.5887, -78.2328, 3902249
733, -361, 2035, 546.1900, 291.5887, -78.2328, 3902249
733, -361, 2137, 546.1900, 291.5887, -78.2328, 3902249
733, -361, 2188, 546.1903, 291.5339, -68.4254, 3902418
733, -361, 2238, 546.1903, 291.5339, -68.4254, 3902418
733, -361, 2289, 546.1903, 291.5339, -68.4254, 3902418
733, -361, 2339, 546.1903, 291.5339, -68.4254, 3902418
733, -361, 2492, 546.1690, 291.5402, -56.7310, 3902636
733, -361, 2543, 546.1690, 291.5402, -56.7310, 3902636
733, -361, 2592, 546.1936, 291.6009, -45.5774, 3902827
733, -361, 2645, 546.1936, 291.6009, -45.5774, 3902827
726, -358, 2777, 546.1936, 291.6009, -45.5774, 3902827
720, -356, 2804, 546.0556, 291.6435, -33.8104, 3903030
712, -353, 2807, 546.0556, 291.6435, -33.8104, 3903030
705, -350, 2802, 546.0556, 291.6435, -33.8104, 3903030
684, -343, 2801, 545.3777, 291.5837, -19.8511, 3903314
677, -340, 2802, 545.3777, 291.5837, -19.8511, 3903314
670, -338, 2802, 534.2795, 288.2230, -15.8545, 3903522
662, -335, 2801, 534.2795, 288.2230, -15.8545, 3903522
641, -328, 2803, 534.2795, 288.2230, -15.8545, 3903522
634, -325, 2801, 528.9112, 286.5352, -16.3423, 3903642
627, -323, 2802, 528.9112, 286.5352, -16.3423, 3903642
619, -320, 2802, 528.9112, 286.5352, -16.3423, 3903642
598, -313, 2801, 516.8214, 282.9587, -16.3766, 3903889
591, -310, 2802, 516.8214, 282.9587, -16.3766, 3903889
584, -308, 2802, 516.8214, 282.9587, -16.3766, 3903889
577, -305, 2801, 506.4761, 279.9835, -16.6292, 3904092
569, -303, 2802, 444, 1571, 1218, 0, -1000, 506.4761, 279.9835, -16.6292, 3904092
562, -300, 2802, 506.4761, 279.9835, -16.6292, 3904092
555, -298, 2802, 496.4714, 276.8239, -16.4842, 3904287
548, -295, 2802, 496.4714, 276.8239, -16.4842, 3904287
541, -292, 2802, 496.4714, 276.8239, -16.4842, 3904287
534, -290, 2801, 496.4714, 276.8239, -16.4842, 3904287
512, -282, 2803, 487.0493, 273.9535, -16.8604, 3904499
505, -280, 2801, 487.0493, 273.9535, -16.8604, 3904499
498, -277, 2803, 477.7881, 271.2753, -17.1364, 3904677
491, -275, 2803, 477.7881, 271.2753, -17.1364, 3904677
469, -267, 2802, 477.7881, 271.2753, -17.1364, 3904677
462, -265, 2802, 467.3862, 268.0469, -16.6555, 3904892
455, -262, 2802, 467.3862, 268.0469, -16.6555, 3904892
448, -260, 2802, 467.3862, 268.0469, -16.6555, 3904892
427, -252, 2801, 457.9247, 265.1474, -16.5347, 3905061
419, -250, 2802, 457.9247, 265.1474, -16.5347, 3905061
412, -247, 2802, 457.9247, 265.1474, -16.5347, 3905061
405, -245, 2801, 457.9247, 265.1474, -16.5347, 3905061
384, -237, 2802, 444.7327, 261.2861, -16.8493, 3905334
377, -234, 2801, 444.7327, 261.2861, -16.8493, 3905334
370, -232, 2802, 435.2908, 258.4084, -17.0327, 3905511
362, -229, 2802, 435.2908, 258.4084, -17.0327, 3905511
348, -224, 2801, 435.2908, 258.4084, -17.0327, 3905511
341, -222, 2801, 428.9176, 256.4164, -16.5211, 3905645
334, -219, 2802, 428.9176, 256.4164, -16.5211, 3905645
327, -217, 2801, 428.9176, 256.4164, -16.5211, 3905645
320, -214, 2803, 428.9176, 256.4164, -16.5211, 3905645
312, -212, 2802, 705, -2368, 570, 0, -1000, 419.3149, 253.5177, -17.0011, 3905859
305, -209, 2804, 419.3149, 253.5177, -17.0011, 3905859
298, -207, 2804, 419.3149, 253.5177, -17.0011, 3905859
291, -204, 2802, 405.1306, 249.1150, -16.9946, 3906115
284, -202, 2803, 405.1306, 249.1150, -16.9946, 3906115
277, -199, 2802, 405.1306, 249.1150, -16.9946, 3906115
270, -197, 2803, 705, -1616, 354, 0, -1000, 405.1306, 249.1150, -16.9946, 3906115
255, -192, 2801, 388.4066, 243.7708, -16.8833, 3906478
248, -189, 2804, 388.4066, 243.7708, -16.8833, 3906478
241, -187, 2802, 388.4066, 243.7708, -16.8833, 3906478
234, -184, 2802, 388.4066, 243.7708, -16.8833, 3906478
220, -179, 2803, 388.4066, 243.7708, -16.8833, 3906478
212, -176, 2803, 388.4066, 243.7708, -16.8833, 3906478
205, -174, 2801, 375.1662, 239.8493, -17.2577, 3906717
198, -171, 2803, 375.1662, 239.8493, -17.2577, 3906717
191, -169, 2802, 375.1662, 239.8493, -17.2577, 3906717
177, -164, 2801, 363.8835, 236.2760, -17.0748, 3906934
170, -161, 2803, 363.8835, 236.2760, -17.0748, 3906934
162, -159, 2802, 363.8835, 236.2760, -17.0748, 3906934
155, -156, 2801, 363.8835, 236.2760, -17.0748, 3906934
148, -154, 2802, 354.3215, 233.2691, -17.2122, 3907130
134, -149, 2801, 354.3215, 233.2691, -17.2122, 3907130
127, -146, 2803, 354.3215, 233.2691, -17.2122, 3907130
120, -144, 2803, 345.8514, 230.6796, -17.7872, 3907319
112, -141, 2801, 345.8514, 230.6796, -17.7872, 3907319
105, -139, 2802, 345.8514, 230.6796, -17.7872, 3907319
84, -131, 2801, 338.1970, 228.2680, -17.5913, 3907456
77, -129, 2801, 338.1970, 228.2680, -17.5913, 3907456
70, -126, 2803, 338.1970, 228.2680, -17.5913, 3907456
62, -123, 2802, 326.9378, 224.5577, -17.3481, 3907703
41, -116, 2802, 326.9378, 224.5577, -17.3481, 3907703
34, -113, 2804, 326.9378, 224.5577, -17.3481, 3907703
27, -111, 2801, 315.3705, 220.9977, -17.0455, 3907918
20, -108, 2803, 315.3705, 220.9977, -17.0455, 3907918
-1, -101, 2801, 305.9421, 218.0344, -17.5760, 3908080
-7, -99, 2787, 305.9421, 218.0344, -17.5760, 3908080
-10, -97, 2758, 305.9421, 218.0344, -17.5760, 3908080
-12, -97, 2721, 305.9421, 218.0344, -17.5760, 3908080
-11, -97, 2545, 297.5740, 215.1763, -17.2002, 3908264
-11, -97, 2497, 297.5740, 215.1763, -17.2002, 3908264
-11, -97, 2444, 290.7988, 211.8443, -8.5959, 3908480
-11, -97, 2394, 290.7988, 211.8443, -8.5959, 3908480
-11, -97, 2292, 290.7988, 211.8443, -8.5959, 3908480
-11, -97, 2241, 290.9991, 211.5541, -13.4093, 3908671
-11, -97, 2189, 290.9991, 211.5541, -13.4093, 3908671
-11, -97, 2139, 290.9991, 211.5541, -13.4093, 3908671
-11, -97, 2089, 290.9991, 211.5541, -13.4093, 3908671
-11, -97, 1988, 291.1658, 211.4886, -24.1167, 3908842
-11, -97, 1936, 291.1658, 211.4886, -24.1167, 3908842
-11, -97, 1885, 291.1658, 211.4886, -24.1167, 3908842
-11, -97, 1835, 291.1512, 211.4675, -40.5154, 3909129
-11, -97, 1785, 291.1512, 211.4675, -40.5154, 3909129
-11, -97, 1733, 1058, -2175, 717, 100, 500, 291.1512, 211.4675, -40.5154, 3909129
-11, -97, 1683, 291.1512, 211.4675, -40.5154, 3909129
-11, -97, 1633, 291.1786, 211.4221, -50.4268, 3909318
-11, -97, 1581, 291.1786, 211.4221, -50.4268, 3909318
-11, -97, 1530, 291.1786, 211.4221, -50.4268, 3909318
-11, -97, 1480, 291.1483, 211.4209, -63.6416, 3909513
-11, -97, 1327, 291.1483, 211.4209, -63.6416, 3909513
-11, -97, 1277, 291.1483, 211.4209, -63.6416, 3909513
-11, -97, 1226, 291.2470, 211.3742, -75.9084, 3909720
-11, -97, 1176, 291.2470, 211.3742, -75.9084, 3909720
-11, -97, 1124, 1745, -2916, 635, 0, 1000, 291.2470, 211.3742, -75.9084, 3909720
-11, -97, 1075, 291.2470, 211.3742, -75.9084, 3909720
-11, -97, 1021, 291.1448, 211.4040, -83.8312, 3909873
-11, -97, 970, 291.1448, 211.4040, -83.8312, 3909873
-11, -97, 920, 291.1448, 211.4040, -83.8312, 3909873
-11, -97, 871, 291.1448, 211.4040, -83.8312, 3909873
-11, -97, 766, 291.2481, 211.4876, -98.6164, 3910107
-11, -97, 717, 291.2481, 211.4876, -98.6164, 3910107
-11, -97, 666, 291.2481, 211.4876, -98.6164, 3910107
-11, -97, 616, 291.2711, 211.3732, -110.4976, 3910299
-11, -97, 563, 291.2711, 211.3732, -110.4976, 3910299
-11, -97, 410, 291.4077, 211.1778, -126.4036, 3910584
-11, -97, 362, 291.4077, 211.1778, -126.4036, 3910584
-9, -96, 323, 291.4077, 211.1778, -126.4036, 3910584
-5, -95, 315, 291.4077, 211.1778, -126.4036, 3910584
8, -90, 389, 291.5342, 211.1621, -136.2119, 3910767
13, -88, 414, 291.5342, 211.1621, -136.2119, 3910767
18, -86, 439, 291.8207, 210.9243, -146.1146, 3910925
22, -84, 465, 291.8207, 210.9243, -146.1146, 3910925
35, -76, 538, 291.8207, 210.9243, -146.1146, 3910925
40, -74, 562, 297.7616, 206.5924, -143.0403, 3911126
44, -71, 588, 297.7616, 206.5924, -143.0403, 3911126
48, -68, 612, 297.7616, 206.5924, -143.0403, 3911126
60, -59, 684, 304.9390, 200.5604, -135.8596, 3911376
64, -56, 710, 304.9390, 200.5604, -135.8596, 3911376
68, -52, 733, 304.9390, 200.5604, -135.8596, 3911376
72, -49, 758, 307.2460, 198.2387, -133.1083, 3911476
82, -38, 832, 314.1127, 189.6461, -124.2050, 3911815
86, -35, 857, 314.1127, 189.6461, -124.2050, 3911815
89, -31, 880, 314.1127, 189.6461, -124.2050, 3911815
92, -27, 906, 314.1127, 189.6461, -124.2050, 3911815
98, -19, 953, 316.8366, 185.1695, -120.4008, 3911951
101, -15, 978, 316.8366, 185.1695, -120.4008, 3911951
104, -10, 1004, 316.8366, 185.1695, -120.4008, 3911951
106, -6, 1027, 319.6353, 179.7949, -115.2084, 3912138
109, -2, 1052, 319.6353, 179.7949, -115.2084, 3912138
114, 6, 1101, 319.6353, 179.7949, -115.2084, 3912138
116, 11, 1125, 322.5445, 171.9838, -108.5360, 3912370
118, 15, 1150, 322.5445, 171.9838, -108.5360, 3912370
120, 20, 1174, 322.5445, 171.9838, -108.5360, 3912370
122, 25, 1199, 322.5445, 171.9838, -108.5360, 3912370
125, 34, 1248, 324.1980, 165.8017, -102.9711, 3912537
127, 39, 1272, 324.1980, 165.8017, -102.9711, 3912537
128, 44, 1297, 324.1980, 165.8017, -102.9711, 3912537
130, 49, 1322, 325.2791, 159.6243, -97.1624, 3912764
131, 54, 1346, 325.2791, 159.6243, -97.1624, 3912764
133, 63, 1395, 325.2791, 159.6243, -97.1624, 3912764
134, 68, 1419, 325.7690, 153.9750, -92.4505, 3912905
134, 73, 1445, 325.7690, 153.9750, -92.4505, 3912905
135, 78, 1469, 325.7690, 153.9750, -92.4505, 3912905
135, 83, 1494, 325.7690, 153.9750, -92.4505, 3912905
136, 94, 1541, 325.6084, 145.4767, -85.3488, 3913147
136, 99, 1566, 325.6084, 145.4767, -85.3488, 3913147
136, 104, 1591, 325.6084, 145.4767, -85.3488, 3913147
136, 109, 1615, 324.9784, 138.8114, -80.5700, 3913326
135, 114, 1640, 324.9784, 138.8114, -80.5700, 3913326
135, 124, 1689, 323.5657, 132.7122, -74.6308, 3913550
134, 129, 1712, 323.5657, 132.7122, -74.6308, 3913550
133, 134, 1738, 323.5657, 132.7122, -74.6308, 3913550
132, 139, 1763, 323.5657, 132.7122, -74.6308, 3913550
131, 144, 1788, 323.5657, 132.7122, -74.6308, 3913550
127, 158, 1861, 321.4153, 125.9596, -68.6601, 3913752
126, 163, 1886, 321.4153, 125.9596, -68.6601, 3913752
124, 168, 1910, 319.2038, 120.5070, -63.7213, 3913896
123, 173, 1934, 319.2038, 120.5070, -63.7213, 3913896
119, 181, 2031, 319.2038, 120.5070, -63.7213, 3913896
119, 181, 2099, 314.9957, 112.5763, -56.1933, 3914154
120, 180, 2155, 314.9957, 112.5763, -56.1933, 3914154
120, 180, 2208, 314.9957, 112.5763, -56.1933, 3914154
120, 180, 2358, 313.1516, 109.9584, -54.1049, 3914372
120, 180, 2410, 313.1516, 109.9584, -54.1049, 3914372
120, 180, 2461, 313.1516, 109.9584, -54.1049, 3914372
120, 180, 2513, 313.2859, 110.3969, -44.3741, 3914551
119, 180, 2663, 313.2859, 110.3969, -44.3741, 3914551
120, 180, 2712, 313.1718, 110.4978, -35.6048, 3914739
119, 180, 2765, 313.1718, 110.4978, -35.6048, 3914739
119, 180, 2817, 313.1718, 110.4978, -35.6048, 3914739
119, 180, 2969, 313.1536, 110.5378, -20.9408, 3914961
119, 180, 3019, 313.1536, 110.5378, -20.9408, 3914961
119, 180, 3069, 313.1536, 110.5378, -20.9408, 3914961
119, 180, 3121, 313.1242, 110.5506, -15.5536, 3915087
119, 180, 3223, 313.1242, 110.5506, -15.5536, 3915087
119, 180, 3272, 313.2092, 110.5538, 1.7189, 3915357
119, 180, 3325, 313.2092, 110.5538, 1.7189, 3915357
119, 180, 3375, 313.2092, 110.5538, 1.7189, 3915357
119, 180, 3426, 313.2092, 110.5538, 1.7189, 3915357
119, 180, 3476, 735, 829, 679, 0, 1000, 313.2092, 110.5538, 1.7189, 3915357
119, 180, 3527, 313.2150, 110.6055, 11.6697, 3915533
119, 180, 3578, 313.2150, 110.6055, 11.6697, 3915533
119, 180, 3628, 313.2150, 110.6055, 11.6697, 3915533
119, 180, 3679, 313.2458, 110.7616, 22.1187, 3915745
119, 180, 3730, 313.2458, 110.7616, 22.1187, 3915745
