Added Component: Designator=J3(HDR2X5)
Added Component: Designator=R1(J1-0603)
Added Component: Designator=R2(J1-0603)
Added Component: Designator=R3(J1-0603)
Added Component: Designator=R4(J1-0603)
Added Component: Designator=R5(J1-0603)
Added Component: Designator=R6(J1-0603)
Added Component: Designator=R7(J1-0603)
Added Component: Designator=R8(J1-0603)
Added Component: Designator=R9(J1-0603)
Added Component: Designator=R10(J1-0603)
Added Component: Designator=R11(J1-0603)
Added Component: Designator=R12(J1-0603)
Added Component: Designator=R13(J1-0603)
Added Component: Designator=R14(J1-0603)
Added Component: Designator=R15(J1-0603)
Added Component: Designator=R16(J1-0603)
Added Component: Designator=R17(J1-0603)
Added Component: Designator=R18(J1-0603)
Added Component: Designator=R19(J1-0603)
Added Component: Designator=R20(J1-0603)
Added Component: Designator=R21(J1-0603)
Added Component: Designator=R22(J1-0603)
Added Component: Designator=R23(J1-0603)
Added Component: Designator=R24(J1-0603)
Added Component: Designator=R25(J1-0603)
Added Component: Designator=R26(J1-0603)
Added Component: Designator=R27(J1-0603)
Added Component: Designator=R28(J1-0603)
Added Component: Designator=R29(J1-0603)
Added Component: Designator=R30(J1-0603)
Added Pin To Net: NetName=JTAG_BOTTOM_TCK_SPI_CLK Pin=J3-1
Added Pin To Net: NetName=3.3V Pin=J3-2
Added Pin To Net: NetName=JTAG_BOTTOM_TMS_SPI_SEL_EXPAND0 Pin=J3-3
Added Pin To Net: NetName=RESET_430 Pin=J3-4
Added Pin To Net: NetName=JTAG_BOTTOM_TDO_MOTOR_SENSE Pin=J3-5
Added Pin To Net: NetName=JTAG_BOTTOM_TEST Pin=J3-6
Added Pin To Net: NetName=JTAG_BOTTOM_TDI_SERVO2_SENSE Pin=J3-7
Added Pin To Net: NetName=GND Pin=J3-8
Added Pin To Net: NetName=GND Pin=J3-9
Added Pin To Net: NetName=NetD1_2 Pin=R1-1
Added Pin To Net: NetName=LED_HEARTBEAT Pin=R1-2
Added Pin To Net: NetName=3.3V Pin=R2-1
Added Pin To Net: NetName=RESET_430 Pin=R2-2
Added Pin To Net: NetName=NetD2_2 Pin=R3-1
Added Pin To Net: NetName=GND Pin=R3-2
Added Pin To Net: NetName=3.3V Pin=R4-1
Added Pin To Net: NetName=NetR4_2 Pin=R4-2
Added Pin To Net: NetName=3.3V Pin=R5-1
Added Pin To Net: NetName=NetR5_2 Pin=R5-2
Added Pin To Net: NetName=ENCODER0 Pin=R6-1
Added Pin To Net: NetName=GND Pin=R6-2
Added Pin To Net: NetName=ENCODER1 Pin=R7-1
Added Pin To Net: NetName=GND Pin=R7-2
Added Pin To Net: NetName=VBAT_SWITCHED Pin=R8-1
Added Pin To Net: NetName=NetR8_2 Pin=R8-2
Added Pin To Net: NetName=VBAT_SWITCHED Pin=R9-1
Added Pin To Net: NetName=MOTOR_POWER Pin=R9-2
Added Pin To Net: NetName=VBAT_SWITCHED Pin=R10-1
Added Pin To Net: NetName=NetR10_2 Pin=R10-2
Added Pin To Net: NetName=SERVO1_POWER Pin=R11-1
Added Pin To Net: NetName=VBAT_SWITCHED Pin=R11-2
Added Pin To Net: NetName=NetR12_1 Pin=R12-1
Added Pin To Net: NetName=GND Pin=R12-2
Added Pin To Net: NetName=GND Pin=R13-1
Added Pin To Net: NetName=NetR13_2 Pin=R13-2
Added Pin To Net: NetName=VBAT_SWITCHED Pin=R14-1
Added Pin To Net: NetName=NetR14_2 Pin=R14-2
Added Pin To Net: NetName=VBAT_SWITCHED Pin=R15-1
Added Pin To Net: NetName=SERVO0_POWER Pin=R15-2
Added Pin To Net: NetName=VBAT_SWITCHED Pin=R16-1
Added Pin To Net: NetName=NetR16_2 Pin=R16-2
Added Pin To Net: NetName=VBAT_SWITCHED Pin=R17-1
Added Pin To Net: NetName=SERVO2_POWER Pin=R17-2
Added Pin To Net: NetName=GND Pin=R18-1
Added Pin To Net: NetName=NetR18_2 Pin=R18-2
Added Pin To Net: NetName=NetR19_1 Pin=R19-1
Added Pin To Net: NetName=GND Pin=R19-2
Added Pin To Net: NetName=MOT_SLEEP Pin=R20-1
Added Pin To Net: NetName=GND Pin=R20-2
Added Pin To Net: NetName=MOT0_PWMA Pin=R21-1
Added Pin To Net: NetName=GND Pin=R21-2
Added Pin To Net: NetName=MOT0_PWMB Pin=R22-1
Added Pin To Net: NetName=GND Pin=R22-2
Added Pin To Net: NetName=MOT1_PWMA Pin=R23-1
Added Pin To Net: NetName=GND Pin=R23-2
Added Pin To Net: NetName=MOT1_PWMB Pin=R24-1
Added Pin To Net: NetName=GND Pin=R24-2
Added Pin To Net: NetName=NetR12_1 Pin=R25-1
Added Pin To Net: NetName=JTAG_BOTTOM_TDO_MOTOR_SENSE Pin=R25-2
Added Pin To Net: NetName=NetR13_2 Pin=R26-1
Added Pin To Net: NetName=SERVO1_SENSE Pin=R26-2
Added Pin To Net: NetName=VBAT Pin=R27-1
Added Pin To Net: NetName=NetQ1_3 Pin=R27-2
Added Pin To Net: NetName=3.3V Pin=R28-1
Added Pin To Net: NetName=GND Pin=R28-2
Added Pin To Net: NetName=NetR19_1 Pin=R29-1
Added Pin To Net: NetName=JTAG_BOTTOM_TDI_SERVO2_SENSE Pin=R29-2
Added Pin To Net: NetName=NetR18_2 Pin=R30-1
Added Pin To Net: NetName=SERVO0_SENSE Pin=R30-2
Added Member To Class: ClassName=Peripherals Member=Component J3 JTAG
Added Member To Class: ClassName=MSP430 Member=Component R1 DiodeRes
Added Member To Class: ClassName=MSP430 Member=Component R2 ResetRes
Added Member To Class: ClassName=MSP430 Member=Component R3 DiodeRes
Added Member To Class: ClassName=Peripherals Member=Component R4 A
Added Member To Class: ClassName=Peripherals Member=Component R5 A
Added Member To Class: ClassName=Peripherals Member=Component R6 E2
Added Member To Class: ClassName=Peripherals Member=Component R7 E2
Added Member To Class: ClassName=currentSense Member=Component R8 R_IN
Added Member To Class: ClassName=currentSense Member=Component R9 RLOAD
Added Member To Class: ClassName=currentSense Member=Component R10 R_IN
Added Member To Class: ClassName=currentSense Member=Component R11 RLOAD
Added Member To Class: ClassName=currentSense Member=Component R12 R_OUT
Added Member To Class: ClassName=currentSense Member=Component R13 R_OUT
Added Member To Class: ClassName=currentSense Member=Component R14 R_IN
Added Member To Class: ClassName=currentSense Member=Component R15 RLOAD
Added Member To Class: ClassName=currentSense Member=Component R16 R_IN
Added Member To Class: ClassName=currentSense Member=Component R17 RLOAD
Added Member To Class: ClassName=currentSense Member=Component R18 R_OUT
Added Member To Class: ClassName=currentSense Member=Component R19 R_OUT
Added Member To Class: ClassName=motorDriver Member=Component R20 MotorRes
Added Member To Class: ClassName=motorDriver Member=Component R21 MotorRes
Added Member To Class: ClassName=motorDriver Member=Component R22 MotorRes
Added Member To Class: ClassName=motorDriver Member=Component R23 MotorRes
Added Member To Class: ClassName=motorDriver Member=Component R24 MotorRes
Added Member To Class: ClassName=currentSense Member=Component R25 LPF
Added Member To Class: ClassName=currentSense Member=Component R26 LPF
Added Member To Class: ClassName=Peripherals Member=Component R27 
Added Member To Class: ClassName=Peripherals Member=Component R28 
Added Member To Class: ClassName=currentSense Member=Component R29 LPF
Added Member To Class: ClassName=currentSense Member=Component R30 LPF
