     824611, -1885, 75, 0,373.2964, 588.0830, -171.2703, 655886
     824611, -1885, 75, 0,379.7708, 586.5820, -171.1500, 656086
     824611, -1885, 75, 0,386.4193, 585.4391, -171.0288, 656294
     824611, -1885, 75, 0,386.4193, 585.4391, -171.0288, 656294
     824611, -1885, 75, 0,392.9157, 584.1282, -170.9728, 656501
     825191, -1662, 75, 0,399.6316, 582.7291, -171.0932, 656687
     825191, -1662, 75, 0,406.5957, 581.4195, -170.9421, 656896
     825191, -1662, 75, 0,406.5957, 581.4195, -170.9421, 656896
     825191, -1662, 75, 0,413.0269, 580.1393, -170.9945, 657087
     825511, -1646, 75, 0,419.8747, 578.7685, -171.1747, 657307
     825835, -1646, 75, 0,419.8747, 578.7685, -171.1747, 657307
     826091, -1646, 75, 0,426.3771, 577.3670, -171.2216, 657503
     826091, -1646, 75, 0,426.3771, 577.3670, -171.2216, 657503
     826091, -1646, 75, 0,433.1362, 576.1700, -171.1920, 657685
     826091, -1646, 75, 0,433.1362, 576.1700, -171.1920, 657685
     826423, -1646, 75, 0,439.6999, 574.7682, -171.1868, 657890
     826423, -1646, 75, 0,446.3967, 573.4753, -171.1234, 658105
     826423, -1646, 75, 0,453.2466, 572.1531, -170.6956, 658290
     826746, -1296, 75, 0,453.2466, 572.1531, -170.6956, 658290
     826746, -1296, 75, 0,459.8409, 570.7696, -171.3526, 658498
     827018, -1210, 75, 0,466.5814, 569.4215, -171.3300, 658696
     827331, -1189, 75, 0,466.5814, 569.4215, -171.3300, 658696
     827642, -1182, 75, 0,479.9085, 566.8513, -171.5406, 659122
     827642, -1182, 75, 0,486.5579, 565.4425, -171.5535, 659290
     827642, -1182, 75, 0,486.5579, 565.4425, -171.5535, 659290
     827642, -1182, 75, 0,493.1644, 564.2763, -171.4390, 659491
     827909, -1178, 75, 0,499.9019, 562.8826, -171.2028, 659695
     828215, -1178, 75, 0,506.5349, 561.6521, -171.3451, 659887
     828215, -1178, 75, 0,513.4141, 560.1580, -171.5094, 660109
     828812, -859, 75, 0,526.6951, 557.5811, -171.3592, 660492
     829128, -859, 75, 0,526.6951, 557.5811, -171.3592, 660492
     829128, -859, 75, 0,533.2876, 556.1873, -171.2814, 660670
     829128, -859, 75, 0,533.2876, 556.1873, -171.2814, 660670
     829128, -859, 75, 0,540.2432, 554.9293, -171.4709, 660904
     829444, -859, 75, 0,546.9211, 553.5610, -171.4497, 661085
     829444, -859, 75, 0,546.9211, 553.5610, -171.4497, 661085
     829700, -859, 75, 0,553.4991, 552.1962, -171.6399, 661275
     830027, -859, 75, 0,566.8610, 549.5655, -171.4538, 661683
     830339, -511, 75, 0,573.6779, 548.1945, -171.3585, 661888
     830339, -511, 75, 0,573.6779, 548.1945, -171.3585, 661888
     830607, -421, 75, 0,580.2286, 546.7948, -171.3549, 662134
     830607, -421, 75, 0,586.9913, 545.5768, -171.7418, 662276
     830607, -421, 75, 0,586.9913, 545.5768, -171.7418, 662276
     830922, -836, 75, 0,593.5532, 544.1929, -171.5843, 662475
     830922, -836, 75, 0,593.5532, 544.1929, -171.5843, 662475
     830922, -836, 75, 0,600.1673, 542.8608, -171.7700, 662680
     830922, -836, 75, 0,606.8717, 541.5628, -171.7848, 662893
     830922, -836, 75, 0,613.4001, 540.3029, -171.7187, 663097
     830922, -836, 75, 0,613.4001, 540.3029, -171.7187, 663097
     830922, -836, 75, 0,620.1544, 538.9367, -171.6818, 663297
     832420, -398, 75, 0,626.7727, 537.6553, -171.6018, 663486
     832420, -398, 75, 0,633.4945, 536.3701, -171.5985, 663690
     832420, -398, 75, 0,640.2852, 534.9315, -171.7518, 663887
     832420, -398, 75, 0,646.9965, 533.5890, -171.8678, 664094
     832420, -398, 75, 0,653.8352, 532.3969, -171.6409, 664280
     832732, -393, 75, 0,653.8352, 532.3969, -171.6409, 664280
     832732, -393, 75, 0,660.4138, 530.9598, -171.6085, 664486
     833045, -393, 75, 0,660.4138, 530.9598, -171.6085, 664486
     833045, -393, 75, 0,666.9310, 529.5924, -171.6776, 664688
     833313, -393, 75, 0,666.9310, 529.5924, -171.6776, 664688
     833313, -393, 75, 0,673.5535, 528.2762, -171.6168, 664882
     833313, -393, 75, 0,680.1306, 527.0774, -171.7709, 665086
     833630, -393, 75, 0,680.1306, 527.0774, -171.7709, 665086
     833630, -393, 75, 0,686.7088, 525.6402, -171.5249, 665300
     833630, -393, 75, 0,693.3699, 524.3277, -171.9924, 665501
     833630, -393, 75, 0,700.1020, 523.0139, -171.9260, 665691
     834222, -393, 75, 0,700.1020, 523.0139, -171.9260, 665691
     834222, -393, 75, 0,706.4464, 521.7423, -172.0055, 665882
     834525, -393, 75, 0,706.4464, 521.7423, -172.0055, 665882
     834525, -393, 75, 0,713.2799, 520.3783, -171.5662, 666086
     834525, -393, 75, 0,713.2799, 520.3783, -171.5662, 666086
     834801, -393, 75, 0,719.8267, 519.1796, -171.6169, 666286
     835105, -393, 75, 0,726.5282, 517.8630, -171.9225, 666487
     835105, -393, 75, 0,726.5282, 517.8630, -171.9225, 666487
     835409, -393, 75, 0,739.5321, 515.1714, -171.9007, 666888
     835409, -393, 75, 0,746.2132, 513.8209, -171.7870, 667102
     835697, -393, 75, 0,752.5220, 512.5598, -172.0756, 667287
     835697, -393, 75, 0,759.3786, 511.1615, -172.0327, 667486
     836017, -393, 75, 0,759.3786, 511.1615, -172.0327, 667486
     836017, -393, 75, 0,765.6756, 510.0532, -171.6979, 667747
     836320, -393, 75, 0,772.5010, 508.6383, -171.9719, 667895
     836320, -393, 75, 0,779.1912, 507.2209, -172.2037, 668086
     836641, -393, 75, 0,779.1912, 507.2209, -172.2037, 668086
     836942, -393, 75, 0,792.3243, 504.7100, -171.8204, 668504
     837230, -393, 0, 500,798.9260, 503.4446, -171.8077, 668701
     837230, -393, 0, 500,805.5845, 502.1403, -172.1217, 668888
     837546, -393, 0, 500,805.1688, 502.2510, -169.0750, 669087
     837546, -393, 0, 500,805.0184, 502.1850, -163.5830, 669288
     837814, -393, 0, 500,805.0184, 502.1850, -163.5830, 669288
     837814, -393, 0, 500,804.8738, 502.2580, -157.8618, 669484
     837814, -393, 0, 500,804.8738, 502.2580, -157.8618, 669484
     837814, -393, 0, 500,804.7436, 502.2964, -152.1104, 669680
     838125, -393, 0, 500,804.4861, 502.3669, -146.0151, 669883
     838443, -393, 0, 500,804.4684, 502.2868, -140.7768, 670095
     838443, -393, 0, 500,804.4684, 502.2868, -140.7768, 670095
     838710, -393, 0, 500,804.3112, 502.3188, -134.7661, 670283
     838710, -393, 0, 500,804.1236, 502.5508, -129.1727, 670488
     838710, -393, 0, 500,804.1236, 502.5508, -129.1727, 670488
     838710, -393, 0, 500,803.9074, 502.7812, -116.8462, 670912
     838710, -393, 0, 500,803.8513, 502.9664, -110.8367, 671087
     838710, -393, 0, 500,803.8205, 503.0876, -104.5041, 671300
     838710, -393, 0, 500,803.7734, 503.1714, -98.6505, 671484
     838710, -393, 0, 500,803.7241, 503.2355, -92.8736, 671682
     838710, -393, 0, 500,803.6867, 503.3547, -86.7510, 671882
     840510, -393, 0, 500,803.6643, 503.4572, -80.8798, 672085
     840510, -393, 0, 500,803.6637, 503.5811, -74.4581, 672289
     840829, -393, 0, 500,803.6637, 503.5811, -74.4581, 672289
     840829, -393, 0, 500,803.6198, 503.6542, -68.6478, 672477
     840829, -393, 0, 500,803.6198, 503.6542, -68.6478, 672477
     841133, -393, 0, 500,803.6600, 503.7215, -62.6918, 672687
     841448, -393, 0, 500,803.6721, 503.7322, -56.9740, 672890
     841448, -393, 0, 500,803.7073, 503.9793, -51.4367, 673077
     841448, -393, 0, 500,803.7073, 503.9793, -51.4367, 673077
     841712, -393, 0, 500,803.7745, 503.9787, -45.7049, 673319
     841712, -393, 0, 500,803.8583, 504.1142, -39.7174, 673508
     841712, -393, 0, 500,803.8797, 504.1856, -33.9587, 673685
     841712, -393, 0, 500,803.8684, 504.1989, -28.1771, 673879
     841712, -393, 0, 500,803.8684, 504.1989, -28.1771, 673879
     841712, -393, 0, 500,803.8493, 504.3161, -22.6651, 674080
     841712, -393, 0, 500,803.8493, 504.3161, -22.6651, 674080
     841712, -393, 0, 500,803.8444, 504.3880, -17.2672, 674282
     841712, -393, 0, 500,803.9142, 504.4765, -11.6929, 674517
     841712, -393, 0, 500,804.0392, 504.4584, -6.0410, 674676
     841712, -393, 0, 500,804.0392, 504.4584, -6.0410, 674676
     841712, -393, 0, 500,804.0319, 504.6305, -0.3055, 674892
     841712, -393, 0, 500,804.1325, 504.6950, 5.3511, 675084
     841712, -393, 0, 500,804.1325, 504.6950, 5.3511, 675084
     841712, -393, 0, 500,804.1662, 504.8094, 11.2010, 675279
     841712, -393, 0, 500,799.1403, 506.4147, 12.9752, 675469
     841712, -393, 0, 500,792.6291, 508.4586, 13.1937, 675679
     844724, -393, 75, 0,779.6509, 512.6941, 13.0456, 676091
     844724, -393, 75, 0,779.6509, 512.6941, 13.0456, 676091
     844724, -393, 75, 0,773.1796, 514.6573, 13.0751, 676286
     844724, -393, 75, 0,773.1796, 514.6573, 13.0751, 676286
     844724, -393, 75, 0,766.7860, 516.6509, 12.9658, 676490
     845028, -393, 75, 0,766.7860, 516.6509, 12.9658, 676490
     845028, -393, 75, 0,760.3196, 518.8196, 12.7681, 676684
     845028, -393, 75, 0,760.3196, 518.8196, 12.7681, 676684
     845028, -393, 75, 0,753.7982, 520.8410, 12.6940, 676895
     845348, -393, 75, 0,747.3684, 522.8567, 12.7938, 677088
     845348, -393, 75, 0,747.3684, 522.8567, 12.7938, 677088
     845348, -393, 75, 0,741.0943, 524.9880, 12.7231, 677281
     845348, -393, 75, 0,734.6579, 527.0761, 12.9563, 677494
     845348, -393, 75, 0,728.3465, 528.9580, 13.0297, 677670
     845348, -393, 75, 0,728.3465, 528.9580, 13.0297, 677670
     845348, -393, 75, 0,715.5966, 533.0894, 12.9813, 678098
     845348, -393, 75, 0,709.1744, 535.1063, 12.5907, 678286
     845348, -393, 75, 0,709.1744, 535.1063, 12.5907, 678286
     845348, -393, 75, 0,702.7482, 537.1649, 12.9603, 678484
     847404, -393, 75, 0,696.3269, 539.4490, 12.6651, 678685
     847404, -393, 75, 0,689.8258, 541.4637, 13.2381, 678882
     847404, -393, 75, 0,670.6620, 547.6661, 12.9147, 679480
     847404, -393, 75, 0,657.8966, 551.8600, 12.7553, 679884
     847404, -393, 75, 0,657.8966, 551.8600, 12.7553, 679884
     847404, -393, 75, 0,651.5644, 553.9786, 12.7883, 680105
     847404, -393, 75, 0,645.0548, 555.9068, 13.0907, 680318
     847404, -393, 75, 0,645.0548, 555.9068, 13.0907, 680318
     847404, -393, 75, 0,638.5531, 557.9640, 12.7295, 680501
     847404, -393, 75, 0,632.0690, 560.0593, 12.4859, 680689
     847404, -393, 75, 0,632.0690, 560.0593, 12.4859, 680689
     847404, -393, 75, 0,625.5869, 562.2408, 12.6984, 680897
     847404, -393, 75, 0,619.0874, 564.1267, 12.4709, 681122
     847404, -393, 75, 0,612.6229, 566.4057, 12.8023, 681291
     847404, -393, 75, 0,606.1342, 568.4996, 12.8366, 681518
     847404, -393, 75, 0,599.6880, 570.3621, 12.9549, 681691
     847404, -393, 75, 0,593.4885, 572.4132, 12.8968, 681886
     847404, -393, 75, 0,593.4885, 572.4132, 12.8968, 681886
     847404, -393, 75, 0,587.0484, 574.5183, 12.8155, 682087
     847404, -393, 75, 0,587.0484, 574.5183, 12.8155, 682087
     847404, -393, 75, 0,580.5059, 576.6121, 12.8077, 682288
     847404, -393, 75, 0,580.5059, 576.6121, 12.8077, 682288
     847404, -393, 75, 0,574.1291, 578.5227, 12.6491, 682492
     847404, -393, 75, 0,567.6404, 580.7442, 12.7939, 682686
     847404, -393, 75, 0,561.2508, 582.7052, 13.0238, 682916
     847404, -393, 75, 0,554.7488, 584.7078, 12.9793, 683088
     851669, -856, 75, 0,554.7488, 584.7078, 12.9793, 683088
     851669, -856, 75, 0,548.3629, 586.7778, 13.0141, 683349
     851892, -856, 75, 0,548.3629, 586.7778, 13.0141, 683349
     851892, -856, 75, 0,541.8320, 588.7025, 12.7156, 683509
     851892, -856, 75, 0,535.3529, 590.7977, 13.2837, 683705
     852228, -856, 75, 0,535.3529, 590.7977, 13.2837, 683705
     852228, -856, 75, 0,528.9360, 592.8154, 12.7085, 683898
     852539, -1095, 75, 0,522.3874, 595.1531, 13.3042, 684099
     852807, -1155, 75, 0,522.3874, 595.1531, 13.3042, 684099
     852807, -1155, 75, 0,515.8475, 597.1315, 12.8972, 684296
     852807, -1155, 75, 0,509.4046, 599.1831, 13.2243, 684510
     853422, -1173, 75, 0,503.0589, 601.3350, 13.1462, 684684
     853422, -1173, 75, 0,496.4355, 603.4026, 12.9780, 684882
     853742, -1178, 75, 0,489.9345, 605.4636, 13.3938, 685102
     853742, -1178, 75, 0,483.3746, 607.5194, 12.8521, 685298
     854022, -1178, 75, 0,483.3746, 607.5194, 12.8521, 685298
     854022, -1178, 75, 0,476.8560, 609.7485, 13.3438, 685498
     854330, -1178, 75, 0,470.3973, 611.5875, 13.0578, 685677
     854330, -1178, 75, 0,463.8895, 613.6752, 13.2851, 685863
     854330, -1178, 75, 0,463.8895, 613.6752, 13.2851, 685863
     854330, -1178, 75, 0,457.4645, 615.7314, 13.0363, 686079
     854649, -1178, 75, 0,457.4645, 615.7314, 13.0363, 686079
     854649, -1178, 75, 0,450.9559, 617.9019, 13.2363, 686277
     854925, -1178, 75, 0,450.9559, 617.9019, 13.2363, 686277
     854925, -1178, 75, 0,444.5410, 619.9111, 13.0626, 686498
     854925, -1178, 75, 0,444.5410, 619.9111, 13.0626, 686498
     854925, -1178, 75, 0,438.0055, 622.1697, 12.9823, 686672
     855241, -1178, 75, 0,438.0055, 622.1697, 12.9823, 686672
     855241, -1178, 75, 0,431.3742, 624.3001, 13.1741, 686888
     855498, -1621, 75, 0,431.3742, 624.3001, 13.1741, 686888
     855498, -1621, 75, 0,425.0010, 626.2298, 12.9363, 687083
     855833, -1641, 75, 0,418.5267, 628.3897, 13.1388, 687289
     856089, -1881, 75, 0,412.1053, 630.3428, 13.0136, 687485
     856089, -1881, 75, 0,412.1053, 630.3428, 13.0136, 687485
     856089, -1881, 75, 0,405.5288, 632.4045, 13.1192, 687686
     856428, -1881, 75, 0,399.1714, 634.5212, 13.2412, 687889
     856428, -1881, 75, 0,392.4823, 636.7069, 12.9713, 688078
     856738, -1662, 75, 0,392.4823, 636.7069, 12.9713, 688078
     856738, -1662, 75, 0,385.9838, 638.6355, 13.2886, 688293
     856738, -1662, 75, 0,385.9838, 638.6355, 13.2886, 688293
     856738, -1662, 75, 0,379.5553, 640.6642, 13.0699, 688488
     857642, -1885, 75, 0,373.1403, 642.8580, 13.2295, 688686
     857642, -1885, 75, 0,366.6644, 644.8375, 12.9630, 688888
     858229, -1885, 75, 0,360.1917, 646.8636, 12.9339, 689080
     858229, -1885, 75, 0,360.1917, 646.8636, 12.9339, 689080
     858229, -1885, 75, 0,353.7900, 648.9750, 13.1095, 689294
     858229, -1885, 75, 0,353.7900, 648.9750, 13.1095, 689294
     858229, -1885, 75, 0,347.3015, 651.1068, 13.1197, 689475
     858229, -1885, 75, 0,340.8212, 652.9035, 13.5692, 689674
     858229, -1885, 75, 0,334.4150, 655.0969, 12.9812, 689889
     858229, -1885, 75, 0,334.4150, 655.0969, 12.9812, 689889
     858549, -1662, 75, 0,328.0571, 657.0385, 13.6786, 690072
     858549, -1662, 75, 0,328.0571, 657.0385, 13.6786, 690072
     858828, -1885, 75, 0,321.4325, 659.2261, 13.0923, 690266
     858828, -1885, 75, 0,315.0767, 661.2159, 13.5109, 690486
     859139, -1942, 75, 0,308.5551, 663.4866, 13.3417, 690688
     859139, -1942, 75, 0,302.0896, 665.4268, 13.3087, 690892
     859407, -1958, 75, 0,302.0896, 665.4268, 13.3087, 690892
     859407, -1958, 75, 0,295.5169, 667.5087, 13.2713, 691077
     859407, -1958, 75, 0,289.1531, 669.5591, 12.6351, 691286
     859743, -1964, 75, 0,289.1531, 669.5591, 12.6351, 691286
     860014, -1964, 75, 0,282.7495, 671.5610, 13.2252, 691476
     860014, -1964, 75, 0,282.7495, 671.5610, 13.2252, 691476
     860014, -1964, 75, 0,276.3425, 673.6310, 13.2256, 691695
     860014, -1964, 75, 0,276.3425, 673.6310, 13.2256, 691695
     860334, -1964, 75, 0,269.7842, 675.7363, 12.8161, 691887
     860334, -1964, 75, 0,263.3612, 677.9927, 13.0755, 692080
     860648, -1964, 75, 0,256.8990, 679.7568, 13.1079, 692299
     861231, -1964, 75, 0,244.1137, 683.8938, 12.8410, 692690
     861231, -1964, 75, 0,237.7186, 685.9970, 13.4998, 692905
     861231, -1964, 75, 0,237.2701, 686.0132, 16.3157, 693094
     861231, -1964, 75, 0,237.2701, 686.0132, 16.3157, 693094
     861231, -1964, 75, 0,237.4748, 686.0606, 22.3386, 693293
     861231, -1964, 75, 0,237.4748, 686.0606, 22.3386, 693293
     861231, -1964, 75, 0,237.8452, 685.9470, 28.3196, 693483
     861919, -1964, 0, 500,238.1393, 685.8795, 34.8061, 693690
     862435, -1964, 0, 500,238.3148, 685.8926, 40.5437, 693899
     862435, -1964, 0, 500,238.5661, 685.7539, 46.7027, 694105
     862435, -1964, 0, 500,238.5661, 685.7539, 46.7027, 694105
     863029, -1964, 0, 500,238.9986, 685.3829, 58.8116, 694480
     863029, -1964, 0, 500,238.9986, 685.3829, 58.8116, 694480
     863029, -1964, 0, 500,239.1282, 685.2115, 64.8386, 694680
     863615, -1964, 0, 500,239.1496, 684.8303, 71.4550, 694889
     863615, -1964, 0, 500,239.2513, 684.6542, 77.1355, 695088
     863939, -1964, 0, 500,239.2478, 684.2318, 89.2076, 695493
     863939, -1964, 0, 500,239.1839, 683.8798, 96.0701, 695682
     864527, -1964, 0, 500,239.1621, 683.7156, 101.6077, 695903
     864842, -1964, 0, 500,239.1621, 683.7156, 101.6077, 695903
     864842, -1964, 0, 500,239.1157, 683.7924, 107.7425, 696099
     865110, -1964, 0, 500,239.1157, 683.7924, 107.7425, 696099
     865110, -1964, 0, 500,239.0708, 683.7086, 114.0988, 696262
     865110, -1964, 0, 500,238.9127, 683.5528, 119.5458, 696476
     865110, -1964, 0, 500,238.9127, 683.5528, 119.5458, 696476
     865110, -1964, 0, 500,238.7511, 683.4578, 125.4424, 696686
     865413, -1964, 0, 500,238.5443, 683.3882, 131.1352, 696889
     865413, -1964, 0, 500,238.3945, 683.3282, 136.6706, 697091
     865733, -1964, 0, 500,238.3945, 683.3282, 136.6706, 697091
     865733, -1964, 0, 500,238.1129, 683.3236, 148.3438, 697477
     865988, -1964, 0, 500,238.1129, 683.3236, 148.3438, 697477
     865988, -1964, 0, 500,238.0789, 683.2685, 154.1637, 697692
     866316, -1964, 0, 500,238.0789, 683.2685, 154.1637, 697692
     866316, -1964, 0, 500,238.1142, 683.2521, 165.0193, 698090
     866604, -1964, 0, 500,238.1210, 683.2670, 170.8403, 698288
     866908, -1964, 0, 500,238.0024, 683.1986, 176.0303, 698481
     866908, -1964, 0, 500,237.9410, 683.2140, -177.6763, 698691
     867244, -1964, 0, 500,237.9410, 683.2140, -177.6763, 698691
     867244, -1964, 0, 500,237.9256, 683.1725, -171.7547, 698884
     867244, -1964, 0, 500,237.9256, 683.1725, -171.7547, 698884
     867508, -1964, 0, 500,237.8657, 683.2145, -166.2626, 699082
     867813, -1964, 75, 0,237.8223, 683.2016, -160.6099, 699289
     867813, -1964, 75, 0,242.3424, 681.2067, -158.6664, 699489
     868148, -1964, 75, 0,248.4973, 678.5174, -158.2057, 699694
     868148, -1964, 75, 0,254.7009, 675.7190, -158.6904, 699881
     868404, -1964, 75, 0,254.7009, 675.7190, -158.6904, 699881
     868404, -1964, 75, 0,260.7145, 672.9547, -158.6961, 700086
     868723, -1964, 75, 0,266.7113, 670.2473, -158.6714, 700288
     868723, -1964, 75, 0,266.7113, 670.2473, -158.6714, 700288
     868723, -1964, 75, 0,272.8456, 667.5625, -158.6015, 700492
     869010, -1964, 75, 0,278.9763, 664.7309, -158.3482, 700683
     869010, -1964, 75, 0,278.9763, 664.7309, -158.3482, 700683
     869325, -1964, 75, 0,285.2089, 661.8711, -158.6065, 700893
     869641, -1964, 75, 0,291.3989, 659.1710, -158.4304, 701091
     869641, -1964, 75, 0,303.6876, 653.5570, -158.3227, 701496
     869897, -1964, 75, 0,303.6876, 653.5570, -158.3227, 701496
     869897, -1964, 75, 0,309.8933, 650.8522, -158.5301, 701723
     870225, -1964, 75, 0,315.9275, 648.1892, -158.5471, 701897
     870225, -1964, 75, 0,322.1497, 645.3388, -158.3611, 702156
     870846, -1964, 75, 0,328.3382, 642.5516, -158.3279, 702293
     870846, -1964, 75, 0,328.3382, 642.5516, -158.3279, 702293
     871117, -1964, 75, 0,334.7249, 639.8244, -158.2971, 702486
     871117, -1964, 75, 0,340.6768, 637.0003, -158.6775, 702686
     871433, -1964, 75, 0,340.6768, 637.0003, -158.6775, 702686
     871433, -1964, 75, 0,353.0724, 631.5853, -158.2673, 703091
     871705, -1964, 75, 0,359.0128, 628.8475, -158.5501, 703287
     871705, -1964, 75, 0,365.2852, 626.0869, -158.4506, 703506
     872009, -1964, 75, 0,371.4941, 623.2735, -158.7575, 703679
     872009, -1964, 75, 0,371.4941, 623.2735, -158.7575, 703679
     872340, -1964, 75, 0,377.7516, 620.4821, -158.6355, 703886
     872340, -1964, 75, 0,383.7944, 617.5939, -158.8091, 704083
     872644, -1964, 75, 0,383.7944, 617.5939, -158.8091, 704083
     872644, -1964, 75, 0,389.9803, 614.9370, -158.4384, 704282
     872644, -1964, 75, 0,389.9803, 614.9370, -158.4384, 704282
     872644, -1964, 75, 0,396.2053, 612.2537, -158.8673, 704491
     872927, -1964, 75, 0,396.2053, 612.2537, -158.8673, 704491
     873239, -1667, 75, 0,402.3108, 609.4266, -158.2871, 704680
     873239, -1667, 75, 0,402.3108, 609.4266, -158.2871, 704680
     873239, -1667, 75, 0,408.6860, 606.5517, -158.7223, 704881
     873511, -1646, 75, 0,414.8010, 603.8710, -158.6128, 705084
     873831, -1646, 75, 0,421.1588, 601.0175, -158.9328, 705282
     873831, -1646, 75, 0,421.1588, 601.0175, -158.9328, 705282
     874103, -1646, 75, 0,433.3940, 595.6272, -158.7729, 705693
     874103, -1646, 75, 0,433.3940, 595.6272, -158.7729, 705693
     874103, -1646, 75, 0,439.4775, 592.8038, -158.8017, 705907
     874428, -1646, 75, 0,439.4775, 592.8038, -158.8017, 705907
     874736, -1296, 75, 0,445.7829, 590.0090, -158.7433, 706097
     874736, -1296, 75, 0,452.1932, 587.1617, -159.0676, 706285
     874736, -1296, 75, 0,452.1932, 587.1617, -159.0676, 706285
     875008, -1210, 75, 0,458.3124, 584.4793, -158.8852, 706486
     875329, -1210, 75, 0,464.5273, 581.6053, -159.0475, 706700
     875329, -1210, 75, 0,470.6588, 578.8448, -159.0754, 706898
     875329, -1210, 75, 0,476.8780, 576.1428, -158.7226, 707098
     875648, -1189, 75, 0,476.8780, 576.1428, -158.7226, 707098
     875936, -1182, 75, 0,483.0480, 573.3301, -159.0708, 707297
     875936, -1182, 75, 0,483.0480, 573.3301, -159.0708, 707297
     875936, -1182, 75, 0,489.2074, 570.6080, -158.7962, 707483
     876239, -1178, 75, 0,495.6372, 567.7895, -158.8759, 707684
     876239, -1178, 75, 0,495.6372, 567.7895, -158.8759, 707684
     876543, -1178, 75, 0,508.0479, 562.1145, -159.2228, 708085
     876543, -1178, 75, 0,508.0479, 562.1145, -159.2228, 708085
     876799, -1178, 75, 0,514.0697, 559.3946, -159.0733, 708286
     877102, -877, 75, 0,520.4760, 556.7237, -158.9056, 708480
     877102, -877, 75, 0,526.5507, 553.9155, -159.0293, 708681
     877102, -877, 75, 0,526.5507, 553.9155, -159.0293, 708681
     877405, -859, 75, 0,532.8927, 551.1682, -158.8309, 708892
     877405, -859, 75, 0,532.8927, 551.1682, -158.8309, 708892
     877705, -859, 75, 0,539.1376, 548.4310, -158.9769, 709093
     877705, -859, 75, 0,545.3092, 545.6046, -159.0628, 709293
     877705, -859, 75, 0,551.6070, 542.6768, -158.9688, 709483
     878333, -859, 75, 0,557.6990, 540.0418, -158.8347, 709684
     878333, -859, 75, 0,557.6990, 540.0418, -158.8347, 709684
     878644, -859, 75, 0,570.0394, 534.4330, -159.1755, 710084
     878911, -859, 75, 0,576.3690, 531.6245, -158.8982, 710303
     878911, -859, 75, 0,582.4392, 528.9023, -159.0360, 710485
     878911, -859, 75, 0,582.4392, 528.9023, -159.0360, 710485
     878911, -859, 75, 0,588.5871, 526.0659, -159.0311, 710693
     879222, -511, 75, 0,594.7771, 523.1872, -159.2503, 710912
     879534, -511, 75, 0,594.7771, 523.1872, -159.2503, 710912
     879534, -511, 75, 0,600.8734, 520.5217, -158.9242, 711131
     879534, -511, 75, 0,607.0905, 517.7593, -159.1699, 711285
     879847, -511, 75, 0,607.0905, 517.7593, -159.1699, 711285
     880131, -421, 75, 0,613.2009, 514.9676, -159.0353, 711512
     880131, -421, 75, 0,619.5620, 512.1861, -158.8477, 711704
     880131, -421, 75, 0,619.5620, 512.1861, -158.8477, 711704
     880131, -421, 75, 0,625.7678, 509.3822, -159.1494, 711884
     881343, -393, 75, 0,638.1535, 503.7949, -159.1047, 712303
     881343, -393, 75, 0,638.1535, 503.7949, -159.1047, 712303
     881343, -393, 75, 0,644.3402, 501.1493, -159.0441, 712484
     881343, -393, 75, 0,644.3402, 501.1493, -159.0441, 712484
     881343, -393, 75, 0,650.7606, 498.2919, -159.1987, 712717
     881343, -393, 75, 0,657.0062, 495.4857, -158.9600, 712884
     881343, -393, 75, 0,663.2722, 492.7535, -159.1840, 713086
     881623, -393, 75, 0,663.2722, 492.7535, -159.1840, 713086
     881623, -393, 75, 0,669.3534, 489.8340, -159.2334, 713284
     881623, -393, 75, 0,675.2787, 487.0704, -159.1102, 713488
     882245, -393, 75, 0,681.4583, 484.3737, -158.9073, 713693
     882245, -393, 75, 0,687.5361, 481.6832, -159.2140, 713876
     882245, -393, 75, 0,693.7693, 478.7936, -159.3381, 714105
     882521, -393, 75, 0,693.7693, 478.7936, -159.3381, 714105
     882521, -393, 75, 0,699.9551, 475.9895, -159.2562, 714259
     882830, -393, 75, 0,699.9551, 475.9895, -159.2562, 714259
     882830, -393, 75, 0,706.1497, 473.2151, -159.0899, 714569
     882830, -393, 75, 0,706.1497, 473.2151, -159.0899, 714569
     883150, 50, 75, 0,712.3103, 470.4128, -159.5483, 714784
     883417, 50, 75, 0,712.3103, 470.4128, -159.5483, 714784
     883733, 70, 75, 0,724.4866, 464.9236, -159.3132, 715176
     884644, 75, 75, 0,742.7942, 456.6811, -159.0384, 715802
     884644, 75, 75, 0,742.7942, 456.6811, -159.0384, 715802
     884644, 75, 75, 0,754.9905, 451.0007, -159.5477, 716125
     884644, 75, 75, 0,754.9905, 451.0007, -159.5477, 716125
     884644, 75, 75, 0,754.9905, 451.0007, -159.5477, 716125
     884644, 75, 75, 0,761.0602, 448.2130, -159.3403, 716357
     885231, 75, 75, 0,761.0602, 448.2130, -159.3403, 716357
     885548, 75, 0, 500,767.2389, 445.4483, -159.5054, 716492
     885548, 75, 0, 500,773.2059, 442.7623, -159.3029, 716837
     885804, 75, 0, 500,779.4258, 439.9182, -159.4326, 716985
     885804, 75, 0, 500,785.5884, 437.2608, -159.5164, 717175
     885804, 75, 0, 500,789.3837, 435.4186, -159.8118, 717313
     885804, 75, 0, 500,788.6669, 435.6596, -154.1833, 717583
     886124, 75, 0, 500,788.4848, 435.7377, -148.7806, 717722
     886444, 75, 0, 500,788.3365, 435.7409, -143.1952, 717889
     886730, 75, 0, 500,788.3365, 435.7409, -143.1952, 717889
     886730, 75, 0, 500,787.9727, 435.9763, -125.3806, 718563
     887309, 314, 0, 500,787.8660, 436.0953, -119.3169, 718732
     887630, 314, 0, 500,787.7947, 436.2859, -113.3036, 718976
     887630, 314, 0, 500,787.7947, 436.2859, -113.3036, 718976
     887930, 314, 0, 500,787.6199, 436.5120, -101.2988, 719292
     888517, 91, 0, 500,787.5749, 436.6722, -89.0725, 719774
     888517, 91, 0, 500,787.5037, 436.8795, -82.8602, 719925
     888517, 91, 0, 500,787.5037, 436.8795, -82.8602, 719925
     888517, 91, 0, 500,787.5037, 436.8795, -82.8602, 719925
     888517, 91, 0, 500,787.5289, 436.9310, -76.9833, 720077
     888837, 314, 0, 500,787.5313, 437.1306, -70.9174, 720256
     888837, 314, 0, 500,787.5357, 437.3179, -58.8175, 720680
     889413, 75, 0, 500,787.5155, 437.3766, -52.7941, 720904
     889413, 75, 0, 500,787.4798, 437.4206, -47.0937, 721068
     889413, 75, 0, 500,787.4432, 437.5424, -41.4674, 721257
     890020, 75, 0, 500,787.4432, 437.5424, -41.4674, 721257
     890020, 75, 0, 500,787.5433, 437.6944, -30.0532, 721700
     890325, 75, 0, 500,787.5433, 437.6944, -30.0532, 721700
     890325, 75, 0, 500,787.7054, 437.7599, -24.5630, 721879
     890325, 75, 0, 500,787.7482, 437.8213, -18.7837, 722062
     890325, 75, 0, 500,787.7482, 437.8213, -18.7837, 722062
     890325, 75, 0, 500,787.8772, 437.8960, -13.2078, 722258
     890325, 75, 0, 500,787.8482, 437.9086, -8.0533, 722503
     891201, 75, 75, 0,786.4441, 438.2376, 3.3305, 722866
